2025-01-13 00:18:01,384 - __main__ - INFO - Starting workflow generation
2025-01-13 00:18:01,387 - __main__ - INFO - Processing style: Painting - Aerosol
2025-01-13 00:18:01,388 - load_models - INFO - Selecting models - num_loras: 2, checkpoint: meinamix_v12Final.safetensors
2025-01-13 00:18:01,392 - gen_prompt - INFO - Generating positive prompt - style: Painting - Aerosol
2025-01-13 00:18:01,392 - gen_prompt - INFO - Generating trigger words - checkpoint: meinamix_v12Final.safetensors, loras: Drawing.safetensors, bichu-v0612.safetensors
2025-01-13 00:18:01,392 - gen_prompt - INFO - Searching for Checkpoint: meinamix_v12Final.safetensors
2025-01-13 00:18:01,395 - gen_prompt - WARNING - No trigger_select found for meinamix_v12Final.safetensors
2025-01-13 00:18:01,395 - gen_prompt - INFO - Searching for Lora: Drawing.safetensors
2025-01-13 00:18:01,396 - gen_prompt - WARNING - No trigger_select found for Drawing.safetensors
2025-01-13 00:18:01,396 - gen_prompt - INFO - Searching for Lora: bichu-v0612.safetensors
2025-01-13 00:18:01,396 - gen_prompt - INFO - Final trigger words: bichu,  oil painting,  impressionism
2025-01-13 00:18:01,397 - gen_prompt - INFO - Generating style prompt - style_name: Painting - Aerosol
2025-01-13 00:18:01,399 - gen_prompt - INFO - Found style. Result: {'name': 'Painting - Aerosol', 'positive': 'Aerosol paint art style, spray painted, vibrant colors, seamless blending, dynamic compositions, bold contrasts, urban aesthetic, professional-grade results', 'negative': 'signature, watermark, photo, photorealistic, realism, ugly, off-center, deformed, 35mm film, dslr, cropped, frame, worst quality, low quality, lowres, JPEG artifacts'}
2025-01-13 00:18:01,399 - gen_prompt - INFO - Generated positive prompt: a girl with glowing patterns on skin, hard to tell if she's angel or demon, smiling at viewer, bichu,  oil painting,  impressionism, Aerosol paint art style, spray painted, vibrant colors, seamless blending, dynamic compositions, bold contrasts, urban aesthetic, professional-grade results, masterpiece, best quality, ultra-detailed
2025-01-13 00:18:01,400 - gen_prompt - INFO - Generating negative prompt - style: Painting - Aerosol
2025-01-13 00:18:01,400 - gen_prompt - INFO - Generating style prompt - style_name: Painting - Aerosol
2025-01-13 00:18:01,403 - gen_prompt - INFO - Found style. Result: {'name': 'Painting - Aerosol', 'positive': 'Aerosol paint art style, spray painted, vibrant colors, seamless blending, dynamic compositions, bold contrasts, urban aesthetic, professional-grade results', 'negative': 'signature, watermark, photo, photorealistic, realism, ugly, off-center, deformed, 35mm film, dslr, cropped, frame, worst quality, low quality, lowres, JPEG artifacts'}
2025-01-13 00:18:01,403 - gen_prompt - INFO - Generated negative prompt: signature, watermark, photo, photorealistic, realism, ugly, off-center, deformed, 35mm film, dslr, cropped, frame, worst quality, low quality, lowres, JPEG artifacts, embedding:EasyNegative, bad quality, low quality, low resolution
2025-01-13 00:18:01,406 - load_models - INFO - Queueing workflow
2025-01-13 00:18:01,636 - load_models - INFO - Response: {"prompt_id": "f3af07d2-6af2-47e9-b637-fa55ea8cdc45", "number": 3410, "node_errors": {}}
2025-01-13 00:18:01,636 - load_models - INFO - Selecting models - num_loras: 4, checkpoint: meinamix_v12Final.safetensors
2025-01-13 00:18:01,642 - gen_prompt - INFO - Generating positive prompt - style: Painting - Aerosol
2025-01-13 00:18:01,642 - gen_prompt - INFO - Generating trigger words - checkpoint: meinamix_v12Final.safetensors, loras: manga2_by_XUEBI.safetensors, nier_anime_style_offset.safetensors, more_details.safetensors, Drawing.safetensors
2025-01-13 00:18:01,643 - gen_prompt - INFO - Searching for Checkpoint: meinamix_v12Final.safetensors
2025-01-13 00:18:01,643 - gen_prompt - WARNING - No trigger_select found for meinamix_v12Final.safetensors
2025-01-13 00:18:01,643 - gen_prompt - INFO - Searching for Lora: manga2_by_XUEBI.safetensors
2025-01-13 00:18:01,644 - gen_prompt - INFO - Searching for Lora: nier_anime_style_offset.safetensors
2025-01-13 00:18:01,645 - gen_prompt - INFO - Searching for Lora: more_details.safetensors
2025-01-13 00:18:01,645 - gen_prompt - WARNING - No trigger_select found for more_details.safetensors
2025-01-13 00:18:01,645 - gen_prompt - INFO - Searching for Lora: Drawing.safetensors
2025-01-13 00:18:01,646 - gen_prompt - WARNING - No trigger_select found for Drawing.safetensors
2025-01-13 00:18:01,646 - gen_prompt - INFO - Final trigger words: monochrome, greyscale, comic, nier anime style
2025-01-13 00:18:01,647 - gen_prompt - INFO - Generating style prompt - style_name: Painting - Aerosol
2025-01-13 00:18:01,649 - gen_prompt - INFO - Found style. Result: {'name': 'Painting - Aerosol', 'positive': 'Aerosol paint art style, spray painted, vibrant colors, seamless blending, dynamic compositions, bold contrasts, urban aesthetic, professional-grade results', 'negative': 'signature, watermark, photo, photorealistic, realism, ugly, off-center, deformed, 35mm film, dslr, cropped, frame, worst quality, low quality, lowres, JPEG artifacts'}
2025-01-13 00:18:01,650 - gen_prompt - INFO - Generated positive prompt: a girl with glowing patterns on skin, hard to tell if she's angel or demon, smiling at viewer, monochrome, greyscale, comic, nier anime style, Aerosol paint art style, spray painted, vibrant colors, seamless blending, dynamic compositions, bold contrasts, urban aesthetic, professional-grade results, masterpiece, best quality, ultra-detailed
2025-01-13 00:18:01,651 - gen_prompt - INFO - Generating negative prompt - style: Painting - Aerosol
2025-01-13 00:18:01,651 - gen_prompt - INFO - Generating style prompt - style_name: Painting - Aerosol
2025-01-13 00:18:01,653 - gen_prompt - INFO - Found style. Result: {'name': 'Painting - Aerosol', 'positive': 'Aerosol paint art style, spray painted, vibrant colors, seamless blending, dynamic compositions, bold contrasts, urban aesthetic, professional-grade results', 'negative': 'signature, watermark, photo, photorealistic, realism, ugly, off-center, deformed, 35mm film, dslr, cropped, frame, worst quality, low quality, lowres, JPEG artifacts'}
2025-01-13 00:18:01,653 - gen_prompt - INFO - Generated negative prompt: signature, watermark, photo, photorealistic, realism, ugly, off-center, deformed, 35mm film, dslr, cropped, frame, worst quality, low quality, lowres, JPEG artifacts, embedding:EasyNegative, bad quality, low quality, low resolution
2025-01-13 00:18:01,655 - load_models - INFO - Queueing workflow
2025-01-13 00:18:01,734 - load_models - INFO - Response: {"prompt_id": "87cecbce-8775-4817-8cf9-3c466a708a08", "number": 3411, "node_errors": {}}
2025-01-13 00:18:01,735 - load_models - INFO - Selecting models - num_loras: 4, checkpoint: meinamix_v12Final.safetensors
2025-01-13 00:18:01,740 - gen_prompt - INFO - Generating positive prompt - style: Painting - Aerosol
2025-01-13 00:18:01,740 - gen_prompt - INFO - Generating trigger words - checkpoint: meinamix_v12Final.safetensors, loras: nier_anime_style_offset.safetensors, add_detail.safetensors, manga2_by_XUEBI.safetensors, GoodHands-beta2.safetensors
2025-01-13 00:18:01,742 - gen_prompt - INFO - Searching for Checkpoint: meinamix_v12Final.safetensors
2025-01-13 00:18:01,742 - gen_prompt - WARNING - No trigger_select found for meinamix_v12Final.safetensors
2025-01-13 00:18:01,742 - gen_prompt - INFO - Searching for Lora: nier_anime_style_offset.safetensors
2025-01-13 00:18:01,743 - gen_prompt - INFO - Searching for Lora: add_detail.safetensors
2025-01-13 00:18:01,743 - gen_prompt - WARNING - No trigger_select found for add_detail.safetensors
2025-01-13 00:18:01,744 - gen_prompt - INFO - Searching for Lora: manga2_by_XUEBI.safetensors
2025-01-13 00:18:01,744 - gen_prompt - INFO - Searching for Lora: GoodHands-beta2.safetensors
2025-01-13 00:18:01,745 - gen_prompt - WARNING - No trigger_select found for GoodHands-beta2.safetensors
2025-01-13 00:18:01,745 - gen_prompt - INFO - Final trigger words: nier anime style, monochrome, greyscale, comic
2025-01-13 00:18:01,745 - gen_prompt - INFO - Generating style prompt - style_name: Painting - Aerosol
2025-01-13 00:18:01,747 - gen_prompt - INFO - Found style. Result: {'name': 'Painting - Aerosol', 'positive': 'Aerosol paint art style, spray painted, vibrant colors, seamless blending, dynamic compositions, bold contrasts, urban aesthetic, professional-grade results', 'negative': 'signature, watermark, photo, photorealistic, realism, ugly, off-center, deformed, 35mm film, dslr, cropped, frame, worst quality, low quality, lowres, JPEG artifacts'}
2025-01-13 00:18:01,748 - gen_prompt - INFO - Generated positive prompt: a girl with glowing patterns on skin, hard to tell if she's angel or demon, smiling at viewer, nier anime style, monochrome, greyscale, comic, Aerosol paint art style, spray painted, vibrant colors, seamless blending, dynamic compositions, bold contrasts, urban aesthetic, professional-grade results, masterpiece, best quality, ultra-detailed
2025-01-13 00:18:01,749 - gen_prompt - INFO - Generating negative prompt - style: Painting - Aerosol
2025-01-13 00:18:01,750 - gen_prompt - INFO - Generating style prompt - style_name: Painting - Aerosol
2025-01-13 00:18:01,751 - gen_prompt - INFO - Found style. Result: {'name': 'Painting - Aerosol', 'positive': 'Aerosol paint art style, spray painted, vibrant colors, seamless blending, dynamic compositions, bold contrasts, urban aesthetic, professional-grade results', 'negative': 'signature, watermark, photo, photorealistic, realism, ugly, off-center, deformed, 35mm film, dslr, cropped, frame, worst quality, low quality, lowres, JPEG artifacts'}
2025-01-13 00:18:01,751 - gen_prompt - INFO - Generated negative prompt: signature, watermark, photo, photorealistic, realism, ugly, off-center, deformed, 35mm film, dslr, cropped, frame, worst quality, low quality, lowres, JPEG artifacts, embedding:EasyNegative, bad quality, low quality, low resolution
2025-01-13 00:18:01,753 - load_models - INFO - Queueing workflow
2025-01-13 00:18:01,804 - load_models - INFO - Response: {"prompt_id": "2bd5948d-0806-4832-b7ca-7b885ee06efa", "number": 3412, "node_errors": {}}
2025-01-13 00:18:01,805 - load_models - INFO - Selecting models - num_loras: 2, checkpoint: meinamix_v12Final.safetensors
2025-01-13 00:18:01,810 - gen_prompt - INFO - Generating positive prompt - style: Painting - Aerosol
2025-01-13 00:18:01,810 - gen_prompt - INFO - Generating trigger words - checkpoint: meinamix_v12Final.safetensors, loras: animeoutlineV4_16.safetensors, more_details.safetensors
2025-01-13 00:18:01,810 - gen_prompt - INFO - Searching for Checkpoint: meinamix_v12Final.safetensors
2025-01-13 00:18:01,811 - gen_prompt - WARNING - No trigger_select found for meinamix_v12Final.safetensors
2025-01-13 00:18:01,811 - gen_prompt - INFO - Searching for Lora: animeoutlineV4_16.safetensors
2025-01-13 00:18:01,811 - gen_prompt - INFO - Searching for Lora: more_details.safetensors
2025-01-13 00:18:01,812 - gen_prompt - WARNING - No trigger_select found for more_details.safetensors
2025-01-13 00:18:01,812 - gen_prompt - INFO - Final trigger words: lineart,  monochrome
2025-01-13 00:18:01,813 - gen_prompt - INFO - Generating style prompt - style_name: Painting - Aerosol
2025-01-13 00:18:01,814 - gen_prompt - INFO - Found style. Result: {'name': 'Painting - Aerosol', 'positive': 'Aerosol paint art style, spray painted, vibrant colors, seamless blending, dynamic compositions, bold contrasts, urban aesthetic, professional-grade results', 'negative': 'signature, watermark, photo, photorealistic, realism, ugly, off-center, deformed, 35mm film, dslr, cropped, frame, worst quality, low quality, lowres, JPEG artifacts'}
2025-01-13 00:18:01,814 - gen_prompt - INFO - Generated positive prompt: a girl with glowing patterns on skin, hard to tell if she's angel or demon, smiling at viewer, lineart,  monochrome, Aerosol paint art style, spray painted, vibrant colors, seamless blending, dynamic compositions, bold contrasts, urban aesthetic, professional-grade results, masterpiece, best quality, ultra-detailed
2025-01-13 00:18:01,815 - gen_prompt - INFO - Generating negative prompt - style: Painting - Aerosol
2025-01-13 00:18:01,815 - gen_prompt - INFO - Generating style prompt - style_name: Painting - Aerosol
2025-01-13 00:18:01,817 - gen_prompt - INFO - Found style. Result: {'name': 'Painting - Aerosol', 'positive': 'Aerosol paint art style, spray painted, vibrant colors, seamless blending, dynamic compositions, bold contrasts, urban aesthetic, professional-grade results', 'negative': 'signature, watermark, photo, photorealistic, realism, ugly, off-center, deformed, 35mm film, dslr, cropped, frame, worst quality, low quality, lowres, JPEG artifacts'}
2025-01-13 00:18:01,818 - gen_prompt - INFO - Generated negative prompt: signature, watermark, photo, photorealistic, realism, ugly, off-center, deformed, 35mm film, dslr, cropped, frame, worst quality, low quality, lowres, JPEG artifacts, embedding:EasyNegative, bad quality, low quality, low resolution
2025-01-13 00:18:01,819 - load_models - INFO - Queueing workflow
2025-01-13 00:18:01,852 - load_models - INFO - Response: {"prompt_id": "18014acb-e657-47fd-ac5c-6698fa7293e9", "number": 3413, "node_errors": {}}
2025-01-13 00:18:01,853 - load_models - INFO - Selecting models - num_loras: 3, checkpoint: meinamix_v12Final.safetensors
2025-01-13 00:18:01,857 - gen_prompt - INFO - Generating positive prompt - style: Painting - Aerosol
2025-01-13 00:18:01,857 - gen_prompt - INFO - Generating trigger words - checkpoint: meinamix_v12Final.safetensors, loras: AbstractMalePortraits_v2R_60_R-128.safetensors, backlight_slider_v10.safetensors, nier_anime_style_offset.safetensors
2025-01-13 00:18:01,857 - gen_prompt - INFO - Searching for Checkpoint: meinamix_v12Final.safetensors
2025-01-13 00:18:01,859 - gen_prompt - WARNING - No trigger_select found for meinamix_v12Final.safetensors
2025-01-13 00:18:01,859 - gen_prompt - INFO - Searching for Lora: AbstractMalePortraits_v2R_60_R-128.safetensors
2025-01-13 00:18:01,860 - gen_prompt - INFO - Searching for Lora: backlight_slider_v10.safetensors
2025-01-13 00:18:01,861 - gen_prompt - INFO - Searching for Lora: nier_anime_style_offset.safetensors
2025-01-13 00:18:01,861 - gen_prompt - INFO - Final trigger words: pxint, Add lightsource to front, nier anime style
2025-01-13 00:18:01,861 - gen_prompt - INFO - Generating style prompt - style_name: Painting - Aerosol
2025-01-13 00:18:01,863 - gen_prompt - INFO - Found style. Result: {'name': 'Painting - Aerosol', 'positive': 'Aerosol paint art style, spray painted, vibrant colors, seamless blending, dynamic compositions, bold contrasts, urban aesthetic, professional-grade results', 'negative': 'signature, watermark, photo, photorealistic, realism, ugly, off-center, deformed, 35mm film, dslr, cropped, frame, worst quality, low quality, lowres, JPEG artifacts'}
2025-01-13 00:18:01,863 - gen_prompt - INFO - Generated positive prompt: a girl with glowing patterns on skin, hard to tell if she's angel or demon, smiling at viewer, pxint, Add lightsource to front, nier anime style, Aerosol paint art style, spray painted, vibrant colors, seamless blending, dynamic compositions, bold contrasts, urban aesthetic, professional-grade results, masterpiece, best quality, ultra-detailed
2025-01-13 00:18:01,865 - gen_prompt - INFO - Generating negative prompt - style: Painting - Aerosol
2025-01-13 00:18:01,865 - gen_prompt - INFO - Generating style prompt - style_name: Painting - Aerosol
2025-01-13 00:18:01,866 - gen_prompt - INFO - Found style. Result: {'name': 'Painting - Aerosol', 'positive': 'Aerosol paint art style, spray painted, vibrant colors, seamless blending, dynamic compositions, bold contrasts, urban aesthetic, professional-grade results', 'negative': 'signature, watermark, photo, photorealistic, realism, ugly, off-center, deformed, 35mm film, dslr, cropped, frame, worst quality, low quality, lowres, JPEG artifacts'}
2025-01-13 00:18:01,867 - gen_prompt - INFO - Generated negative prompt: signature, watermark, photo, photorealistic, realism, ugly, off-center, deformed, 35mm film, dslr, cropped, frame, worst quality, low quality, lowres, JPEG artifacts, embedding:EasyNegative, bad quality, low quality, low resolution
2025-01-13 00:18:01,869 - load_models - INFO - Queueing workflow
2025-01-13 00:18:01,911 - load_models - INFO - Response: {"prompt_id": "e065fe98-96ad-4712-b03d-e4e304784217", "number": 3414, "node_errors": {}}
2025-01-13 00:18:01,911 - load_models - INFO - Selecting models - num_loras: 3, checkpoint: meinamix_v12Final.safetensors
2025-01-13 00:18:01,916 - gen_prompt - INFO - Generating positive prompt - style: Painting - Aerosol
2025-01-13 00:18:01,916 - gen_prompt - INFO - Generating trigger words - checkpoint: meinamix_v12Final.safetensors, loras: AbstractMalePortraits_v2R_60_R-128.safetensors, add_detail.safetensors, bichu-v0612.safetensors
2025-01-13 00:18:01,917 - gen_prompt - INFO - Searching for Checkpoint: meinamix_v12Final.safetensors
2025-01-13 00:18:01,917 - gen_prompt - WARNING - No trigger_select found for meinamix_v12Final.safetensors
2025-01-13 00:18:01,918 - gen_prompt - INFO - Searching for Lora: AbstractMalePortraits_v2R_60_R-128.safetensors
2025-01-13 00:18:01,918 - gen_prompt - INFO - Searching for Lora: add_detail.safetensors
2025-01-13 00:18:01,919 - gen_prompt - WARNING - No trigger_select found for add_detail.safetensors
2025-01-13 00:18:01,919 - gen_prompt - INFO - Searching for Lora: bichu-v0612.safetensors
2025-01-13 00:18:01,919 - gen_prompt - INFO - Final trigger words: pxint, bichu,  oil painting,  impressionism
2025-01-13 00:18:01,919 - gen_prompt - INFO - Generating style prompt - style_name: Painting - Aerosol
2025-01-13 00:18:01,921 - gen_prompt - INFO - Found style. Result: {'name': 'Painting - Aerosol', 'positive': 'Aerosol paint art style, spray painted, vibrant colors, seamless blending, dynamic compositions, bold contrasts, urban aesthetic, professional-grade results', 'negative': 'signature, watermark, photo, photorealistic, realism, ugly, off-center, deformed, 35mm film, dslr, cropped, frame, worst quality, low quality, lowres, JPEG artifacts'}
2025-01-13 00:18:01,922 - gen_prompt - INFO - Generated positive prompt: a girl with glowing patterns on skin, hard to tell if she's angel or demon, smiling at viewer, pxint, bichu,  oil painting,  impressionism, Aerosol paint art style, spray painted, vibrant colors, seamless blending, dynamic compositions, bold contrasts, urban aesthetic, professional-grade results, masterpiece, best quality, ultra-detailed
2025-01-13 00:18:01,924 - gen_prompt - INFO - Generating negative prompt - style: Painting - Aerosol
2025-01-13 00:18:01,924 - gen_prompt - INFO - Generating style prompt - style_name: Painting - Aerosol
2025-01-13 00:18:01,926 - gen_prompt - INFO - Found style. Result: {'name': 'Painting - Aerosol', 'positive': 'Aerosol paint art style, spray painted, vibrant colors, seamless blending, dynamic compositions, bold contrasts, urban aesthetic, professional-grade results', 'negative': 'signature, watermark, photo, photorealistic, realism, ugly, off-center, deformed, 35mm film, dslr, cropped, frame, worst quality, low quality, lowres, JPEG artifacts'}
2025-01-13 00:18:01,926 - gen_prompt - INFO - Generated negative prompt: signature, watermark, photo, photorealistic, realism, ugly, off-center, deformed, 35mm film, dslr, cropped, frame, worst quality, low quality, lowres, JPEG artifacts, embedding:EasyNegative, bad quality, low quality, low resolution
2025-01-13 00:18:01,928 - load_models - INFO - Queueing workflow
2025-01-13 00:18:02,001 - load_models - INFO - Response: {"prompt_id": "30f0c237-3ed8-4ea1-a280-266562583b7c", "number": 3415, "node_errors": {}}
2025-01-13 00:18:02,002 - load_models - INFO - Selecting models - num_loras: 2, checkpoint: meinamix_v12Final.safetensors
2025-01-13 00:18:02,007 - gen_prompt - INFO - Generating positive prompt - style: Painting - Aerosol
2025-01-13 00:18:02,007 - gen_prompt - INFO - Generating trigger words - checkpoint: meinamix_v12Final.safetensors, loras: add_detail.safetensors, GoodHands-beta2.safetensors
2025-01-13 00:18:02,007 - gen_prompt - INFO - Searching for Checkpoint: meinamix_v12Final.safetensors
2025-01-13 00:18:02,008 - gen_prompt - WARNING - No trigger_select found for meinamix_v12Final.safetensors
2025-01-13 00:18:02,008 - gen_prompt - INFO - Searching for Lora: add_detail.safetensors
2025-01-13 00:18:02,009 - gen_prompt - WARNING - No trigger_select found for add_detail.safetensors
2025-01-13 00:18:02,009 - gen_prompt - INFO - Searching for Lora: GoodHands-beta2.safetensors
2025-01-13 00:18:02,009 - gen_prompt - WARNING - No trigger_select found for GoodHands-beta2.safetensors
2025-01-13 00:18:02,010 - gen_prompt - INFO - Final trigger words: 
2025-01-13 00:18:02,010 - gen_prompt - INFO - Generating style prompt - style_name: Painting - Aerosol
2025-01-13 00:18:02,011 - gen_prompt - INFO - Found style. Result: {'name': 'Painting - Aerosol', 'positive': 'Aerosol paint art style, spray painted, vibrant colors, seamless blending, dynamic compositions, bold contrasts, urban aesthetic, professional-grade results', 'negative': 'signature, watermark, photo, photorealistic, realism, ugly, off-center, deformed, 35mm film, dslr, cropped, frame, worst quality, low quality, lowres, JPEG artifacts'}
2025-01-13 00:18:02,012 - gen_prompt - INFO - Generated positive prompt: a girl with glowing patterns on skin, hard to tell if she's angel or demon, smiling at viewer, , Aerosol paint art style, spray painted, vibrant colors, seamless blending, dynamic compositions, bold contrasts, urban aesthetic, professional-grade results, masterpiece, best quality, ultra-detailed
2025-01-13 00:18:02,013 - gen_prompt - INFO - Generating negative prompt - style: Painting - Aerosol
2025-01-13 00:18:02,013 - gen_prompt - INFO - Generating style prompt - style_name: Painting - Aerosol
2025-01-13 00:18:02,015 - gen_prompt - INFO - Found style. Result: {'name': 'Painting - Aerosol', 'positive': 'Aerosol paint art style, spray painted, vibrant colors, seamless blending, dynamic compositions, bold contrasts, urban aesthetic, professional-grade results', 'negative': 'signature, watermark, photo, photorealistic, realism, ugly, off-center, deformed, 35mm film, dslr, cropped, frame, worst quality, low quality, lowres, JPEG artifacts'}
2025-01-13 00:18:02,015 - gen_prompt - INFO - Generated negative prompt: signature, watermark, photo, photorealistic, realism, ugly, off-center, deformed, 35mm film, dslr, cropped, frame, worst quality, low quality, lowres, JPEG artifacts, embedding:EasyNegative, bad quality, low quality, low resolution
2025-01-13 00:18:02,016 - load_models - INFO - Queueing workflow
2025-01-13 00:18:02,020 - load_models - INFO - Response: {"prompt_id": "53816f1f-dad6-4b72-b0c5-2a62c3102995", "number": 3416, "node_errors": {}}
2025-01-13 00:18:02,021 - load_models - INFO - Selecting models - num_loras: 3, checkpoint: meinamix_v12Final.safetensors
2025-01-13 00:18:02,026 - gen_prompt - INFO - Generating positive prompt - style: Painting - Aerosol
2025-01-13 00:18:02,026 - gen_prompt - INFO - Generating trigger words - checkpoint: meinamix_v12Final.safetensors, loras: AbstractPortrait_50_R.safetensors, manga2_by_XUEBI.safetensors, nier_anime_style_offset.safetensors
2025-01-13 00:18:02,026 - gen_prompt - INFO - Searching for Checkpoint: meinamix_v12Final.safetensors
2025-01-13 00:18:02,027 - gen_prompt - WARNING - No trigger_select found for meinamix_v12Final.safetensors
2025-01-13 00:18:02,027 - gen_prompt - INFO - Searching for Lora: AbstractPortrait_50_R.safetensors
2025-01-13 00:18:02,028 - gen_prompt - INFO - Searching for Lora: manga2_by_XUEBI.safetensors
2025-01-13 00:18:02,028 - gen_prompt - INFO - Searching for Lora: nier_anime_style_offset.safetensors
2025-01-13 00:18:02,029 - gen_prompt - INFO - Final trigger words: pxint, monochrome, greyscale, comic, nier anime style
2025-01-13 00:18:02,030 - gen_prompt - INFO - Generating style prompt - style_name: Painting - Aerosol
2025-01-13 00:18:02,031 - gen_prompt - INFO - Found style. Result: {'name': 'Painting - Aerosol', 'positive': 'Aerosol paint art style, spray painted, vibrant colors, seamless blending, dynamic compositions, bold contrasts, urban aesthetic, professional-grade results', 'negative': 'signature, watermark, photo, photorealistic, realism, ugly, off-center, deformed, 35mm film, dslr, cropped, frame, worst quality, low quality, lowres, JPEG artifacts'}
2025-01-13 00:18:02,032 - gen_prompt - INFO - Generated positive prompt: a girl with glowing patterns on skin, hard to tell if she's angel or demon, smiling at viewer, pxint, monochrome, greyscale, comic, nier anime style, Aerosol paint art style, spray painted, vibrant colors, seamless blending, dynamic compositions, bold contrasts, urban aesthetic, professional-grade results, masterpiece, best quality, ultra-detailed
2025-01-13 00:18:02,033 - gen_prompt - INFO - Generating negative prompt - style: Painting - Aerosol
2025-01-13 00:18:02,033 - gen_prompt - INFO - Generating style prompt - style_name: Painting - Aerosol
2025-01-13 00:18:02,035 - gen_prompt - INFO - Found style. Result: {'name': 'Painting - Aerosol', 'positive': 'Aerosol paint art style, spray painted, vibrant colors, seamless blending, dynamic compositions, bold contrasts, urban aesthetic, professional-grade results', 'negative': 'signature, watermark, photo, photorealistic, realism, ugly, off-center, deformed, 35mm film, dslr, cropped, frame, worst quality, low quality, lowres, JPEG artifacts'}
2025-01-13 00:18:02,035 - gen_prompt - INFO - Generated negative prompt: signature, watermark, photo, photorealistic, realism, ugly, off-center, deformed, 35mm film, dslr, cropped, frame, worst quality, low quality, lowres, JPEG artifacts, embedding:EasyNegative, bad quality, low quality, low resolution
2025-01-13 00:18:02,037 - load_models - INFO - Queueing workflow
2025-01-13 00:18:02,051 - load_models - INFO - Response: {"prompt_id": "a61e4dff-1580-47fd-9be3-ed63db8e247b", "number": 3417, "node_errors": {}}
2025-01-13 00:18:02,052 - load_models - INFO - Selecting models - num_loras: 3, checkpoint: meinamix_v12Final.safetensors
2025-01-13 00:18:02,057 - gen_prompt - INFO - Generating positive prompt - style: Painting - Aerosol
2025-01-13 00:18:02,057 - gen_prompt - INFO - Generating trigger words - checkpoint: meinamix_v12Final.safetensors, loras: add_detail.safetensors, backlight_slider_v10.safetensors, GoodHands-beta2.safetensors
2025-01-13 00:18:02,057 - gen_prompt - INFO - Searching for Checkpoint: meinamix_v12Final.safetensors
2025-01-13 00:18:02,059 - gen_prompt - WARNING - No trigger_select found for meinamix_v12Final.safetensors
2025-01-13 00:18:02,059 - gen_prompt - INFO - Searching for Lora: add_detail.safetensors
2025-01-13 00:18:02,059 - gen_prompt - WARNING - No trigger_select found for add_detail.safetensors
2025-01-13 00:18:02,060 - gen_prompt - INFO - Searching for Lora: backlight_slider_v10.safetensors
2025-01-13 00:18:02,060 - gen_prompt - INFO - Searching for Lora: GoodHands-beta2.safetensors
2025-01-13 00:18:02,060 - gen_prompt - WARNING - No trigger_select found for GoodHands-beta2.safetensors
2025-01-13 00:18:02,061 - gen_prompt - INFO - Final trigger words: Add lightsource to front
2025-01-13 00:18:02,061 - gen_prompt - INFO - Generating style prompt - style_name: Painting - Aerosol
2025-01-13 00:18:02,063 - gen_prompt - INFO - Found style. Result: {'name': 'Painting - Aerosol', 'positive': 'Aerosol paint art style, spray painted, vibrant colors, seamless blending, dynamic compositions, bold contrasts, urban aesthetic, professional-grade results', 'negative': 'signature, watermark, photo, photorealistic, realism, ugly, off-center, deformed, 35mm film, dslr, cropped, frame, worst quality, low quality, lowres, JPEG artifacts'}
2025-01-13 00:18:02,064 - gen_prompt - INFO - Generated positive prompt: a girl with glowing patterns on skin, hard to tell if she's angel or demon, smiling at viewer, Add lightsource to front, Aerosol paint art style, spray painted, vibrant colors, seamless blending, dynamic compositions, bold contrasts, urban aesthetic, professional-grade results, masterpiece, best quality, ultra-detailed
2025-01-13 00:18:02,064 - gen_prompt - INFO - Generating negative prompt - style: Painting - Aerosol
2025-01-13 00:18:02,065 - gen_prompt - INFO - Generating style prompt - style_name: Painting - Aerosol
2025-01-13 00:18:02,066 - gen_prompt - INFO - Found style. Result: {'name': 'Painting - Aerosol', 'positive': 'Aerosol paint art style, spray painted, vibrant colors, seamless blending, dynamic compositions, bold contrasts, urban aesthetic, professional-grade results', 'negative': 'signature, watermark, photo, photorealistic, realism, ugly, off-center, deformed, 35mm film, dslr, cropped, frame, worst quality, low quality, lowres, JPEG artifacts'}
2025-01-13 00:18:02,067 - gen_prompt - INFO - Generated negative prompt: signature, watermark, photo, photorealistic, realism, ugly, off-center, deformed, 35mm film, dslr, cropped, frame, worst quality, low quality, lowres, JPEG artifacts, embedding:EasyNegative, bad quality, low quality, low resolution
2025-01-13 00:18:02,068 - load_models - INFO - Queueing workflow
2025-01-13 00:18:02,138 - load_models - INFO - Response: {"prompt_id": "1fdd77b5-8fa3-4bb7-901f-a6bcf68ae79e", "number": 3418, "node_errors": {}}
