2025-01-16 23:12:13,414 - load_models - INFO - Found checkpoint meinamix_v12Final.safetensors with base SD 1.5
2025-01-16 23:12:13,415 - load_models - INFO - Found 17 LoRAs matching base SD 1.5
2025-01-16 23:12:13,415 - load_models - INFO - Added fixed LoRA: tifa_v2.3.safetensors
2025-01-16 23:12:13,415 - load_models - WARNING - Fixed LoRA not found: genshinfull1-000006.safetensors
2025-01-16 23:12:13,415 - load_models - INFO - Processing category style with 9 available LoRAs
2025-01-16 23:12:13,416 - load_models - INFO - Added 2 LoRAs from category style
2025-01-16 23:12:13,416 - load_models - INFO - Processing category detail with 2 available LoRAs
2025-01-16 23:12:13,416 - load_models - INFO - Added all 2 LoRAs from category detail
2025-01-16 23:12:13,416 - load_models - INFO - Processing category quality with 1 available LoRAs
2025-01-16 23:12:13,416 - load_models - INFO - Added 1 random LoRAs from category quality
2025-01-16 23:12:13,417 - load_models - INFO - Final selection: 6 LoRAs
2025-01-16 23:12:13,417 - load_models - INFO - Selected LoRA: tifa_v2.3.safetensors (Category: character)
2025-01-16 23:12:13,417 - load_models - INFO - Selected LoRA: nier_anime_style_offset.safetensors (Category: style)
2025-01-16 23:12:13,417 - load_models - INFO - Selected LoRA: bichu-v0612.safetensors (Category: style)
2025-01-16 23:12:13,417 - load_models - INFO - Selected LoRA: more_details.safetensors (Category: detail)
2025-01-16 23:12:13,417 - load_models - INFO - Selected LoRA: add_detail.safetensors (Category: detail)
2025-01-16 23:12:13,417 - load_models - INFO - Selected LoRA: GoodHands-beta2.safetensors (Category: quality)
2025-01-16 23:12:13,418 - __main__ - INFO - Starting workflow generation
2025-01-16 23:12:13,421 - load_models - INFO - Found checkpoint dreamshaper_8.safetensors with base SD 1.5
2025-01-16 23:12:13,421 - load_models - INFO - Found 17 LoRAs matching base SD 1.5
2025-01-16 23:12:13,421 - load_models - INFO - Added fixed LoRA: revueGiraffe-000025.safetensors
2025-01-16 23:12:13,422 - load_models - INFO - Processing category style with 9 available LoRAs
2025-01-16 23:12:13,422 - load_models - INFO - Added 0 LoRAs from category style
2025-01-16 23:12:13,422 - load_models - INFO - Processing category outfit with 2 available LoRAs
2025-01-16 23:12:13,422 - load_models - INFO - Added 0 LoRAs from category outfit
2025-01-16 23:12:13,423 - load_models - INFO - Processing category lighting with 1 available LoRAs
2025-01-16 23:12:13,423 - load_models - INFO - Added 0 LoRAs from category lighting
2025-01-16 23:12:13,423 - load_models - INFO - Final selection: 1 LoRAs
2025-01-16 23:12:13,423 - load_models - INFO - Selected LoRA: revueGiraffe-000025.safetensors (Category: character)
2025-01-16 23:12:13,423 - __main__ - INFO - ******Loras:******* ['revueGiraffe-000025.safetensors']
2025-01-16 23:12:13,423 - __main__ - INFO - Available LoRAs with the same base as the checkpoint: AbstractMalePortraits_v2R_60_R-128.safetensors, AbstractPortrait_50_R.safetensors, animeoutlineV4_16.safetensors, backlight_slider_v10.safetensors, bichu-v0612.safetensors, dm_canvas_style3_1530.safetensors, GoodHands-beta2.safetensors, gubinxin.safetensors, manga2_by_XUEBI.safetensors, masturbation_female.safetensors, more_details.safetensors, nier_anime_style_offset.safetensors, pixel_f2.safetensors, add_detail.safetensors, tifa_v2.3.safetensors, WaterColoursScenev1.0.safetensors, XSarchitectural-38InteriorForBedroom.safetensors, Drawing.safetensors, AMechaSSS.safetensors, see-through leotard-000004.safetensors, ?????????? ??&?????? ????_v1.0.safetensors
2025-01-16 23:12:13,423 - __main__ - INFO - Checkpoint and LoRAs have the same base: SD 1.5
2025-01-16 23:12:13,425 - load_models - INFO - Getting model parameters - num_loras: 1, checkpoint: dreamshaper_8.safetensors
2025-01-16 23:12:13,425 - load_models - INFO - ===== Selected models & parameters: {'checkpoint': 'dreamshaper_8.safetensors', 'ckpt_clip_skip': '', 'ckpt_cfg': '', 'ckpt_steps': '', 'ckpt_sampler': '', 'ckpt_scheduler': '', 'ckpt_hires_fix': '', 'num_loras': 1, 'num_embeddings': 4, 'lora1': 'revueGiraffe-000025.safetensors', 'lora1_weight_from': '', 'lora1_weight_to': '', 'lora1_clip_skip': '', 'lora1_cfg': '', 'lora1_steps': '', 'lora1_sampler': '', 'lora1_scheduler': '', 'lora1_hires_fix': '', 'embedding1': 'ng_deepnegative_v1_75t.pt', 'embedding2': 'badhandv4.pt', 'embedding3': 'easynegative.safetensors', 'embedding4': 'an14.pt'} =====
2025-01-16 23:12:13,426 - node_manipulation - INFO - 
node_manipulation.get_node_ID(): Searching for node title: Load Checkpoint
2025-01-16 23:12:13,426 - node_manipulation - INFO - node_manipulation.get_node_ID(): Found node ID: 1
2025-01-16 23:12:13,426 - node_manipulation - INFO - 
node_manipulation.set_lora(): Setting LoRA node: Lora1
2025-01-16 23:12:13,426 - node_manipulation - INFO - node_manipulation.set_lora(): Parameters - lora=revueGiraffe-000025.safetensors, model_strength=1.0, clip_strength=1
2025-01-16 23:12:13,426 - node_manipulation - INFO - 
node_manipulation.get_node_ID(): Searching for node title: Lora1
2025-01-16 23:12:13,426 - node_manipulation - INFO - node_manipulation.get_node_ID(): Found node ID: 5
2025-01-16 23:12:13,426 - node_manipulation - INFO - node_manipulation.set_lora(): Successfully configured node 5
2025-01-16 23:12:13,426 - node_manipulation - INFO - 
node_manipulation.set_KSampler(): Configuring KSampler node: KSampler
2025-01-16 23:12:13,426 - node_manipulation - INFO - node_manipulation.set_KSampler(): Parameters - seed=920812, steps=20, cfg=7, sampler=dpmpp_2m, scheduler=karras, denoise=1
2025-01-16 23:12:13,426 - node_manipulation - INFO - 
node_manipulation.get_node_ID(): Searching for node title: KSampler
2025-01-16 23:12:13,427 - node_manipulation - INFO - node_manipulation.get_node_ID(): Found node ID: 9
2025-01-16 23:12:13,427 - node_manipulation - INFO - node_manipulation.set_KSampler(): Successfully configured node 9
2025-01-16 23:12:13,427 - node_manipulation - INFO - 
node_manipulation.set_positive_prompt(): Setting positive prompt
2025-01-16 23:12:13,427 - node_manipulation - INFO - node_manipulation.set_positive_prompt(): Parameters - checkpoint=dreamshaper_8.safetensors, loras=revueGiraffe-000025.safetensors, embeddings=ng_deepnegative_v1_75t.pt, badhandv4.pt, easynegative.safetensors, an14.pt, style=Photography - Fashion
2025-01-16 23:12:13,427 - gen_prompt - INFO - Generating positive prompt - style: Photography - Fashion
2025-01-16 23:12:13,427 - gen_prompt - INFO - Getting trigger words - checkpoint: dreamshaper_8.safetensors, loras: revueGiraffe-000025.safetensors, embeddings: ng_deepnegative_v1_75t.pt, badhandv4.pt, easynegative.safetensors, an14.pt
2025-01-16 23:12:13,427 - gen_prompt - INFO - Searching for Checkpoint: dreamshaper_8.safetensors
2025-01-16 23:12:13,429 - gen_prompt - WARNING - No Pos_trigger_select found for dreamshaper_8.safetensors
2025-01-16 23:12:13,429 - gen_prompt - INFO - Searching for Lora: revueGiraffe-000025.safetensors
2025-01-16 23:12:13,429 - gen_prompt - INFO - Searching for Embedding: ng_deepnegative_v1_75t.pt
2025-01-16 23:12:13,430 - gen_prompt - WARNING - No Pos_trigger_select found for ng_deepnegative_v1_75t.pt
2025-01-16 23:12:13,430 - gen_prompt - INFO - Searching for Embedding: badhandv4.pt
2025-01-16 23:12:13,430 - gen_prompt - WARNING - No Pos_trigger_select found for badhandv4.pt
2025-01-16 23:12:13,430 - gen_prompt - INFO - Searching for Embedding: easynegative.safetensors
2025-01-16 23:12:13,431 - gen_prompt - WARNING - No Pos_trigger_select found for easynegative.safetensors
2025-01-16 23:12:13,431 - gen_prompt - INFO - Searching for Embedding: an14.pt
2025-01-16 23:12:13,432 - gen_prompt - WARNING - No Pos_trigger_select found for an14.pt
2025-01-16 23:12:13,432 - gen_prompt - INFO - Searching for Checkpoint: dreamshaper_8.safetensors
2025-01-16 23:12:13,432 - gen_prompt - WARNING - No Neg_trigger_select found for dreamshaper_8.safetensors
2025-01-16 23:12:13,432 - gen_prompt - INFO - Searching for Lora: revueGiraffe-000025.safetensors
2025-01-16 23:12:13,433 - gen_prompt - WARNING - No Neg_trigger_select found for revueGiraffe-000025.safetensors
2025-01-16 23:12:13,433 - gen_prompt - INFO - Searching for Embedding: ng_deepnegative_v1_75t.pt
2025-01-16 23:12:13,434 - gen_prompt - INFO - Searching for Embedding: badhandv4.pt
2025-01-16 23:12:13,434 - gen_prompt - INFO - Searching for Embedding: easynegative.safetensors
2025-01-16 23:12:13,434 - gen_prompt - INFO - Searching for Embedding: an14.pt
2025-01-16 23:12:13,435 - gen_prompt - INFO - Final trigger words: {'positive': 'giraffe (revue starlight)', 'negative': 'NG_DeepNegative_V1_75T, badhandv4, easynegative, an14'}
2025-01-16 23:12:13,435 - gen_prompt - INFO - Getting style prompt - style_name: Photography - Fashion
2025-01-16 23:12:13,437 - gen_prompt - INFO - Found style. Result: {'name': 'Photography - Fashion', 'positive': 'fashion photography, glamorous, stylish attire, captivating pose, dynamic composition, high-fashion aesthetic, professional studio lighting, expert styling, showcasing trend, conveying elegance, conveying attitude, evoking emotion, creating visual impact, editorial storytelling, artistic interpretation, fashion-forward visual', 'negative': 'bad anatomy, comics, cropped, cross-eyed, worst quality, low quality, painting, 3D render, drawing, crayon, sketch, graphite, impressionist, cartoon, anime, noisy, blurry, soft, deformed, ugly, lowres, low details, JPEG artifacts, airbrushed, semi-realistic, CGI, render, Blender, digital art, manga, amateur, mutilated, distorted'}
2025-01-16 23:12:13,437 - gen_prompt - INFO - Generated positive prompt: 1girl, a demon girl with glowing tatoo on skin, burning hair, full body shot, giraffe (revue starlight), fashion photography, glamorous, stylish attire, captivating pose, dynamic composition, high-fashion aesthetic, professional studio lighting, expert styling, showcasing trend, conveying elegance, conveying attitude, evoking emotion, creating visual impact, editorial storytelling, artistic interpretation, fashion-forward visual, masterpiece, best quality, ultra-detailed
2025-01-16 23:12:13,437 - node_manipulation - INFO - 
node_manipulation.get_node_ID(): Searching for node title: Positive
2025-01-16 23:12:13,437 - node_manipulation - INFO - node_manipulation.get_node_ID(): Found node ID: 3
2025-01-16 23:12:13,438 - node_manipulation - INFO - node_manipulation.set_positive_prompt(): Successfully set prompt for node 3
2025-01-16 23:12:13,438 - node_manipulation - INFO - node_manipulation.set_positive_prompt(): Prompt: 1girl, a demon girl with glowing tatoo on skin, burning hair, full body shot, giraffe (revue starlight), fashion photography, glamorous, stylish attire, captivating pose, dynamic composition, high-fashion aesthetic, professional studio lighting, expert styling, showcasing trend, conveying elegance, conveying attitude, evoking emotion, creating visual impact, editorial storytelling, artistic interpretation, fashion-forward visual, masterpiece, best quality, ultra-detailed
2025-01-16 23:12:13,438 - gen_prompt - INFO - Generating negative prompt - style: Photography - Fashion
2025-01-16 23:12:13,438 - gen_prompt - INFO - Getting trigger words - checkpoint: dreamshaper_8.safetensors, loras: revueGiraffe-000025.safetensors, embeddings: ng_deepnegative_v1_75t.pt, badhandv4.pt, easynegative.safetensors, an14.pt
2025-01-16 23:12:13,438 - gen_prompt - INFO - Searching for Checkpoint: dreamshaper_8.safetensors
2025-01-16 23:12:13,439 - gen_prompt - WARNING - No Pos_trigger_select found for dreamshaper_8.safetensors
2025-01-16 23:12:13,439 - gen_prompt - INFO - Searching for Lora: revueGiraffe-000025.safetensors
2025-01-16 23:12:13,439 - gen_prompt - INFO - Searching for Embedding: ng_deepnegative_v1_75t.pt
2025-01-16 23:12:13,440 - gen_prompt - WARNING - No Pos_trigger_select found for ng_deepnegative_v1_75t.pt
2025-01-16 23:12:13,440 - gen_prompt - INFO - Searching for Embedding: badhandv4.pt
2025-01-16 23:12:13,440 - gen_prompt - WARNING - No Pos_trigger_select found for badhandv4.pt
2025-01-16 23:12:13,440 - gen_prompt - INFO - Searching for Embedding: easynegative.safetensors
2025-01-16 23:12:13,441 - gen_prompt - WARNING - No Pos_trigger_select found for easynegative.safetensors
2025-01-16 23:12:13,441 - gen_prompt - INFO - Searching for Embedding: an14.pt
2025-01-16 23:12:13,441 - gen_prompt - WARNING - No Pos_trigger_select found for an14.pt
2025-01-16 23:12:13,442 - gen_prompt - INFO - Searching for Checkpoint: dreamshaper_8.safetensors
2025-01-16 23:12:13,442 - gen_prompt - WARNING - No Neg_trigger_select found for dreamshaper_8.safetensors
2025-01-16 23:12:13,442 - gen_prompt - INFO - Searching for Lora: revueGiraffe-000025.safetensors
2025-01-16 23:12:13,443 - gen_prompt - WARNING - No Neg_trigger_select found for revueGiraffe-000025.safetensors
2025-01-16 23:12:13,443 - gen_prompt - INFO - Searching for Embedding: ng_deepnegative_v1_75t.pt
2025-01-16 23:12:13,443 - gen_prompt - INFO - Searching for Embedding: badhandv4.pt
2025-01-16 23:12:13,444 - gen_prompt - INFO - Searching for Embedding: easynegative.safetensors
2025-01-16 23:12:13,444 - gen_prompt - INFO - Searching for Embedding: an14.pt
2025-01-16 23:12:13,445 - gen_prompt - INFO - Final trigger words: {'positive': 'giraffe (revue starlight)', 'negative': 'NG_DeepNegative_V1_75T, badhandv4, easynegative, an14'}
2025-01-16 23:12:13,445 - gen_prompt - INFO - Getting style prompt - style_name: Photography - Fashion
2025-01-16 23:12:13,447 - gen_prompt - INFO - Found style. Result: {'name': 'Photography - Fashion', 'positive': 'fashion photography, glamorous, stylish attire, captivating pose, dynamic composition, high-fashion aesthetic, professional studio lighting, expert styling, showcasing trend, conveying elegance, conveying attitude, evoking emotion, creating visual impact, editorial storytelling, artistic interpretation, fashion-forward visual', 'negative': 'bad anatomy, comics, cropped, cross-eyed, worst quality, low quality, painting, 3D render, drawing, crayon, sketch, graphite, impressionist, cartoon, anime, noisy, blurry, soft, deformed, ugly, lowres, low details, JPEG artifacts, airbrushed, semi-realistic, CGI, render, Blender, digital art, manga, amateur, mutilated, distorted'}
2025-01-16 23:12:13,447 - gen_prompt - INFO - Generated negative prompt: NG_DeepNegative_V1_75T, badhandv4, easynegative, an14, bad anatomy, comics, cropped, cross-eyed, worst quality, low quality, painting, 3D render, drawing, crayon, sketch, graphite, impressionist, cartoon, anime, noisy, blurry, soft, deformed, ugly, lowres, low details, JPEG artifacts, airbrushed, semi-realistic, CGI, render, Blender, digital art, manga, amateur, mutilated, distorted, bad quality, low quality, low resolution
2025-01-16 23:12:13,447 - node_manipulation - INFO - 
node_manipulation.get_node_ID(): Searching for node title: Negative
2025-01-16 23:12:13,447 - node_manipulation - INFO - node_manipulation.get_node_ID(): Found node ID: 4
2025-01-16 23:12:13,448 - node_manipulation - INFO - 
node_manipulation.set_resolution(): Setting resolution for node: Empty Latent Image
2025-01-16 23:12:13,448 - node_manipulation - INFO - node_manipulation.set_resolution(): Parameters - width=512, height=768
2025-01-16 23:12:13,448 - node_manipulation - INFO - 
node_manipulation.get_node_ID(): Searching for node title: Empty Latent Image
2025-01-16 23:12:13,448 - node_manipulation - INFO - node_manipulation.get_node_ID(): Found node ID: 10
2025-01-16 23:12:13,448 - node_manipulation - INFO - node_manipulation.set_resolution(): Successfully set resolution 512x768 for node 10
2025-01-16 23:12:13,448 - node_manipulation - INFO - 
node_manipulation.set_resolution(): Setting resolution for node: Up_res
2025-01-16 23:12:13,448 - node_manipulation - INFO - node_manipulation.set_resolution(): Parameters - width=1024, height=1536
2025-01-16 23:12:13,449 - node_manipulation - INFO - 
node_manipulation.get_node_ID(): Searching for node title: Up_res
2025-01-16 23:12:13,449 - node_manipulation - INFO - node_manipulation.get_node_ID(): Found node ID: 17
2025-01-16 23:12:13,449 - node_manipulation - INFO - node_manipulation.set_resolution(): Successfully set resolution 1024x1536 for node 17
2025-01-16 23:12:13,449 - node_manipulation - INFO - 
node_manipulation.get_node_ID(): Searching for node title: Save Image
2025-01-16 23:12:13,449 - node_manipulation - INFO - node_manipulation.get_node_ID(): Found node ID: 12
2025-01-16 23:12:13,449 - node_manipulation - INFO - 
node_manipulation.get_node_ID(): Searching for node title: VAE Decode_scaled
2025-01-16 23:12:13,449 - node_manipulation - INFO - node_manipulation.get_node_ID(): Found node ID: 18
2025-01-16 23:12:13,449 - node_manipulation - INFO - node_manipulation.update_node_input(): Successfully updated input for node 12 with key images to 18
2025-01-16 23:12:13,451 - load_models - INFO - Queueing workflow
2025-01-16 23:12:13,672 - load_models - INFO - Response: {"prompt_id": "c19a7259-8952-4277-bb98-6b2ae47e1ba0", "number": 59, "node_errors": {"5": {"errors": [{"type": "value_not_in_list", "message": "Value not in list", "details": "lora_name: 'revueGiraffe-000025.safetensors' not in (list of length 55)", "extra_info": {"input_name": "lora_name", "input_config": null, "received_value": "revueGiraffe-000025.safetensors"}}], "dependent_outputs": ["12"], "class_type": "LoraLoader"}}}
