2025-01-17 18:50:42,624 - load_models - INFO - Found checkpoint meinamix_v12Final.safetensors with base SD 1.5
2025-01-17 18:50:42,624 - load_models - INFO - Added fixed LoRA: tifa_v2.3.safetensors
2025-01-17 18:50:42,624 - load_models - INFO - Added fixed LoRA: genshinfull1-000006.safetensors
2025-01-17 18:50:42,624 - load_models - INFO - Added 2 LoRAs from category style
2025-01-17 18:50:42,624 - load_models - INFO - Added all 2 LoRAs from category detail
2025-01-17 18:50:42,624 - load_models - INFO - Added 1 random LoRAs from category quality
2025-01-17 18:50:42,624 - load_models - INFO - Final selection: 7 LoRAs
2025-01-17 18:50:42,624 - load_models - INFO - Selected LoRA: tifa_v2.3.safetensors (Category: character)
2025-01-17 18:50:42,627 - load_models - INFO - Selected LoRA: genshinfull1-000006.safetensors (Category: character)
2025-01-17 18:50:42,627 - load_models - INFO - Selected LoRA: mo.safetensors (Category: style)
2025-01-17 18:50:42,627 - load_models - INFO - Selected LoRA: manga2_by_XUEBI.safetensors (Category: style)
2025-01-17 18:50:42,627 - load_models - INFO - Selected LoRA: more_details.safetensors (Category: detail)
2025-01-17 18:50:42,627 - load_models - INFO - Selected LoRA: add_detail.safetensors (Category: detail)
2025-01-17 18:50:42,627 - load_models - INFO - Selected LoRA: GoodHands-beta2.safetensors (Category: quality)
2025-01-17 18:50:42,627 - __main__ - INFO - Starting workflow generation
2025-01-17 18:50:42,627 - load_models - INFO - Found checkpoint dreamshaper_8.safetensors with base SD 1.5
2025-01-17 18:50:42,627 - load_models - INFO - Added 0 LoRAs from category style
2025-01-17 18:50:42,627 - load_models - INFO - Added 0 LoRAs from category outfit
2025-01-17 18:50:42,627 - load_models - INFO - Added 0 LoRAs from category lighting
2025-01-17 18:50:42,627 - load_models - INFO - Final selection: 0 LoRAs
2025-01-17 18:50:42,634 - __main__ - INFO - ******Loras:******* []
2025-01-17 18:50:42,635 - __main__ - INFO - Available LoRAs with the same base as the checkpoint: AbstractMalePortraits_v2R_60_R-128.safetensors, AbstractPortrait_50_R.safetensors, animeoutlineV4_16.safetensors, backlight_slider_v10.safetensors, bichu-v0612.safetensors, dm_canvas_style3_1530.safetensors, GoodHands-beta2.safetensors, gubinxin.safetensors, manga2_by_XUEBI.safetensors, masturbation_female.safetensors, more_details.safetensors, nier_anime_style_offset.safetensors, pixel_f2.safetensors, add_detail.safetensors, tifa_v2.3.safetensors, WaterColoursScenev1.0.safetensors, XSarchitectural-38InteriorForBedroom.safetensors, Drawing.safetensors, AMechaSSS[color_theme,mecha musume, mechanical parts,robot joints,headgear].safetensors, see-through leotard-000004.safetensors, howlbgsv3.safetensors, mo.safetensors, LAS.safetensors, contrast_slider_v10.safetensors, add_sharpness.safetensors, MoXinV1.safetensors, Niji V2B.safetensors, genshinfull1-000006.safetensors, zyd232_InkStyle_v1_0.safetensors
2025-01-17 18:50:42,635 - __main__ - INFO - Checkpoint and LoRAs have the same base: SD 1.5
2025-01-17 18:50:42,635 - load_models - INFO - ===== Selected models & parameters: {'checkpoint': 'dreamshaper_8.safetensors', 'ckpt_clip_skip': '', 'ckpt_cfg': '', 'ckpt_steps': '', 'ckpt_sampler': '', 'ckpt_scheduler': '', 'ckpt_hires_fix': '', 'num_loras': 1, 'num_embeddings': 4, 'lora1': 'add_detail.safetensors', 'lora1_weight_from': '0.8', 'lora1_weight_to': '1', 'lora1_clip_skip': '', 'lora1_cfg': '', 'lora1_steps': '', 'lora1_sampler': '', 'lora1_scheduler': '', 'lora1_hires_fix': '', 'embedding1': 'ng_deepnegative_v1_75t.pt', 'embedding2': 'badhandv4.pt', 'embedding3': 'easynegative.safetensors', 'embedding4': 'an14.pt'} =====
2025-01-17 18:50:42,635 - node_manipulation - INFO - 
node_manipulation.get_node_ID(): Searching for node title: Load Checkpoint
2025-01-17 18:50:42,635 - node_manipulation - INFO - node_manipulation.get_node_ID(): Found node ID: 1
2025-01-17 18:50:42,635 - node_manipulation - INFO - 
node_manipulation.set_lora(): Setting LoRA node: Lora1
2025-01-17 18:50:42,635 - node_manipulation - INFO - node_manipulation.set_lora(): Parameters - lora=add_detail.safetensors, model_strength=0.9, clip_strength=1
2025-01-17 18:50:42,635 - node_manipulation - INFO - 
node_manipulation.get_node_ID(): Searching for node title: Lora1
2025-01-17 18:50:42,635 - node_manipulation - INFO - node_manipulation.get_node_ID(): Found node ID: 5
2025-01-17 18:50:42,635 - node_manipulation - INFO - node_manipulation.set_lora(): Successfully configured node 5
2025-01-17 18:50:42,635 - node_manipulation - INFO - 
node_manipulation.set_KSampler(): Configuring KSampler node: KSampler
2025-01-17 18:50:42,635 - node_manipulation - INFO - node_manipulation.set_KSampler(): Parameters - seed=337916, steps=20, cfg=7, sampler=dpmpp_2m, scheduler=karras, denoise=1
2025-01-17 18:50:42,635 - node_manipulation - INFO - 
node_manipulation.get_node_ID(): Searching for node title: KSampler
2025-01-17 18:50:42,635 - node_manipulation - INFO - node_manipulation.get_node_ID(): Found node ID: 9
2025-01-17 18:50:42,635 - node_manipulation - INFO - node_manipulation.set_KSampler(): Successfully configured node 9
2025-01-17 18:50:42,635 - node_manipulation - INFO - 
node_manipulation.set_positive_prompt(): Setting positive prompt
2025-01-17 18:50:42,635 - node_manipulation - INFO - node_manipulation.set_positive_prompt(): Parameters - checkpoint=dreamshaper_8.safetensors, loras=['add_detail.safetensors'], embeddings=ng_deepnegative_v1_75t.pt, badhandv4.pt, easynegative.safetensors, an14.pt, style=None
2025-01-17 18:50:42,635 - gen_prompt - INFO - Getting trigger words - checkpoint: dreamshaper_8.safetensors, loras: ['add_detail.safetensors'], embeddings: ng_deepnegative_v1_75t.pt, badhandv4.pt, easynegative.safetensors, an14.pt
2025-01-17 18:50:42,635 - gen_prompt - WARNING - No Pos_trigger_select found for dreamshaper_8.safetensors
2025-01-17 18:50:42,635 - gen_prompt - WARNING - No Pos_trigger_select found for add_detail.safetensors
2025-01-17 18:50:42,635 - gen_prompt - WARNING - No Pos_trigger_select found for ng_deepnegative_v1_75t.pt
2025-01-17 18:50:42,635 - gen_prompt - WARNING - No Pos_trigger_select found for badhandv4.pt
2025-01-17 18:50:42,635 - gen_prompt - WARNING - No Pos_trigger_select found for easynegative.safetensors
2025-01-17 18:50:42,635 - gen_prompt - WARNING - No Pos_trigger_select found for an14.pt
2025-01-17 18:50:42,635 - gen_prompt - WARNING - No Neg_trigger_select found for dreamshaper_8.safetensors
2025-01-17 18:50:42,635 - gen_prompt - WARNING - No Neg_trigger_select found for add_detail.safetensors
2025-01-17 18:50:42,635 - gen_prompt - INFO - Final trigger words: {'positive': '', 'negative': 'NG_DeepNegative_V1_75T, badhandv4, easynegative, an14'}
2025-01-17 18:50:42,647 - gen_prompt - INFO - Selected random style: Vector - Silhouette
2025-01-17 18:50:42,647 - gen_prompt - INFO - Generated positive prompt: 1girl, a demon girl with glowing tatoo on skin, burning hair, full body shot, , black vector silhouette on solid white background, minimalist, SVG silhouette art style, clean lines and shapes, scalable graphics, professional-grade execution, stylized, professional vector, masterpiece, best quality, ultra-detailed
2025-01-17 18:50:42,647 - node_manipulation - INFO - 
node_manipulation.get_node_ID(): Searching for node title: Positive
2025-01-17 18:50:42,647 - node_manipulation - INFO - node_manipulation.get_node_ID(): Found node ID: 3
2025-01-17 18:50:42,648 - node_manipulation - INFO - node_manipulation.set_positive_prompt(): Successfully set prompt for node 3
2025-01-17 18:50:42,648 - node_manipulation - INFO - node_manipulation.set_positive_prompt(): Prompt: 1girl, a demon girl with glowing tatoo on skin, burning hair, full body shot, , black vector silhouette on solid white background, minimalist, SVG silhouette art style, clean lines and shapes, scalable graphics, professional-grade execution, stylized, professional vector, masterpiece, best quality, ultra-detailed
2025-01-17 18:50:42,648 - gen_prompt - INFO - Getting trigger words - checkpoint: dreamshaper_8.safetensors, loras: ['add_detail.safetensors'], embeddings: ng_deepnegative_v1_75t.pt, badhandv4.pt, easynegative.safetensors, an14.pt
2025-01-17 18:50:42,648 - gen_prompt - WARNING - No Pos_trigger_select found for dreamshaper_8.safetensors
2025-01-17 18:50:42,648 - gen_prompt - WARNING - No Pos_trigger_select found for add_detail.safetensors
2025-01-17 18:50:42,648 - gen_prompt - WARNING - No Pos_trigger_select found for ng_deepnegative_v1_75t.pt
2025-01-17 18:50:42,650 - gen_prompt - WARNING - No Pos_trigger_select found for badhandv4.pt
2025-01-17 18:50:42,650 - gen_prompt - WARNING - No Pos_trigger_select found for easynegative.safetensors
2025-01-17 18:50:42,650 - gen_prompt - WARNING - No Pos_trigger_select found for an14.pt
2025-01-17 18:50:42,650 - gen_prompt - WARNING - No Neg_trigger_select found for dreamshaper_8.safetensors
2025-01-17 18:50:42,650 - gen_prompt - WARNING - No Neg_trigger_select found for add_detail.safetensors
2025-01-17 18:50:42,650 - gen_prompt - INFO - Final trigger words: {'positive': '', 'negative': 'NG_DeepNegative_V1_75T, badhandv4, easynegative, an14'}
2025-01-17 18:50:42,655 - gen_prompt - INFO - Selected random style: Painting - Children Book Art
2025-01-17 18:50:42,655 - gen_prompt - INFO - Generated negative prompt: NG_DeepNegative_V1_75T, badhandv4, easynegative, an14, signature, watermark, photo, photorealistic, realism, ugly, off-center, deformed, 35mm film, dslr, cropped, frame, worst quality, low quality, lowres, JPEG artifacts, bad quality, low quality, low resolution
2025-01-17 18:50:42,655 - node_manipulation - INFO - 
node_manipulation.get_node_ID(): Searching for node title: Negative
2025-01-17 18:50:42,655 - node_manipulation - INFO - node_manipulation.get_node_ID(): Found node ID: 4
2025-01-17 18:50:42,655 - node_manipulation - INFO - 
node_manipulation.set_resolution(): Setting resolution for node: Empty Latent Image
2025-01-17 18:50:42,655 - node_manipulation - INFO - node_manipulation.set_resolution(): Parameters - width=512, height=768
2025-01-17 18:50:42,655 - node_manipulation - INFO - 
node_manipulation.get_node_ID(): Searching for node title: Empty Latent Image
2025-01-17 18:50:42,657 - node_manipulation - INFO - node_manipulation.get_node_ID(): Found node ID: 10
2025-01-17 18:50:42,657 - node_manipulation - INFO - node_manipulation.set_resolution(): Successfully set resolution 512x768 for node 10
2025-01-17 18:50:42,657 - node_manipulation - INFO - 
node_manipulation.set_resolution(): Setting resolution for node: Up_res
2025-01-17 18:50:42,657 - node_manipulation - INFO - node_manipulation.set_resolution(): Parameters - width=1024, height=1536
2025-01-17 18:50:42,657 - node_manipulation - INFO - 
node_manipulation.get_node_ID(): Searching for node title: Up_res
2025-01-17 18:50:42,657 - node_manipulation - INFO - node_manipulation.get_node_ID(): Found node ID: 17
2025-01-17 18:50:42,657 - node_manipulation - INFO - node_manipulation.set_resolution(): Successfully set resolution 1024x1536 for node 17
2025-01-17 18:50:42,657 - load_models - INFO - Queueing workflow
2025-01-17 18:50:42,882 - load_models - INFO - Response: {"prompt_id": "84007afc-ad2e-4001-b918-7afdfe58fb1d", "number": 31, "node_errors": {}}
2025-01-17 18:50:47,885 - load_models - INFO - ===== Selected models & parameters: {'checkpoint': 'dreamshaper_8.safetensors', 'ckpt_clip_skip': '', 'ckpt_cfg': '', 'ckpt_steps': '', 'ckpt_sampler': '', 'ckpt_scheduler': '', 'ckpt_hires_fix': '', 'num_loras': 1, 'num_embeddings': 4, 'lora1': 'zyd232_InkStyle_v1_0.safetensors', 'lora1_weight_from': '0.8', 'lora1_weight_to': '1.2', 'lora1_clip_skip': '', 'lora1_cfg': '', 'lora1_steps': '', 'lora1_sampler': '', 'lora1_scheduler': '', 'lora1_hires_fix': '', 'embedding1': 'ng_deepnegative_v1_75t.pt', 'embedding2': 'badhandv4.pt', 'embedding3': 'easynegative.safetensors', 'embedding4': 'an14.pt'} =====
2025-01-17 18:50:47,885 - node_manipulation - INFO - 
node_manipulation.get_node_ID(): Searching for node title: Load Checkpoint
2025-01-17 18:50:47,885 - node_manipulation - INFO - node_manipulation.get_node_ID(): Found node ID: 1
2025-01-17 18:50:47,885 - node_manipulation - INFO - 
node_manipulation.set_lora(): Setting LoRA node: Lora1
2025-01-17 18:50:47,885 - node_manipulation - INFO - node_manipulation.set_lora(): Parameters - lora=zyd232_InkStyle_v1_0.safetensors, model_strength=0.9, clip_strength=1
2025-01-17 18:50:47,887 - node_manipulation - INFO - 
node_manipulation.get_node_ID(): Searching for node title: Lora1
2025-01-17 18:50:47,887 - node_manipulation - INFO - node_manipulation.get_node_ID(): Found node ID: 5
2025-01-17 18:50:47,887 - node_manipulation - INFO - node_manipulation.set_lora(): Successfully configured node 5
2025-01-17 18:50:47,887 - node_manipulation - INFO - 
node_manipulation.set_KSampler(): Configuring KSampler node: KSampler
2025-01-17 18:50:47,887 - node_manipulation - INFO - node_manipulation.set_KSampler(): Parameters - seed=268096, steps=20, cfg=7, sampler=dpmpp_2m, scheduler=karras, denoise=1
2025-01-17 18:50:47,887 - node_manipulation - INFO - 
node_manipulation.get_node_ID(): Searching for node title: KSampler
2025-01-17 18:50:47,887 - node_manipulation - INFO - node_manipulation.get_node_ID(): Found node ID: 9
2025-01-17 18:50:47,887 - node_manipulation - INFO - node_manipulation.set_KSampler(): Successfully configured node 9
2025-01-17 18:50:47,887 - node_manipulation - INFO - 
node_manipulation.set_positive_prompt(): Setting positive prompt
2025-01-17 18:50:47,887 - node_manipulation - INFO - node_manipulation.set_positive_prompt(): Parameters - checkpoint=dreamshaper_8.safetensors, loras=['zyd232_InkStyle_v1_0.safetensors'], embeddings=ng_deepnegative_v1_75t.pt, badhandv4.pt, easynegative.safetensors, an14.pt, style=None
2025-01-17 18:50:47,887 - gen_prompt - INFO - Getting trigger words - checkpoint: dreamshaper_8.safetensors, loras: ['zyd232_InkStyle_v1_0.safetensors'], embeddings: ng_deepnegative_v1_75t.pt, badhandv4.pt, easynegative.safetensors, an14.pt
2025-01-17 18:50:47,887 - gen_prompt - WARNING - No Pos_trigger_select found for dreamshaper_8.safetensors
2025-01-17 18:50:47,889 - gen_prompt - WARNING - No Pos_trigger_select found for zyd232_InkStyle_v1_0.safetensors
2025-01-17 18:50:47,890 - gen_prompt - WARNING - No Pos_trigger_select found for ng_deepnegative_v1_75t.pt
2025-01-17 18:50:47,890 - gen_prompt - WARNING - No Pos_trigger_select found for badhandv4.pt
2025-01-17 18:50:47,891 - gen_prompt - WARNING - No Pos_trigger_select found for easynegative.safetensors
2025-01-17 18:50:47,891 - gen_prompt - WARNING - No Pos_trigger_select found for an14.pt
2025-01-17 18:50:47,891 - gen_prompt - WARNING - No Neg_trigger_select found for dreamshaper_8.safetensors
2025-01-17 18:50:47,891 - gen_prompt - WARNING - No Neg_trigger_select found for zyd232_InkStyle_v1_0.safetensors
2025-01-17 18:50:47,891 - gen_prompt - INFO - Final trigger words: {'positive': '', 'negative': 'NG_DeepNegative_V1_75T, badhandv4, easynegative, an14'}
2025-01-17 18:50:47,896 - gen_prompt - INFO - Selected random style: Craft - Macrame
2025-01-17 18:50:47,897 - gen_prompt - INFO - Generated positive prompt: 1girl, a demon girl with glowing tatoo on skin, burning hair, full body shot, , Macrame art style, uses knotting techniques to create textiles or decorative items, versatile and tactile craft, allows for intricate patterns and designs, masterpiece, best quality, ultra-detailed
2025-01-17 18:50:47,897 - node_manipulation - INFO - 
node_manipulation.get_node_ID(): Searching for node title: Positive
2025-01-17 18:50:47,897 - node_manipulation - INFO - node_manipulation.get_node_ID(): Found node ID: 3
2025-01-17 18:50:47,897 - node_manipulation - INFO - node_manipulation.set_positive_prompt(): Successfully set prompt for node 3
2025-01-17 18:50:47,897 - node_manipulation - INFO - node_manipulation.set_positive_prompt(): Prompt: 1girl, a demon girl with glowing tatoo on skin, burning hair, full body shot, , Macrame art style, uses knotting techniques to create textiles or decorative items, versatile and tactile craft, allows for intricate patterns and designs, masterpiece, best quality, ultra-detailed
2025-01-17 18:50:47,897 - gen_prompt - INFO - Getting trigger words - checkpoint: dreamshaper_8.safetensors, loras: ['zyd232_InkStyle_v1_0.safetensors'], embeddings: ng_deepnegative_v1_75t.pt, badhandv4.pt, easynegative.safetensors, an14.pt
2025-01-17 18:50:47,897 - gen_prompt - WARNING - No Pos_trigger_select found for dreamshaper_8.safetensors
2025-01-17 18:50:47,897 - gen_prompt - WARNING - No Pos_trigger_select found for zyd232_InkStyle_v1_0.safetensors
2025-01-17 18:50:47,897 - gen_prompt - WARNING - No Pos_trigger_select found for ng_deepnegative_v1_75t.pt
2025-01-17 18:50:47,897 - gen_prompt - WARNING - No Pos_trigger_select found for badhandv4.pt
2025-01-17 18:50:47,897 - gen_prompt - WARNING - No Pos_trigger_select found for easynegative.safetensors
2025-01-17 18:50:47,897 - gen_prompt - WARNING - No Pos_trigger_select found for an14.pt
2025-01-17 18:50:47,897 - gen_prompt - WARNING - No Neg_trigger_select found for dreamshaper_8.safetensors
2025-01-17 18:50:47,897 - gen_prompt - WARNING - No Neg_trigger_select found for zyd232_InkStyle_v1_0.safetensors
2025-01-17 18:50:47,897 - gen_prompt - INFO - Final trigger words: {'positive': '', 'negative': 'NG_DeepNegative_V1_75T, badhandv4, easynegative, an14'}
2025-01-17 18:50:47,897 - gen_prompt - INFO - Selected random style: Fashion - Vintage
2025-01-17 18:50:47,897 - gen_prompt - INFO - Generated negative prompt: NG_DeepNegative_V1_75T, badhandv4, easynegative, an14, signature, watermark, low quality, JPEG artifacts, off-center, deformed, cropped, worst quality, bad quality, low quality, low resolution
2025-01-17 18:50:47,897 - node_manipulation - INFO - 
node_manipulation.get_node_ID(): Searching for node title: Negative
2025-01-17 18:50:47,897 - node_manipulation - INFO - node_manipulation.get_node_ID(): Found node ID: 4
2025-01-17 18:50:47,897 - node_manipulation - INFO - 
node_manipulation.set_resolution(): Setting resolution for node: Empty Latent Image
2025-01-17 18:50:47,897 - node_manipulation - INFO - node_manipulation.set_resolution(): Parameters - width=512, height=768
2025-01-17 18:50:47,897 - node_manipulation - INFO - 
node_manipulation.get_node_ID(): Searching for node title: Empty Latent Image
2025-01-17 18:50:47,897 - node_manipulation - INFO - node_manipulation.get_node_ID(): Found node ID: 10
2025-01-17 18:50:47,897 - node_manipulation - INFO - node_manipulation.set_resolution(): Successfully set resolution 512x768 for node 10
2025-01-17 18:50:47,897 - node_manipulation - INFO - 
node_manipulation.set_resolution(): Setting resolution for node: Up_res
2025-01-17 18:50:47,897 - node_manipulation - INFO - node_manipulation.set_resolution(): Parameters - width=1024, height=1536
2025-01-17 18:50:47,897 - node_manipulation - INFO - 
node_manipulation.get_node_ID(): Searching for node title: Up_res
2025-01-17 18:50:47,897 - node_manipulation - INFO - node_manipulation.get_node_ID(): Found node ID: 17
2025-01-17 18:50:47,897 - node_manipulation - INFO - node_manipulation.set_resolution(): Successfully set resolution 1024x1536 for node 17
2025-01-17 18:50:47,908 - load_models - INFO - Queueing workflow
2025-01-17 18:50:47,919 - load_models - INFO - Response: {"prompt_id": "f3f4a9d7-268d-470c-85d2-12137d16abb9", "number": 32, "node_errors": {}}
2025-01-17 18:50:52,921 - load_models - INFO - ===== Selected models & parameters: {'checkpoint': 'dreamshaper_8.safetensors', 'ckpt_clip_skip': '', 'ckpt_cfg': '', 'ckpt_steps': '', 'ckpt_sampler': '', 'ckpt_scheduler': '', 'ckpt_hires_fix': '', 'num_loras': 1, 'num_embeddings': 4, 'lora1': 'AbstractMalePortraits_v2R_60_R-128.safetensors', 'lora1_weight_from': '0.8', 'lora1_weight_to': '1', 'lora1_clip_skip': '', 'lora1_cfg': '', 'lora1_steps': '', 'lora1_sampler': '', 'lora1_scheduler': '', 'lora1_hires_fix': '', 'embedding1': 'ng_deepnegative_v1_75t.pt', 'embedding2': 'badhandv4.pt', 'embedding3': 'easynegative.safetensors', 'embedding4': 'an14.pt'} =====
2025-01-17 18:50:52,921 - node_manipulation - INFO - 
node_manipulation.get_node_ID(): Searching for node title: Load Checkpoint
2025-01-17 18:50:52,921 - node_manipulation - INFO - node_manipulation.get_node_ID(): Found node ID: 1
2025-01-17 18:50:52,921 - node_manipulation - INFO - 
node_manipulation.set_lora(): Setting LoRA node: Lora1
2025-01-17 18:50:52,921 - node_manipulation - INFO - node_manipulation.set_lora(): Parameters - lora=AbstractMalePortraits_v2R_60_R-128.safetensors, model_strength=0.9, clip_strength=1
2025-01-17 18:50:52,921 - node_manipulation - INFO - 
node_manipulation.get_node_ID(): Searching for node title: Lora1
2025-01-17 18:50:52,921 - node_manipulation - INFO - node_manipulation.get_node_ID(): Found node ID: 5
2025-01-17 18:50:52,924 - node_manipulation - INFO - node_manipulation.set_lora(): Successfully configured node 5
2025-01-17 18:50:52,924 - node_manipulation - INFO - 
node_manipulation.set_KSampler(): Configuring KSampler node: KSampler
2025-01-17 18:50:52,924 - node_manipulation - INFO - node_manipulation.set_KSampler(): Parameters - seed=128887, steps=20, cfg=7, sampler=dpmpp_2m, scheduler=karras, denoise=1
2025-01-17 18:50:52,924 - node_manipulation - INFO - 
node_manipulation.get_node_ID(): Searching for node title: KSampler
2025-01-17 18:50:52,924 - node_manipulation - INFO - node_manipulation.get_node_ID(): Found node ID: 9
2025-01-17 18:50:52,924 - node_manipulation - INFO - node_manipulation.set_KSampler(): Successfully configured node 9
2025-01-17 18:50:52,924 - node_manipulation - INFO - 
node_manipulation.set_positive_prompt(): Setting positive prompt
2025-01-17 18:50:52,924 - node_manipulation - INFO - node_manipulation.set_positive_prompt(): Parameters - checkpoint=dreamshaper_8.safetensors, loras=['AbstractMalePortraits_v2R_60_R-128.safetensors'], embeddings=ng_deepnegative_v1_75t.pt, badhandv4.pt, easynegative.safetensors, an14.pt, style=None
2025-01-17 18:50:52,924 - gen_prompt - INFO - Getting trigger words - checkpoint: dreamshaper_8.safetensors, loras: ['AbstractMalePortraits_v2R_60_R-128.safetensors'], embeddings: ng_deepnegative_v1_75t.pt, badhandv4.pt, easynegative.safetensors, an14.pt
2025-01-17 18:50:52,924 - gen_prompt - WARNING - No Pos_trigger_select found for dreamshaper_8.safetensors
2025-01-17 18:50:52,924 - gen_prompt - WARNING - No Pos_trigger_select found for ng_deepnegative_v1_75t.pt
2025-01-17 18:50:52,927 - gen_prompt - WARNING - No Pos_trigger_select found for badhandv4.pt
2025-01-17 18:50:52,928 - gen_prompt - WARNING - No Pos_trigger_select found for easynegative.safetensors
2025-01-17 18:50:52,928 - gen_prompt - WARNING - No Pos_trigger_select found for an14.pt
2025-01-17 18:50:52,928 - gen_prompt - WARNING - No Neg_trigger_select found for dreamshaper_8.safetensors
2025-01-17 18:50:52,928 - gen_prompt - WARNING - No Neg_trigger_select found for AbstractMalePortraits_v2R_60_R-128.safetensors
2025-01-17 18:50:52,930 - gen_prompt - INFO - Final trigger words: {'positive': 'pxint', 'negative': 'NG_DeepNegative_V1_75T, badhandv4, easynegative, an14'}
2025-01-17 18:50:52,930 - gen_prompt - INFO - Selected random style: Painting - Watercolor on White Background
2025-01-17 18:50:52,930 - gen_prompt - INFO - Generated positive prompt: 1girl, a angel girl with huge wings, intricate lingerie, burning heart, kneeing, pxint, Watercolor painting art style, isolated on solid white background, transparent and delicate layers, luminous and ethereal effects,  subtle gradients and blending, captures light and atmosphere, creates soft and dreamy scenes, masterpiece, best quality, ultra-detailed
2025-01-17 18:50:52,930 - node_manipulation - INFO - 
node_manipulation.get_node_ID(): Searching for node title: Positive
2025-01-17 18:50:52,930 - node_manipulation - INFO - node_manipulation.get_node_ID(): Found node ID: 3
2025-01-17 18:50:52,930 - node_manipulation - INFO - node_manipulation.set_positive_prompt(): Successfully set prompt for node 3
2025-01-17 18:50:52,930 - node_manipulation - INFO - node_manipulation.set_positive_prompt(): Prompt: 1girl, a angel girl with huge wings, intricate lingerie, burning heart, kneeing, pxint, Watercolor painting art style, isolated on solid white background, transparent and delicate layers, luminous and ethereal effects,  subtle gradients and blending, captures light and atmosphere, creates soft and dreamy scenes, masterpiece, best quality, ultra-detailed
2025-01-17 18:50:52,930 - gen_prompt - INFO - Getting trigger words - checkpoint: dreamshaper_8.safetensors, loras: ['AbstractMalePortraits_v2R_60_R-128.safetensors'], embeddings: ng_deepnegative_v1_75t.pt, badhandv4.pt, easynegative.safetensors, an14.pt
2025-01-17 18:50:52,930 - gen_prompt - WARNING - No Pos_trigger_select found for dreamshaper_8.safetensors
2025-01-17 18:50:52,930 - gen_prompt - WARNING - No Pos_trigger_select found for ng_deepnegative_v1_75t.pt
2025-01-17 18:50:52,930 - gen_prompt - WARNING - No Pos_trigger_select found for badhandv4.pt
2025-01-17 18:50:52,930 - gen_prompt - WARNING - No Pos_trigger_select found for easynegative.safetensors
2025-01-17 18:50:52,938 - gen_prompt - WARNING - No Pos_trigger_select found for an14.pt
2025-01-17 18:50:52,938 - gen_prompt - WARNING - No Neg_trigger_select found for dreamshaper_8.safetensors
2025-01-17 18:50:52,938 - gen_prompt - WARNING - No Neg_trigger_select found for AbstractMalePortraits_v2R_60_R-128.safetensors
2025-01-17 18:50:52,940 - gen_prompt - INFO - Final trigger words: {'positive': 'pxint', 'negative': 'NG_DeepNegative_V1_75T, badhandv4, easynegative, an14'}
2025-01-17 18:50:52,940 - gen_prompt - INFO - Selected random style: Photography - Documentary
2025-01-17 18:50:52,940 - gen_prompt - INFO - Generated negative prompt: NG_DeepNegative_V1_75T, badhandv4, easynegative, an14, bad anatomy, comics, cropped, cross-eyed, worst quality, low quality, painting, 3D render, drawing, crayon, sketch, graphite, impressionist, cartoon, anime, noisy, blurry, soft, deformed, ugly, lowres, low details, JPEG artifacts, airbrushed, semi-realistic, CGI, render, Blender, digital art, manga, amateur, mutilated, distorted, bad quality, low quality, low resolution
2025-01-17 18:50:52,940 - node_manipulation - INFO - 
node_manipulation.get_node_ID(): Searching for node title: Negative
2025-01-17 18:50:52,940 - node_manipulation - INFO - node_manipulation.get_node_ID(): Found node ID: 4
2025-01-17 18:50:52,940 - node_manipulation - INFO - 
node_manipulation.set_resolution(): Setting resolution for node: Empty Latent Image
2025-01-17 18:50:52,945 - node_manipulation - INFO - node_manipulation.set_resolution(): Parameters - width=512, height=768
2025-01-17 18:50:52,945 - node_manipulation - INFO - 
node_manipulation.get_node_ID(): Searching for node title: Empty Latent Image
2025-01-17 18:50:52,945 - node_manipulation - INFO - node_manipulation.get_node_ID(): Found node ID: 10
2025-01-17 18:50:52,946 - node_manipulation - INFO - node_manipulation.set_resolution(): Successfully set resolution 512x768 for node 10
2025-01-17 18:50:52,946 - node_manipulation - INFO - 
node_manipulation.set_resolution(): Setting resolution for node: Up_res
2025-01-17 18:50:52,946 - node_manipulation - INFO - node_manipulation.set_resolution(): Parameters - width=1024, height=1536
2025-01-17 18:50:52,946 - node_manipulation - INFO - 
node_manipulation.get_node_ID(): Searching for node title: Up_res
2025-01-17 18:50:52,946 - node_manipulation - INFO - node_manipulation.get_node_ID(): Found node ID: 17
2025-01-17 18:50:52,946 - node_manipulation - INFO - node_manipulation.set_resolution(): Successfully set resolution 1024x1536 for node 17
2025-01-17 18:50:52,946 - load_models - INFO - Queueing workflow
2025-01-17 18:50:52,946 - load_models - INFO - Response: {"prompt_id": "6a60ee14-9a0f-47b2-afb5-42ddcdee4dff", "number": 33, "node_errors": {}}
2025-01-17 18:50:57,955 - load_models - INFO - ===== Selected models & parameters: {'checkpoint': 'dreamshaper_8.safetensors', 'ckpt_clip_skip': '', 'ckpt_cfg': '', 'ckpt_steps': '', 'ckpt_sampler': '', 'ckpt_scheduler': '', 'ckpt_hires_fix': '', 'num_loras': 1, 'num_embeddings': 4, 'lora1': 'dm_canvas_style3_1530.safetensors', 'lora1_weight_from': '0.2', 'lora1_weight_to': '0.7', 'lora1_clip_skip': '', 'lora1_cfg': '', 'lora1_steps': '', 'lora1_sampler': '', 'lora1_scheduler': '', 'lora1_hires_fix': '', 'embedding1': 'ng_deepnegative_v1_75t.pt', 'embedding2': 'badhandv4.pt', 'embedding3': 'easynegative.safetensors', 'embedding4': 'an14.pt'} =====
2025-01-17 18:50:57,955 - node_manipulation - INFO - 
node_manipulation.get_node_ID(): Searching for node title: Load Checkpoint
2025-01-17 18:50:57,955 - node_manipulation - INFO - node_manipulation.get_node_ID(): Found node ID: 1
2025-01-17 18:50:57,955 - node_manipulation - INFO - 
node_manipulation.set_lora(): Setting LoRA node: Lora1
2025-01-17 18:50:57,955 - node_manipulation - INFO - node_manipulation.set_lora(): Parameters - lora=dm_canvas_style3_1530.safetensors, model_strength=0.2, clip_strength=1
2025-01-17 18:50:57,955 - node_manipulation - INFO - 
node_manipulation.get_node_ID(): Searching for node title: Lora1
2025-01-17 18:50:57,955 - node_manipulation - INFO - node_manipulation.get_node_ID(): Found node ID: 5
2025-01-17 18:50:57,955 - node_manipulation - INFO - node_manipulation.set_lora(): Successfully configured node 5
2025-01-17 18:50:57,960 - node_manipulation - INFO - 
node_manipulation.set_KSampler(): Configuring KSampler node: KSampler
2025-01-17 18:50:57,960 - node_manipulation - INFO - node_manipulation.set_KSampler(): Parameters - seed=650988, steps=20, cfg=7, sampler=dpmpp_2m, scheduler=karras, denoise=1
2025-01-17 18:50:57,960 - node_manipulation - INFO - 
node_manipulation.get_node_ID(): Searching for node title: KSampler
2025-01-17 18:50:57,960 - node_manipulation - INFO - node_manipulation.get_node_ID(): Found node ID: 9
2025-01-17 18:50:57,960 - node_manipulation - INFO - node_manipulation.set_KSampler(): Successfully configured node 9
2025-01-17 18:50:57,960 - node_manipulation - INFO - 
node_manipulation.set_positive_prompt(): Setting positive prompt
2025-01-17 18:50:57,962 - node_manipulation - INFO - node_manipulation.set_positive_prompt(): Parameters - checkpoint=dreamshaper_8.safetensors, loras=['dm_canvas_style3_1530.safetensors'], embeddings=ng_deepnegative_v1_75t.pt, badhandv4.pt, easynegative.safetensors, an14.pt, style=None
2025-01-17 18:50:57,962 - gen_prompt - INFO - Getting trigger words - checkpoint: dreamshaper_8.safetensors, loras: ['dm_canvas_style3_1530.safetensors'], embeddings: ng_deepnegative_v1_75t.pt, badhandv4.pt, easynegative.safetensors, an14.pt
2025-01-17 18:50:57,962 - gen_prompt - WARNING - No Pos_trigger_select found for dreamshaper_8.safetensors
2025-01-17 18:50:57,962 - gen_prompt - WARNING - No Pos_trigger_select found for dm_canvas_style3_1530.safetensors
2025-01-17 18:50:57,962 - gen_prompt - WARNING - No Pos_trigger_select found for ng_deepnegative_v1_75t.pt
2025-01-17 18:50:57,962 - gen_prompt - WARNING - No Pos_trigger_select found for badhandv4.pt
2025-01-17 18:50:57,962 - gen_prompt - WARNING - No Pos_trigger_select found for easynegative.safetensors
2025-01-17 18:50:57,962 - gen_prompt - WARNING - No Pos_trigger_select found for an14.pt
2025-01-17 18:50:57,962 - gen_prompt - WARNING - No Neg_trigger_select found for dreamshaper_8.safetensors
2025-01-17 18:50:57,970 - gen_prompt - WARNING - No Neg_trigger_select found for dm_canvas_style3_1530.safetensors
2025-01-17 18:50:57,970 - gen_prompt - INFO - Final trigger words: {'positive': '', 'negative': 'NG_DeepNegative_V1_75T, badhandv4, easynegative, an14'}
2025-01-17 18:50:57,970 - gen_prompt - INFO - Selected random style: Experimental - Ethereal Assassin 3D
2025-01-17 18:50:57,970 - gen_prompt - INFO - Generated positive prompt: 1girl, a demon girl with glowing tatoo on skin, burning hair, full body shot, , Ethereal Assassin 3D character art style, ghostly and stealthy, shadowy figure, dynamic pose, glowing eyes, high-quality rendering techniques, professional-grade execution, volumetric, 4k, masterpiece, best quality, ultra-detailed
2025-01-17 18:50:57,970 - node_manipulation - INFO - 
node_manipulation.get_node_ID(): Searching for node title: Positive
2025-01-17 18:50:57,970 - node_manipulation - INFO - node_manipulation.get_node_ID(): Found node ID: 3
2025-01-17 18:50:57,970 - node_manipulation - INFO - node_manipulation.set_positive_prompt(): Successfully set prompt for node 3
2025-01-17 18:50:57,970 - node_manipulation - INFO - node_manipulation.set_positive_prompt(): Prompt: 1girl, a demon girl with glowing tatoo on skin, burning hair, full body shot, , Ethereal Assassin 3D character art style, ghostly and stealthy, shadowy figure, dynamic pose, glowing eyes, high-quality rendering techniques, professional-grade execution, volumetric, 4k, masterpiece, best quality, ultra-detailed
2025-01-17 18:50:57,970 - gen_prompt - INFO - Getting trigger words - checkpoint: dreamshaper_8.safetensors, loras: ['dm_canvas_style3_1530.safetensors'], embeddings: ng_deepnegative_v1_75t.pt, badhandv4.pt, easynegative.safetensors, an14.pt
2025-01-17 18:50:57,970 - gen_prompt - WARNING - No Pos_trigger_select found for dreamshaper_8.safetensors
2025-01-17 18:50:57,970 - gen_prompt - WARNING - No Pos_trigger_select found for dm_canvas_style3_1530.safetensors
2025-01-17 18:50:57,970 - gen_prompt - WARNING - No Pos_trigger_select found for ng_deepnegative_v1_75t.pt
2025-01-17 18:50:57,980 - gen_prompt - WARNING - No Pos_trigger_select found for badhandv4.pt
2025-01-17 18:50:57,980 - gen_prompt - WARNING - No Pos_trigger_select found for easynegative.safetensors
2025-01-17 18:50:57,980 - gen_prompt - WARNING - No Pos_trigger_select found for an14.pt
2025-01-17 18:50:57,980 - gen_prompt - WARNING - No Neg_trigger_select found for dreamshaper_8.safetensors
2025-01-17 18:50:57,980 - gen_prompt - WARNING - No Neg_trigger_select found for dm_canvas_style3_1530.safetensors
2025-01-17 18:50:57,980 - gen_prompt - INFO - Final trigger words: {'positive': '', 'negative': 'NG_DeepNegative_V1_75T, badhandv4, easynegative, an14'}
2025-01-17 18:50:57,990 - gen_prompt - INFO - Selected random style: Painting - Digital Fantasy Game Art
2025-01-17 18:50:57,990 - gen_prompt - INFO - Generated negative prompt: NG_DeepNegative_V1_75T, badhandv4, easynegative, an14, signature, watermark, photo, photorealistic, realism, ugly, off-center, deformed, 35mm film, dslr, cropped, frame, worst quality, low quality, lowres, JPEG artifacts, bad quality, low quality, low resolution
2025-01-17 18:50:57,990 - node_manipulation - INFO - 
node_manipulation.get_node_ID(): Searching for node title: Negative
2025-01-17 18:50:57,990 - node_manipulation - INFO - node_manipulation.get_node_ID(): Found node ID: 4
2025-01-17 18:50:57,990 - node_manipulation - INFO - 
node_manipulation.set_resolution(): Setting resolution for node: Empty Latent Image
2025-01-17 18:50:57,990 - node_manipulation - INFO - node_manipulation.set_resolution(): Parameters - width=512, height=768
2025-01-17 18:50:57,990 - node_manipulation - INFO - 
node_manipulation.get_node_ID(): Searching for node title: Empty Latent Image
2025-01-17 18:50:57,990 - node_manipulation - INFO - node_manipulation.get_node_ID(): Found node ID: 10
2025-01-17 18:50:57,990 - node_manipulation - INFO - node_manipulation.set_resolution(): Successfully set resolution 512x768 for node 10
2025-01-17 18:50:57,990 - node_manipulation - INFO - 
node_manipulation.set_resolution(): Setting resolution for node: Up_res
2025-01-17 18:50:57,990 - node_manipulation - INFO - node_manipulation.set_resolution(): Parameters - width=1024, height=1536
2025-01-17 18:50:57,990 - node_manipulation - INFO - 
node_manipulation.get_node_ID(): Searching for node title: Up_res
2025-01-17 18:50:57,990 - node_manipulation - INFO - node_manipulation.get_node_ID(): Found node ID: 17
2025-01-17 18:50:57,990 - node_manipulation - INFO - node_manipulation.set_resolution(): Successfully set resolution 1024x1536 for node 17
2025-01-17 18:50:57,990 - load_models - INFO - Queueing workflow
2025-01-17 18:50:58,000 - load_models - INFO - Response: {"prompt_id": "28b6a011-3d2e-478a-9ac0-71f1de5d679f", "number": 34, "node_errors": {}}
