2025-01-13 00:31:49,659 - __main__ - INFO - Starting workflow generation
2025-01-13 00:31:49,663 - __main__ - INFO - Processing style: Cat - PHOTOGRAPHY
2025-01-13 00:31:49,663 - load_models - INFO - Selecting models - num_loras: 4, checkpoint: meinamix_v12Final.safetensors
2025-01-13 00:31:49,669 - gen_prompt - INFO - Generating positive prompt - style: Cat - PHOTOGRAPHY
2025-01-13 00:31:49,669 - gen_prompt - INFO - Generating trigger words - checkpoint: meinamix_v12Final.safetensors, loras: more_details.safetensors, masturbation_female.safetensors, AbstractPortrait_50_R.safetensors, nier_anime_style_offset.safetensors
2025-01-13 00:31:49,671 - gen_prompt - INFO - Searching for Checkpoint: meinamix_v12Final.safetensors
2025-01-13 00:31:49,672 - gen_prompt - WARNING - No trigger_select found for meinamix_v12Final.safetensors
2025-01-13 00:31:49,672 - gen_prompt - INFO - Searching for Lora: more_details.safetensors
2025-01-13 00:31:49,673 - gen_prompt - WARNING - No trigger_select found for more_details.safetensors
2025-01-13 00:31:49,673 - gen_prompt - INFO - Searching for Lora: masturbation_female.safetensors
2025-01-13 00:31:49,673 - gen_prompt - INFO - Searching for Lora: AbstractPortrait_50_R.safetensors
2025-01-13 00:31:49,674 - gen_prompt - INFO - Searching for Lora: nier_anime_style_offset.safetensors
2025-01-13 00:31:49,674 - gen_prompt - INFO - Final trigger words: fingering,  schlick,  masturbation,  NSFW,  pussy, pxint, nier anime style
2025-01-13 00:31:49,675 - gen_prompt - INFO - Generating style prompt - style_name: Cat - PHOTOGRAPHY
2025-01-13 00:31:49,676 - gen_prompt - INFO - Found style. Result: {'name': 'Cat - PHOTOGRAPHY', 'positive': 'photography, capturing moments, storytelling, creative composition', 'negative': 'bad anatomy, comics, cropped, cross-eyed, worst quality, low quality, painting, 3D render, drawing, crayon, sketch, graphite, impressionist, cartoon, anime, noisy, blurry, soft, deformed, ugly, lowres, low details, JPEG artifacts, airbrushed, semi-realistic, CGI, render, Blender, digital art, manga, amateur, mutilated, distorted'}
2025-01-13 00:31:49,677 - gen_prompt - INFO - Generated positive prompt: 1girl, a angel girl with huge wings, intricate lingerie, burning heart, kneeing, fingering,  schlick,  masturbation,  NSFW,  pussy, pxint, nier anime style, photography, capturing moments, storytelling, creative composition, masterpiece, best quality, ultra-detailed
2025-01-13 00:31:49,679 - gen_prompt - INFO - Generating negative prompt - style: Cat - PHOTOGRAPHY
2025-01-13 00:31:49,679 - gen_prompt - INFO - Generating style prompt - style_name: Cat - PHOTOGRAPHY
2025-01-13 00:31:49,681 - gen_prompt - INFO - Found style. Result: {'name': 'Cat - PHOTOGRAPHY', 'positive': 'photography, capturing moments, storytelling, creative composition', 'negative': 'bad anatomy, comics, cropped, cross-eyed, worst quality, low quality, painting, 3D render, drawing, crayon, sketch, graphite, impressionist, cartoon, anime, noisy, blurry, soft, deformed, ugly, lowres, low details, JPEG artifacts, airbrushed, semi-realistic, CGI, render, Blender, digital art, manga, amateur, mutilated, distorted'}
2025-01-13 00:31:49,681 - gen_prompt - INFO - Generated negative prompt: bad anatomy, comics, cropped, cross-eyed, worst quality, low quality, painting, 3D render, drawing, crayon, sketch, graphite, impressionist, cartoon, anime, noisy, blurry, soft, deformed, ugly, lowres, low details, JPEG artifacts, airbrushed, semi-realistic, CGI, render, Blender, digital art, manga, amateur, mutilated, distorted, embedding:EasyNegative, bad quality, low quality, low resolution
2025-01-13 00:31:49,683 - load_models - INFO - Queueing workflow
2025-01-13 00:31:49,906 - load_models - INFO - Response: {"prompt_id": "87b5be86-d6c0-4f54-b0a9-6c3c9e37b3c7", "number": 3464, "node_errors": {}}
2025-01-13 00:31:49,907 - load_models - INFO - Selecting models - num_loras: 3, checkpoint: meinamix_v12Final.safetensors
2025-01-13 00:31:49,912 - gen_prompt - INFO - Generating positive prompt - style: Cat - PHOTOGRAPHY
2025-01-13 00:31:49,912 - gen_prompt - INFO - Generating trigger words - checkpoint: meinamix_v12Final.safetensors, loras: add_detail.safetensors, masturbation_female.safetensors, AbstractMalePortraits_v2R_60_R-128.safetensors
2025-01-13 00:31:49,912 - gen_prompt - INFO - Searching for Checkpoint: meinamix_v12Final.safetensors
2025-01-13 00:31:49,913 - gen_prompt - WARNING - No trigger_select found for meinamix_v12Final.safetensors
2025-01-13 00:31:49,913 - gen_prompt - INFO - Searching for Lora: add_detail.safetensors
2025-01-13 00:31:49,914 - gen_prompt - WARNING - No trigger_select found for add_detail.safetensors
2025-01-13 00:31:49,914 - gen_prompt - INFO - Searching for Lora: masturbation_female.safetensors
2025-01-13 00:31:49,914 - gen_prompt - INFO - Searching for Lora: AbstractMalePortraits_v2R_60_R-128.safetensors
2025-01-13 00:31:49,915 - gen_prompt - INFO - Final trigger words: fingering,  schlick,  masturbation,  NSFW,  pussy, pxint
2025-01-13 00:31:49,915 - gen_prompt - INFO - Generating style prompt - style_name: Cat - PHOTOGRAPHY
2025-01-13 00:31:49,917 - gen_prompt - INFO - Found style. Result: {'name': 'Cat - PHOTOGRAPHY', 'positive': 'photography, capturing moments, storytelling, creative composition', 'negative': 'bad anatomy, comics, cropped, cross-eyed, worst quality, low quality, painting, 3D render, drawing, crayon, sketch, graphite, impressionist, cartoon, anime, noisy, blurry, soft, deformed, ugly, lowres, low details, JPEG artifacts, airbrushed, semi-realistic, CGI, render, Blender, digital art, manga, amateur, mutilated, distorted'}
2025-01-13 00:31:49,917 - gen_prompt - INFO - Generated positive prompt: 1girl, a witch girl, intricate outfit, holding a book, cowboy shot, fingering,  schlick,  masturbation,  NSFW,  pussy, pxint, photography, capturing moments, storytelling, creative composition, masterpiece, best quality, ultra-detailed
2025-01-13 00:31:49,918 - gen_prompt - INFO - Generating negative prompt - style: Cat - PHOTOGRAPHY
2025-01-13 00:31:49,918 - gen_prompt - INFO - Generating style prompt - style_name: Cat - PHOTOGRAPHY
2025-01-13 00:31:49,920 - gen_prompt - INFO - Found style. Result: {'name': 'Cat - PHOTOGRAPHY', 'positive': 'photography, capturing moments, storytelling, creative composition', 'negative': 'bad anatomy, comics, cropped, cross-eyed, worst quality, low quality, painting, 3D render, drawing, crayon, sketch, graphite, impressionist, cartoon, anime, noisy, blurry, soft, deformed, ugly, lowres, low details, JPEG artifacts, airbrushed, semi-realistic, CGI, render, Blender, digital art, manga, amateur, mutilated, distorted'}
2025-01-13 00:31:49,920 - gen_prompt - INFO - Generated negative prompt: bad anatomy, comics, cropped, cross-eyed, worst quality, low quality, painting, 3D render, drawing, crayon, sketch, graphite, impressionist, cartoon, anime, noisy, blurry, soft, deformed, ugly, lowres, low details, JPEG artifacts, airbrushed, semi-realistic, CGI, render, Blender, digital art, manga, amateur, mutilated, distorted, embedding:EasyNegative, bad quality, low quality, low resolution
2025-01-13 00:31:49,921 - load_models - INFO - Queueing workflow
2025-01-13 00:31:49,938 - load_models - INFO - Response: {"prompt_id": "28e82e5d-4c76-4355-8299-9784693042ae", "number": 3465, "node_errors": {}}
2025-01-13 00:31:49,938 - load_models - INFO - Selecting models - num_loras: 4, checkpoint: meinamix_v12Final.safetensors
2025-01-13 00:31:49,944 - gen_prompt - INFO - Generating positive prompt - style: Cat - PHOTOGRAPHY
2025-01-13 00:31:49,944 - gen_prompt - INFO - Generating trigger words - checkpoint: meinamix_v12Final.safetensors, loras: dm_canvas_style3_1530.safetensors, AbstractMalePortraits_v2R_60_R-128.safetensors, masturbation_female.safetensors, Drawing.safetensors
2025-01-13 00:31:49,945 - gen_prompt - INFO - Searching for Checkpoint: meinamix_v12Final.safetensors
2025-01-13 00:31:49,945 - gen_prompt - WARNING - No trigger_select found for meinamix_v12Final.safetensors
2025-01-13 00:31:49,945 - gen_prompt - INFO - Searching for Lora: dm_canvas_style3_1530.safetensors
2025-01-13 00:31:49,945 - gen_prompt - WARNING - No trigger_select found for dm_canvas_style3_1530.safetensors
2025-01-13 00:31:49,945 - gen_prompt - INFO - Searching for Lora: AbstractMalePortraits_v2R_60_R-128.safetensors
2025-01-13 00:31:49,946 - gen_prompt - INFO - Searching for Lora: masturbation_female.safetensors
2025-01-13 00:31:49,946 - gen_prompt - INFO - Searching for Lora: Drawing.safetensors
2025-01-13 00:31:49,948 - gen_prompt - WARNING - No trigger_select found for Drawing.safetensors
2025-01-13 00:31:49,948 - gen_prompt - INFO - Final trigger words: pxint, fingering,  schlick,  masturbation,  NSFW,  pussy
2025-01-13 00:31:49,948 - gen_prompt - INFO - Generating style prompt - style_name: Cat - PHOTOGRAPHY
2025-01-13 00:31:49,950 - gen_prompt - INFO - Found style. Result: {'name': 'Cat - PHOTOGRAPHY', 'positive': 'photography, capturing moments, storytelling, creative composition', 'negative': 'bad anatomy, comics, cropped, cross-eyed, worst quality, low quality, painting, 3D render, drawing, crayon, sketch, graphite, impressionist, cartoon, anime, noisy, blurry, soft, deformed, ugly, lowres, low details, JPEG artifacts, airbrushed, semi-realistic, CGI, render, Blender, digital art, manga, amateur, mutilated, distorted'}
2025-01-13 00:31:49,950 - gen_prompt - INFO - Generated positive prompt: 1girl, a cat girl, wearing a cat outfit, holding a cat toy, smiling at viewer, pxint, fingering,  schlick,  masturbation,  NSFW,  pussy, photography, capturing moments, storytelling, creative composition, masterpiece, best quality, ultra-detailed
2025-01-13 00:31:49,951 - gen_prompt - INFO - Generating negative prompt - style: Cat - PHOTOGRAPHY
2025-01-13 00:31:49,952 - gen_prompt - INFO - Generating style prompt - style_name: Cat - PHOTOGRAPHY
2025-01-13 00:31:49,953 - gen_prompt - INFO - Found style. Result: {'name': 'Cat - PHOTOGRAPHY', 'positive': 'photography, capturing moments, storytelling, creative composition', 'negative': 'bad anatomy, comics, cropped, cross-eyed, worst quality, low quality, painting, 3D render, drawing, crayon, sketch, graphite, impressionist, cartoon, anime, noisy, blurry, soft, deformed, ugly, lowres, low details, JPEG artifacts, airbrushed, semi-realistic, CGI, render, Blender, digital art, manga, amateur, mutilated, distorted'}
2025-01-13 00:31:49,955 - gen_prompt - INFO - Generated negative prompt: bad anatomy, comics, cropped, cross-eyed, worst quality, low quality, painting, 3D render, drawing, crayon, sketch, graphite, impressionist, cartoon, anime, noisy, blurry, soft, deformed, ugly, lowres, low details, JPEG artifacts, airbrushed, semi-realistic, CGI, render, Blender, digital art, manga, amateur, mutilated, distorted, embedding:EasyNegative, bad quality, low quality, low resolution
2025-01-13 00:31:49,956 - load_models - INFO - Queueing workflow
2025-01-13 00:31:50,019 - load_models - INFO - Response: {"prompt_id": "2bc95b1f-c917-41b1-8522-7a71a14f7f87", "number": 3466, "node_errors": {}}
2025-01-13 00:31:50,019 - load_models - INFO - Selecting models - num_loras: 1, checkpoint: meinamix_v12Final.safetensors
2025-01-13 00:31:50,022 - gen_prompt - INFO - Generating positive prompt - style: Cat - PHOTOGRAPHY
2025-01-13 00:31:50,022 - gen_prompt - INFO - Generating trigger words - checkpoint: meinamix_v12Final.safetensors, loras: Drawing.safetensors
2025-01-13 00:31:50,022 - gen_prompt - INFO - Searching for Checkpoint: meinamix_v12Final.safetensors
2025-01-13 00:31:50,023 - gen_prompt - WARNING - No trigger_select found for meinamix_v12Final.safetensors
2025-01-13 00:31:50,023 - gen_prompt - INFO - Searching for Lora: Drawing.safetensors
2025-01-13 00:31:50,024 - gen_prompt - WARNING - No trigger_select found for Drawing.safetensors
2025-01-13 00:31:50,025 - gen_prompt - INFO - Final trigger words: 
2025-01-13 00:31:50,025 - gen_prompt - INFO - Generating style prompt - style_name: Cat - PHOTOGRAPHY
2025-01-13 00:31:50,027 - gen_prompt - INFO - Found style. Result: {'name': 'Cat - PHOTOGRAPHY', 'positive': 'photography, capturing moments, storytelling, creative composition', 'negative': 'bad anatomy, comics, cropped, cross-eyed, worst quality, low quality, painting, 3D render, drawing, crayon, sketch, graphite, impressionist, cartoon, anime, noisy, blurry, soft, deformed, ugly, lowres, low details, JPEG artifacts, airbrushed, semi-realistic, CGI, render, Blender, digital art, manga, amateur, mutilated, distorted'}
2025-01-13 00:31:50,027 - gen_prompt - INFO - Generated positive prompt: 1girl, a demon girl with glowing tatoo on skin, burning hair, full body shot, , photography, capturing moments, storytelling, creative composition, masterpiece, best quality, ultra-detailed
2025-01-13 00:31:50,029 - gen_prompt - INFO - Generating negative prompt - style: Cat - PHOTOGRAPHY
2025-01-13 00:31:50,029 - gen_prompt - INFO - Generating style prompt - style_name: Cat - PHOTOGRAPHY
2025-01-13 00:31:50,030 - gen_prompt - INFO - Found style. Result: {'name': 'Cat - PHOTOGRAPHY', 'positive': 'photography, capturing moments, storytelling, creative composition', 'negative': 'bad anatomy, comics, cropped, cross-eyed, worst quality, low quality, painting, 3D render, drawing, crayon, sketch, graphite, impressionist, cartoon, anime, noisy, blurry, soft, deformed, ugly, lowres, low details, JPEG artifacts, airbrushed, semi-realistic, CGI, render, Blender, digital art, manga, amateur, mutilated, distorted'}
2025-01-13 00:31:50,031 - gen_prompt - INFO - Generated negative prompt: bad anatomy, comics, cropped, cross-eyed, worst quality, low quality, painting, 3D render, drawing, crayon, sketch, graphite, impressionist, cartoon, anime, noisy, blurry, soft, deformed, ugly, lowres, low details, JPEG artifacts, airbrushed, semi-realistic, CGI, render, Blender, digital art, manga, amateur, mutilated, distorted, embedding:EasyNegative, bad quality, low quality, low resolution
2025-01-13 00:31:50,033 - load_models - INFO - Queueing workflow
2025-01-13 00:31:50,035 - load_models - INFO - Response: {"prompt_id": "f83204bd-456f-408f-b597-3562d8ff13be", "number": 3467, "node_errors": {}}
2025-01-13 00:31:50,035 - load_models - INFO - Selecting models - num_loras: 4, checkpoint: meinamix_v12Final.safetensors
2025-01-13 00:31:50,042 - gen_prompt - INFO - Generating positive prompt - style: Cat - PHOTOGRAPHY
2025-01-13 00:31:50,042 - gen_prompt - INFO - Generating trigger words - checkpoint: meinamix_v12Final.safetensors, loras: add_detail.safetensors, more_details.safetensors, AbstractPortrait_50_R.safetensors, nier_anime_style_offset.safetensors
2025-01-13 00:31:50,042 - gen_prompt - INFO - Searching for Checkpoint: meinamix_v12Final.safetensors
2025-01-13 00:31:50,043 - gen_prompt - WARNING - No trigger_select found for meinamix_v12Final.safetensors
2025-01-13 00:31:50,043 - gen_prompt - INFO - Searching for Lora: add_detail.safetensors
2025-01-13 00:31:50,043 - gen_prompt - WARNING - No trigger_select found for add_detail.safetensors
2025-01-13 00:31:50,044 - gen_prompt - INFO - Searching for Lora: more_details.safetensors
2025-01-13 00:31:50,044 - gen_prompt - WARNING - No trigger_select found for more_details.safetensors
2025-01-13 00:31:50,044 - gen_prompt - INFO - Searching for Lora: AbstractPortrait_50_R.safetensors
2025-01-13 00:31:50,045 - gen_prompt - INFO - Searching for Lora: nier_anime_style_offset.safetensors
2025-01-13 00:31:50,045 - gen_prompt - INFO - Final trigger words: pxint, nier anime style
2025-01-13 00:31:50,045 - gen_prompt - INFO - Generating style prompt - style_name: Cat - PHOTOGRAPHY
2025-01-13 00:31:50,048 - gen_prompt - INFO - Found style. Result: {'name': 'Cat - PHOTOGRAPHY', 'positive': 'photography, capturing moments, storytelling, creative composition', 'negative': 'bad anatomy, comics, cropped, cross-eyed, worst quality, low quality, painting, 3D render, drawing, crayon, sketch, graphite, impressionist, cartoon, anime, noisy, blurry, soft, deformed, ugly, lowres, low details, JPEG artifacts, airbrushed, semi-realistic, CGI, render, Blender, digital art, manga, amateur, mutilated, distorted'}
2025-01-13 00:31:50,048 - gen_prompt - INFO - Generated positive prompt: 1girl, a cat girl, wearing a cat outfit, holding a cat toy, smiling at viewer, pxint, nier anime style, photography, capturing moments, storytelling, creative composition, masterpiece, best quality, ultra-detailed
2025-01-13 00:31:50,049 - gen_prompt - INFO - Generating negative prompt - style: Cat - PHOTOGRAPHY
2025-01-13 00:31:50,049 - gen_prompt - INFO - Generating style prompt - style_name: Cat - PHOTOGRAPHY
2025-01-13 00:31:50,051 - gen_prompt - INFO - Found style. Result: {'name': 'Cat - PHOTOGRAPHY', 'positive': 'photography, capturing moments, storytelling, creative composition', 'negative': 'bad anatomy, comics, cropped, cross-eyed, worst quality, low quality, painting, 3D render, drawing, crayon, sketch, graphite, impressionist, cartoon, anime, noisy, blurry, soft, deformed, ugly, lowres, low details, JPEG artifacts, airbrushed, semi-realistic, CGI, render, Blender, digital art, manga, amateur, mutilated, distorted'}
2025-01-13 00:31:50,051 - gen_prompt - INFO - Generated negative prompt: bad anatomy, comics, cropped, cross-eyed, worst quality, low quality, painting, 3D render, drawing, crayon, sketch, graphite, impressionist, cartoon, anime, noisy, blurry, soft, deformed, ugly, lowres, low details, JPEG artifacts, airbrushed, semi-realistic, CGI, render, Blender, digital art, manga, amateur, mutilated, distorted, embedding:EasyNegative, bad quality, low quality, low resolution
2025-01-13 00:31:50,053 - load_models - INFO - Queueing workflow
2025-01-13 00:31:50,073 - load_models - INFO - Response: {"prompt_id": "16f76046-4b45-4b36-a374-0433dbe69c8d", "number": 3468, "node_errors": {}}
2025-01-13 00:31:50,074 - load_models - INFO - Selecting models - num_loras: 2, checkpoint: meinamix_v12Final.safetensors
2025-01-13 00:31:50,077 - gen_prompt - INFO - Generating positive prompt - style: Cat - PHOTOGRAPHY
2025-01-13 00:31:50,077 - gen_prompt - INFO - Generating trigger words - checkpoint: meinamix_v12Final.safetensors, loras: tifa_v2.3.safetensors, animeoutlineV4_16.safetensors
2025-01-13 00:31:50,078 - gen_prompt - INFO - Searching for Checkpoint: meinamix_v12Final.safetensors
2025-01-13 00:31:50,078 - gen_prompt - WARNING - No trigger_select found for meinamix_v12Final.safetensors
2025-01-13 00:31:50,078 - gen_prompt - INFO - Searching for Lora: tifa_v2.3.safetensors
2025-01-13 00:31:50,080 - gen_prompt - INFO - Searching for Lora: animeoutlineV4_16.safetensors
2025-01-13 00:31:50,080 - gen_prompt - INFO - Final trigger words: tifa lockhart,  red_eyes,  black hair,  long hair, lineart,  monochrome
2025-01-13 00:31:50,081 - gen_prompt - INFO - Generating style prompt - style_name: Cat - PHOTOGRAPHY
2025-01-13 00:31:50,082 - gen_prompt - INFO - Found style. Result: {'name': 'Cat - PHOTOGRAPHY', 'positive': 'photography, capturing moments, storytelling, creative composition', 'negative': 'bad anatomy, comics, cropped, cross-eyed, worst quality, low quality, painting, 3D render, drawing, crayon, sketch, graphite, impressionist, cartoon, anime, noisy, blurry, soft, deformed, ugly, lowres, low details, JPEG artifacts, airbrushed, semi-realistic, CGI, render, Blender, digital art, manga, amateur, mutilated, distorted'}
2025-01-13 00:31:50,083 - gen_prompt - INFO - Generated positive prompt: 1girl, a angel girl with huge wings, intricate lingerie, burning heart, kneeing, tifa lockhart,  red_eyes,  black hair,  long hair, lineart,  monochrome, photography, capturing moments, storytelling, creative composition, masterpiece, best quality, ultra-detailed
2025-01-13 00:31:50,084 - gen_prompt - INFO - Generating negative prompt - style: Cat - PHOTOGRAPHY
2025-01-13 00:31:50,084 - gen_prompt - INFO - Generating style prompt - style_name: Cat - PHOTOGRAPHY
2025-01-13 00:31:50,086 - gen_prompt - INFO - Found style. Result: {'name': 'Cat - PHOTOGRAPHY', 'positive': 'photography, capturing moments, storytelling, creative composition', 'negative': 'bad anatomy, comics, cropped, cross-eyed, worst quality, low quality, painting, 3D render, drawing, crayon, sketch, graphite, impressionist, cartoon, anime, noisy, blurry, soft, deformed, ugly, lowres, low details, JPEG artifacts, airbrushed, semi-realistic, CGI, render, Blender, digital art, manga, amateur, mutilated, distorted'}
2025-01-13 00:31:50,086 - gen_prompt - INFO - Generated negative prompt: bad anatomy, comics, cropped, cross-eyed, worst quality, low quality, painting, 3D render, drawing, crayon, sketch, graphite, impressionist, cartoon, anime, noisy, blurry, soft, deformed, ugly, lowres, low details, JPEG artifacts, airbrushed, semi-realistic, CGI, render, Blender, digital art, manga, amateur, mutilated, distorted, embedding:EasyNegative, bad quality, low quality, low resolution
2025-01-13 00:31:50,088 - load_models - INFO - Queueing workflow
2025-01-13 00:31:50,146 - load_models - INFO - Response: {"prompt_id": "5bc8a43f-79fa-45bc-9c0d-bd0bb9340618", "number": 3469, "node_errors": {}}
2025-01-13 00:31:50,146 - load_models - INFO - Selecting models - num_loras: 4, checkpoint: meinamix_v12Final.safetensors
2025-01-13 00:31:50,153 - gen_prompt - INFO - Generating positive prompt - style: Cat - PHOTOGRAPHY
2025-01-13 00:31:50,153 - gen_prompt - INFO - Generating trigger words - checkpoint: meinamix_v12Final.safetensors, loras: more_details.safetensors, AbstractMalePortraits_v2R_60_R-128.safetensors, nier_anime_style_offset.safetensors, backlight_slider_v10.safetensors
2025-01-13 00:31:50,154 - gen_prompt - INFO - Searching for Checkpoint: meinamix_v12Final.safetensors
2025-01-13 00:31:50,154 - gen_prompt - WARNING - No trigger_select found for meinamix_v12Final.safetensors
2025-01-13 00:31:50,154 - gen_prompt - INFO - Searching for Lora: more_details.safetensors
2025-01-13 00:31:50,154 - gen_prompt - WARNING - No trigger_select found for more_details.safetensors
2025-01-13 00:31:50,155 - gen_prompt - INFO - Searching for Lora: AbstractMalePortraits_v2R_60_R-128.safetensors
2025-01-13 00:31:50,155 - gen_prompt - INFO - Searching for Lora: nier_anime_style_offset.safetensors
2025-01-13 00:31:50,156 - gen_prompt - INFO - Searching for Lora: backlight_slider_v10.safetensors
2025-01-13 00:31:50,156 - gen_prompt - INFO - Final trigger words: pxint, nier anime style, Add lightsource to front
2025-01-13 00:31:50,157 - gen_prompt - INFO - Generating style prompt - style_name: Cat - PHOTOGRAPHY
2025-01-13 00:31:50,159 - gen_prompt - INFO - Found style. Result: {'name': 'Cat - PHOTOGRAPHY', 'positive': 'photography, capturing moments, storytelling, creative composition', 'negative': 'bad anatomy, comics, cropped, cross-eyed, worst quality, low quality, painting, 3D render, drawing, crayon, sketch, graphite, impressionist, cartoon, anime, noisy, blurry, soft, deformed, ugly, lowres, low details, JPEG artifacts, airbrushed, semi-realistic, CGI, render, Blender, digital art, manga, amateur, mutilated, distorted'}
2025-01-13 00:31:50,159 - gen_prompt - INFO - Generated positive prompt: 1girl, a cat girl, wearing a cat outfit, holding a cat toy, smiling at viewer, pxint, nier anime style, Add lightsource to front, photography, capturing moments, storytelling, creative composition, masterpiece, best quality, ultra-detailed
2025-01-13 00:31:50,160 - gen_prompt - INFO - Generating negative prompt - style: Cat - PHOTOGRAPHY
2025-01-13 00:31:50,161 - gen_prompt - INFO - Generating style prompt - style_name: Cat - PHOTOGRAPHY
2025-01-13 00:31:50,162 - gen_prompt - INFO - Found style. Result: {'name': 'Cat - PHOTOGRAPHY', 'positive': 'photography, capturing moments, storytelling, creative composition', 'negative': 'bad anatomy, comics, cropped, cross-eyed, worst quality, low quality, painting, 3D render, drawing, crayon, sketch, graphite, impressionist, cartoon, anime, noisy, blurry, soft, deformed, ugly, lowres, low details, JPEG artifacts, airbrushed, semi-realistic, CGI, render, Blender, digital art, manga, amateur, mutilated, distorted'}
2025-01-13 00:31:50,163 - gen_prompt - INFO - Generated negative prompt: bad anatomy, comics, cropped, cross-eyed, worst quality, low quality, painting, 3D render, drawing, crayon, sketch, graphite, impressionist, cartoon, anime, noisy, blurry, soft, deformed, ugly, lowres, low details, JPEG artifacts, airbrushed, semi-realistic, CGI, render, Blender, digital art, manga, amateur, mutilated, distorted, embedding:EasyNegative, bad quality, low quality, low resolution
2025-01-13 00:31:50,165 - load_models - INFO - Queueing workflow
2025-01-13 00:31:50,183 - load_models - INFO - Response: {"prompt_id": "06f5d580-7048-41c1-9250-e1160ed28c41", "number": 3470, "node_errors": {}}
2025-01-13 00:31:50,183 - load_models - INFO - Selecting models - num_loras: 3, checkpoint: meinamix_v12Final.safetensors
2025-01-13 00:31:50,187 - gen_prompt - INFO - Generating positive prompt - style: Cat - PHOTOGRAPHY
2025-01-13 00:31:50,187 - gen_prompt - INFO - Generating trigger words - checkpoint: meinamix_v12Final.safetensors, loras: masturbation_female.safetensors, bichu-v0612.safetensors, GoodHands-beta2.safetensors
2025-01-13 00:31:50,188 - gen_prompt - INFO - Searching for Checkpoint: meinamix_v12Final.safetensors
2025-01-13 00:31:50,188 - gen_prompt - WARNING - No trigger_select found for meinamix_v12Final.safetensors
2025-01-13 00:31:50,188 - gen_prompt - INFO - Searching for Lora: masturbation_female.safetensors
2025-01-13 00:31:50,190 - gen_prompt - INFO - Searching for Lora: bichu-v0612.safetensors
2025-01-13 00:31:50,190 - gen_prompt - INFO - Searching for Lora: GoodHands-beta2.safetensors
2025-01-13 00:31:50,190 - gen_prompt - WARNING - No trigger_select found for GoodHands-beta2.safetensors
2025-01-13 00:31:50,191 - gen_prompt - INFO - Final trigger words: fingering,  schlick,  masturbation,  NSFW,  pussy, bichu,  oil painting,  impressionism
2025-01-13 00:31:50,191 - gen_prompt - INFO - Generating style prompt - style_name: Cat - PHOTOGRAPHY
2025-01-13 00:31:50,192 - gen_prompt - INFO - Found style. Result: {'name': 'Cat - PHOTOGRAPHY', 'positive': 'photography, capturing moments, storytelling, creative composition', 'negative': 'bad anatomy, comics, cropped, cross-eyed, worst quality, low quality, painting, 3D render, drawing, crayon, sketch, graphite, impressionist, cartoon, anime, noisy, blurry, soft, deformed, ugly, lowres, low details, JPEG artifacts, airbrushed, semi-realistic, CGI, render, Blender, digital art, manga, amateur, mutilated, distorted'}
2025-01-13 00:31:50,193 - gen_prompt - INFO - Generated positive prompt: 1girl, a demon girl with glowing tatoo on skin, burning hair, full body shot, fingering,  schlick,  masturbation,  NSFW,  pussy, bichu,  oil painting,  impressionism, photography, capturing moments, storytelling, creative composition, masterpiece, best quality, ultra-detailed
2025-01-13 00:31:50,194 - gen_prompt - INFO - Generating negative prompt - style: Cat - PHOTOGRAPHY
2025-01-13 00:31:50,194 - gen_prompt - INFO - Generating style prompt - style_name: Cat - PHOTOGRAPHY
2025-01-13 00:31:50,196 - gen_prompt - INFO - Found style. Result: {'name': 'Cat - PHOTOGRAPHY', 'positive': 'photography, capturing moments, storytelling, creative composition', 'negative': 'bad anatomy, comics, cropped, cross-eyed, worst quality, low quality, painting, 3D render, drawing, crayon, sketch, graphite, impressionist, cartoon, anime, noisy, blurry, soft, deformed, ugly, lowres, low details, JPEG artifacts, airbrushed, semi-realistic, CGI, render, Blender, digital art, manga, amateur, mutilated, distorted'}
2025-01-13 00:31:50,196 - gen_prompt - INFO - Generated negative prompt: bad anatomy, comics, cropped, cross-eyed, worst quality, low quality, painting, 3D render, drawing, crayon, sketch, graphite, impressionist, cartoon, anime, noisy, blurry, soft, deformed, ugly, lowres, low details, JPEG artifacts, airbrushed, semi-realistic, CGI, render, Blender, digital art, manga, amateur, mutilated, distorted, embedding:EasyNegative, bad quality, low quality, low resolution
2025-01-13 00:31:50,198 - load_models - INFO - Queueing workflow
2025-01-13 00:31:50,247 - load_models - INFO - Response: {"prompt_id": "954ff419-7e6e-43aa-82c8-b9642aaaefad", "number": 3471, "node_errors": {}}
2025-01-13 00:31:50,247 - load_models - INFO - Selecting models - num_loras: 2, checkpoint: meinamix_v12Final.safetensors
2025-01-13 00:31:50,251 - gen_prompt - INFO - Generating positive prompt - style: Cat - PHOTOGRAPHY
2025-01-13 00:31:50,252 - gen_prompt - INFO - Generating trigger words - checkpoint: meinamix_v12Final.safetensors, loras: more_details.safetensors, add_detail.safetensors
2025-01-13 00:31:50,252 - gen_prompt - INFO - Searching for Checkpoint: meinamix_v12Final.safetensors
2025-01-13 00:31:50,253 - gen_prompt - WARNING - No trigger_select found for meinamix_v12Final.safetensors
2025-01-13 00:31:50,253 - gen_prompt - INFO - Searching for Lora: more_details.safetensors
2025-01-13 00:31:50,253 - gen_prompt - WARNING - No trigger_select found for more_details.safetensors
2025-01-13 00:31:50,254 - gen_prompt - INFO - Searching for Lora: add_detail.safetensors
2025-01-13 00:31:50,254 - gen_prompt - WARNING - No trigger_select found for add_detail.safetensors
2025-01-13 00:31:50,255 - gen_prompt - INFO - Final trigger words: 
2025-01-13 00:31:50,255 - gen_prompt - INFO - Generating style prompt - style_name: Cat - PHOTOGRAPHY
2025-01-13 00:31:50,257 - gen_prompt - INFO - Found style. Result: {'name': 'Cat - PHOTOGRAPHY', 'positive': 'photography, capturing moments, storytelling, creative composition', 'negative': 'bad anatomy, comics, cropped, cross-eyed, worst quality, low quality, painting, 3D render, drawing, crayon, sketch, graphite, impressionist, cartoon, anime, noisy, blurry, soft, deformed, ugly, lowres, low details, JPEG artifacts, airbrushed, semi-realistic, CGI, render, Blender, digital art, manga, amateur, mutilated, distorted'}
2025-01-13 00:31:50,258 - gen_prompt - INFO - Generated positive prompt: 1girl, a angel girl with huge wings, intricate lingerie, burning heart, kneeing, , photography, capturing moments, storytelling, creative composition, masterpiece, best quality, ultra-detailed
2025-01-13 00:31:50,258 - gen_prompt - INFO - Generating negative prompt - style: Cat - PHOTOGRAPHY
2025-01-13 00:31:50,259 - gen_prompt - INFO - Generating style prompt - style_name: Cat - PHOTOGRAPHY
2025-01-13 00:31:50,260 - gen_prompt - INFO - Found style. Result: {'name': 'Cat - PHOTOGRAPHY', 'positive': 'photography, capturing moments, storytelling, creative composition', 'negative': 'bad anatomy, comics, cropped, cross-eyed, worst quality, low quality, painting, 3D render, drawing, crayon, sketch, graphite, impressionist, cartoon, anime, noisy, blurry, soft, deformed, ugly, lowres, low details, JPEG artifacts, airbrushed, semi-realistic, CGI, render, Blender, digital art, manga, amateur, mutilated, distorted'}
2025-01-13 00:31:50,260 - gen_prompt - INFO - Generated negative prompt: bad anatomy, comics, cropped, cross-eyed, worst quality, low quality, painting, 3D render, drawing, crayon, sketch, graphite, impressionist, cartoon, anime, noisy, blurry, soft, deformed, ugly, lowres, low details, JPEG artifacts, airbrushed, semi-realistic, CGI, render, Blender, digital art, manga, amateur, mutilated, distorted, embedding:EasyNegative, bad quality, low quality, low resolution
2025-01-13 00:31:50,263 - load_models - INFO - Queueing workflow
2025-01-13 00:31:50,277 - load_models - INFO - Response: {"prompt_id": "5b98439c-2536-40d8-9e27-933346ed1c6a", "number": 3472, "node_errors": {}}
2025-01-13 00:32:50,278 - __main__ - INFO - Processing style: Photography - Aerial
2025-01-13 00:32:50,279 - load_models - INFO - Selecting models - num_loras: 3, checkpoint: meinamix_v12Final.safetensors
2025-01-13 00:32:50,287 - gen_prompt - INFO - Generating positive prompt - style: Photography - Aerial
2025-01-13 00:32:50,287 - gen_prompt - INFO - Generating trigger words - checkpoint: meinamix_v12Final.safetensors, loras: GoodHands-beta2.safetensors, tifa_v2.3.safetensors, bichu-v0612.safetensors
2025-01-13 00:32:50,287 - gen_prompt - INFO - Searching for Checkpoint: meinamix_v12Final.safetensors
2025-01-13 00:32:50,288 - gen_prompt - WARNING - No trigger_select found for meinamix_v12Final.safetensors
2025-01-13 00:32:50,289 - gen_prompt - INFO - Searching for Lora: GoodHands-beta2.safetensors
2025-01-13 00:32:50,289 - gen_prompt - WARNING - No trigger_select found for GoodHands-beta2.safetensors
2025-01-13 00:32:50,290 - gen_prompt - INFO - Searching for Lora: tifa_v2.3.safetensors
2025-01-13 00:32:50,291 - gen_prompt - INFO - Searching for Lora: bichu-v0612.safetensors
2025-01-13 00:32:50,291 - gen_prompt - INFO - Final trigger words: tifa lockhart,  red_eyes,  black hair,  long hair, bichu,  oil painting,  impressionism
2025-01-13 00:32:50,291 - gen_prompt - INFO - Generating style prompt - style_name: Photography - Aerial
2025-01-13 00:32:50,294 - gen_prompt - INFO - Found style. Result: {'name': 'Photography - Aerial', 'positive': 'aerial photography, drone photography, sweeping landscapes, unique perspectives, epic scale, capturing from above, revealing hidden beauty, showcasing vastness, immersive experience, precise compositions, expert piloting, dynamic angles, cinematic storytelling, showcasing natural wonders, aerial exploration', 'negative': 'bad anatomy, comics, cropped, cross-eyed, worst quality, low quality, painting, 3D render, drawing, crayon, sketch, graphite, impressionist, cartoon, anime, noisy, blurry, soft, deformed, ugly, lowres, low details, JPEG artifacts, airbrushed, semi-realistic, CGI, render, Blender, digital art, manga, amateur, mutilated, distorted'}
2025-01-13 00:32:50,295 - gen_prompt - INFO - Generated positive prompt: 1girl, a demon girl with glowing tatoo on skin, burning hair, full body shot, tifa lockhart,  red_eyes,  black hair,  long hair, bichu,  oil painting,  impressionism, aerial photography, drone photography, sweeping landscapes, unique perspectives, epic scale, capturing from above, revealing hidden beauty, showcasing vastness, immersive experience, precise compositions, expert piloting, dynamic angles, cinematic storytelling, showcasing natural wonders, aerial exploration, masterpiece, best quality, ultra-detailed
2025-01-13 00:32:50,296 - gen_prompt - INFO - Generating negative prompt - style: Photography - Aerial
2025-01-13 00:32:50,297 - gen_prompt - INFO - Generating style prompt - style_name: Photography - Aerial
2025-01-13 00:32:50,299 - gen_prompt - INFO - Found style. Result: {'name': 'Photography - Aerial', 'positive': 'aerial photography, drone photography, sweeping landscapes, unique perspectives, epic scale, capturing from above, revealing hidden beauty, showcasing vastness, immersive experience, precise compositions, expert piloting, dynamic angles, cinematic storytelling, showcasing natural wonders, aerial exploration', 'negative': 'bad anatomy, comics, cropped, cross-eyed, worst quality, low quality, painting, 3D render, drawing, crayon, sketch, graphite, impressionist, cartoon, anime, noisy, blurry, soft, deformed, ugly, lowres, low details, JPEG artifacts, airbrushed, semi-realistic, CGI, render, Blender, digital art, manga, amateur, mutilated, distorted'}
2025-01-13 00:32:50,300 - gen_prompt - INFO - Generated negative prompt: bad anatomy, comics, cropped, cross-eyed, worst quality, low quality, painting, 3D render, drawing, crayon, sketch, graphite, impressionist, cartoon, anime, noisy, blurry, soft, deformed, ugly, lowres, low details, JPEG artifacts, airbrushed, semi-realistic, CGI, render, Blender, digital art, manga, amateur, mutilated, distorted, embedding:EasyNegative, bad quality, low quality, low resolution
2025-01-13 00:32:50,303 - load_models - INFO - Queueing workflow
2025-01-13 00:32:50,312 - load_models - INFO - Response: {"prompt_id": "6a9f9d63-d2be-462d-b8c8-ea4094a472a4", "number": 3473, "node_errors": {}}
2025-01-13 00:32:50,312 - load_models - INFO - Selecting models - num_loras: 4, checkpoint: meinamix_v12Final.safetensors
2025-01-13 00:32:50,320 - gen_prompt - INFO - Generating positive prompt - style: Photography - Aerial
2025-01-13 00:32:50,321 - gen_prompt - INFO - Generating trigger words - checkpoint: meinamix_v12Final.safetensors, loras: Drawing.safetensors, animeoutlineV4_16.safetensors, AbstractMalePortraits_v2R_60_R-128.safetensors, AbstractPortrait_50_R.safetensors
2025-01-13 00:32:50,321 - gen_prompt - INFO - Searching for Checkpoint: meinamix_v12Final.safetensors
2025-01-13 00:32:50,322 - gen_prompt - WARNING - No trigger_select found for meinamix_v12Final.safetensors
2025-01-13 00:32:50,323 - gen_prompt - INFO - Searching for Lora: Drawing.safetensors
2025-01-13 00:32:50,324 - gen_prompt - WARNING - No trigger_select found for Drawing.safetensors
2025-01-13 00:32:50,324 - gen_prompt - INFO - Searching for Lora: animeoutlineV4_16.safetensors
2025-01-13 00:32:50,325 - gen_prompt - INFO - Searching for Lora: AbstractMalePortraits_v2R_60_R-128.safetensors
2025-01-13 00:32:50,326 - gen_prompt - INFO - Searching for Lora: AbstractPortrait_50_R.safetensors
2025-01-13 00:32:50,326 - gen_prompt - INFO - Final trigger words: lineart,  monochrome, pxint, pxint
2025-01-13 00:32:50,327 - gen_prompt - INFO - Generating style prompt - style_name: Photography - Aerial
2025-01-13 00:32:50,330 - gen_prompt - INFO - Found style. Result: {'name': 'Photography - Aerial', 'positive': 'aerial photography, drone photography, sweeping landscapes, unique perspectives, epic scale, capturing from above, revealing hidden beauty, showcasing vastness, immersive experience, precise compositions, expert piloting, dynamic angles, cinematic storytelling, showcasing natural wonders, aerial exploration', 'negative': 'bad anatomy, comics, cropped, cross-eyed, worst quality, low quality, painting, 3D render, drawing, crayon, sketch, graphite, impressionist, cartoon, anime, noisy, blurry, soft, deformed, ugly, lowres, low details, JPEG artifacts, airbrushed, semi-realistic, CGI, render, Blender, digital art, manga, amateur, mutilated, distorted'}
2025-01-13 00:32:50,330 - gen_prompt - INFO - Generated positive prompt: 1girl, a angel girl with huge wings, intricate lingerie, burning heart, kneeing, lineart,  monochrome, pxint, pxint, aerial photography, drone photography, sweeping landscapes, unique perspectives, epic scale, capturing from above, revealing hidden beauty, showcasing vastness, immersive experience, precise compositions, expert piloting, dynamic angles, cinematic storytelling, showcasing natural wonders, aerial exploration, masterpiece, best quality, ultra-detailed
2025-01-13 00:32:50,332 - gen_prompt - INFO - Generating negative prompt - style: Photography - Aerial
2025-01-13 00:32:50,332 - gen_prompt - INFO - Generating style prompt - style_name: Photography - Aerial
2025-01-13 00:32:50,336 - gen_prompt - INFO - Found style. Result: {'name': 'Photography - Aerial', 'positive': 'aerial photography, drone photography, sweeping landscapes, unique perspectives, epic scale, capturing from above, revealing hidden beauty, showcasing vastness, immersive experience, precise compositions, expert piloting, dynamic angles, cinematic storytelling, showcasing natural wonders, aerial exploration', 'negative': 'bad anatomy, comics, cropped, cross-eyed, worst quality, low quality, painting, 3D render, drawing, crayon, sketch, graphite, impressionist, cartoon, anime, noisy, blurry, soft, deformed, ugly, lowres, low details, JPEG artifacts, airbrushed, semi-realistic, CGI, render, Blender, digital art, manga, amateur, mutilated, distorted'}
2025-01-13 00:32:50,337 - gen_prompt - INFO - Generated negative prompt: bad anatomy, comics, cropped, cross-eyed, worst quality, low quality, painting, 3D render, drawing, crayon, sketch, graphite, impressionist, cartoon, anime, noisy, blurry, soft, deformed, ugly, lowres, low details, JPEG artifacts, airbrushed, semi-realistic, CGI, render, Blender, digital art, manga, amateur, mutilated, distorted, embedding:EasyNegative, bad quality, low quality, low resolution
2025-01-13 00:32:50,339 - load_models - INFO - Queueing workflow
2025-01-13 00:32:50,354 - load_models - INFO - Response: {"prompt_id": "a5f8daef-7d3a-4057-8930-f74dbd7cd2ad", "number": 3474, "node_errors": {}}
2025-01-13 00:32:50,355 - load_models - INFO - Selecting models - num_loras: 2, checkpoint: meinamix_v12Final.safetensors
2025-01-13 00:32:50,361 - gen_prompt - INFO - Generating positive prompt - style: Photography - Aerial
2025-01-13 00:32:50,361 - gen_prompt - INFO - Generating trigger words - checkpoint: meinamix_v12Final.safetensors, loras: Drawing.safetensors, backlight_slider_v10.safetensors
2025-01-13 00:32:50,362 - gen_prompt - INFO - Searching for Checkpoint: meinamix_v12Final.safetensors
2025-01-13 00:32:50,363 - gen_prompt - WARNING - No trigger_select found for meinamix_v12Final.safetensors
2025-01-13 00:32:50,363 - gen_prompt - INFO - Searching for Lora: Drawing.safetensors
2025-01-13 00:32:50,365 - gen_prompt - WARNING - No trigger_select found for Drawing.safetensors
2025-01-13 00:32:50,365 - gen_prompt - INFO - Searching for Lora: backlight_slider_v10.safetensors
2025-01-13 00:32:50,366 - gen_prompt - INFO - Final trigger words: Add lightsource to front
2025-01-13 00:32:50,366 - gen_prompt - INFO - Generating style prompt - style_name: Photography - Aerial
2025-01-13 00:32:50,368 - gen_prompt - INFO - Found style. Result: {'name': 'Photography - Aerial', 'positive': 'aerial photography, drone photography, sweeping landscapes, unique perspectives, epic scale, capturing from above, revealing hidden beauty, showcasing vastness, immersive experience, precise compositions, expert piloting, dynamic angles, cinematic storytelling, showcasing natural wonders, aerial exploration', 'negative': 'bad anatomy, comics, cropped, cross-eyed, worst quality, low quality, painting, 3D render, drawing, crayon, sketch, graphite, impressionist, cartoon, anime, noisy, blurry, soft, deformed, ugly, lowres, low details, JPEG artifacts, airbrushed, semi-realistic, CGI, render, Blender, digital art, manga, amateur, mutilated, distorted'}
2025-01-13 00:32:50,370 - gen_prompt - INFO - Generated positive prompt: 1girl, a demon girl with glowing tatoo on skin, smiling at viewer, Add lightsource to front, aerial photography, drone photography, sweeping landscapes, unique perspectives, epic scale, capturing from above, revealing hidden beauty, showcasing vastness, immersive experience, precise compositions, expert piloting, dynamic angles, cinematic storytelling, showcasing natural wonders, aerial exploration, masterpiece, best quality, ultra-detailed
2025-01-13 00:32:50,372 - gen_prompt - INFO - Generating negative prompt - style: Photography - Aerial
2025-01-13 00:32:50,372 - gen_prompt - INFO - Generating style prompt - style_name: Photography - Aerial
2025-01-13 00:32:50,375 - gen_prompt - INFO - Found style. Result: {'name': 'Photography - Aerial', 'positive': 'aerial photography, drone photography, sweeping landscapes, unique perspectives, epic scale, capturing from above, revealing hidden beauty, showcasing vastness, immersive experience, precise compositions, expert piloting, dynamic angles, cinematic storytelling, showcasing natural wonders, aerial exploration', 'negative': 'bad anatomy, comics, cropped, cross-eyed, worst quality, low quality, painting, 3D render, drawing, crayon, sketch, graphite, impressionist, cartoon, anime, noisy, blurry, soft, deformed, ugly, lowres, low details, JPEG artifacts, airbrushed, semi-realistic, CGI, render, Blender, digital art, manga, amateur, mutilated, distorted'}
2025-01-13 00:32:50,376 - gen_prompt - INFO - Generated negative prompt: bad anatomy, comics, cropped, cross-eyed, worst quality, low quality, painting, 3D render, drawing, crayon, sketch, graphite, impressionist, cartoon, anime, noisy, blurry, soft, deformed, ugly, lowres, low details, JPEG artifacts, airbrushed, semi-realistic, CGI, render, Blender, digital art, manga, amateur, mutilated, distorted, embedding:EasyNegative, bad quality, low quality, low resolution
2025-01-13 00:32:50,378 - load_models - INFO - Queueing workflow
2025-01-13 00:32:50,437 - load_models - INFO - Response: {"prompt_id": "b9e8163f-3143-4ddb-92d7-a7069ba8236d", "number": 3475, "node_errors": {}}
2025-01-13 00:32:50,438 - load_models - INFO - Selecting models - num_loras: 1, checkpoint: meinamix_v12Final.safetensors
2025-01-13 00:32:50,441 - gen_prompt - INFO - Generating positive prompt - style: Photography - Aerial
2025-01-13 00:32:50,441 - gen_prompt - INFO - Generating trigger words - checkpoint: meinamix_v12Final.safetensors, loras: GoodHands-beta2.safetensors
2025-01-13 00:32:50,443 - gen_prompt - INFO - Searching for Checkpoint: meinamix_v12Final.safetensors
2025-01-13 00:32:50,444 - gen_prompt - WARNING - No trigger_select found for meinamix_v12Final.safetensors
2025-01-13 00:32:50,444 - gen_prompt - INFO - Searching for Lora: GoodHands-beta2.safetensors
2025-01-13 00:32:50,445 - gen_prompt - WARNING - No trigger_select found for GoodHands-beta2.safetensors
2025-01-13 00:32:50,445 - gen_prompt - INFO - Final trigger words: 
2025-01-13 00:32:50,445 - gen_prompt - INFO - Generating style prompt - style_name: Photography - Aerial
2025-01-13 00:32:50,448 - gen_prompt - INFO - Found style. Result: {'name': 'Photography - Aerial', 'positive': 'aerial photography, drone photography, sweeping landscapes, unique perspectives, epic scale, capturing from above, revealing hidden beauty, showcasing vastness, immersive experience, precise compositions, expert piloting, dynamic angles, cinematic storytelling, showcasing natural wonders, aerial exploration', 'negative': 'bad anatomy, comics, cropped, cross-eyed, worst quality, low quality, painting, 3D render, drawing, crayon, sketch, graphite, impressionist, cartoon, anime, noisy, blurry, soft, deformed, ugly, lowres, low details, JPEG artifacts, airbrushed, semi-realistic, CGI, render, Blender, digital art, manga, amateur, mutilated, distorted'}
2025-01-13 00:32:50,450 - gen_prompt - INFO - Generated positive prompt: 1girl, a cat girl, wearing a cat outfit, holding a cat toy, smiling at viewer, , aerial photography, drone photography, sweeping landscapes, unique perspectives, epic scale, capturing from above, revealing hidden beauty, showcasing vastness, immersive experience, precise compositions, expert piloting, dynamic angles, cinematic storytelling, showcasing natural wonders, aerial exploration, masterpiece, best quality, ultra-detailed
2025-01-13 00:32:50,451 - gen_prompt - INFO - Generating negative prompt - style: Photography - Aerial
2025-01-13 00:32:50,452 - gen_prompt - INFO - Generating style prompt - style_name: Photography - Aerial
2025-01-13 00:32:50,454 - gen_prompt - INFO - Found style. Result: {'name': 'Photography - Aerial', 'positive': 'aerial photography, drone photography, sweeping landscapes, unique perspectives, epic scale, capturing from above, revealing hidden beauty, showcasing vastness, immersive experience, precise compositions, expert piloting, dynamic angles, cinematic storytelling, showcasing natural wonders, aerial exploration', 'negative': 'bad anatomy, comics, cropped, cross-eyed, worst quality, low quality, painting, 3D render, drawing, crayon, sketch, graphite, impressionist, cartoon, anime, noisy, blurry, soft, deformed, ugly, lowres, low details, JPEG artifacts, airbrushed, semi-realistic, CGI, render, Blender, digital art, manga, amateur, mutilated, distorted'}
2025-01-13 00:32:50,455 - gen_prompt - INFO - Generated negative prompt: bad anatomy, comics, cropped, cross-eyed, worst quality, low quality, painting, 3D render, drawing, crayon, sketch, graphite, impressionist, cartoon, anime, noisy, blurry, soft, deformed, ugly, lowres, low details, JPEG artifacts, airbrushed, semi-realistic, CGI, render, Blender, digital art, manga, amateur, mutilated, distorted, embedding:EasyNegative, bad quality, low quality, low resolution
2025-01-13 00:32:50,458 - load_models - INFO - Queueing workflow
2025-01-13 00:32:50,467 - load_models - INFO - Response: {"prompt_id": "bd9fc1cc-8b04-47c7-a581-37573cca5f21", "number": 3476, "node_errors": {}}
2025-01-13 00:32:50,468 - load_models - INFO - Selecting models - num_loras: 3, checkpoint: meinamix_v12Final.safetensors
2025-01-13 00:32:50,476 - gen_prompt - INFO - Generating positive prompt - style: Photography - Aerial
2025-01-13 00:32:50,477 - gen_prompt - INFO - Generating trigger words - checkpoint: meinamix_v12Final.safetensors, loras: nier_anime_style_offset.safetensors, masturbation_female.safetensors, bichu-v0612.safetensors
2025-01-13 00:32:50,477 - gen_prompt - INFO - Searching for Checkpoint: meinamix_v12Final.safetensors
2025-01-13 00:32:50,479 - gen_prompt - WARNING - No trigger_select found for meinamix_v12Final.safetensors
2025-01-13 00:32:50,479 - gen_prompt - INFO - Searching for Lora: nier_anime_style_offset.safetensors
2025-01-13 00:32:50,481 - gen_prompt - INFO - Searching for Lora: masturbation_female.safetensors
2025-01-13 00:32:50,482 - gen_prompt - INFO - Searching for Lora: bichu-v0612.safetensors
2025-01-13 00:32:50,483 - gen_prompt - INFO - Final trigger words: nier anime style, fingering,  schlick,  masturbation,  NSFW,  pussy, bichu,  oil painting,  impressionism
2025-01-13 00:32:50,483 - gen_prompt - INFO - Generating style prompt - style_name: Photography - Aerial
2025-01-13 00:32:50,486 - gen_prompt - INFO - Found style. Result: {'name': 'Photography - Aerial', 'positive': 'aerial photography, drone photography, sweeping landscapes, unique perspectives, epic scale, capturing from above, revealing hidden beauty, showcasing vastness, immersive experience, precise compositions, expert piloting, dynamic angles, cinematic storytelling, showcasing natural wonders, aerial exploration', 'negative': 'bad anatomy, comics, cropped, cross-eyed, worst quality, low quality, painting, 3D render, drawing, crayon, sketch, graphite, impressionist, cartoon, anime, noisy, blurry, soft, deformed, ugly, lowres, low details, JPEG artifacts, airbrushed, semi-realistic, CGI, render, Blender, digital art, manga, amateur, mutilated, distorted'}
2025-01-13 00:32:50,487 - gen_prompt - INFO - Generated positive prompt: 1girl, a angel girl with huge wings, intricate lingerie, burning heart, kneeing, nier anime style, fingering,  schlick,  masturbation,  NSFW,  pussy, bichu,  oil painting,  impressionism, aerial photography, drone photography, sweeping landscapes, unique perspectives, epic scale, capturing from above, revealing hidden beauty, showcasing vastness, immersive experience, precise compositions, expert piloting, dynamic angles, cinematic storytelling, showcasing natural wonders, aerial exploration, masterpiece, best quality, ultra-detailed
2025-01-13 00:32:50,488 - gen_prompt - INFO - Generating negative prompt - style: Photography - Aerial
2025-01-13 00:32:50,489 - gen_prompt - INFO - Generating style prompt - style_name: Photography - Aerial
2025-01-13 00:32:50,492 - gen_prompt - INFO - Found style. Result: {'name': 'Photography - Aerial', 'positive': 'aerial photography, drone photography, sweeping landscapes, unique perspectives, epic scale, capturing from above, revealing hidden beauty, showcasing vastness, immersive experience, precise compositions, expert piloting, dynamic angles, cinematic storytelling, showcasing natural wonders, aerial exploration', 'negative': 'bad anatomy, comics, cropped, cross-eyed, worst quality, low quality, painting, 3D render, drawing, crayon, sketch, graphite, impressionist, cartoon, anime, noisy, blurry, soft, deformed, ugly, lowres, low details, JPEG artifacts, airbrushed, semi-realistic, CGI, render, Blender, digital art, manga, amateur, mutilated, distorted'}
2025-01-13 00:32:50,493 - gen_prompt - INFO - Generated negative prompt: bad anatomy, comics, cropped, cross-eyed, worst quality, low quality, painting, 3D render, drawing, crayon, sketch, graphite, impressionist, cartoon, anime, noisy, blurry, soft, deformed, ugly, lowres, low details, JPEG artifacts, airbrushed, semi-realistic, CGI, render, Blender, digital art, manga, amateur, mutilated, distorted, embedding:EasyNegative, bad quality, low quality, low resolution
2025-01-13 00:32:50,495 - load_models - INFO - Queueing workflow
2025-01-13 00:32:50,555 - load_models - INFO - Response: {"prompt_id": "6136482e-32fe-4b6f-ada4-41c1ddcbeaa0", "number": 3477, "node_errors": {}}
2025-01-13 00:32:50,556 - load_models - INFO - Selecting models - num_loras: 2, checkpoint: meinamix_v12Final.safetensors
2025-01-13 00:32:50,562 - gen_prompt - INFO - Generating positive prompt - style: Photography - Aerial
2025-01-13 00:32:50,562 - gen_prompt - INFO - Generating trigger words - checkpoint: meinamix_v12Final.safetensors, loras: Drawing.safetensors, masturbation_female.safetensors
2025-01-13 00:32:50,562 - gen_prompt - INFO - Searching for Checkpoint: meinamix_v12Final.safetensors
2025-01-13 00:32:50,563 - gen_prompt - WARNING - No trigger_select found for meinamix_v12Final.safetensors
2025-01-13 00:32:50,563 - gen_prompt - INFO - Searching for Lora: Drawing.safetensors
2025-01-13 00:32:50,564 - gen_prompt - WARNING - No trigger_select found for Drawing.safetensors
2025-01-13 00:32:50,565 - gen_prompt - INFO - Searching for Lora: masturbation_female.safetensors
2025-01-13 00:32:50,565 - gen_prompt - INFO - Final trigger words: fingering,  schlick,  masturbation,  NSFW,  pussy
2025-01-13 00:32:50,567 - gen_prompt - INFO - Generating style prompt - style_name: Photography - Aerial
2025-01-13 00:32:50,569 - gen_prompt - INFO - Found style. Result: {'name': 'Photography - Aerial', 'positive': 'aerial photography, drone photography, sweeping landscapes, unique perspectives, epic scale, capturing from above, revealing hidden beauty, showcasing vastness, immersive experience, precise compositions, expert piloting, dynamic angles, cinematic storytelling, showcasing natural wonders, aerial exploration', 'negative': 'bad anatomy, comics, cropped, cross-eyed, worst quality, low quality, painting, 3D render, drawing, crayon, sketch, graphite, impressionist, cartoon, anime, noisy, blurry, soft, deformed, ugly, lowres, low details, JPEG artifacts, airbrushed, semi-realistic, CGI, render, Blender, digital art, manga, amateur, mutilated, distorted'}
2025-01-13 00:32:50,569 - gen_prompt - INFO - Generated positive prompt: 1girl, a angel girl with huge wings, intricate lingerie, burning heart, kneeing, fingering,  schlick,  masturbation,  NSFW,  pussy, aerial photography, drone photography, sweeping landscapes, unique perspectives, epic scale, capturing from above, revealing hidden beauty, showcasing vastness, immersive experience, precise compositions, expert piloting, dynamic angles, cinematic storytelling, showcasing natural wonders, aerial exploration, masterpiece, best quality, ultra-detailed
2025-01-13 00:32:50,570 - gen_prompt - INFO - Generating negative prompt - style: Photography - Aerial
2025-01-13 00:32:50,571 - gen_prompt - INFO - Generating style prompt - style_name: Photography - Aerial
2025-01-13 00:32:50,574 - gen_prompt - INFO - Found style. Result: {'name': 'Photography - Aerial', 'positive': 'aerial photography, drone photography, sweeping landscapes, unique perspectives, epic scale, capturing from above, revealing hidden beauty, showcasing vastness, immersive experience, precise compositions, expert piloting, dynamic angles, cinematic storytelling, showcasing natural wonders, aerial exploration', 'negative': 'bad anatomy, comics, cropped, cross-eyed, worst quality, low quality, painting, 3D render, drawing, crayon, sketch, graphite, impressionist, cartoon, anime, noisy, blurry, soft, deformed, ugly, lowres, low details, JPEG artifacts, airbrushed, semi-realistic, CGI, render, Blender, digital art, manga, amateur, mutilated, distorted'}
2025-01-13 00:32:50,574 - gen_prompt - INFO - Generated negative prompt: bad anatomy, comics, cropped, cross-eyed, worst quality, low quality, painting, 3D render, drawing, crayon, sketch, graphite, impressionist, cartoon, anime, noisy, blurry, soft, deformed, ugly, lowres, low details, JPEG artifacts, airbrushed, semi-realistic, CGI, render, Blender, digital art, manga, amateur, mutilated, distorted, embedding:EasyNegative, bad quality, low quality, low resolution
2025-01-13 00:32:50,576 - load_models - INFO - Queueing workflow
2025-01-13 00:32:50,588 - load_models - INFO - Response: {"prompt_id": "35eeac29-81bb-4790-ae5f-5a79e16861fb", "number": 3478, "node_errors": {}}
2025-01-13 00:32:50,588 - load_models - INFO - Selecting models - num_loras: 1, checkpoint: meinamix_v12Final.safetensors
2025-01-13 00:32:50,594 - gen_prompt - INFO - Generating positive prompt - style: Photography - Aerial
2025-01-13 00:32:50,594 - gen_prompt - INFO - Generating trigger words - checkpoint: meinamix_v12Final.safetensors, loras: manga2_by_XUEBI.safetensors
2025-01-13 00:32:50,595 - gen_prompt - INFO - Searching for Checkpoint: meinamix_v12Final.safetensors
2025-01-13 00:32:50,595 - gen_prompt - WARNING - No trigger_select found for meinamix_v12Final.safetensors
2025-01-13 00:32:50,596 - gen_prompt - INFO - Searching for Lora: manga2_by_XUEBI.safetensors
2025-01-13 00:32:50,596 - gen_prompt - INFO - Final trigger words: monochrome, greyscale, comic
2025-01-13 00:32:50,597 - gen_prompt - INFO - Generating style prompt - style_name: Photography - Aerial
2025-01-13 00:32:50,598 - gen_prompt - INFO - Found style. Result: {'name': 'Photography - Aerial', 'positive': 'aerial photography, drone photography, sweeping landscapes, unique perspectives, epic scale, capturing from above, revealing hidden beauty, showcasing vastness, immersive experience, precise compositions, expert piloting, dynamic angles, cinematic storytelling, showcasing natural wonders, aerial exploration', 'negative': 'bad anatomy, comics, cropped, cross-eyed, worst quality, low quality, painting, 3D render, drawing, crayon, sketch, graphite, impressionist, cartoon, anime, noisy, blurry, soft, deformed, ugly, lowres, low details, JPEG artifacts, airbrushed, semi-realistic, CGI, render, Blender, digital art, manga, amateur, mutilated, distorted'}
2025-01-13 00:32:50,598 - gen_prompt - INFO - Generated positive prompt: 1girl, a demon girl with glowing tatoo on skin, smiling at viewer, monochrome, greyscale, comic, aerial photography, drone photography, sweeping landscapes, unique perspectives, epic scale, capturing from above, revealing hidden beauty, showcasing vastness, immersive experience, precise compositions, expert piloting, dynamic angles, cinematic storytelling, showcasing natural wonders, aerial exploration, masterpiece, best quality, ultra-detailed
2025-01-13 00:32:50,600 - gen_prompt - INFO - Generating negative prompt - style: Photography - Aerial
2025-01-13 00:32:50,601 - gen_prompt - INFO - Generating style prompt - style_name: Photography - Aerial
2025-01-13 00:32:50,603 - gen_prompt - INFO - Found style. Result: {'name': 'Photography - Aerial', 'positive': 'aerial photography, drone photography, sweeping landscapes, unique perspectives, epic scale, capturing from above, revealing hidden beauty, showcasing vastness, immersive experience, precise compositions, expert piloting, dynamic angles, cinematic storytelling, showcasing natural wonders, aerial exploration', 'negative': 'bad anatomy, comics, cropped, cross-eyed, worst quality, low quality, painting, 3D render, drawing, crayon, sketch, graphite, impressionist, cartoon, anime, noisy, blurry, soft, deformed, ugly, lowres, low details, JPEG artifacts, airbrushed, semi-realistic, CGI, render, Blender, digital art, manga, amateur, mutilated, distorted'}
2025-01-13 00:32:50,604 - gen_prompt - INFO - Generated negative prompt: bad anatomy, comics, cropped, cross-eyed, worst quality, low quality, painting, 3D render, drawing, crayon, sketch, graphite, impressionist, cartoon, anime, noisy, blurry, soft, deformed, ugly, lowres, low details, JPEG artifacts, airbrushed, semi-realistic, CGI, render, Blender, digital art, manga, amateur, mutilated, distorted, embedding:EasyNegative, bad quality, low quality, low resolution
2025-01-13 00:32:50,605 - load_models - INFO - Queueing workflow
2025-01-13 00:32:50,609 - load_models - INFO - Response: {"prompt_id": "7890f0dd-bd0a-454d-a448-6d406814eeeb", "number": 3479, "node_errors": {}}
2025-01-13 00:32:50,610 - load_models - INFO - Selecting models - num_loras: 4, checkpoint: meinamix_v12Final.safetensors
2025-01-13 00:32:50,618 - gen_prompt - INFO - Generating positive prompt - style: Photography - Aerial
2025-01-13 00:32:50,618 - gen_prompt - INFO - Generating trigger words - checkpoint: meinamix_v12Final.safetensors, loras: dm_canvas_style3_1530.safetensors, bichu-v0612.safetensors, masturbation_female.safetensors, GoodHands-beta2.safetensors
2025-01-13 00:32:50,618 - gen_prompt - INFO - Searching for Checkpoint: meinamix_v12Final.safetensors
2025-01-13 00:32:50,619 - gen_prompt - WARNING - No trigger_select found for meinamix_v12Final.safetensors
2025-01-13 00:32:50,619 - gen_prompt - INFO - Searching for Lora: dm_canvas_style3_1530.safetensors
2025-01-13 00:32:50,619 - gen_prompt - WARNING - No trigger_select found for dm_canvas_style3_1530.safetensors
2025-01-13 00:32:50,620 - gen_prompt - INFO - Searching for Lora: bichu-v0612.safetensors
2025-01-13 00:32:50,620 - gen_prompt - INFO - Searching for Lora: masturbation_female.safetensors
2025-01-13 00:32:50,620 - gen_prompt - INFO - Searching for Lora: GoodHands-beta2.safetensors
2025-01-13 00:32:50,622 - gen_prompt - WARNING - No trigger_select found for GoodHands-beta2.safetensors
2025-01-13 00:32:50,622 - gen_prompt - INFO - Final trigger words: bichu,  oil painting,  impressionism, fingering,  schlick,  masturbation,  NSFW,  pussy
2025-01-13 00:32:50,623 - gen_prompt - INFO - Generating style prompt - style_name: Photography - Aerial
2025-01-13 00:32:50,625 - gen_prompt - INFO - Found style. Result: {'name': 'Photography - Aerial', 'positive': 'aerial photography, drone photography, sweeping landscapes, unique perspectives, epic scale, capturing from above, revealing hidden beauty, showcasing vastness, immersive experience, precise compositions, expert piloting, dynamic angles, cinematic storytelling, showcasing natural wonders, aerial exploration', 'negative': 'bad anatomy, comics, cropped, cross-eyed, worst quality, low quality, painting, 3D render, drawing, crayon, sketch, graphite, impressionist, cartoon, anime, noisy, blurry, soft, deformed, ugly, lowres, low details, JPEG artifacts, airbrushed, semi-realistic, CGI, render, Blender, digital art, manga, amateur, mutilated, distorted'}
2025-01-13 00:32:50,625 - gen_prompt - INFO - Generated positive prompt: 1girl, a angel girl with huge wings, intricate lingerie, burning heart, kneeing, bichu,  oil painting,  impressionism, fingering,  schlick,  masturbation,  NSFW,  pussy, aerial photography, drone photography, sweeping landscapes, unique perspectives, epic scale, capturing from above, revealing hidden beauty, showcasing vastness, immersive experience, precise compositions, expert piloting, dynamic angles, cinematic storytelling, showcasing natural wonders, aerial exploration, masterpiece, best quality, ultra-detailed
2025-01-13 00:32:50,627 - gen_prompt - INFO - Generating negative prompt - style: Photography - Aerial
2025-01-13 00:32:50,627 - gen_prompt - INFO - Generating style prompt - style_name: Photography - Aerial
2025-01-13 00:32:50,630 - gen_prompt - INFO - Found style. Result: {'name': 'Photography - Aerial', 'positive': 'aerial photography, drone photography, sweeping landscapes, unique perspectives, epic scale, capturing from above, revealing hidden beauty, showcasing vastness, immersive experience, precise compositions, expert piloting, dynamic angles, cinematic storytelling, showcasing natural wonders, aerial exploration', 'negative': 'bad anatomy, comics, cropped, cross-eyed, worst quality, low quality, painting, 3D render, drawing, crayon, sketch, graphite, impressionist, cartoon, anime, noisy, blurry, soft, deformed, ugly, lowres, low details, JPEG artifacts, airbrushed, semi-realistic, CGI, render, Blender, digital art, manga, amateur, mutilated, distorted'}
2025-01-13 00:32:50,631 - gen_prompt - INFO - Generated negative prompt: bad anatomy, comics, cropped, cross-eyed, worst quality, low quality, painting, 3D render, drawing, crayon, sketch, graphite, impressionist, cartoon, anime, noisy, blurry, soft, deformed, ugly, lowres, low details, JPEG artifacts, airbrushed, semi-realistic, CGI, render, Blender, digital art, manga, amateur, mutilated, distorted, embedding:EasyNegative, bad quality, low quality, low resolution
2025-01-13 00:32:50,633 - load_models - INFO - Queueing workflow
2025-01-13 00:32:50,637 - load_models - INFO - Response: {"prompt_id": "204ba6a7-ce14-4160-bf69-e07d86a3072c", "number": 3480, "node_errors": {}}
2025-01-13 00:32:50,639 - load_models - INFO - Selecting models - num_loras: 4, checkpoint: meinamix_v12Final.safetensors
2025-01-13 00:32:50,645 - gen_prompt - INFO - Generating positive prompt - style: Photography - Aerial
2025-01-13 00:32:50,645 - gen_prompt - INFO - Generating trigger words - checkpoint: meinamix_v12Final.safetensors, loras: dm_canvas_style3_1530.safetensors, masturbation_female.safetensors, AbstractMalePortraits_v2R_60_R-128.safetensors, tifa_v2.3.safetensors
2025-01-13 00:32:50,646 - gen_prompt - INFO - Searching for Checkpoint: meinamix_v12Final.safetensors
2025-01-13 00:32:50,646 - gen_prompt - WARNING - No trigger_select found for meinamix_v12Final.safetensors
2025-01-13 00:32:50,647 - gen_prompt - INFO - Searching for Lora: dm_canvas_style3_1530.safetensors
2025-01-13 00:32:50,647 - gen_prompt - WARNING - No trigger_select found for dm_canvas_style3_1530.safetensors
2025-01-13 00:32:50,647 - gen_prompt - INFO - Searching for Lora: masturbation_female.safetensors
2025-01-13 00:32:50,648 - gen_prompt - INFO - Searching for Lora: AbstractMalePortraits_v2R_60_R-128.safetensors
2025-01-13 00:32:50,648 - gen_prompt - INFO - Searching for Lora: tifa_v2.3.safetensors
2025-01-13 00:32:50,650 - gen_prompt - INFO - Final trigger words: fingering,  schlick,  masturbation,  NSFW,  pussy, pxint, tifa lockhart,  red_eyes,  black hair,  long hair
2025-01-13 00:32:50,650 - gen_prompt - INFO - Generating style prompt - style_name: Photography - Aerial
2025-01-13 00:32:50,652 - gen_prompt - INFO - Found style. Result: {'name': 'Photography - Aerial', 'positive': 'aerial photography, drone photography, sweeping landscapes, unique perspectives, epic scale, capturing from above, revealing hidden beauty, showcasing vastness, immersive experience, precise compositions, expert piloting, dynamic angles, cinematic storytelling, showcasing natural wonders, aerial exploration', 'negative': 'bad anatomy, comics, cropped, cross-eyed, worst quality, low quality, painting, 3D render, drawing, crayon, sketch, graphite, impressionist, cartoon, anime, noisy, blurry, soft, deformed, ugly, lowres, low details, JPEG artifacts, airbrushed, semi-realistic, CGI, render, Blender, digital art, manga, amateur, mutilated, distorted'}
2025-01-13 00:32:50,653 - gen_prompt - INFO - Generated positive prompt: 1girl, a witch girl, intricate outfit, holding a book, cowboy shot, fingering,  schlick,  masturbation,  NSFW,  pussy, pxint, tifa lockhart,  red_eyes,  black hair,  long hair, aerial photography, drone photography, sweeping landscapes, unique perspectives, epic scale, capturing from above, revealing hidden beauty, showcasing vastness, immersive experience, precise compositions, expert piloting, dynamic angles, cinematic storytelling, showcasing natural wonders, aerial exploration, masterpiece, best quality, ultra-detailed
2025-01-13 00:32:50,654 - gen_prompt - INFO - Generating negative prompt - style: Photography - Aerial
2025-01-13 00:32:50,655 - gen_prompt - INFO - Generating style prompt - style_name: Photography - Aerial
2025-01-13 00:32:50,657 - gen_prompt - INFO - Found style. Result: {'name': 'Photography - Aerial', 'positive': 'aerial photography, drone photography, sweeping landscapes, unique perspectives, epic scale, capturing from above, revealing hidden beauty, showcasing vastness, immersive experience, precise compositions, expert piloting, dynamic angles, cinematic storytelling, showcasing natural wonders, aerial exploration', 'negative': 'bad anatomy, comics, cropped, cross-eyed, worst quality, low quality, painting, 3D render, drawing, crayon, sketch, graphite, impressionist, cartoon, anime, noisy, blurry, soft, deformed, ugly, lowres, low details, JPEG artifacts, airbrushed, semi-realistic, CGI, render, Blender, digital art, manga, amateur, mutilated, distorted'}
2025-01-13 00:32:50,657 - gen_prompt - INFO - Generated negative prompt: bad anatomy, comics, cropped, cross-eyed, worst quality, low quality, painting, 3D render, drawing, crayon, sketch, graphite, impressionist, cartoon, anime, noisy, blurry, soft, deformed, ugly, lowres, low details, JPEG artifacts, airbrushed, semi-realistic, CGI, render, Blender, digital art, manga, amateur, mutilated, distorted, embedding:EasyNegative, bad quality, low quality, low resolution
2025-01-13 00:32:50,660 - load_models - INFO - Queueing workflow
2025-01-13 00:32:50,679 - load_models - INFO - Response: {"prompt_id": "5787ddac-2d8a-49cf-9d33-e4d06c9a7232", "number": 3481, "node_errors": {}}
