2025-01-22 00:58:06,908 - __main__ - INFO - ===== run.main: Running iteration 1 =====
2025-01-22 00:58:06,908 - __main__ - INFO - run.main: Style name: Photography-Food
2025-01-22 00:58:06,910 - load_models - WARNING - No checkpoint found: []
2025-01-22 00:58:06,910 - __main__ - INFO - run.main: Selected loras: []
2025-01-22 00:58:06,911 - load_models - INFO - load_models.get_model_params: No checkpoint specified, selected random checkpoint: etherBluMix_etherBluMix7.safetensors
2025-01-22 00:58:06,911 - load_models - INFO - load_models.get_model_params: No loras specified, selected random loras: []
2025-01-22 00:58:06,911 - load_models - INFO - load_models.get_model_params: No embeddings specified, selected random embeddings: []
2025-01-22 00:58:06,912 - load_models - INFO - ===== Selected models & parameters: 
 {'checkpoint': 'etherBluMix_etherBluMix7.safetensors', 'ckpt_clip_skip': '-1', 'ckpt_cfg': '', 'ckpt_steps': '', 'ckpt_sampler': '', 'ckpt_scheduler': '', 'ckpt_hires_fix': '', 'num_loras': 0, 'num_embeddings': 0} =====
2025-01-22 00:58:06,912 - node_manipulation - INFO - node_manipulation.get_node_ID: Found node ID: 1
2025-01-22 00:58:06,912 - node_manipulation - INFO - node_manipulation.get_node_ID: Found node ID: 2
2025-01-22 00:58:06,912 - node_manipulation - INFO - node_manipulation.get_node_ID: Found node ID: 2
2025-01-22 00:58:06,912 - node_manipulation - INFO - node_manipulation.get_node_ID: Found node ID: 1
2025-01-22 00:58:06,912 - node_manipulation - INFO - node_manipulation.get_node_ID: Found node ID: 1
2025-01-22 00:58:06,913 - node_manipulation - INFO - node_manipulation.get_node_ID: Found node ID: 2
2025-01-22 00:58:06,913 - node_manipulation - INFO - node_manipulation.set_node_value: Successfully set stop_at_clip_layer to -2 for node 2 - CLIP Set Last Layer
2025-01-22 00:58:06,913 - node_manipulation - INFO - node_manipulation.get_node_ID: Found node ID: 9
2025-01-22 00:58:06,913 - node_manipulation - INFO - node_manipulation.set_KSampler: Successfully configured KSampler node: 9 - KSampler
2025-01-22 00:58:06,913 - node_manipulation - INFO - node_manipulation.get_node_ID: Found node ID: 16
2025-01-22 00:58:06,913 - node_manipulation - INFO - node_manipulation.set_KSampler: Successfully configured KSampler node: 16 - KS_up
2025-01-22 00:58:06,914 - gen_prompt - INFO - gen_prompt.get_object: Getting object with identifier: 10
2025-01-22 00:58:06,924 - gen_prompt - INFO - gen_prompt.get_object: Selected object: object_10
2025-01-22 00:58:06,925 - gen_prompt - INFO - Getting trigger words - checkpoint: etherBluMix_etherBluMix7.safetensors, loras: [], embeddings: 
2025-01-22 00:58:06,925 - gen_prompt - WARNING - No Pos_trigger_select found for etherBluMix_etherBluMix7.safetensors
2025-01-22 00:58:06,926 - gen_prompt - WARNING - No Neg_trigger_select found for etherBluMix_etherBluMix7.safetensors
2025-01-22 00:58:06,926 - gen_prompt - INFO - gen_prompt.get_trigger_words: Final trigger words: 
 {'positive': '', 'negative': ''}
2025-01-22 00:58:06,928 - gen_prompt - INFO - gen_prompt.select_random_style: Total styles: 307, Included styles: 307
2025-01-22 00:58:06,928 - gen_prompt - INFO - Found style. Result: {'name': 'Photography-Food', 'positive': 'food photography, mouthwatering dishes, vibrant colors, appetizing presentations, enticing compositions, delicious details, showcasing textures, capturing freshness, professional lighting, expert styling, culinary storytelling, enhancing food appeal', 'negative': 'bad anatomy, unappetizing, sloppy, unprofessional, comics, cropped, cross-eyed, worst quality, low quality, painting, 3D render, drawing, crayon, sketch, graphite, impressionist, cartoon, anime, noisy, blurry, soft, deformed, ugly, lowres, low details, JPEG artifacts, airbrushed, semi-realistic, CGI, render, Blender, digital art, manga, amateur, mutilated, distorted'}
2025-01-22 00:58:06,928 - gen_prompt - INFO - gen_prompt.gen_positive_prompt: Full positive prompt: 
 (masterpiece,best quality,highres:1.3),(official art,beautiful and aesthetic:1.2),(full shot:1.2),(1girl,solo,masterpiece,8k,HDR,),character concept art of a beautiful woman leaning over,((wearing Navy blue Sheer Teddy with Lace Trim,straps falling off her shoulder)),seductive,luscious lips,comic book art,rough colored sketch,(hourglass body,square shaped face,green eyes,full lips,high cheekbones),(copper red fishtail braid hair:1.2),small breasts,toned thighs,thigh gap,looking at the viewer),(luxurious modern bedroom,bokeh),, , food photography, mouthwatering dishes, vibrant colors, appetizing presentations, enticing compositions, delicious details, showcasing textures, capturing freshness, professional lighting, expert styling, culinary storytelling, enhancing food appeal, masterpiece, best quality, ultra-detailed
2025-01-22 00:58:06,929 - node_manipulation - INFO - node_manipulation.get_node_ID: Found node ID: 3
2025-01-22 00:58:06,929 - node_manipulation - INFO - node_manipulation.set_positive_prompt: Successfully set prompt for node 3 - Positive
2025-01-22 00:58:06,929 - node_manipulation - INFO - node_manipulation.set_positive_prompt: Prompt: (masterpiece,best quality,highres:1.3),(official art,beautiful and aesthetic:1.2),(full shot:1.2),(1girl,solo,masterpiece,8k,HDR,),character concept art of a beautiful woman leaning over,((wearing Navy blue Sheer Teddy with Lace Trim,straps falling off her shoulder)),seductive,luscious lips,comic book art,rough colored sketch,(hourglass body,square shaped face,green eyes,full lips,high cheekbones),(copper red fishtail braid hair:1.2),small breasts,toned thighs,thigh gap,looking at the viewer),(luxurious modern bedroom,bokeh),, , food photography, mouthwatering dishes, vibrant colors, appetizing presentations, enticing compositions, delicious details, showcasing textures, capturing freshness, professional lighting, expert styling, culinary storytelling, enhancing food appeal, masterpiece, best quality, ultra-detailed
2025-01-22 00:58:06,929 - gen_prompt - INFO - gen_prompt.get_object: Getting object with identifier: 10
2025-01-22 00:58:06,929 - gen_prompt - INFO - gen_prompt.get_object: Selected object: object_10
2025-01-22 00:58:06,930 - gen_prompt - INFO - Getting trigger words - checkpoint: etherBluMix_etherBluMix7.safetensors, loras: [], embeddings: 
2025-01-22 00:58:06,930 - gen_prompt - WARNING - No Pos_trigger_select found for etherBluMix_etherBluMix7.safetensors
2025-01-22 00:58:06,931 - gen_prompt - WARNING - No Neg_trigger_select found for etherBluMix_etherBluMix7.safetensors
2025-01-22 00:58:06,932 - gen_prompt - INFO - gen_prompt.get_trigger_words: Final trigger words: 
 {'positive': '', 'negative': ''}
2025-01-22 00:58:06,934 - gen_prompt - INFO - gen_prompt.select_random_style: Total styles: 307, Included styles: 307
2025-01-22 00:58:06,934 - gen_prompt - INFO - Found style. Result: {'name': 'Photography-Food', 'positive': 'food photography, mouthwatering dishes, vibrant colors, appetizing presentations, enticing compositions, delicious details, showcasing textures, capturing freshness, professional lighting, expert styling, culinary storytelling, enhancing food appeal', 'negative': 'bad anatomy, unappetizing, sloppy, unprofessional, comics, cropped, cross-eyed, worst quality, low quality, painting, 3D render, drawing, crayon, sketch, graphite, impressionist, cartoon, anime, noisy, blurry, soft, deformed, ugly, lowres, low details, JPEG artifacts, airbrushed, semi-realistic, CGI, render, Blender, digital art, manga, amateur, mutilated, distorted'}
2025-01-22 00:58:06,935 - gen_prompt - INFO - gen_prompt.gen_negative_prompt: Full negative prompt: 
 bad anatomy, unappetizing, sloppy, unprofessional, comics, cropped, cross-eyed, worst quality, low quality, painting, 3D render, drawing, crayon, sketch, graphite, impressionist, cartoon, anime, noisy, blurry, soft, deformed, ugly, lowres, low details, JPEG artifacts, airbrushed, semi-realistic, CGI, render, Blender, digital art, manga, amateur, mutilated, distorted, watermark, bad quality, low quality, low resolution, easynegative,(badhandv4),(bad quality:1.3),(worst quality:1.3),watermark,(blurry),5-funny-looking-fingers,
2025-01-22 00:58:06,935 - node_manipulation - INFO - node_manipulation.get_node_ID: Found node ID: 4
2025-01-22 00:58:06,935 - node_manipulation - INFO - node_manipulation.set_negative_prompt: Successfully set prompt for node 4 - Negative
2025-01-22 00:58:06,936 - node_manipulation - INFO - node_manipulation.set_negative_prompt: Prompt: bad anatomy, unappetizing, sloppy, unprofessional, comics, cropped, cross-eyed, worst quality, low quality, painting, 3D render, drawing, crayon, sketch, graphite, impressionist, cartoon, anime, noisy, blurry, soft, deformed, ugly, lowres, low details, JPEG artifacts, airbrushed, semi-realistic, CGI, render, Blender, digital art, manga, amateur, mutilated, distorted, watermark, bad quality, low quality, low resolution, easynegative,(badhandv4),(bad quality:1.3),(worst quality:1.3),watermark,(blurry),5-funny-looking-fingers,
2025-01-22 00:58:06,936 - node_manipulation - INFO - node_manipulation.get_node_ID: Found node ID: 10
2025-01-22 00:58:06,936 - node_manipulation - INFO - node_manipulation.set_resolution: Successfully set resolution 912x512 for node Empty Latent Image - 10
2025-01-22 00:58:06,936 - node_manipulation - INFO - node_manipulation.get_node_ID: Found node ID: 17
2025-01-22 00:58:06,936 - node_manipulation - INFO - node_manipulation.set_resolution: Successfully set resolution 1824x1024 for node Up_res - 17
2025-01-22 00:58:06,936 - node_manipulation - INFO - node_manipulation.get_node_ID: Found node ID: 12
2025-01-22 00:58:06,937 - node_manipulation - INFO - node_manipulation.get_node_ID: Found node ID: 18
2025-01-22 00:58:06,937 - node_manipulation - INFO - node_manipulation.update_node_input(): Successfully updated input for node 12 with key images to 18
2025-01-22 00:58:07,156 - load_models - INFO - load_models.queue_workflow: Response: {"prompt_id": "4ad1ec90-37c8-43e7-ab29-310f867c55c4", "number": 97, "node_errors": {}}
2025-01-22 00:59:47,158 - load_models - WARNING - No checkpoint found: []
2025-01-22 00:59:47,158 - __main__ - INFO - run.main: Selected loras: []
2025-01-22 00:59:47,159 - load_models - INFO - load_models.get_model_params: No checkpoint specified, selected random checkpoint: primemix_v21.safetensors
2025-01-22 00:59:47,159 - load_models - INFO - load_models.get_model_params: No loras specified, selected random loras: []
2025-01-22 00:59:47,159 - load_models - INFO - load_models.get_model_params: No embeddings specified, selected random embeddings: [{'Type': 'Embedding', 'Base': 'SD 1.5', 'Name': 'an14.pt', 'Category': '', 'Pos_trigger': '', 'Pos_trigger_select': '', 'Neg_trigger': 'an14', 'Neg_trigger_select': '1', 'Weight_from': '', 'Weight_to': '', 'Clip_skip': '', 'CFG': '', 'Steps': '', 'Sampler': '', 'Scheduler': '', 'HiRes_fix': '', 'Special': '', 'Tags': '', 'VAE': '', 'Location': '', 'Excluded': '', 'Link': 'https://civitai.com/models/58726/asyncs-negative?modelVersionId=345593'}, {'Type': 'Embedding', 'Base': 'SD 1.5', 'Name': 'easynegative.safetensors', 'Category': '', 'Pos_trigger': '', 'Pos_trigger_select': '', 'Neg_trigger': 'easynegative', 'Neg_trigger_select': '1', 'Weight_from': '', 'Weight_to': '', 'Clip_skip': '', 'CFG': '', 'Steps': '', 'Sampler': '', 'Scheduler': '', 'HiRes_fix': '', 'Special': '', 'Tags': '', 'VAE': '', 'Location': '', 'Excluded': '', 'Link': 'https://civitai.com/models/7808?modelVersionId=9208'}]
2025-01-22 00:59:47,163 - load_models - INFO - ===== Selected models & parameters: 
 {'checkpoint': 'primemix_v21.safetensors', 'ckpt_clip_skip': '', 'ckpt_cfg': '', 'ckpt_steps': '', 'ckpt_sampler': '', 'ckpt_scheduler': '', 'ckpt_hires_fix': '', 'num_loras': 0, 'num_embeddings': 2, 'embedding1': 'an14.pt', 'embedding2': 'easynegative.safetensors'} =====
2025-01-22 00:59:47,164 - node_manipulation - INFO - node_manipulation.get_node_ID: Found node ID: 1
2025-01-22 00:59:47,164 - node_manipulation - INFO - node_manipulation.get_node_ID: Found node ID: 2
2025-01-22 00:59:47,164 - node_manipulation - INFO - node_manipulation.set_node_value: Successfully set stop_at_clip_layer to -2 for node 2 - CLIP Set Last Layer
2025-01-22 00:59:47,164 - node_manipulation - INFO - node_manipulation.get_node_ID: Found node ID: 9
2025-01-22 00:59:47,164 - node_manipulation - INFO - node_manipulation.set_KSampler: Successfully configured KSampler node: 9 - KSampler
2025-01-22 00:59:47,165 - node_manipulation - INFO - node_manipulation.get_node_ID: Found node ID: 16
2025-01-22 00:59:47,165 - node_manipulation - INFO - node_manipulation.set_KSampler: Successfully configured KSampler node: 16 - KS_up
2025-01-22 00:59:47,165 - gen_prompt - INFO - gen_prompt.get_object: Getting object with identifier: 10
2025-01-22 00:59:47,165 - gen_prompt - INFO - gen_prompt.get_object: Selected object: object_10
2025-01-22 00:59:47,165 - gen_prompt - INFO - Getting trigger words - checkpoint: primemix_v21.safetensors, loras: [], embeddings: an14.pt, easynegative.safetensors
2025-01-22 00:59:47,166 - gen_prompt - WARNING - No Pos_trigger_select found for primemix_v21.safetensors
2025-01-22 00:59:47,167 - gen_prompt - WARNING - No Pos_trigger_select found for an14.pt
2025-01-22 00:59:47,168 - gen_prompt - WARNING - No Pos_trigger_select found for easynegative.safetensors
2025-01-22 00:59:47,169 - gen_prompt - WARNING - No Neg_trigger_select found for primemix_v21.safetensors
2025-01-22 00:59:47,169 - gen_prompt - INFO - gen_prompt.get_trigger_words: Final trigger words: 
 {'positive': '', 'negative': 'an14, easynegative'}
2025-01-22 00:59:47,171 - gen_prompt - INFO - gen_prompt.select_random_style: Total styles: 307, Included styles: 307
2025-01-22 00:59:47,171 - gen_prompt - INFO - Found style. Result: {'name': 'Photography-Food', 'positive': 'food photography, mouthwatering dishes, vibrant colors, appetizing presentations, enticing compositions, delicious details, showcasing textures, capturing freshness, professional lighting, expert styling, culinary storytelling, enhancing food appeal', 'negative': 'bad anatomy, unappetizing, sloppy, unprofessional, comics, cropped, cross-eyed, worst quality, low quality, painting, 3D render, drawing, crayon, sketch, graphite, impressionist, cartoon, anime, noisy, blurry, soft, deformed, ugly, lowres, low details, JPEG artifacts, airbrushed, semi-realistic, CGI, render, Blender, digital art, manga, amateur, mutilated, distorted'}
2025-01-22 00:59:47,171 - gen_prompt - INFO - gen_prompt.gen_positive_prompt: Full positive prompt: 
 , , food photography, mouthwatering dishes, vibrant colors, appetizing presentations, enticing compositions, delicious details, showcasing textures, capturing freshness, professional lighting, expert styling, culinary storytelling, enhancing food appeal, masterpiece, best quality, ultra-detailed
2025-01-22 00:59:47,171 - node_manipulation - INFO - node_manipulation.get_node_ID: Found node ID: 3
2025-01-22 00:59:47,173 - node_manipulation - INFO - node_manipulation.set_positive_prompt: Successfully set prompt for node 3 - Positive
2025-01-22 00:59:47,173 - node_manipulation - INFO - node_manipulation.set_positive_prompt: Prompt: , , food photography, mouthwatering dishes, vibrant colors, appetizing presentations, enticing compositions, delicious details, showcasing textures, capturing freshness, professional lighting, expert styling, culinary storytelling, enhancing food appeal, masterpiece, best quality, ultra-detailed
2025-01-22 00:59:47,173 - gen_prompt - INFO - gen_prompt.get_object: Getting object with identifier: 10
2025-01-22 00:59:47,173 - gen_prompt - INFO - gen_prompt.get_object: Selected object: object_10
2025-01-22 00:59:47,173 - gen_prompt - INFO - Getting trigger words - checkpoint: primemix_v21.safetensors, loras: [], embeddings: an14.pt, easynegative.safetensors
2025-01-22 00:59:47,173 - gen_prompt - WARNING - No Pos_trigger_select found for primemix_v21.safetensors
2025-01-22 00:59:47,174 - gen_prompt - WARNING - No Pos_trigger_select found for an14.pt
2025-01-22 00:59:47,174 - gen_prompt - WARNING - No Pos_trigger_select found for easynegative.safetensors
2025-01-22 00:59:47,174 - gen_prompt - WARNING - No Neg_trigger_select found for primemix_v21.safetensors
2025-01-22 00:59:47,176 - gen_prompt - INFO - gen_prompt.get_trigger_words: Final trigger words: 
 {'positive': '', 'negative': 'an14, easynegative'}
2025-01-22 00:59:47,177 - gen_prompt - INFO - gen_prompt.select_random_style: Total styles: 307, Included styles: 307
2025-01-22 00:59:47,177 - gen_prompt - INFO - Found style. Result: {'name': 'Photography-Food', 'positive': 'food photography, mouthwatering dishes, vibrant colors, appetizing presentations, enticing compositions, delicious details, showcasing textures, capturing freshness, professional lighting, expert styling, culinary storytelling, enhancing food appeal', 'negative': 'bad anatomy, unappetizing, sloppy, unprofessional, comics, cropped, cross-eyed, worst quality, low quality, painting, 3D render, drawing, crayon, sketch, graphite, impressionist, cartoon, anime, noisy, blurry, soft, deformed, ugly, lowres, low details, JPEG artifacts, airbrushed, semi-realistic, CGI, render, Blender, digital art, manga, amateur, mutilated, distorted'}
2025-01-22 00:59:47,178 - gen_prompt - INFO - gen_prompt.gen_negative_prompt: Full negative prompt: 
 an14, easynegative, bad anatomy, unappetizing, sloppy, unprofessional, comics, cropped, cross-eyed, worst quality, low quality, painting, 3D render, drawing, crayon, sketch, graphite, impressionist, cartoon, anime, noisy, blurry, soft, deformed, ugly, lowres, low details, JPEG artifacts, airbrushed, semi-realistic, CGI, render, Blender, digital art, manga, amateur, mutilated, distorted, watermark, bad quality, low quality, low resolution
2025-01-22 00:59:47,178 - node_manipulation - INFO - node_manipulation.get_node_ID: Found node ID: 4
2025-01-22 00:59:47,178 - node_manipulation - INFO - node_manipulation.set_negative_prompt: Successfully set prompt for node 4 - Negative
2025-01-22 00:59:47,178 - node_manipulation - INFO - node_manipulation.set_negative_prompt: Prompt: an14, easynegative, bad anatomy, unappetizing, sloppy, unprofessional, comics, cropped, cross-eyed, worst quality, low quality, painting, 3D render, drawing, crayon, sketch, graphite, impressionist, cartoon, anime, noisy, blurry, soft, deformed, ugly, lowres, low details, JPEG artifacts, airbrushed, semi-realistic, CGI, render, Blender, digital art, manga, amateur, mutilated, distorted, watermark, bad quality, low quality, low resolution
2025-01-22 00:59:47,179 - node_manipulation - INFO - node_manipulation.get_node_ID: Found node ID: 10
2025-01-22 00:59:47,179 - node_manipulation - INFO - node_manipulation.set_resolution: Successfully set resolution 912x512 for node Empty Latent Image - 10
2025-01-22 00:59:47,179 - node_manipulation - INFO - node_manipulation.get_node_ID: Found node ID: 17
2025-01-22 00:59:47,179 - node_manipulation - INFO - node_manipulation.set_resolution: Successfully set resolution 1824x1024 for node Up_res - 17
2025-01-22 00:59:47,179 - node_manipulation - INFO - node_manipulation.get_node_ID: Found node ID: 12
2025-01-22 00:59:47,180 - node_manipulation - INFO - node_manipulation.get_node_ID: Found node ID: 18
2025-01-22 00:59:47,180 - node_manipulation - INFO - node_manipulation.update_node_input(): Successfully updated input for node 12 with key images to 18
2025-01-22 00:59:47,186 - load_models - INFO - load_models.queue_workflow: Response: {"prompt_id": "708e2d27-66fe-4aa4-b558-3f13edc6a6f8", "number": 98, "node_errors": {}}
2025-01-22 01:01:27,187 - __main__ - INFO - ===== run.main: Running iteration 2 =====
2025-01-22 01:01:27,187 - __main__ - INFO - run.main: Style name: Painting-Watercolor
2025-01-22 01:01:27,189 - load_models - WARNING - No checkpoint found: []
2025-01-22 01:01:27,190 - __main__ - INFO - run.main: Selected loras: []
2025-01-22 01:01:27,191 - load_models - INFO - load_models.get_model_params: No checkpoint specified, selected random checkpoint: meinaunreal_v5.safetensors
2025-01-22 01:01:27,191 - load_models - INFO - load_models.get_model_params: No loras specified, selected random loras: []
2025-01-22 01:01:27,191 - load_models - INFO - load_models.get_model_params: No embeddings specified, selected random embeddings: []
2025-01-22 01:01:27,191 - load_models - INFO - ===== Selected models & parameters: 
 {'checkpoint': 'meinaunreal_v5.safetensors', 'ckpt_clip_skip': '-2', 'ckpt_cfg': '7', 'ckpt_steps': '', 'ckpt_sampler': 'dpmpp_2m', 'ckpt_scheduler': 'Karras', 'ckpt_hires_fix': 'Y', 'num_loras': 0, 'num_embeddings': 0} =====
2025-01-22 01:01:27,193 - node_manipulation - INFO - node_manipulation.get_node_ID: Found node ID: 1
2025-01-22 01:01:27,193 - node_manipulation - INFO - node_manipulation.get_node_ID: Found node ID: 2
2025-01-22 01:01:27,194 - node_manipulation - INFO - node_manipulation.set_node_value: Successfully set stop_at_clip_layer to -2 for node 2 - CLIP Set Last Layer
2025-01-22 01:01:27,194 - node_manipulation - INFO - node_manipulation.get_node_ID: Found node ID: 9
2025-01-22 01:01:27,194 - node_manipulation - INFO - node_manipulation.set_KSampler: Successfully configured KSampler node: 9 - KSampler
2025-01-22 01:01:27,195 - node_manipulation - INFO - node_manipulation.get_node_ID: Found node ID: 16
2025-01-22 01:01:27,195 - node_manipulation - INFO - node_manipulation.set_KSampler: Successfully configured KSampler node: 16 - KS_up
2025-01-22 01:01:27,195 - gen_prompt - INFO - gen_prompt.get_object: Getting object with identifier: 10
2025-01-22 01:01:27,196 - gen_prompt - INFO - gen_prompt.get_object: Selected object: object_10
2025-01-22 01:01:27,196 - gen_prompt - INFO - Getting trigger words - checkpoint: meinaunreal_v5.safetensors, loras: [], embeddings: 
2025-01-22 01:01:27,197 - gen_prompt - WARNING - No Pos_trigger_select found for meinaunreal_v5.safetensors
2025-01-22 01:01:27,198 - gen_prompt - WARNING - No Neg_trigger_select found for meinaunreal_v5.safetensors
2025-01-22 01:01:27,199 - gen_prompt - INFO - gen_prompt.get_trigger_words: Final trigger words: 
 {'positive': '', 'negative': ''}
2025-01-22 01:01:27,202 - gen_prompt - INFO - gen_prompt.select_random_style: Total styles: 307, Included styles: 307
2025-01-22 01:01:27,202 - gen_prompt - INFO - Found style. Result: {'name': 'Painting-Watercolor', 'positive': 'Watercolor painting art style, transparent and delicate layers, luminous and ethereal effects, spontaneous and fluid compositions, subtle gradients and blending, captures light and atmosphere, creates soft and dreamy scenes', 'negative': 'signature, watermark, photo, photorealistic, realism, ugly, off-center, deformed, 35mm film, dslr, cropped, frame, worst quality, low quality, lowres, JPEG artifacts'}
2025-01-22 01:01:27,202 - gen_prompt - INFO - gen_prompt.gen_positive_prompt: Full positive prompt: 
 , , Watercolor painting art style, transparent and delicate layers, luminous and ethereal effects, spontaneous and fluid compositions, subtle gradients and blending, captures light and atmosphere, creates soft and dreamy scenes, masterpiece, best quality, ultra-detailed
2025-01-22 01:01:27,203 - node_manipulation - INFO - node_manipulation.get_node_ID: Found node ID: 3
2025-01-22 01:01:27,203 - node_manipulation - INFO - node_manipulation.set_positive_prompt: Successfully set prompt for node 3 - Positive
2025-01-22 01:01:27,203 - node_manipulation - INFO - node_manipulation.set_positive_prompt: Prompt: , , Watercolor painting art style, transparent and delicate layers, luminous and ethereal effects, spontaneous and fluid compositions, subtle gradients and blending, captures light and atmosphere, creates soft and dreamy scenes, masterpiece, best quality, ultra-detailed
2025-01-22 01:01:27,204 - gen_prompt - INFO - gen_prompt.get_object: Getting object with identifier: 10
2025-01-22 01:01:27,204 - gen_prompt - INFO - gen_prompt.get_object: Selected object: object_10
2025-01-22 01:01:27,205 - gen_prompt - INFO - Getting trigger words - checkpoint: meinaunreal_v5.safetensors, loras: [], embeddings: 
2025-01-22 01:01:27,206 - gen_prompt - WARNING - No Pos_trigger_select found for meinaunreal_v5.safetensors
2025-01-22 01:01:27,207 - gen_prompt - WARNING - No Neg_trigger_select found for meinaunreal_v5.safetensors
2025-01-22 01:01:27,207 - gen_prompt - INFO - gen_prompt.get_trigger_words: Final trigger words: 
 {'positive': '', 'negative': ''}
2025-01-22 01:01:27,210 - gen_prompt - INFO - gen_prompt.select_random_style: Total styles: 307, Included styles: 307
2025-01-22 01:01:27,211 - gen_prompt - INFO - Found style. Result: {'name': 'Painting-Watercolor', 'positive': 'Watercolor painting art style, transparent and delicate layers, luminous and ethereal effects, spontaneous and fluid compositions, subtle gradients and blending, captures light and atmosphere, creates soft and dreamy scenes', 'negative': 'signature, watermark, photo, photorealistic, realism, ugly, off-center, deformed, 35mm film, dslr, cropped, frame, worst quality, low quality, lowres, JPEG artifacts'}
2025-01-22 01:01:27,211 - gen_prompt - INFO - gen_prompt.gen_negative_prompt: Full negative prompt: 
 signature, watermark, photo, photorealistic, realism, ugly, off-center, deformed, 35mm film, dslr, cropped, frame, worst quality, low quality, lowres, JPEG artifacts, watermark, bad quality, low quality, low resolution
2025-01-22 01:01:27,211 - node_manipulation - INFO - node_manipulation.get_node_ID: Found node ID: 4
2025-01-22 01:01:27,212 - node_manipulation - INFO - node_manipulation.set_negative_prompt: Successfully set prompt for node 4 - Negative
2025-01-22 01:01:27,212 - node_manipulation - INFO - node_manipulation.set_negative_prompt: Prompt: signature, watermark, photo, photorealistic, realism, ugly, off-center, deformed, 35mm film, dslr, cropped, frame, worst quality, low quality, lowres, JPEG artifacts, watermark, bad quality, low quality, low resolution
2025-01-22 01:01:27,212 - node_manipulation - INFO - node_manipulation.get_node_ID: Found node ID: 10
2025-01-22 01:01:27,213 - node_manipulation - INFO - node_manipulation.set_resolution: Successfully set resolution 912x512 for node Empty Latent Image - 10
2025-01-22 01:01:27,213 - node_manipulation - INFO - node_manipulation.get_node_ID: Found node ID: 17
2025-01-22 01:01:27,213 - node_manipulation - INFO - node_manipulation.set_resolution: Successfully set resolution 1824x1024 for node Up_res - 17
2025-01-22 01:01:27,213 - node_manipulation - INFO - node_manipulation.get_node_ID: Found node ID: 12
2025-01-22 01:01:27,213 - node_manipulation - INFO - node_manipulation.get_node_ID: Found node ID: 18
2025-01-22 01:01:27,214 - node_manipulation - INFO - node_manipulation.update_node_input(): Successfully updated input for node 12 with key images to 18
2025-01-22 01:01:27,224 - load_models - INFO - load_models.queue_workflow: Response: {"prompt_id": "91ec0113-a965-4743-b294-9df510db5c47", "number": 99, "node_errors": {}}
