2025-01-13 20:35:19,560 - __main__ - INFO - Starting workflow generation
2025-01-13 20:35:19,575 - __main__ - INFO - Processing style: Photography - Cinematic
2025-01-13 20:35:19,576 - load_models - INFO - Selecting models - num_loras: 2, checkpoint: meinamix_v12Final.safetensors
2025-01-13 20:35:19,580 - gen_prompt - INFO - Generating positive prompt - style: Photography - Cinematic
2025-01-13 20:35:19,580 - gen_prompt - INFO - Getting trigger words - checkpoint: meinamix_v12Final.safetensors, loras: tifa_v2.3.safetensors, more_details.safetensors
2025-01-13 20:35:19,580 - gen_prompt - INFO - Searching for Checkpoint: meinamix_v12Final.safetensors
2025-01-13 20:35:19,581 - gen_prompt - WARNING - No trigger_select found for meinamix_v12Final.safetensors
2025-01-13 20:35:19,581 - gen_prompt - INFO - Searching for Lora: tifa_v2.3.safetensors
2025-01-13 20:35:19,581 - gen_prompt - INFO - Searching for Lora: more_details.safetensors
2025-01-13 20:35:19,582 - gen_prompt - WARNING - No trigger_select found for more_details.safetensors
2025-01-13 20:35:19,582 - gen_prompt - INFO - Final trigger words: tifa lockhart,  red_eyes,  black hair,  long hair
2025-01-13 20:35:19,582 - gen_prompt - INFO - Generating style prompt - style_name: Photography - Cinematic
2025-01-13 20:35:19,584 - gen_prompt - INFO - Found style. Result: {'name': 'Photography - Cinematic', 'positive': 'Cinematic photography, movie mood, cinematic light, compelling composition, storytelling elements, conveys emotion, mood, and narrative depth, creating visually striking images that feel like still frames from a film', 'negative': 'bad anatomy, comics, cropped, cross-eyed, worst quality, low quality, painting, 3D render, drawing, crayon, sketch, graphite, impressionist, cartoon, anime, noisy, blurry, soft, deformed, ugly, lowres, low details, JPEG artifacts, airbrushed, semi-realistic, CGI, render, Blender, digital art, manga, amateur, mutilated, distorted'}
2025-01-13 20:35:19,585 - gen_prompt - INFO - Generated positive prompt: 1girl, a angel girl with huge wings, intricate lingerie, burning heart, kneeing, tifa lockhart,  red_eyes,  black hair,  long hair, Cinematic photography, movie mood, cinematic light, compelling composition, storytelling elements, conveys emotion, mood, and narrative depth, creating visually striking images that feel like still frames from a film, masterpiece, best quality, ultra-detailed
2025-01-13 20:35:19,586 - gen_prompt - INFO - Generating negative prompt - style: Photography - Cinematic
2025-01-13 20:35:19,586 - gen_prompt - INFO - Generating style prompt - style_name: Photography - Cinematic
2025-01-13 20:35:19,588 - gen_prompt - INFO - Found style. Result: {'name': 'Photography - Cinematic', 'positive': 'Cinematic photography, movie mood, cinematic light, compelling composition, storytelling elements, conveys emotion, mood, and narrative depth, creating visually striking images that feel like still frames from a film', 'negative': 'bad anatomy, comics, cropped, cross-eyed, worst quality, low quality, painting, 3D render, drawing, crayon, sketch, graphite, impressionist, cartoon, anime, noisy, blurry, soft, deformed, ugly, lowres, low details, JPEG artifacts, airbrushed, semi-realistic, CGI, render, Blender, digital art, manga, amateur, mutilated, distorted'}
2025-01-13 20:35:19,588 - gen_prompt - INFO - Generated negative prompt: bad anatomy, comics, cropped, cross-eyed, worst quality, low quality, painting, 3D render, drawing, crayon, sketch, graphite, impressionist, cartoon, anime, noisy, blurry, soft, deformed, ugly, lowres, low details, JPEG artifacts, airbrushed, semi-realistic, CGI, render, Blender, digital art, manga, amateur, mutilated, distorted, embedding:EasyNegative, bad quality, low quality, low resolution
2025-01-13 20:35:19,591 - load_models - INFO - Queueing workflow
2025-01-13 20:35:19,856 - load_models - INFO - Response: {"prompt_id": "edb05718-2a38-453c-9c18-ffb815da8aed", "number": 6252, "node_errors": {}}
2025-01-13 20:35:19,857 - load_models - INFO - Selecting models - num_loras: 1, checkpoint: meinamix_v12Final.safetensors
2025-01-13 20:35:19,863 - gen_prompt - INFO - Generating positive prompt - style: Photography - Cinematic
2025-01-13 20:35:19,863 - gen_prompt - INFO - Getting trigger words - checkpoint: meinamix_v12Final.safetensors, loras: Drawing.safetensors
2025-01-13 20:35:19,863 - gen_prompt - INFO - Searching for Checkpoint: meinamix_v12Final.safetensors
2025-01-13 20:35:19,864 - gen_prompt - WARNING - No trigger_select found for meinamix_v12Final.safetensors
2025-01-13 20:35:19,864 - gen_prompt - INFO - Searching for Lora: Drawing.safetensors
2025-01-13 20:35:19,865 - gen_prompt - WARNING - No trigger_select found for Drawing.safetensors
2025-01-13 20:35:19,865 - gen_prompt - INFO - Final trigger words: 
2025-01-13 20:35:19,865 - gen_prompt - INFO - Generating style prompt - style_name: Photography - Cinematic
2025-01-13 20:35:19,867 - gen_prompt - INFO - Found style. Result: {'name': 'Photography - Cinematic', 'positive': 'Cinematic photography, movie mood, cinematic light, compelling composition, storytelling elements, conveys emotion, mood, and narrative depth, creating visually striking images that feel like still frames from a film', 'negative': 'bad anatomy, comics, cropped, cross-eyed, worst quality, low quality, painting, 3D render, drawing, crayon, sketch, graphite, impressionist, cartoon, anime, noisy, blurry, soft, deformed, ugly, lowres, low details, JPEG artifacts, airbrushed, semi-realistic, CGI, render, Blender, digital art, manga, amateur, mutilated, distorted'}
2025-01-13 20:35:19,867 - gen_prompt - INFO - Generated positive prompt: 1girl, a demon girl with glowing tatoo on skin, smiling at viewer, combat pose, , Cinematic photography, movie mood, cinematic light, compelling composition, storytelling elements, conveys emotion, mood, and narrative depth, creating visually striking images that feel like still frames from a film, masterpiece, best quality, ultra-detailed
2025-01-13 20:35:19,868 - gen_prompt - INFO - Generating negative prompt - style: Photography - Cinematic
2025-01-13 20:35:19,869 - gen_prompt - INFO - Generating style prompt - style_name: Photography - Cinematic
2025-01-13 20:35:19,870 - gen_prompt - INFO - Found style. Result: {'name': 'Photography - Cinematic', 'positive': 'Cinematic photography, movie mood, cinematic light, compelling composition, storytelling elements, conveys emotion, mood, and narrative depth, creating visually striking images that feel like still frames from a film', 'negative': 'bad anatomy, comics, cropped, cross-eyed, worst quality, low quality, painting, 3D render, drawing, crayon, sketch, graphite, impressionist, cartoon, anime, noisy, blurry, soft, deformed, ugly, lowres, low details, JPEG artifacts, airbrushed, semi-realistic, CGI, render, Blender, digital art, manga, amateur, mutilated, distorted'}
2025-01-13 20:35:19,871 - gen_prompt - INFO - Generated negative prompt: bad anatomy, comics, cropped, cross-eyed, worst quality, low quality, painting, 3D render, drawing, crayon, sketch, graphite, impressionist, cartoon, anime, noisy, blurry, soft, deformed, ugly, lowres, low details, JPEG artifacts, airbrushed, semi-realistic, CGI, render, Blender, digital art, manga, amateur, mutilated, distorted, embedding:EasyNegative, bad quality, low quality, low resolution
2025-01-13 20:35:19,874 - load_models - INFO - Queueing workflow
2025-01-13 20:35:19,886 - load_models - INFO - Response: {"prompt_id": "eeba70c0-9ce4-4513-9305-d1c6c6b8cb29", "number": 6253, "node_errors": {}}
2025-01-13 20:35:19,887 - load_models - INFO - Selecting models - num_loras: 2, checkpoint: meinamix_v12Final.safetensors
2025-01-13 20:35:19,891 - gen_prompt - INFO - Generating positive prompt - style: Photography - Cinematic
2025-01-13 20:35:19,891 - gen_prompt - INFO - Getting trigger words - checkpoint: meinamix_v12Final.safetensors, loras: GoodHands-beta2.safetensors, bichu-v0612.safetensors
2025-01-13 20:35:19,892 - gen_prompt - INFO - Searching for Checkpoint: meinamix_v12Final.safetensors
2025-01-13 20:35:19,892 - gen_prompt - WARNING - No trigger_select found for meinamix_v12Final.safetensors
2025-01-13 20:35:19,893 - gen_prompt - INFO - Searching for Lora: GoodHands-beta2.safetensors
2025-01-13 20:35:19,893 - gen_prompt - WARNING - No trigger_select found for GoodHands-beta2.safetensors
2025-01-13 20:35:19,893 - gen_prompt - INFO - Searching for Lora: bichu-v0612.safetensors
2025-01-13 20:35:19,894 - gen_prompt - INFO - Final trigger words: bichu,  oil painting,  impressionism
2025-01-13 20:35:19,894 - gen_prompt - INFO - Generating style prompt - style_name: Photography - Cinematic
2025-01-13 20:35:19,895 - gen_prompt - INFO - Found style. Result: {'name': 'Photography - Cinematic', 'positive': 'Cinematic photography, movie mood, cinematic light, compelling composition, storytelling elements, conveys emotion, mood, and narrative depth, creating visually striking images that feel like still frames from a film', 'negative': 'bad anatomy, comics, cropped, cross-eyed, worst quality, low quality, painting, 3D render, drawing, crayon, sketch, graphite, impressionist, cartoon, anime, noisy, blurry, soft, deformed, ugly, lowres, low details, JPEG artifacts, airbrushed, semi-realistic, CGI, render, Blender, digital art, manga, amateur, mutilated, distorted'}
2025-01-13 20:35:19,896 - gen_prompt - INFO - Generated positive prompt: 1girl, a demon girl with glowing tatoo on skin, smiling at viewer, combat pose, bichu,  oil painting,  impressionism, Cinematic photography, movie mood, cinematic light, compelling composition, storytelling elements, conveys emotion, mood, and narrative depth, creating visually striking images that feel like still frames from a film, masterpiece, best quality, ultra-detailed
2025-01-13 20:35:19,897 - gen_prompt - INFO - Generating negative prompt - style: Photography - Cinematic
2025-01-13 20:35:19,897 - gen_prompt - INFO - Generating style prompt - style_name: Photography - Cinematic
2025-01-13 20:35:19,899 - gen_prompt - INFO - Found style. Result: {'name': 'Photography - Cinematic', 'positive': 'Cinematic photography, movie mood, cinematic light, compelling composition, storytelling elements, conveys emotion, mood, and narrative depth, creating visually striking images that feel like still frames from a film', 'negative': 'bad anatomy, comics, cropped, cross-eyed, worst quality, low quality, painting, 3D render, drawing, crayon, sketch, graphite, impressionist, cartoon, anime, noisy, blurry, soft, deformed, ugly, lowres, low details, JPEG artifacts, airbrushed, semi-realistic, CGI, render, Blender, digital art, manga, amateur, mutilated, distorted'}
2025-01-13 20:35:19,900 - gen_prompt - INFO - Generated negative prompt: bad anatomy, comics, cropped, cross-eyed, worst quality, low quality, painting, 3D render, drawing, crayon, sketch, graphite, impressionist, cartoon, anime, noisy, blurry, soft, deformed, ugly, lowres, low details, JPEG artifacts, airbrushed, semi-realistic, CGI, render, Blender, digital art, manga, amateur, mutilated, distorted, embedding:EasyNegative, bad quality, low quality, low resolution
2025-01-13 20:35:19,903 - load_models - INFO - Queueing workflow
2025-01-13 20:35:20,277 - load_models - INFO - Response: {"prompt_id": "6e9d758d-40c2-481a-b807-77e9689e7114", "number": 6254, "node_errors": {}}
2025-01-13 20:35:20,278 - load_models - INFO - Selecting models - num_loras: 2, checkpoint: meinamix_v12Final.safetensors
2025-01-13 20:35:20,283 - gen_prompt - INFO - Generating positive prompt - style: Photography - Cinematic
2025-01-13 20:35:20,284 - gen_prompt - INFO - Getting trigger words - checkpoint: meinamix_v12Final.safetensors, loras: nier_anime_style_offset.safetensors, AbstractMalePortraits_v2R_60_R-128.safetensors
2025-01-13 20:35:20,284 - gen_prompt - INFO - Searching for Checkpoint: meinamix_v12Final.safetensors
2025-01-13 20:35:20,285 - gen_prompt - WARNING - No trigger_select found for meinamix_v12Final.safetensors
2025-01-13 20:35:20,285 - gen_prompt - INFO - Searching for Lora: nier_anime_style_offset.safetensors
2025-01-13 20:35:20,286 - gen_prompt - INFO - Searching for Lora: AbstractMalePortraits_v2R_60_R-128.safetensors
2025-01-13 20:35:20,286 - gen_prompt - INFO - Final trigger words: nier anime style, pxint
2025-01-13 20:35:20,286 - gen_prompt - INFO - Generating style prompt - style_name: Photography - Cinematic
2025-01-13 20:35:20,289 - gen_prompt - INFO - Found style. Result: {'name': 'Photography - Cinematic', 'positive': 'Cinematic photography, movie mood, cinematic light, compelling composition, storytelling elements, conveys emotion, mood, and narrative depth, creating visually striking images that feel like still frames from a film', 'negative': 'bad anatomy, comics, cropped, cross-eyed, worst quality, low quality, painting, 3D render, drawing, crayon, sketch, graphite, impressionist, cartoon, anime, noisy, blurry, soft, deformed, ugly, lowres, low details, JPEG artifacts, airbrushed, semi-realistic, CGI, render, Blender, digital art, manga, amateur, mutilated, distorted'}
2025-01-13 20:35:20,289 - gen_prompt - INFO - Generated positive prompt: 1girl, a cat girl, wearing a cat outfit, holding a cat toy, smiling at viewer, nier anime style, pxint, Cinematic photography, movie mood, cinematic light, compelling composition, storytelling elements, conveys emotion, mood, and narrative depth, creating visually striking images that feel like still frames from a film, masterpiece, best quality, ultra-detailed
2025-01-13 20:35:20,290 - gen_prompt - INFO - Generating negative prompt - style: Photography - Cinematic
2025-01-13 20:35:20,290 - gen_prompt - INFO - Generating style prompt - style_name: Photography - Cinematic
2025-01-13 20:35:20,292 - gen_prompt - INFO - Found style. Result: {'name': 'Photography - Cinematic', 'positive': 'Cinematic photography, movie mood, cinematic light, compelling composition, storytelling elements, conveys emotion, mood, and narrative depth, creating visually striking images that feel like still frames from a film', 'negative': 'bad anatomy, comics, cropped, cross-eyed, worst quality, low quality, painting, 3D render, drawing, crayon, sketch, graphite, impressionist, cartoon, anime, noisy, blurry, soft, deformed, ugly, lowres, low details, JPEG artifacts, airbrushed, semi-realistic, CGI, render, Blender, digital art, manga, amateur, mutilated, distorted'}
2025-01-13 20:35:20,292 - gen_prompt - INFO - Generated negative prompt: bad anatomy, comics, cropped, cross-eyed, worst quality, low quality, painting, 3D render, drawing, crayon, sketch, graphite, impressionist, cartoon, anime, noisy, blurry, soft, deformed, ugly, lowres, low details, JPEG artifacts, airbrushed, semi-realistic, CGI, render, Blender, digital art, manga, amateur, mutilated, distorted, embedding:EasyNegative, bad quality, low quality, low resolution
2025-01-13 20:35:20,295 - load_models - INFO - Queueing workflow
2025-01-13 20:35:20,304 - load_models - INFO - Response: {"prompt_id": "242666f1-09b7-4225-b54a-1185dd7d38d2", "number": 6255, "node_errors": {}}
2025-01-13 20:35:20,305 - load_models - INFO - Selecting models - num_loras: 2, checkpoint: meinamix_v12Final.safetensors
2025-01-13 20:35:20,309 - gen_prompt - INFO - Generating positive prompt - style: Photography - Cinematic
2025-01-13 20:35:20,309 - gen_prompt - INFO - Getting trigger words - checkpoint: meinamix_v12Final.safetensors, loras: more_details.safetensors, GoodHands-beta2.safetensors
2025-01-13 20:35:20,309 - gen_prompt - INFO - Searching for Checkpoint: meinamix_v12Final.safetensors
2025-01-13 20:35:20,310 - gen_prompt - WARNING - No trigger_select found for meinamix_v12Final.safetensors
2025-01-13 20:35:20,310 - gen_prompt - INFO - Searching for Lora: more_details.safetensors
2025-01-13 20:35:20,311 - gen_prompt - WARNING - No trigger_select found for more_details.safetensors
2025-01-13 20:35:20,311 - gen_prompt - INFO - Searching for Lora: GoodHands-beta2.safetensors
2025-01-13 20:35:20,312 - gen_prompt - WARNING - No trigger_select found for GoodHands-beta2.safetensors
2025-01-13 20:35:20,312 - gen_prompt - INFO - Final trigger words: 
2025-01-13 20:35:20,312 - gen_prompt - INFO - Generating style prompt - style_name: Photography - Cinematic
2025-01-13 20:35:20,314 - gen_prompt - INFO - Found style. Result: {'name': 'Photography - Cinematic', 'positive': 'Cinematic photography, movie mood, cinematic light, compelling composition, storytelling elements, conveys emotion, mood, and narrative depth, creating visually striking images that feel like still frames from a film', 'negative': 'bad anatomy, comics, cropped, cross-eyed, worst quality, low quality, painting, 3D render, drawing, crayon, sketch, graphite, impressionist, cartoon, anime, noisy, blurry, soft, deformed, ugly, lowres, low details, JPEG artifacts, airbrushed, semi-realistic, CGI, render, Blender, digital art, manga, amateur, mutilated, distorted'}
2025-01-13 20:35:20,315 - gen_prompt - INFO - Generated positive prompt: 1girl, a cat girl, wearing a cat outfit, holding a cat toy, smiling at viewer, , Cinematic photography, movie mood, cinematic light, compelling composition, storytelling elements, conveys emotion, mood, and narrative depth, creating visually striking images that feel like still frames from a film, masterpiece, best quality, ultra-detailed
2025-01-13 20:35:20,316 - gen_prompt - INFO - Generating negative prompt - style: Photography - Cinematic
2025-01-13 20:35:20,316 - gen_prompt - INFO - Generating style prompt - style_name: Photography - Cinematic
2025-01-13 20:35:20,318 - gen_prompt - INFO - Found style. Result: {'name': 'Photography - Cinematic', 'positive': 'Cinematic photography, movie mood, cinematic light, compelling composition, storytelling elements, conveys emotion, mood, and narrative depth, creating visually striking images that feel like still frames from a film', 'negative': 'bad anatomy, comics, cropped, cross-eyed, worst quality, low quality, painting, 3D render, drawing, crayon, sketch, graphite, impressionist, cartoon, anime, noisy, blurry, soft, deformed, ugly, lowres, low details, JPEG artifacts, airbrushed, semi-realistic, CGI, render, Blender, digital art, manga, amateur, mutilated, distorted'}
2025-01-13 20:35:20,318 - gen_prompt - INFO - Generated negative prompt: bad anatomy, comics, cropped, cross-eyed, worst quality, low quality, painting, 3D render, drawing, crayon, sketch, graphite, impressionist, cartoon, anime, noisy, blurry, soft, deformed, ugly, lowres, low details, JPEG artifacts, airbrushed, semi-realistic, CGI, render, Blender, digital art, manga, amateur, mutilated, distorted, embedding:EasyNegative, bad quality, low quality, low resolution
2025-01-13 20:35:20,322 - load_models - INFO - Queueing workflow
2025-01-13 20:35:20,337 - load_models - INFO - Response: {"prompt_id": "062f4623-9c8b-4ae0-8677-fe9306cac090", "number": 6256, "node_errors": {}}
2025-01-13 20:35:20,338 - load_models - INFO - Selecting models - num_loras: 1, checkpoint: meinamix_v12Final.safetensors
2025-01-13 20:35:20,341 - gen_prompt - INFO - Generating positive prompt - style: Photography - Cinematic
2025-01-13 20:35:20,341 - gen_prompt - INFO - Getting trigger words - checkpoint: meinamix_v12Final.safetensors, loras: manga2_by_XUEBI.safetensors
2025-01-13 20:35:20,341 - gen_prompt - INFO - Searching for Checkpoint: meinamix_v12Final.safetensors
2025-01-13 20:35:20,342 - gen_prompt - WARNING - No trigger_select found for meinamix_v12Final.safetensors
2025-01-13 20:35:20,342 - gen_prompt - INFO - Searching for Lora: manga2_by_XUEBI.safetensors
2025-01-13 20:35:20,343 - gen_prompt - INFO - Final trigger words: monochrome, greyscale, comic
2025-01-13 20:35:20,343 - gen_prompt - INFO - Generating style prompt - style_name: Photography - Cinematic
2025-01-13 20:35:20,345 - gen_prompt - INFO - Found style. Result: {'name': 'Photography - Cinematic', 'positive': 'Cinematic photography, movie mood, cinematic light, compelling composition, storytelling elements, conveys emotion, mood, and narrative depth, creating visually striking images that feel like still frames from a film', 'negative': 'bad anatomy, comics, cropped, cross-eyed, worst quality, low quality, painting, 3D render, drawing, crayon, sketch, graphite, impressionist, cartoon, anime, noisy, blurry, soft, deformed, ugly, lowres, low details, JPEG artifacts, airbrushed, semi-realistic, CGI, render, Blender, digital art, manga, amateur, mutilated, distorted'}
2025-01-13 20:35:20,345 - gen_prompt - INFO - Generated positive prompt: 1girl, a demon girl with glowing tatoo on skin, burning hair, full body shot, monochrome, greyscale, comic, Cinematic photography, movie mood, cinematic light, compelling composition, storytelling elements, conveys emotion, mood, and narrative depth, creating visually striking images that feel like still frames from a film, masterpiece, best quality, ultra-detailed
2025-01-13 20:35:20,347 - gen_prompt - INFO - Generating negative prompt - style: Photography - Cinematic
2025-01-13 20:35:20,348 - gen_prompt - INFO - Generating style prompt - style_name: Photography - Cinematic
2025-01-13 20:35:20,349 - gen_prompt - INFO - Found style. Result: {'name': 'Photography - Cinematic', 'positive': 'Cinematic photography, movie mood, cinematic light, compelling composition, storytelling elements, conveys emotion, mood, and narrative depth, creating visually striking images that feel like still frames from a film', 'negative': 'bad anatomy, comics, cropped, cross-eyed, worst quality, low quality, painting, 3D render, drawing, crayon, sketch, graphite, impressionist, cartoon, anime, noisy, blurry, soft, deformed, ugly, lowres, low details, JPEG artifacts, airbrushed, semi-realistic, CGI, render, Blender, digital art, manga, amateur, mutilated, distorted'}
2025-01-13 20:35:20,350 - gen_prompt - INFO - Generated negative prompt: bad anatomy, comics, cropped, cross-eyed, worst quality, low quality, painting, 3D render, drawing, crayon, sketch, graphite, impressionist, cartoon, anime, noisy, blurry, soft, deformed, ugly, lowres, low details, JPEG artifacts, airbrushed, semi-realistic, CGI, render, Blender, digital art, manga, amateur, mutilated, distorted, embedding:EasyNegative, bad quality, low quality, low resolution
2025-01-13 20:35:20,352 - load_models - INFO - Queueing workflow
2025-01-13 20:35:20,358 - load_models - INFO - Response: {"prompt_id": "96d6e851-81f4-4396-9799-3969a40f63bb", "number": 6257, "node_errors": {}}
2025-01-13 20:35:20,359 - load_models - INFO - Selecting models - num_loras: 3, checkpoint: meinamix_v12Final.safetensors
2025-01-13 20:35:20,367 - gen_prompt - INFO - Generating positive prompt - style: Photography - Cinematic
2025-01-13 20:35:20,367 - gen_prompt - INFO - Getting trigger words - checkpoint: meinamix_v12Final.safetensors, loras: animeoutlineV4_16.safetensors, more_details.safetensors, manga2_by_XUEBI.safetensors
2025-01-13 20:35:20,368 - gen_prompt - INFO - Searching for Checkpoint: meinamix_v12Final.safetensors
2025-01-13 20:35:20,368 - gen_prompt - WARNING - No trigger_select found for meinamix_v12Final.safetensors
2025-01-13 20:35:20,368 - gen_prompt - INFO - Searching for Lora: animeoutlineV4_16.safetensors
2025-01-13 20:35:20,369 - gen_prompt - INFO - Searching for Lora: more_details.safetensors
2025-01-13 20:35:20,370 - gen_prompt - WARNING - No trigger_select found for more_details.safetensors
2025-01-13 20:35:20,370 - gen_prompt - INFO - Searching for Lora: manga2_by_XUEBI.safetensors
2025-01-13 20:35:20,370 - gen_prompt - INFO - Final trigger words: lineart,  monochrome, monochrome, greyscale, comic
2025-01-13 20:35:20,370 - gen_prompt - INFO - Generating style prompt - style_name: Photography - Cinematic
2025-01-13 20:35:20,372 - gen_prompt - INFO - Found style. Result: {'name': 'Photography - Cinematic', 'positive': 'Cinematic photography, movie mood, cinematic light, compelling composition, storytelling elements, conveys emotion, mood, and narrative depth, creating visually striking images that feel like still frames from a film', 'negative': 'bad anatomy, comics, cropped, cross-eyed, worst quality, low quality, painting, 3D render, drawing, crayon, sketch, graphite, impressionist, cartoon, anime, noisy, blurry, soft, deformed, ugly, lowres, low details, JPEG artifacts, airbrushed, semi-realistic, CGI, render, Blender, digital art, manga, amateur, mutilated, distorted'}
2025-01-13 20:35:20,374 - gen_prompt - INFO - Generated positive prompt: 1girl, a angel girl with huge wings, intricate lingerie, burning heart, kneeing, lineart,  monochrome, monochrome, greyscale, comic, Cinematic photography, movie mood, cinematic light, compelling composition, storytelling elements, conveys emotion, mood, and narrative depth, creating visually striking images that feel like still frames from a film, masterpiece, best quality, ultra-detailed
2025-01-13 20:35:20,374 - gen_prompt - INFO - Generating negative prompt - style: Photography - Cinematic
2025-01-13 20:35:20,375 - gen_prompt - INFO - Generating style prompt - style_name: Photography - Cinematic
2025-01-13 20:35:20,376 - gen_prompt - INFO - Found style. Result: {'name': 'Photography - Cinematic', 'positive': 'Cinematic photography, movie mood, cinematic light, compelling composition, storytelling elements, conveys emotion, mood, and narrative depth, creating visually striking images that feel like still frames from a film', 'negative': 'bad anatomy, comics, cropped, cross-eyed, worst quality, low quality, painting, 3D render, drawing, crayon, sketch, graphite, impressionist, cartoon, anime, noisy, blurry, soft, deformed, ugly, lowres, low details, JPEG artifacts, airbrushed, semi-realistic, CGI, render, Blender, digital art, manga, amateur, mutilated, distorted'}
2025-01-13 20:35:20,377 - gen_prompt - INFO - Generated negative prompt: bad anatomy, comics, cropped, cross-eyed, worst quality, low quality, painting, 3D render, drawing, crayon, sketch, graphite, impressionist, cartoon, anime, noisy, blurry, soft, deformed, ugly, lowres, low details, JPEG artifacts, airbrushed, semi-realistic, CGI, render, Blender, digital art, manga, amateur, mutilated, distorted, embedding:EasyNegative, bad quality, low quality, low resolution
2025-01-13 20:35:20,379 - load_models - INFO - Queueing workflow
2025-01-13 20:35:20,446 - load_models - INFO - Response: {"prompt_id": "04eff0d1-f588-4387-878f-00dca672d813", "number": 6258, "node_errors": {}}
2025-01-13 20:35:20,447 - load_models - INFO - Selecting models - num_loras: 4, checkpoint: meinamix_v12Final.safetensors
2025-01-13 20:35:20,452 - gen_prompt - INFO - Generating positive prompt - style: Photography - Cinematic
2025-01-13 20:35:20,452 - gen_prompt - INFO - Getting trigger words - checkpoint: meinamix_v12Final.safetensors, loras: AbstractPortrait_50_R.safetensors, backlight_slider_v10.safetensors, Drawing.safetensors, add_detail.safetensors
2025-01-13 20:35:20,453 - gen_prompt - INFO - Searching for Checkpoint: meinamix_v12Final.safetensors
2025-01-13 20:35:20,453 - gen_prompt - WARNING - No trigger_select found for meinamix_v12Final.safetensors
2025-01-13 20:35:20,453 - gen_prompt - INFO - Searching for Lora: AbstractPortrait_50_R.safetensors
2025-01-13 20:35:20,454 - gen_prompt - INFO - Searching for Lora: backlight_slider_v10.safetensors
2025-01-13 20:35:20,454 - gen_prompt - INFO - Searching for Lora: Drawing.safetensors
2025-01-13 20:35:20,455 - gen_prompt - WARNING - No trigger_select found for Drawing.safetensors
2025-01-13 20:35:20,455 - gen_prompt - INFO - Searching for Lora: add_detail.safetensors
2025-01-13 20:35:20,456 - gen_prompt - WARNING - No trigger_select found for add_detail.safetensors
2025-01-13 20:35:20,456 - gen_prompt - INFO - Final trigger words: pxint, Add lightsource to front
2025-01-13 20:35:20,456 - gen_prompt - INFO - Generating style prompt - style_name: Photography - Cinematic
2025-01-13 20:35:20,458 - gen_prompt - INFO - Found style. Result: {'name': 'Photography - Cinematic', 'positive': 'Cinematic photography, movie mood, cinematic light, compelling composition, storytelling elements, conveys emotion, mood, and narrative depth, creating visually striking images that feel like still frames from a film', 'negative': 'bad anatomy, comics, cropped, cross-eyed, worst quality, low quality, painting, 3D render, drawing, crayon, sketch, graphite, impressionist, cartoon, anime, noisy, blurry, soft, deformed, ugly, lowres, low details, JPEG artifacts, airbrushed, semi-realistic, CGI, render, Blender, digital art, manga, amateur, mutilated, distorted'}
2025-01-13 20:35:20,458 - gen_prompt - INFO - Generated positive prompt: 1girl, a cat girl, wearing a cat outfit, holding a cat toy, smiling at viewer, pxint, Add lightsource to front, Cinematic photography, movie mood, cinematic light, compelling composition, storytelling elements, conveys emotion, mood, and narrative depth, creating visually striking images that feel like still frames from a film, masterpiece, best quality, ultra-detailed
2025-01-13 20:35:20,460 - gen_prompt - INFO - Generating negative prompt - style: Photography - Cinematic
2025-01-13 20:35:20,460 - gen_prompt - INFO - Generating style prompt - style_name: Photography - Cinematic
2025-01-13 20:35:20,462 - gen_prompt - INFO - Found style. Result: {'name': 'Photography - Cinematic', 'positive': 'Cinematic photography, movie mood, cinematic light, compelling composition, storytelling elements, conveys emotion, mood, and narrative depth, creating visually striking images that feel like still frames from a film', 'negative': 'bad anatomy, comics, cropped, cross-eyed, worst quality, low quality, painting, 3D render, drawing, crayon, sketch, graphite, impressionist, cartoon, anime, noisy, blurry, soft, deformed, ugly, lowres, low details, JPEG artifacts, airbrushed, semi-realistic, CGI, render, Blender, digital art, manga, amateur, mutilated, distorted'}
2025-01-13 20:35:20,462 - gen_prompt - INFO - Generated negative prompt: bad anatomy, comics, cropped, cross-eyed, worst quality, low quality, painting, 3D render, drawing, crayon, sketch, graphite, impressionist, cartoon, anime, noisy, blurry, soft, deformed, ugly, lowres, low details, JPEG artifacts, airbrushed, semi-realistic, CGI, render, Blender, digital art, manga, amateur, mutilated, distorted, embedding:EasyNegative, bad quality, low quality, low resolution
2025-01-13 20:35:20,466 - load_models - INFO - Queueing workflow
2025-01-13 20:35:20,502 - load_models - INFO - Response: {"prompt_id": "57f6cb29-6241-4665-8d7a-cadb3ef652a1", "number": 6259, "node_errors": {}}
2025-01-13 20:35:20,503 - load_models - INFO - Selecting models - num_loras: 2, checkpoint: meinamix_v12Final.safetensors
2025-01-13 20:35:20,506 - gen_prompt - INFO - Generating positive prompt - style: Photography - Cinematic
2025-01-13 20:35:20,508 - gen_prompt - INFO - Getting trigger words - checkpoint: meinamix_v12Final.safetensors, loras: GoodHands-beta2.safetensors, manga2_by_XUEBI.safetensors
2025-01-13 20:35:20,508 - gen_prompt - INFO - Searching for Checkpoint: meinamix_v12Final.safetensors
2025-01-13 20:35:20,509 - gen_prompt - WARNING - No trigger_select found for meinamix_v12Final.safetensors
2025-01-13 20:35:20,509 - gen_prompt - INFO - Searching for Lora: GoodHands-beta2.safetensors
2025-01-13 20:35:20,510 - gen_prompt - WARNING - No trigger_select found for GoodHands-beta2.safetensors
2025-01-13 20:35:20,510 - gen_prompt - INFO - Searching for Lora: manga2_by_XUEBI.safetensors
2025-01-13 20:35:20,511 - gen_prompt - INFO - Final trigger words: monochrome, greyscale, comic
2025-01-13 20:35:20,511 - gen_prompt - INFO - Generating style prompt - style_name: Photography - Cinematic
2025-01-13 20:35:20,513 - gen_prompt - INFO - Found style. Result: {'name': 'Photography - Cinematic', 'positive': 'Cinematic photography, movie mood, cinematic light, compelling composition, storytelling elements, conveys emotion, mood, and narrative depth, creating visually striking images that feel like still frames from a film', 'negative': 'bad anatomy, comics, cropped, cross-eyed, worst quality, low quality, painting, 3D render, drawing, crayon, sketch, graphite, impressionist, cartoon, anime, noisy, blurry, soft, deformed, ugly, lowres, low details, JPEG artifacts, airbrushed, semi-realistic, CGI, render, Blender, digital art, manga, amateur, mutilated, distorted'}
2025-01-13 20:35:20,513 - gen_prompt - INFO - Generated positive prompt: 1girl, a angel girl with huge wings, intricate lingerie, burning heart, kneeing, monochrome, greyscale, comic, Cinematic photography, movie mood, cinematic light, compelling composition, storytelling elements, conveys emotion, mood, and narrative depth, creating visually striking images that feel like still frames from a film, masterpiece, best quality, ultra-detailed
2025-01-13 20:35:20,514 - gen_prompt - INFO - Generating negative prompt - style: Photography - Cinematic
2025-01-13 20:35:20,515 - gen_prompt - INFO - Generating style prompt - style_name: Photography - Cinematic
2025-01-13 20:35:20,516 - gen_prompt - INFO - Found style. Result: {'name': 'Photography - Cinematic', 'positive': 'Cinematic photography, movie mood, cinematic light, compelling composition, storytelling elements, conveys emotion, mood, and narrative depth, creating visually striking images that feel like still frames from a film', 'negative': 'bad anatomy, comics, cropped, cross-eyed, worst quality, low quality, painting, 3D render, drawing, crayon, sketch, graphite, impressionist, cartoon, anime, noisy, blurry, soft, deformed, ugly, lowres, low details, JPEG artifacts, airbrushed, semi-realistic, CGI, render, Blender, digital art, manga, amateur, mutilated, distorted'}
2025-01-13 20:35:20,517 - gen_prompt - INFO - Generated negative prompt: bad anatomy, comics, cropped, cross-eyed, worst quality, low quality, painting, 3D render, drawing, crayon, sketch, graphite, impressionist, cartoon, anime, noisy, blurry, soft, deformed, ugly, lowres, low details, JPEG artifacts, airbrushed, semi-realistic, CGI, render, Blender, digital art, manga, amateur, mutilated, distorted, embedding:EasyNegative, bad quality, low quality, low resolution
2025-01-13 20:35:20,520 - load_models - INFO - Queueing workflow
2025-01-13 20:35:20,550 - load_models - INFO - Response: {"prompt_id": "8b275c6d-cbe1-4874-8a15-fd1732bb9271", "number": 6260, "node_errors": {}}
2025-01-13 20:36:20,551 - __main__ - INFO - Processing style: Craft - Kirigami
2025-01-13 20:36:20,551 - load_models - INFO - Selecting models - num_loras: 4, checkpoint: meinamix_v12Final.safetensors
2025-01-13 20:36:20,560 - gen_prompt - INFO - Generating positive prompt - style: Craft - Kirigami
2025-01-13 20:36:20,560 - gen_prompt - INFO - Getting trigger words - checkpoint: meinamix_v12Final.safetensors, loras: bichu-v0612.safetensors, Drawing.safetensors, more_details.safetensors, add_detail.safetensors
2025-01-13 20:36:20,560 - gen_prompt - INFO - Searching for Checkpoint: meinamix_v12Final.safetensors
2025-01-13 20:36:20,561 - gen_prompt - WARNING - No trigger_select found for meinamix_v12Final.safetensors
2025-01-13 20:36:20,561 - gen_prompt - INFO - Searching for Lora: bichu-v0612.safetensors
2025-01-13 20:36:20,562 - gen_prompt - INFO - Searching for Lora: Drawing.safetensors
2025-01-13 20:36:20,563 - gen_prompt - WARNING - No trigger_select found for Drawing.safetensors
2025-01-13 20:36:20,564 - gen_prompt - INFO - Searching for Lora: more_details.safetensors
2025-01-13 20:36:20,564 - gen_prompt - WARNING - No trigger_select found for more_details.safetensors
2025-01-13 20:36:20,564 - gen_prompt - INFO - Searching for Lora: add_detail.safetensors
2025-01-13 20:36:20,565 - gen_prompt - WARNING - No trigger_select found for add_detail.safetensors
2025-01-13 20:36:20,565 - gen_prompt - INFO - Final trigger words: bichu,  oil painting,  impressionism
2025-01-13 20:36:20,566 - gen_prompt - INFO - Generating style prompt - style_name: Craft - Kirigami
2025-01-13 20:36:20,568 - gen_prompt - INFO - Found style. Result: {'name': 'Craft - Kirigami', 'positive': 'Kirigami art style, combines paper cutting with origami folding techniques, creates intricate and dynamic paper sculptures, encourages creativity and precision', 'negative': 'signature, watermark, ugly, off-center, deformed, cropped, worst quality, low quality, lowres, JPEG artifacts'}
2025-01-13 20:36:20,569 - gen_prompt - INFO - Generated positive prompt: 1girl, a witch girl, long black hair,intricate outfit, holding a book, cowboy shot, bichu,  oil painting,  impressionism, Kirigami art style, combines paper cutting with origami folding techniques, creates intricate and dynamic paper sculptures, encourages creativity and precision, masterpiece, best quality, ultra-detailed
2025-01-13 20:36:20,570 - gen_prompt - INFO - Generating negative prompt - style: Craft - Kirigami
2025-01-13 20:36:20,571 - gen_prompt - INFO - Generating style prompt - style_name: Craft - Kirigami
2025-01-13 20:36:20,573 - gen_prompt - INFO - Found style. Result: {'name': 'Craft - Kirigami', 'positive': 'Kirigami art style, combines paper cutting with origami folding techniques, creates intricate and dynamic paper sculptures, encourages creativity and precision', 'negative': 'signature, watermark, ugly, off-center, deformed, cropped, worst quality, low quality, lowres, JPEG artifacts'}
2025-01-13 20:36:20,574 - gen_prompt - INFO - Generated negative prompt: signature, watermark, ugly, off-center, deformed, cropped, worst quality, low quality, lowres, JPEG artifacts, embedding:EasyNegative, bad quality, low quality, low resolution
2025-01-13 20:36:20,578 - load_models - INFO - Queueing workflow
2025-01-13 20:36:20,585 - load_models - INFO - Response: {"prompt_id": "1c5f42ba-1957-46f7-a6f9-4be3c5dd1b52", "number": 6261, "node_errors": {}}
2025-01-13 20:36:20,585 - load_models - INFO - Selecting models - num_loras: 4, checkpoint: meinamix_v12Final.safetensors
2025-01-13 20:36:20,593 - gen_prompt - INFO - Generating positive prompt - style: Craft - Kirigami
2025-01-13 20:36:20,593 - gen_prompt - INFO - Getting trigger words - checkpoint: meinamix_v12Final.safetensors, loras: AbstractMalePortraits_v2R_60_R-128.safetensors, AbstractPortrait_50_R.safetensors, GoodHands-beta2.safetensors, Drawing.safetensors
2025-01-13 20:36:20,593 - gen_prompt - INFO - Searching for Checkpoint: meinamix_v12Final.safetensors
2025-01-13 20:36:20,594 - gen_prompt - WARNING - No trigger_select found for meinamix_v12Final.safetensors
2025-01-13 20:36:20,594 - gen_prompt - INFO - Searching for Lora: AbstractMalePortraits_v2R_60_R-128.safetensors
2025-01-13 20:36:20,595 - gen_prompt - INFO - Searching for Lora: AbstractPortrait_50_R.safetensors
2025-01-13 20:36:20,595 - gen_prompt - INFO - Searching for Lora: GoodHands-beta2.safetensors
2025-01-13 20:36:20,596 - gen_prompt - WARNING - No trigger_select found for GoodHands-beta2.safetensors
2025-01-13 20:36:20,597 - gen_prompt - INFO - Searching for Lora: Drawing.safetensors
2025-01-13 20:36:20,598 - gen_prompt - WARNING - No trigger_select found for Drawing.safetensors
2025-01-13 20:36:20,598 - gen_prompt - INFO - Final trigger words: pxint, pxint
2025-01-13 20:36:20,598 - gen_prompt - INFO - Generating style prompt - style_name: Craft - Kirigami
2025-01-13 20:36:20,600 - gen_prompt - INFO - Found style. Result: {'name': 'Craft - Kirigami', 'positive': 'Kirigami art style, combines paper cutting with origami folding techniques, creates intricate and dynamic paper sculptures, encourages creativity and precision', 'negative': 'signature, watermark, ugly, off-center, deformed, cropped, worst quality, low quality, lowres, JPEG artifacts'}
2025-01-13 20:36:20,601 - gen_prompt - INFO - Generated positive prompt: 1girl, a demon girl with glowing tatoo on skin, smiling at viewer, combat pose, pxint, pxint, Kirigami art style, combines paper cutting with origami folding techniques, creates intricate and dynamic paper sculptures, encourages creativity and precision, masterpiece, best quality, ultra-detailed
2025-01-13 20:36:20,602 - gen_prompt - INFO - Generating negative prompt - style: Craft - Kirigami
2025-01-13 20:36:20,602 - gen_prompt - INFO - Generating style prompt - style_name: Craft - Kirigami
2025-01-13 20:36:20,605 - gen_prompt - INFO - Found style. Result: {'name': 'Craft - Kirigami', 'positive': 'Kirigami art style, combines paper cutting with origami folding techniques, creates intricate and dynamic paper sculptures, encourages creativity and precision', 'negative': 'signature, watermark, ugly, off-center, deformed, cropped, worst quality, low quality, lowres, JPEG artifacts'}
2025-01-13 20:36:20,606 - gen_prompt - INFO - Generated negative prompt: signature, watermark, ugly, off-center, deformed, cropped, worst quality, low quality, lowres, JPEG artifacts, embedding:EasyNegative, bad quality, low quality, low resolution
2025-01-13 20:36:20,609 - load_models - INFO - Queueing workflow
2025-01-13 20:36:20,614 - load_models - INFO - Response: {"prompt_id": "0b1d5cf9-a7b0-4b40-9db0-25343283a9b1", "number": 6262, "node_errors": {}}
2025-01-13 20:36:20,615 - load_models - INFO - Selecting models - num_loras: 1, checkpoint: meinamix_v12Final.safetensors
2025-01-13 20:36:20,620 - gen_prompt - INFO - Generating positive prompt - style: Craft - Kirigami
2025-01-13 20:36:20,620 - gen_prompt - INFO - Getting trigger words - checkpoint: meinamix_v12Final.safetensors, loras: AbstractPortrait_50_R.safetensors
2025-01-13 20:36:20,620 - gen_prompt - INFO - Searching for Checkpoint: meinamix_v12Final.safetensors
2025-01-13 20:36:20,621 - gen_prompt - WARNING - No trigger_select found for meinamix_v12Final.safetensors
2025-01-13 20:36:20,621 - gen_prompt - INFO - Searching for Lora: AbstractPortrait_50_R.safetensors
2025-01-13 20:36:20,622 - gen_prompt - INFO - Final trigger words: pxint
2025-01-13 20:36:20,622 - gen_prompt - INFO - Generating style prompt - style_name: Craft - Kirigami
2025-01-13 20:36:20,625 - gen_prompt - INFO - Found style. Result: {'name': 'Craft - Kirigami', 'positive': 'Kirigami art style, combines paper cutting with origami folding techniques, creates intricate and dynamic paper sculptures, encourages creativity and precision', 'negative': 'signature, watermark, ugly, off-center, deformed, cropped, worst quality, low quality, lowres, JPEG artifacts'}
2025-01-13 20:36:20,625 - gen_prompt - INFO - Generated positive prompt: 1girl, a witch girl, long black hair,intricate outfit, holding a book, cowboy shot, pxint, Kirigami art style, combines paper cutting with origami folding techniques, creates intricate and dynamic paper sculptures, encourages creativity and precision, masterpiece, best quality, ultra-detailed
2025-01-13 20:36:20,627 - gen_prompt - INFO - Generating negative prompt - style: Craft - Kirigami
2025-01-13 20:36:20,628 - gen_prompt - INFO - Generating style prompt - style_name: Craft - Kirigami
2025-01-13 20:36:20,631 - gen_prompt - INFO - Found style. Result: {'name': 'Craft - Kirigami', 'positive': 'Kirigami art style, combines paper cutting with origami folding techniques, creates intricate and dynamic paper sculptures, encourages creativity and precision', 'negative': 'signature, watermark, ugly, off-center, deformed, cropped, worst quality, low quality, lowres, JPEG artifacts'}
2025-01-13 20:36:20,631 - gen_prompt - INFO - Generated negative prompt: signature, watermark, ugly, off-center, deformed, cropped, worst quality, low quality, lowres, JPEG artifacts, embedding:EasyNegative, bad quality, low quality, low resolution
2025-01-13 20:36:20,635 - load_models - INFO - Queueing workflow
2025-01-13 20:36:20,640 - load_models - INFO - Response: {"prompt_id": "7454f7e4-b1d0-4e3f-92f1-3be88674ea87", "number": 6263, "node_errors": {}}
2025-01-13 20:36:20,641 - load_models - INFO - Selecting models - num_loras: 2, checkpoint: meinamix_v12Final.safetensors
2025-01-13 20:36:20,646 - gen_prompt - INFO - Generating positive prompt - style: Craft - Kirigami
2025-01-13 20:36:20,646 - gen_prompt - INFO - Getting trigger words - checkpoint: meinamix_v12Final.safetensors, loras: tifa_v2.3.safetensors, AbstractPortrait_50_R.safetensors
2025-01-13 20:36:20,647 - gen_prompt - INFO - Searching for Checkpoint: meinamix_v12Final.safetensors
2025-01-13 20:36:20,647 - gen_prompt - WARNING - No trigger_select found for meinamix_v12Final.safetensors
2025-01-13 20:36:20,648 - gen_prompt - INFO - Searching for Lora: tifa_v2.3.safetensors
2025-01-13 20:36:20,649 - gen_prompt - INFO - Searching for Lora: AbstractPortrait_50_R.safetensors
2025-01-13 20:36:20,649 - gen_prompt - INFO - Final trigger words: tifa lockhart,  red_eyes,  black hair,  long hair, pxint
2025-01-13 20:36:20,650 - gen_prompt - INFO - Generating style prompt - style_name: Craft - Kirigami
2025-01-13 20:36:20,651 - gen_prompt - INFO - Found style. Result: {'name': 'Craft - Kirigami', 'positive': 'Kirigami art style, combines paper cutting with origami folding techniques, creates intricate and dynamic paper sculptures, encourages creativity and precision', 'negative': 'signature, watermark, ugly, off-center, deformed, cropped, worst quality, low quality, lowres, JPEG artifacts'}
2025-01-13 20:36:20,652 - gen_prompt - INFO - Generated positive prompt: 1girl, a demon girl with glowing tatoo on skin, smiling at viewer, combat pose, tifa lockhart,  red_eyes,  black hair,  long hair, pxint, Kirigami art style, combines paper cutting with origami folding techniques, creates intricate and dynamic paper sculptures, encourages creativity and precision, masterpiece, best quality, ultra-detailed
2025-01-13 20:36:20,654 - gen_prompt - INFO - Generating negative prompt - style: Craft - Kirigami
2025-01-13 20:36:20,654 - gen_prompt - INFO - Generating style prompt - style_name: Craft - Kirigami
2025-01-13 20:36:20,657 - gen_prompt - INFO - Found style. Result: {'name': 'Craft - Kirigami', 'positive': 'Kirigami art style, combines paper cutting with origami folding techniques, creates intricate and dynamic paper sculptures, encourages creativity and precision', 'negative': 'signature, watermark, ugly, off-center, deformed, cropped, worst quality, low quality, lowres, JPEG artifacts'}
2025-01-13 20:36:20,658 - gen_prompt - INFO - Generated negative prompt: signature, watermark, ugly, off-center, deformed, cropped, worst quality, low quality, lowres, JPEG artifacts, embedding:EasyNegative, bad quality, low quality, low resolution
2025-01-13 20:36:20,662 - load_models - INFO - Queueing workflow
2025-01-13 20:36:20,667 - load_models - INFO - Response: {"prompt_id": "b72532d3-6f41-4c1e-8231-458aec3e40fc", "number": 6264, "node_errors": {}}
2025-01-13 20:36:20,668 - load_models - INFO - Selecting models - num_loras: 2, checkpoint: meinamix_v12Final.safetensors
2025-01-13 20:36:20,672 - gen_prompt - INFO - Generating positive prompt - style: Craft - Kirigami
2025-01-13 20:36:20,672 - gen_prompt - INFO - Getting trigger words - checkpoint: meinamix_v12Final.safetensors, loras: dm_canvas_style3_1530.safetensors, animeoutlineV4_16.safetensors
2025-01-13 20:36:20,672 - gen_prompt - INFO - Searching for Checkpoint: meinamix_v12Final.safetensors
2025-01-13 20:36:20,673 - gen_prompt - WARNING - No trigger_select found for meinamix_v12Final.safetensors
2025-01-13 20:36:20,673 - gen_prompt - INFO - Searching for Lora: dm_canvas_style3_1530.safetensors
2025-01-13 20:36:20,674 - gen_prompt - WARNING - No trigger_select found for dm_canvas_style3_1530.safetensors
2025-01-13 20:36:20,674 - gen_prompt - INFO - Searching for Lora: animeoutlineV4_16.safetensors
2025-01-13 20:36:20,675 - gen_prompt - INFO - Final trigger words: lineart,  monochrome
2025-01-13 20:36:20,675 - gen_prompt - INFO - Generating style prompt - style_name: Craft - Kirigami
2025-01-13 20:36:20,677 - gen_prompt - INFO - Found style. Result: {'name': 'Craft - Kirigami', 'positive': 'Kirigami art style, combines paper cutting with origami folding techniques, creates intricate and dynamic paper sculptures, encourages creativity and precision', 'negative': 'signature, watermark, ugly, off-center, deformed, cropped, worst quality, low quality, lowres, JPEG artifacts'}
2025-01-13 20:36:20,678 - gen_prompt - INFO - Generated positive prompt: 1girl, a angel girl with huge wings, intricate lingerie, burning heart, kneeing, lineart,  monochrome, Kirigami art style, combines paper cutting with origami folding techniques, creates intricate and dynamic paper sculptures, encourages creativity and precision, masterpiece, best quality, ultra-detailed
2025-01-13 20:36:20,679 - gen_prompt - INFO - Generating negative prompt - style: Craft - Kirigami
2025-01-13 20:36:20,680 - gen_prompt - INFO - Generating style prompt - style_name: Craft - Kirigami
2025-01-13 20:36:20,683 - gen_prompt - INFO - Found style. Result: {'name': 'Craft - Kirigami', 'positive': 'Kirigami art style, combines paper cutting with origami folding techniques, creates intricate and dynamic paper sculptures, encourages creativity and precision', 'negative': 'signature, watermark, ugly, off-center, deformed, cropped, worst quality, low quality, lowres, JPEG artifacts'}
2025-01-13 20:36:20,683 - gen_prompt - INFO - Generated negative prompt: signature, watermark, ugly, off-center, deformed, cropped, worst quality, low quality, lowres, JPEG artifacts, embedding:EasyNegative, bad quality, low quality, low resolution
2025-01-13 20:36:20,688 - load_models - INFO - Queueing workflow
2025-01-13 20:36:20,694 - load_models - INFO - Response: {"prompt_id": "5a5ebd05-67c7-4f9f-9a82-e94b8bf3ed5b", "number": 6265, "node_errors": {}}
2025-01-13 20:36:20,695 - load_models - INFO - Selecting models - num_loras: 1, checkpoint: meinamix_v12Final.safetensors
2025-01-13 20:36:20,700 - gen_prompt - INFO - Generating positive prompt - style: Craft - Kirigami
2025-01-13 20:36:20,700 - gen_prompt - INFO - Getting trigger words - checkpoint: meinamix_v12Final.safetensors, loras: backlight_slider_v10.safetensors
2025-01-13 20:36:20,700 - gen_prompt - INFO - Searching for Checkpoint: meinamix_v12Final.safetensors
2025-01-13 20:36:20,701 - gen_prompt - WARNING - No trigger_select found for meinamix_v12Final.safetensors
2025-01-13 20:36:20,701 - gen_prompt - INFO - Searching for Lora: backlight_slider_v10.safetensors
2025-01-13 20:36:20,702 - gen_prompt - INFO - Final trigger words: Add lightsource to back
2025-01-13 20:36:20,702 - gen_prompt - INFO - Generating style prompt - style_name: Craft - Kirigami
2025-01-13 20:36:20,705 - gen_prompt - INFO - Found style. Result: {'name': 'Craft - Kirigami', 'positive': 'Kirigami art style, combines paper cutting with origami folding techniques, creates intricate and dynamic paper sculptures, encourages creativity and precision', 'negative': 'signature, watermark, ugly, off-center, deformed, cropped, worst quality, low quality, lowres, JPEG artifacts'}
2025-01-13 20:36:20,705 - gen_prompt - INFO - Generated positive prompt: 1girl, a demon girl with glowing tatoo on skin, burning hair, full body shot, Add lightsource to back, Kirigami art style, combines paper cutting with origami folding techniques, creates intricate and dynamic paper sculptures, encourages creativity and precision, masterpiece, best quality, ultra-detailed
2025-01-13 20:36:20,707 - gen_prompt - INFO - Generating negative prompt - style: Craft - Kirigami
2025-01-13 20:36:20,707 - gen_prompt - INFO - Generating style prompt - style_name: Craft - Kirigami
2025-01-13 20:36:20,709 - gen_prompt - INFO - Found style. Result: {'name': 'Craft - Kirigami', 'positive': 'Kirigami art style, combines paper cutting with origami folding techniques, creates intricate and dynamic paper sculptures, encourages creativity and precision', 'negative': 'signature, watermark, ugly, off-center, deformed, cropped, worst quality, low quality, lowres, JPEG artifacts'}
2025-01-13 20:36:20,710 - gen_prompt - INFO - Generated negative prompt: signature, watermark, ugly, off-center, deformed, cropped, worst quality, low quality, lowres, JPEG artifacts, embedding:EasyNegative, bad quality, low quality, low resolution
2025-01-13 20:36:20,714 - load_models - INFO - Queueing workflow
2025-01-13 20:36:20,718 - load_models - INFO - Response: {"prompt_id": "03592516-6bfa-4cc9-9f8e-c8ab04d5b183", "number": 6266, "node_errors": {}}
2025-01-13 20:36:20,719 - load_models - INFO - Selecting models - num_loras: 1, checkpoint: meinamix_v12Final.safetensors
2025-01-13 20:36:20,724 - gen_prompt - INFO - Generating positive prompt - style: Craft - Kirigami
2025-01-13 20:36:20,725 - gen_prompt - INFO - Getting trigger words - checkpoint: meinamix_v12Final.safetensors, loras: AbstractMalePortraits_v2R_60_R-128.safetensors
2025-01-13 20:36:20,726 - gen_prompt - INFO - Searching for Checkpoint: meinamix_v12Final.safetensors
2025-01-13 20:36:20,726 - gen_prompt - WARNING - No trigger_select found for meinamix_v12Final.safetensors
2025-01-13 20:36:20,727 - gen_prompt - INFO - Searching for Lora: AbstractMalePortraits_v2R_60_R-128.safetensors
2025-01-13 20:36:20,727 - gen_prompt - INFO - Final trigger words: pxint
2025-01-13 20:36:20,727 - gen_prompt - INFO - Generating style prompt - style_name: Craft - Kirigami
2025-01-13 20:36:20,730 - gen_prompt - INFO - Found style. Result: {'name': 'Craft - Kirigami', 'positive': 'Kirigami art style, combines paper cutting with origami folding techniques, creates intricate and dynamic paper sculptures, encourages creativity and precision', 'negative': 'signature, watermark, ugly, off-center, deformed, cropped, worst quality, low quality, lowres, JPEG artifacts'}
2025-01-13 20:36:20,730 - gen_prompt - INFO - Generated positive prompt: 1girl, a witch girl, long black hair,intricate outfit, holding a book, cowboy shot, pxint, Kirigami art style, combines paper cutting with origami folding techniques, creates intricate and dynamic paper sculptures, encourages creativity and precision, masterpiece, best quality, ultra-detailed
2025-01-13 20:36:20,732 - gen_prompt - INFO - Generating negative prompt - style: Craft - Kirigami
2025-01-13 20:36:20,732 - gen_prompt - INFO - Generating style prompt - style_name: Craft - Kirigami
2025-01-13 20:36:20,734 - gen_prompt - INFO - Found style. Result: {'name': 'Craft - Kirigami', 'positive': 'Kirigami art style, combines paper cutting with origami folding techniques, creates intricate and dynamic paper sculptures, encourages creativity and precision', 'negative': 'signature, watermark, ugly, off-center, deformed, cropped, worst quality, low quality, lowres, JPEG artifacts'}
2025-01-13 20:36:20,735 - gen_prompt - INFO - Generated negative prompt: signature, watermark, ugly, off-center, deformed, cropped, worst quality, low quality, lowres, JPEG artifacts, embedding:EasyNegative, bad quality, low quality, low resolution
2025-01-13 20:36:20,739 - load_models - INFO - Queueing workflow
2025-01-13 20:36:20,743 - load_models - INFO - Response: {"prompt_id": "5775c031-b363-4452-abb6-ffcb97fc69be", "number": 6267, "node_errors": {}}
2025-01-13 20:36:20,744 - load_models - INFO - Selecting models - num_loras: 3, checkpoint: meinamix_v12Final.safetensors
2025-01-13 20:36:20,750 - gen_prompt - INFO - Generating positive prompt - style: Craft - Kirigami
2025-01-13 20:36:20,751 - gen_prompt - INFO - Getting trigger words - checkpoint: meinamix_v12Final.safetensors, loras: nier_anime_style_offset.safetensors, more_details.safetensors, add_detail.safetensors
2025-01-13 20:36:20,751 - gen_prompt - INFO - Searching for Checkpoint: meinamix_v12Final.safetensors
2025-01-13 20:36:20,752 - gen_prompt - WARNING - No trigger_select found for meinamix_v12Final.safetensors
2025-01-13 20:36:20,752 - gen_prompt - INFO - Searching for Lora: nier_anime_style_offset.safetensors
2025-01-13 20:36:20,753 - gen_prompt - INFO - Searching for Lora: more_details.safetensors
2025-01-13 20:36:20,754 - gen_prompt - WARNING - No trigger_select found for more_details.safetensors
2025-01-13 20:36:20,754 - gen_prompt - INFO - Searching for Lora: add_detail.safetensors
2025-01-13 20:36:20,755 - gen_prompt - WARNING - No trigger_select found for add_detail.safetensors
2025-01-13 20:36:20,755 - gen_prompt - INFO - Final trigger words: nier anime style
2025-01-13 20:36:20,755 - gen_prompt - INFO - Generating style prompt - style_name: Craft - Kirigami
2025-01-13 20:36:20,758 - gen_prompt - INFO - Found style. Result: {'name': 'Craft - Kirigami', 'positive': 'Kirigami art style, combines paper cutting with origami folding techniques, creates intricate and dynamic paper sculptures, encourages creativity and precision', 'negative': 'signature, watermark, ugly, off-center, deformed, cropped, worst quality, low quality, lowres, JPEG artifacts'}
2025-01-13 20:36:20,758 - gen_prompt - INFO - Generated positive prompt: 1girl, a cat girl, wearing a cat outfit, holding a cat toy, smiling at viewer, nier anime style, Kirigami art style, combines paper cutting with origami folding techniques, creates intricate and dynamic paper sculptures, encourages creativity and precision, masterpiece, best quality, ultra-detailed
2025-01-13 20:36:20,760 - gen_prompt - INFO - Generating negative prompt - style: Craft - Kirigami
2025-01-13 20:36:20,760 - gen_prompt - INFO - Generating style prompt - style_name: Craft - Kirigami
2025-01-13 20:36:20,762 - gen_prompt - INFO - Found style. Result: {'name': 'Craft - Kirigami', 'positive': 'Kirigami art style, combines paper cutting with origami folding techniques, creates intricate and dynamic paper sculptures, encourages creativity and precision', 'negative': 'signature, watermark, ugly, off-center, deformed, cropped, worst quality, low quality, lowres, JPEG artifacts'}
2025-01-13 20:36:20,763 - gen_prompt - INFO - Generated negative prompt: signature, watermark, ugly, off-center, deformed, cropped, worst quality, low quality, lowres, JPEG artifacts, embedding:EasyNegative, bad quality, low quality, low resolution
2025-01-13 20:36:20,766 - load_models - INFO - Queueing workflow
2025-01-13 20:36:20,773 - load_models - INFO - Response: {"prompt_id": "9d17690f-98e5-4b27-8c04-639c5e82cac3", "number": 6268, "node_errors": {}}
2025-01-13 20:36:20,773 - load_models - INFO - Selecting models - num_loras: 2, checkpoint: meinamix_v12Final.safetensors
2025-01-13 20:36:20,779 - gen_prompt - INFO - Generating positive prompt - style: Craft - Kirigami
2025-01-13 20:36:20,779 - gen_prompt - INFO - Getting trigger words - checkpoint: meinamix_v12Final.safetensors, loras: tifa_v2.3.safetensors, GoodHands-beta2.safetensors
2025-01-13 20:36:20,780 - gen_prompt - INFO - Searching for Checkpoint: meinamix_v12Final.safetensors
2025-01-13 20:36:20,780 - gen_prompt - WARNING - No trigger_select found for meinamix_v12Final.safetensors
2025-01-13 20:36:20,781 - gen_prompt - INFO - Searching for Lora: tifa_v2.3.safetensors
2025-01-13 20:36:20,781 - gen_prompt - INFO - Searching for Lora: GoodHands-beta2.safetensors
2025-01-13 20:36:20,782 - gen_prompt - WARNING - No trigger_select found for GoodHands-beta2.safetensors
2025-01-13 20:36:20,782 - gen_prompt - INFO - Final trigger words: tifa lockhart,  red_eyes,  black hair,  long hair
2025-01-13 20:36:20,783 - gen_prompt - INFO - Generating style prompt - style_name: Craft - Kirigami
2025-01-13 20:36:20,786 - gen_prompt - INFO - Found style. Result: {'name': 'Craft - Kirigami', 'positive': 'Kirigami art style, combines paper cutting with origami folding techniques, creates intricate and dynamic paper sculptures, encourages creativity and precision', 'negative': 'signature, watermark, ugly, off-center, deformed, cropped, worst quality, low quality, lowres, JPEG artifacts'}
2025-01-13 20:36:20,786 - gen_prompt - INFO - Generated positive prompt: 1girl, a demon girl with glowing tatoo on skin, burning hair, full body shot, tifa lockhart,  red_eyes,  black hair,  long hair, Kirigami art style, combines paper cutting with origami folding techniques, creates intricate and dynamic paper sculptures, encourages creativity and precision, masterpiece, best quality, ultra-detailed
2025-01-13 20:36:20,788 - gen_prompt - INFO - Generating negative prompt - style: Craft - Kirigami
2025-01-13 20:36:20,789 - gen_prompt - INFO - Generating style prompt - style_name: Craft - Kirigami
2025-01-13 20:36:20,791 - gen_prompt - INFO - Found style. Result: {'name': 'Craft - Kirigami', 'positive': 'Kirigami art style, combines paper cutting with origami folding techniques, creates intricate and dynamic paper sculptures, encourages creativity and precision', 'negative': 'signature, watermark, ugly, off-center, deformed, cropped, worst quality, low quality, lowres, JPEG artifacts'}
2025-01-13 20:36:20,791 - gen_prompt - INFO - Generated negative prompt: signature, watermark, ugly, off-center, deformed, cropped, worst quality, low quality, lowres, JPEG artifacts, embedding:EasyNegative, bad quality, low quality, low resolution
2025-01-13 20:36:20,795 - load_models - INFO - Queueing workflow
2025-01-13 20:36:20,801 - load_models - INFO - Response: {"prompt_id": "1d051ccb-11ea-4706-8ba4-a7a45b9b3b3d", "number": 6269, "node_errors": {}}
