2025-01-17 18:50:01,162 - load_models - INFO - Found checkpoint meinamix_v12Final.safetensors with base SD 1.5
2025-01-17 18:50:01,162 - load_models - INFO - Added fixed LoRA: tifa_v2.3.safetensors
2025-01-17 18:50:01,162 - load_models - INFO - Added fixed LoRA: genshinfull1-000006.safetensors
2025-01-17 18:50:01,162 - load_models - INFO - Added 2 LoRAs from category style
2025-01-17 18:50:01,162 - load_models - INFO - Added all 2 LoRAs from category detail
2025-01-17 18:50:01,162 - load_models - INFO - Added 1 random LoRAs from category quality
2025-01-17 18:50:01,173 - load_models - INFO - Final selection: 7 LoRAs
2025-01-17 18:50:01,173 - load_models - INFO - Selected LoRA: tifa_v2.3.safetensors (Category: character)
2025-01-17 18:50:01,173 - load_models - INFO - Selected LoRA: genshinfull1-000006.safetensors (Category: character)
2025-01-17 18:50:01,173 - load_models - INFO - Selected LoRA: MoXinV1.safetensors (Category: style)
2025-01-17 18:50:01,174 - load_models - INFO - Selected LoRA: dm_canvas_style3_1530.safetensors (Category: style)
2025-01-17 18:50:01,174 - load_models - INFO - Selected LoRA: more_details.safetensors (Category: detail)
2025-01-17 18:50:01,174 - load_models - INFO - Selected LoRA: add_detail.safetensors (Category: detail)
2025-01-17 18:50:01,174 - load_models - INFO - Selected LoRA: GoodHands-beta2.safetensors (Category: quality)
2025-01-17 18:50:01,174 - __main__ - INFO - Starting workflow generation
2025-01-17 18:50:01,178 - load_models - INFO - Found checkpoint dreamshaper_8.safetensors with base SD 1.5
2025-01-17 18:50:01,179 - load_models - INFO - Added 0 LoRAs from category style
2025-01-17 18:50:01,179 - load_models - INFO - Added 0 LoRAs from category outfit
2025-01-17 18:50:01,179 - load_models - INFO - Added 0 LoRAs from category lighting
2025-01-17 18:50:01,179 - load_models - INFO - Final selection: 0 LoRAs
2025-01-17 18:50:01,179 - __main__ - INFO - ******Loras:******* []
2025-01-17 18:50:01,180 - __main__ - INFO - Available LoRAs with the same base as the checkpoint: AbstractMalePortraits_v2R_60_R-128.safetensors, AbstractPortrait_50_R.safetensors, animeoutlineV4_16.safetensors, backlight_slider_v10.safetensors, bichu-v0612.safetensors, dm_canvas_style3_1530.safetensors, GoodHands-beta2.safetensors, gubinxin.safetensors, manga2_by_XUEBI.safetensors, masturbation_female.safetensors, more_details.safetensors, nier_anime_style_offset.safetensors, pixel_f2.safetensors, add_detail.safetensors, tifa_v2.3.safetensors, WaterColoursScenev1.0.safetensors, XSarchitectural-38InteriorForBedroom.safetensors, Drawing.safetensors, AMechaSSS[color_theme,mecha musume, mechanical parts,robot joints,headgear].safetensors, see-through leotard-000004.safetensors, howlbgsv3.safetensors, mo.safetensors, LAS.safetensors, contrast_slider_v10.safetensors, add_sharpness.safetensors, MoXinV1.safetensors, Niji V2B.safetensors, genshinfull1-000006.safetensors, zyd232_InkStyle_v1_0.safetensors
2025-01-17 18:50:01,180 - __main__ - INFO - Checkpoint and LoRAs have the same base: SD 1.5
2025-01-17 18:50:01,181 - load_models - INFO - ===== Selected models & parameters: {'checkpoint': 'dreamshaper_8.safetensors', 'ckpt_clip_skip': '', 'ckpt_cfg': '', 'ckpt_steps': '', 'ckpt_sampler': '', 'ckpt_scheduler': '', 'ckpt_hires_fix': '', 'num_loras': 1, 'num_embeddings': 4, 'lora1': 'nier_anime_style_offset.safetensors', 'lora1_weight_from': '1', 'lora1_weight_to': '1', 'lora1_clip_skip': '', 'lora1_cfg': '', 'lora1_steps': '', 'lora1_sampler': '', 'lora1_scheduler': '', 'lora1_hires_fix': '', 'embedding1': 'ng_deepnegative_v1_75t.pt', 'embedding2': 'badhandv4.pt', 'embedding3': 'easynegative.safetensors', 'embedding4': 'an14.pt'} =====
2025-01-17 18:50:01,181 - node_manipulation - INFO - 
node_manipulation.get_node_ID(): Searching for node title: Load Checkpoint
2025-01-17 18:50:01,182 - node_manipulation - INFO - node_manipulation.get_node_ID(): Found node ID: 1
2025-01-17 18:50:01,182 - node_manipulation - INFO - 
node_manipulation.set_lora(): Setting LoRA node: Lora1
2025-01-17 18:50:01,182 - node_manipulation - INFO - node_manipulation.set_lora(): Parameters - lora=nier_anime_style_offset.safetensors, model_strength=1.0, clip_strength=1
2025-01-17 18:50:01,182 - node_manipulation - INFO - 
node_manipulation.get_node_ID(): Searching for node title: Lora1
2025-01-17 18:50:01,182 - node_manipulation - INFO - node_manipulation.get_node_ID(): Found node ID: 5
2025-01-17 18:50:01,182 - node_manipulation - INFO - node_manipulation.set_lora(): Successfully configured node 5
2025-01-17 18:50:01,183 - node_manipulation - INFO - 
node_manipulation.set_KSampler(): Configuring KSampler node: KSampler
2025-01-17 18:50:01,183 - node_manipulation - INFO - node_manipulation.set_KSampler(): Parameters - seed=296392, steps=20, cfg=7, sampler=dpmpp_2m, scheduler=karras, denoise=1
2025-01-17 18:50:01,183 - node_manipulation - INFO - 
node_manipulation.get_node_ID(): Searching for node title: KSampler
2025-01-17 18:50:01,183 - node_manipulation - INFO - node_manipulation.get_node_ID(): Found node ID: 9
2025-01-17 18:50:01,184 - node_manipulation - INFO - node_manipulation.set_KSampler(): Successfully configured node 9
2025-01-17 18:50:01,184 - node_manipulation - INFO - 
node_manipulation.set_positive_prompt(): Setting positive prompt
2025-01-17 18:50:01,184 - node_manipulation - INFO - node_manipulation.set_positive_prompt(): Parameters - checkpoint=dreamshaper_8.safetensors, loras=['nier_anime_style_offset.safetensors'], embeddings=ng_deepnegative_v1_75t.pt, badhandv4.pt, easynegative.safetensors, an14.pt, style=
2025-01-17 18:50:01,185 - gen_prompt - INFO - Getting trigger words - checkpoint: dreamshaper_8.safetensors, loras: ['nier_anime_style_offset.safetensors'], embeddings: ng_deepnegative_v1_75t.pt, badhandv4.pt, easynegative.safetensors, an14.pt
2025-01-17 18:50:01,185 - gen_prompt - WARNING - No Pos_trigger_select found for dreamshaper_8.safetensors
2025-01-17 18:50:01,185 - gen_prompt - WARNING - No Pos_trigger_select found for ng_deepnegative_v1_75t.pt
2025-01-17 18:50:01,185 - gen_prompt - WARNING - No Pos_trigger_select found for badhandv4.pt
2025-01-17 18:50:01,185 - gen_prompt - WARNING - No Pos_trigger_select found for easynegative.safetensors
2025-01-17 18:50:01,187 - gen_prompt - WARNING - No Pos_trigger_select found for an14.pt
2025-01-17 18:50:01,187 - gen_prompt - WARNING - No Neg_trigger_select found for dreamshaper_8.safetensors
2025-01-17 18:50:01,187 - gen_prompt - WARNING - No Neg_trigger_select found for nier_anime_style_offset.safetensors
2025-01-17 18:50:01,187 - gen_prompt - INFO - Final trigger words: {'positive': 'nier anime style', 'negative': 'NG_DeepNegative_V1_75T, badhandv4, easynegative, an14'}
2025-01-17 18:50:01,191 - gen_prompt - INFO - Selected random style: Photography - Portrait - Fantasy
2025-01-17 18:50:01,191 - gen_prompt - INFO - Generated positive prompt: 1girl, petite, long hair, white hair, (bunny ears:1.075), black bunnysuit, pantyhose, smile, hands on hips, casino, nier anime style, fantasy portrait photography, beautiful eyes, ethereal beauty, magical atmosphere, whimsical element, enchanting composition, mystical storytelling, professional lighting, imaginative concept, creative styling, otherworldly aesthetic, fantasy romance, surreal visual, enchanting character, captivating narrative, intricate detail, vibrant color, fantastical landscape, masterpiece, best quality, ultra-detailed
2025-01-17 18:50:01,191 - node_manipulation - INFO - 
node_manipulation.get_node_ID(): Searching for node title: Positive
2025-01-17 18:50:01,191 - node_manipulation - INFO - node_manipulation.get_node_ID(): Found node ID: 3
2025-01-17 18:50:01,191 - node_manipulation - INFO - node_manipulation.set_positive_prompt(): Successfully set prompt for node 3
2025-01-17 18:50:01,191 - node_manipulation - INFO - node_manipulation.set_positive_prompt(): Prompt: 1girl, petite, long hair, white hair, (bunny ears:1.075), black bunnysuit, pantyhose, smile, hands on hips, casino, nier anime style, fantasy portrait photography, beautiful eyes, ethereal beauty, magical atmosphere, whimsical element, enchanting composition, mystical storytelling, professional lighting, imaginative concept, creative styling, otherworldly aesthetic, fantasy romance, surreal visual, enchanting character, captivating narrative, intricate detail, vibrant color, fantastical landscape, masterpiece, best quality, ultra-detailed
2025-01-17 18:50:01,193 - gen_prompt - INFO - Getting trigger words - checkpoint: dreamshaper_8.safetensors, loras: ['nier_anime_style_offset.safetensors'], embeddings: ng_deepnegative_v1_75t.pt, badhandv4.pt, easynegative.safetensors, an14.pt
2025-01-17 18:50:01,193 - gen_prompt - WARNING - No Pos_trigger_select found for dreamshaper_8.safetensors
2025-01-17 18:50:01,195 - gen_prompt - WARNING - No Pos_trigger_select found for ng_deepnegative_v1_75t.pt
2025-01-17 18:50:01,196 - gen_prompt - WARNING - No Pos_trigger_select found for badhandv4.pt
2025-01-17 18:50:01,196 - gen_prompt - WARNING - No Pos_trigger_select found for easynegative.safetensors
2025-01-17 18:50:01,196 - gen_prompt - WARNING - No Pos_trigger_select found for an14.pt
2025-01-17 18:50:01,198 - gen_prompt - WARNING - No Neg_trigger_select found for dreamshaper_8.safetensors
2025-01-17 18:50:01,198 - gen_prompt - WARNING - No Neg_trigger_select found for nier_anime_style_offset.safetensors
2025-01-17 18:50:01,199 - gen_prompt - INFO - Final trigger words: {'positive': 'nier anime style', 'negative': 'NG_DeepNegative_V1_75T, badhandv4, easynegative, an14'}
2025-01-17 18:50:01,200 - gen_prompt - INFO - Selected random style: Experimental - Cute Knight 3D
2025-01-17 18:50:01,200 - gen_prompt - INFO - Generated negative prompt: NG_DeepNegative_V1_75T, badhandv4, easynegative, an14, low-quality rendering, photo, photorealistic, realism, ugly, worst quality, low quality, lowres, JPEG artifacts, bad quality, low quality, low resolution
2025-01-17 18:50:01,200 - node_manipulation - INFO - 
node_manipulation.get_node_ID(): Searching for node title: Negative
2025-01-17 18:50:01,200 - node_manipulation - INFO - node_manipulation.get_node_ID(): Found node ID: 4
2025-01-17 18:50:01,200 - node_manipulation - INFO - 
node_manipulation.set_resolution(): Setting resolution for node: Empty Latent Image
2025-01-17 18:50:01,200 - node_manipulation - INFO - node_manipulation.set_resolution(): Parameters - width=512, height=768
2025-01-17 18:50:01,200 - node_manipulation - INFO - 
node_manipulation.get_node_ID(): Searching for node title: Empty Latent Image
2025-01-17 18:50:01,200 - node_manipulation - INFO - node_manipulation.get_node_ID(): Found node ID: 10
2025-01-17 18:50:01,200 - node_manipulation - INFO - node_manipulation.set_resolution(): Successfully set resolution 512x768 for node 10
2025-01-17 18:50:01,200 - node_manipulation - INFO - 
node_manipulation.set_resolution(): Setting resolution for node: Up_res
2025-01-17 18:50:01,200 - node_manipulation - INFO - node_manipulation.set_resolution(): Parameters - width=1024, height=1536
2025-01-17 18:50:01,200 - node_manipulation - INFO - 
node_manipulation.get_node_ID(): Searching for node title: Up_res
2025-01-17 18:50:01,200 - node_manipulation - INFO - node_manipulation.get_node_ID(): Found node ID: 17
2025-01-17 18:50:01,200 - node_manipulation - INFO - node_manipulation.set_resolution(): Successfully set resolution 1024x1536 for node 17
2025-01-17 18:50:01,205 - load_models - INFO - Queueing workflow
2025-01-17 18:50:01,445 - load_models - INFO - Response: {"prompt_id": "ad2e65ff-1363-4a33-9860-015b7c4e236e", "number": 24, "node_errors": {}}
2025-01-17 18:50:06,447 - load_models - INFO - ===== Selected models & parameters: {'checkpoint': 'dreamshaper_8.safetensors', 'ckpt_clip_skip': '', 'ckpt_cfg': '', 'ckpt_steps': '', 'ckpt_sampler': '', 'ckpt_scheduler': '', 'ckpt_hires_fix': '', 'num_loras': 1, 'num_embeddings': 4, 'lora1': 'AbstractPortrait_50_R.safetensors', 'lora1_weight_from': '0.8', 'lora1_weight_to': '1', 'lora1_clip_skip': '', 'lora1_cfg': '', 'lora1_steps': '', 'lora1_sampler': '', 'lora1_scheduler': '', 'lora1_hires_fix': '', 'embedding1': 'ng_deepnegative_v1_75t.pt', 'embedding2': 'badhandv4.pt', 'embedding3': 'easynegative.safetensors', 'embedding4': 'an14.pt'} =====
2025-01-17 18:50:06,447 - node_manipulation - INFO - 
node_manipulation.get_node_ID(): Searching for node title: Load Checkpoint
2025-01-17 18:50:06,447 - node_manipulation - INFO - node_manipulation.get_node_ID(): Found node ID: 1
2025-01-17 18:50:06,447 - node_manipulation - INFO - 
node_manipulation.set_lora(): Setting LoRA node: Lora1
2025-01-17 18:50:06,447 - node_manipulation - INFO - node_manipulation.set_lora(): Parameters - lora=AbstractPortrait_50_R.safetensors, model_strength=0.9, clip_strength=1
2025-01-17 18:50:06,447 - node_manipulation - INFO - 
node_manipulation.get_node_ID(): Searching for node title: Lora1
2025-01-17 18:50:06,447 - node_manipulation - INFO - node_manipulation.get_node_ID(): Found node ID: 5
2025-01-17 18:50:06,447 - node_manipulation - INFO - node_manipulation.set_lora(): Successfully configured node 5
2025-01-17 18:50:06,447 - node_manipulation - INFO - 
node_manipulation.set_KSampler(): Configuring KSampler node: KSampler
2025-01-17 18:50:06,447 - node_manipulation - INFO - node_manipulation.set_KSampler(): Parameters - seed=798792, steps=20, cfg=7, sampler=dpmpp_2m, scheduler=karras, denoise=1
2025-01-17 18:50:06,447 - node_manipulation - INFO - 
node_manipulation.get_node_ID(): Searching for node title: KSampler
2025-01-17 18:50:06,447 - node_manipulation - INFO - node_manipulation.get_node_ID(): Found node ID: 9
2025-01-17 18:50:06,447 - node_manipulation - INFO - node_manipulation.set_KSampler(): Successfully configured node 9
2025-01-17 18:50:06,447 - node_manipulation - INFO - 
node_manipulation.set_positive_prompt(): Setting positive prompt
2025-01-17 18:50:06,447 - node_manipulation - INFO - node_manipulation.set_positive_prompt(): Parameters - checkpoint=dreamshaper_8.safetensors, loras=['AbstractPortrait_50_R.safetensors'], embeddings=ng_deepnegative_v1_75t.pt, badhandv4.pt, easynegative.safetensors, an14.pt, style=
2025-01-17 18:50:06,447 - gen_prompt - INFO - Getting trigger words - checkpoint: dreamshaper_8.safetensors, loras: ['AbstractPortrait_50_R.safetensors'], embeddings: ng_deepnegative_v1_75t.pt, badhandv4.pt, easynegative.safetensors, an14.pt
2025-01-17 18:50:06,447 - gen_prompt - WARNING - No Pos_trigger_select found for dreamshaper_8.safetensors
2025-01-17 18:50:06,447 - gen_prompt - WARNING - No Pos_trigger_select found for ng_deepnegative_v1_75t.pt
2025-01-17 18:50:06,453 - gen_prompt - WARNING - No Pos_trigger_select found for badhandv4.pt
2025-01-17 18:50:06,454 - gen_prompt - WARNING - No Pos_trigger_select found for easynegative.safetensors
2025-01-17 18:50:06,454 - gen_prompt - WARNING - No Pos_trigger_select found for an14.pt
2025-01-17 18:50:06,454 - gen_prompt - WARNING - No Neg_trigger_select found for dreamshaper_8.safetensors
2025-01-17 18:50:06,454 - gen_prompt - WARNING - No Neg_trigger_select found for AbstractPortrait_50_R.safetensors
2025-01-17 18:50:06,454 - gen_prompt - INFO - Final trigger words: {'positive': 'pxint', 'negative': 'NG_DeepNegative_V1_75T, badhandv4, easynegative, an14'}
2025-01-17 18:50:06,454 - gen_prompt - INFO - Selected random style: Illustration - Children's book
2025-01-17 18:50:06,454 - gen_prompt - INFO - Generated positive prompt: 1girl, petite, long hair, white hair, (bunny ears:1.075), black bunnysuit, pantyhose, smile, hands on hips, casino, pxint, Children's book illustration style, whimsical and charming imagery, bright and playful colors, engaging characters and storytelling, cartoon, masterpiece, best quality, ultra-detailed
2025-01-17 18:50:06,454 - node_manipulation - INFO - 
node_manipulation.get_node_ID(): Searching for node title: Positive
2025-01-17 18:50:06,454 - node_manipulation - INFO - node_manipulation.get_node_ID(): Found node ID: 3
2025-01-17 18:50:06,454 - node_manipulation - INFO - node_manipulation.set_positive_prompt(): Successfully set prompt for node 3
2025-01-17 18:50:06,454 - node_manipulation - INFO - node_manipulation.set_positive_prompt(): Prompt: 1girl, petite, long hair, white hair, (bunny ears:1.075), black bunnysuit, pantyhose, smile, hands on hips, casino, pxint, Children's book illustration style, whimsical and charming imagery, bright and playful colors, engaging characters and storytelling, cartoon, masterpiece, best quality, ultra-detailed
2025-01-17 18:50:06,454 - gen_prompt - INFO - Getting trigger words - checkpoint: dreamshaper_8.safetensors, loras: ['AbstractPortrait_50_R.safetensors'], embeddings: ng_deepnegative_v1_75t.pt, badhandv4.pt, easynegative.safetensors, an14.pt
2025-01-17 18:50:06,459 - gen_prompt - WARNING - No Pos_trigger_select found for dreamshaper_8.safetensors
2025-01-17 18:50:06,459 - gen_prompt - WARNING - No Pos_trigger_select found for ng_deepnegative_v1_75t.pt
2025-01-17 18:50:06,459 - gen_prompt - WARNING - No Pos_trigger_select found for badhandv4.pt
2025-01-17 18:50:06,459 - gen_prompt - WARNING - No Pos_trigger_select found for easynegative.safetensors
2025-01-17 18:50:06,459 - gen_prompt - WARNING - No Pos_trigger_select found for an14.pt
2025-01-17 18:50:06,462 - gen_prompt - WARNING - No Neg_trigger_select found for dreamshaper_8.safetensors
2025-01-17 18:50:06,462 - gen_prompt - WARNING - No Neg_trigger_select found for AbstractPortrait_50_R.safetensors
2025-01-17 18:50:06,463 - gen_prompt - INFO - Final trigger words: {'positive': 'pxint', 'negative': 'NG_DeepNegative_V1_75T, badhandv4, easynegative, an14'}
2025-01-17 18:50:06,465 - gen_prompt - INFO - Selected random style: Illustration - Fashion
2025-01-17 18:50:06,465 - gen_prompt - INFO - Generated negative prompt: NG_DeepNegative_V1_75T, badhandv4, easynegative, an14, signature, watermark, photo, photorealistic, realism, ugly, off-center, deformed, 35mm film, dslr, cropped, frame, worst quality, low quality, lowres, JPEG artifacts, bad quality, low quality, low resolution
2025-01-17 18:50:06,465 - node_manipulation - INFO - 
node_manipulation.get_node_ID(): Searching for node title: Negative
2025-01-17 18:50:06,465 - node_manipulation - INFO - node_manipulation.get_node_ID(): Found node ID: 4
2025-01-17 18:50:06,465 - node_manipulation - INFO - 
node_manipulation.set_resolution(): Setting resolution for node: Empty Latent Image
2025-01-17 18:50:06,465 - node_manipulation - INFO - node_manipulation.set_resolution(): Parameters - width=512, height=768
2025-01-17 18:50:06,465 - node_manipulation - INFO - 
node_manipulation.get_node_ID(): Searching for node title: Empty Latent Image
2025-01-17 18:50:06,465 - node_manipulation - INFO - node_manipulation.get_node_ID(): Found node ID: 10
2025-01-17 18:50:06,465 - node_manipulation - INFO - node_manipulation.set_resolution(): Successfully set resolution 512x768 for node 10
2025-01-17 18:50:06,465 - node_manipulation - INFO - 
node_manipulation.set_resolution(): Setting resolution for node: Up_res
2025-01-17 18:50:06,465 - node_manipulation - INFO - node_manipulation.set_resolution(): Parameters - width=1024, height=1536
2025-01-17 18:50:06,465 - node_manipulation - INFO - 
node_manipulation.get_node_ID(): Searching for node title: Up_res
2025-01-17 18:50:06,465 - node_manipulation - INFO - node_manipulation.get_node_ID(): Found node ID: 17
2025-01-17 18:50:06,465 - node_manipulation - INFO - node_manipulation.set_resolution(): Successfully set resolution 1024x1536 for node 17
2025-01-17 18:50:06,465 - load_models - INFO - Queueing workflow
2025-01-17 18:50:06,482 - load_models - INFO - Response: {"prompt_id": "f510e32d-10bf-4761-9e3b-0eaebd98ebfa", "number": 25, "node_errors": {}}
2025-01-17 18:50:11,485 - load_models - INFO - ===== Selected models & parameters: {'checkpoint': 'dreamshaper_8.safetensors', 'ckpt_clip_skip': '', 'ckpt_cfg': '', 'ckpt_steps': '', 'ckpt_sampler': '', 'ckpt_scheduler': '', 'ckpt_hires_fix': '', 'num_loras': 1, 'num_embeddings': 4, 'lora1': 'howlbgsv3.safetensors', 'lora1_weight_from': '', 'lora1_weight_to': '', 'lora1_clip_skip': '', 'lora1_cfg': '', 'lora1_steps': '', 'lora1_sampler': '', 'lora1_scheduler': '', 'lora1_hires_fix': '', 'embedding1': 'ng_deepnegative_v1_75t.pt', 'embedding2': 'badhandv4.pt', 'embedding3': 'easynegative.safetensors', 'embedding4': 'an14.pt'} =====
2025-01-17 18:50:11,487 - node_manipulation - INFO - 
node_manipulation.get_node_ID(): Searching for node title: Load Checkpoint
2025-01-17 18:50:11,487 - node_manipulation - INFO - node_manipulation.get_node_ID(): Found node ID: 1
2025-01-17 18:50:11,487 - node_manipulation - INFO - 
node_manipulation.set_lora(): Setting LoRA node: Lora1
2025-01-17 18:50:11,487 - node_manipulation - INFO - node_manipulation.set_lora(): Parameters - lora=howlbgsv3.safetensors, model_strength=1.0, clip_strength=1
2025-01-17 18:50:11,487 - node_manipulation - INFO - 
node_manipulation.get_node_ID(): Searching for node title: Lora1
2025-01-17 18:50:11,487 - node_manipulation - INFO - node_manipulation.get_node_ID(): Found node ID: 5
2025-01-17 18:50:11,487 - node_manipulation - INFO - node_manipulation.set_lora(): Successfully configured node 5
2025-01-17 18:50:11,489 - node_manipulation - INFO - 
node_manipulation.set_KSampler(): Configuring KSampler node: KSampler
2025-01-17 18:50:11,489 - node_manipulation - INFO - node_manipulation.set_KSampler(): Parameters - seed=629001, steps=20, cfg=7, sampler=dpmpp_2m, scheduler=karras, denoise=1
2025-01-17 18:50:11,489 - node_manipulation - INFO - 
node_manipulation.get_node_ID(): Searching for node title: KSampler
2025-01-17 18:50:11,489 - node_manipulation - INFO - node_manipulation.get_node_ID(): Found node ID: 9
2025-01-17 18:50:11,489 - node_manipulation - INFO - node_manipulation.set_KSampler(): Successfully configured node 9
2025-01-17 18:50:11,489 - node_manipulation - INFO - 
node_manipulation.set_positive_prompt(): Setting positive prompt
2025-01-17 18:50:11,489 - node_manipulation - INFO - node_manipulation.set_positive_prompt(): Parameters - checkpoint=dreamshaper_8.safetensors, loras=['howlbgsv3.safetensors'], embeddings=ng_deepnegative_v1_75t.pt, badhandv4.pt, easynegative.safetensors, an14.pt, style=
2025-01-17 18:50:11,489 - gen_prompt - INFO - Getting trigger words - checkpoint: dreamshaper_8.safetensors, loras: ['howlbgsv3.safetensors'], embeddings: ng_deepnegative_v1_75t.pt, badhandv4.pt, easynegative.safetensors, an14.pt
2025-01-17 18:50:11,491 - gen_prompt - WARNING - No Pos_trigger_select found for dreamshaper_8.safetensors
2025-01-17 18:50:11,492 - gen_prompt - WARNING - No Pos_trigger_select found for ng_deepnegative_v1_75t.pt
2025-01-17 18:50:11,492 - gen_prompt - WARNING - No Pos_trigger_select found for badhandv4.pt
2025-01-17 18:50:11,492 - gen_prompt - WARNING - No Pos_trigger_select found for easynegative.safetensors
2025-01-17 18:50:11,492 - gen_prompt - WARNING - No Pos_trigger_select found for an14.pt
2025-01-17 18:50:11,492 - gen_prompt - WARNING - No Neg_trigger_select found for dreamshaper_8.safetensors
2025-01-17 18:50:11,492 - gen_prompt - WARNING - No Neg_trigger_select found for howlbgsv3.safetensors
2025-01-17 18:50:11,492 - gen_prompt - INFO - Final trigger words: {'positive': '<howlbgsv3:1>', 'negative': 'NG_DeepNegative_V1_75T, badhandv4, easynegative, an14'}
2025-01-17 18:50:11,497 - gen_prompt - INFO - Selected random style: Illustration - Art Deco
2025-01-17 18:50:11,497 - gen_prompt - INFO - Generated positive prompt: 1girl, petite, long hair, white hair, (bunny ears:1.075), black bunnysuit, pantyhose, smile, hands on hips, casino, <howlbgsv3:1>, Art Deco illustration style, elegant and geometric designs, streamlined and symmetrical compositions, embodies the glamour and sophistication of the Art Deco era, influenced by modernism and machine aesthetics, masterpiece, best quality, ultra-detailed
2025-01-17 18:50:11,497 - node_manipulation - INFO - 
node_manipulation.get_node_ID(): Searching for node title: Positive
2025-01-17 18:50:11,498 - node_manipulation - INFO - node_manipulation.get_node_ID(): Found node ID: 3
2025-01-17 18:50:11,498 - node_manipulation - INFO - node_manipulation.set_positive_prompt(): Successfully set prompt for node 3
2025-01-17 18:50:11,499 - node_manipulation - INFO - node_manipulation.set_positive_prompt(): Prompt: 1girl, petite, long hair, white hair, (bunny ears:1.075), black bunnysuit, pantyhose, smile, hands on hips, casino, <howlbgsv3:1>, Art Deco illustration style, elegant and geometric designs, streamlined and symmetrical compositions, embodies the glamour and sophistication of the Art Deco era, influenced by modernism and machine aesthetics, masterpiece, best quality, ultra-detailed
2025-01-17 18:50:11,499 - gen_prompt - INFO - Getting trigger words - checkpoint: dreamshaper_8.safetensors, loras: ['howlbgsv3.safetensors'], embeddings: ng_deepnegative_v1_75t.pt, badhandv4.pt, easynegative.safetensors, an14.pt
2025-01-17 18:50:11,499 - gen_prompt - WARNING - No Pos_trigger_select found for dreamshaper_8.safetensors
2025-01-17 18:50:11,499 - gen_prompt - WARNING - No Pos_trigger_select found for ng_deepnegative_v1_75t.pt
2025-01-17 18:50:11,501 - gen_prompt - WARNING - No Pos_trigger_select found for badhandv4.pt
2025-01-17 18:50:11,501 - gen_prompt - WARNING - No Pos_trigger_select found for easynegative.safetensors
2025-01-17 18:50:11,501 - gen_prompt - WARNING - No Pos_trigger_select found for an14.pt
2025-01-17 18:50:11,501 - gen_prompt - WARNING - No Neg_trigger_select found for dreamshaper_8.safetensors
2025-01-17 18:50:11,501 - gen_prompt - WARNING - No Neg_trigger_select found for howlbgsv3.safetensors
2025-01-17 18:50:11,501 - gen_prompt - INFO - Final trigger words: {'positive': '<howlbgsv3:1>', 'negative': 'NG_DeepNegative_V1_75T, badhandv4, easynegative, an14'}
2025-01-17 18:50:11,501 - gen_prompt - INFO - Selected random style: ART - Byzantine Icon
2025-01-17 18:50:11,507 - gen_prompt - INFO - Generated negative prompt: NG_DeepNegative_V1_75T, badhandv4, easynegative, an14, signature, watermark, photo, photorealistic, realism, ugly, off-center, deformed, 35mm film, dslr, cropped, frame, worst quality, low quality, lowres, JPEG artifacts, bad quality, low quality, low resolution
2025-01-17 18:50:11,507 - node_manipulation - INFO - 
node_manipulation.get_node_ID(): Searching for node title: Negative
2025-01-17 18:50:11,507 - node_manipulation - INFO - node_manipulation.get_node_ID(): Found node ID: 4
2025-01-17 18:50:11,507 - node_manipulation - INFO - 
node_manipulation.set_resolution(): Setting resolution for node: Empty Latent Image
2025-01-17 18:50:11,507 - node_manipulation - INFO - node_manipulation.set_resolution(): Parameters - width=512, height=768
2025-01-17 18:50:11,507 - node_manipulation - INFO - 
node_manipulation.get_node_ID(): Searching for node title: Empty Latent Image
2025-01-17 18:50:11,507 - node_manipulation - INFO - node_manipulation.get_node_ID(): Found node ID: 10
2025-01-17 18:50:11,507 - node_manipulation - INFO - node_manipulation.set_resolution(): Successfully set resolution 512x768 for node 10
2025-01-17 18:50:11,507 - node_manipulation - INFO - 
node_manipulation.set_resolution(): Setting resolution for node: Up_res
2025-01-17 18:50:11,507 - node_manipulation - INFO - node_manipulation.set_resolution(): Parameters - width=1024, height=1536
2025-01-17 18:50:11,509 - node_manipulation - INFO - 
node_manipulation.get_node_ID(): Searching for node title: Up_res
2025-01-17 18:50:11,509 - node_manipulation - INFO - node_manipulation.get_node_ID(): Found node ID: 17
2025-01-17 18:50:11,509 - node_manipulation - INFO - node_manipulation.set_resolution(): Successfully set resolution 1024x1536 for node 17
2025-01-17 18:50:11,509 - load_models - INFO - Queueing workflow
2025-01-17 18:50:11,517 - load_models - INFO - Response: {"prompt_id": "a2b048ed-43ed-4bd3-9986-b31dd14cfe5e", "number": 26, "node_errors": {}}
2025-01-17 18:50:16,520 - load_models - INFO - ===== Selected models & parameters: {'checkpoint': 'dreamshaper_8.safetensors', 'ckpt_clip_skip': '', 'ckpt_cfg': '', 'ckpt_steps': '', 'ckpt_sampler': '', 'ckpt_scheduler': '', 'ckpt_hires_fix': '', 'num_loras': 1, 'num_embeddings': 4, 'lora1': 'GoodHands-beta2.safetensors', 'lora1_weight_from': '1', 'lora1_weight_to': '1', 'lora1_clip_skip': '', 'lora1_cfg': '', 'lora1_steps': '', 'lora1_sampler': '', 'lora1_scheduler': '', 'lora1_hires_fix': '', 'embedding1': 'ng_deepnegative_v1_75t.pt', 'embedding2': 'badhandv4.pt', 'embedding3': 'easynegative.safetensors', 'embedding4': 'an14.pt'} =====
2025-01-17 18:50:16,520 - node_manipulation - INFO - 
node_manipulation.get_node_ID(): Searching for node title: Load Checkpoint
2025-01-17 18:50:16,520 - node_manipulation - INFO - node_manipulation.get_node_ID(): Found node ID: 1
2025-01-17 18:50:16,520 - node_manipulation - INFO - 
node_manipulation.set_lora(): Setting LoRA node: Lora1
2025-01-17 18:50:16,520 - node_manipulation - INFO - node_manipulation.set_lora(): Parameters - lora=GoodHands-beta2.safetensors, model_strength=1.0, clip_strength=1
2025-01-17 18:50:16,520 - node_manipulation - INFO - 
node_manipulation.get_node_ID(): Searching for node title: Lora1
2025-01-17 18:50:16,520 - node_manipulation - INFO - node_manipulation.get_node_ID(): Found node ID: 5
2025-01-17 18:50:16,520 - node_manipulation - INFO - node_manipulation.set_lora(): Successfully configured node 5
2025-01-17 18:50:16,520 - node_manipulation - INFO - 
node_manipulation.set_KSampler(): Configuring KSampler node: KSampler
2025-01-17 18:50:16,520 - node_manipulation - INFO - node_manipulation.set_KSampler(): Parameters - seed=367032, steps=20, cfg=7, sampler=dpmpp_2m, scheduler=karras, denoise=1
2025-01-17 18:50:16,520 - node_manipulation - INFO - 
node_manipulation.get_node_ID(): Searching for node title: KSampler
2025-01-17 18:50:16,520 - node_manipulation - INFO - node_manipulation.get_node_ID(): Found node ID: 9
2025-01-17 18:50:16,520 - node_manipulation - INFO - node_manipulation.set_KSampler(): Successfully configured node 9
2025-01-17 18:50:16,520 - node_manipulation - INFO - 
node_manipulation.set_positive_prompt(): Setting positive prompt
2025-01-17 18:50:16,520 - node_manipulation - INFO - node_manipulation.set_positive_prompt(): Parameters - checkpoint=dreamshaper_8.safetensors, loras=['GoodHands-beta2.safetensors'], embeddings=ng_deepnegative_v1_75t.pt, badhandv4.pt, easynegative.safetensors, an14.pt, style=
2025-01-17 18:50:16,520 - gen_prompt - INFO - Getting trigger words - checkpoint: dreamshaper_8.safetensors, loras: ['GoodHands-beta2.safetensors'], embeddings: ng_deepnegative_v1_75t.pt, badhandv4.pt, easynegative.safetensors, an14.pt
2025-01-17 18:50:16,520 - gen_prompt - WARNING - No Pos_trigger_select found for dreamshaper_8.safetensors
2025-01-17 18:50:16,525 - gen_prompt - WARNING - No Pos_trigger_select found for GoodHands-beta2.safetensors
2025-01-17 18:50:16,526 - gen_prompt - WARNING - No Pos_trigger_select found for ng_deepnegative_v1_75t.pt
2025-01-17 18:50:16,526 - gen_prompt - WARNING - No Pos_trigger_select found for badhandv4.pt
2025-01-17 18:50:16,526 - gen_prompt - WARNING - No Pos_trigger_select found for easynegative.safetensors
2025-01-17 18:50:16,526 - gen_prompt - WARNING - No Pos_trigger_select found for an14.pt
2025-01-17 18:50:16,526 - gen_prompt - WARNING - No Neg_trigger_select found for dreamshaper_8.safetensors
2025-01-17 18:50:16,526 - gen_prompt - WARNING - No Neg_trigger_select found for GoodHands-beta2.safetensors
2025-01-17 18:50:16,526 - gen_prompt - INFO - Final trigger words: {'positive': '', 'negative': 'NG_DeepNegative_V1_75T, badhandv4, easynegative, an14'}
2025-01-17 18:50:16,526 - gen_prompt - INFO - Selected random style: 3D - Abstract - Fluid Dynamics
2025-01-17 18:50:16,526 - gen_prompt - INFO - Generated positive prompt: 1girl, a demon girl with glowing tatoo on skin, burning hair, full body shot, , fluid dynamics 3D art style, 3d fluid render, expressive and dynamic, vibrant contrasting colors, lively appearance, mesmerizing flow of shapes, simulation of fluid dynamics, swirling motion, bold colors blending seamlessly, abstract and captivating, fluidity and energy, mesmerizing composition, engaging viewer experience, seamless integration of colors and shapes, volumetric, 4k, masterpiece, best quality, ultra-detailed
2025-01-17 18:50:16,526 - node_manipulation - INFO - 
node_manipulation.get_node_ID(): Searching for node title: Positive
2025-01-17 18:50:16,526 - node_manipulation - INFO - node_manipulation.get_node_ID(): Found node ID: 3
2025-01-17 18:50:16,526 - node_manipulation - INFO - node_manipulation.set_positive_prompt(): Successfully set prompt for node 3
2025-01-17 18:50:16,526 - node_manipulation - INFO - node_manipulation.set_positive_prompt(): Prompt: 1girl, a demon girl with glowing tatoo on skin, burning hair, full body shot, , fluid dynamics 3D art style, 3d fluid render, expressive and dynamic, vibrant contrasting colors, lively appearance, mesmerizing flow of shapes, simulation of fluid dynamics, swirling motion, bold colors blending seamlessly, abstract and captivating, fluidity and energy, mesmerizing composition, engaging viewer experience, seamless integration of colors and shapes, volumetric, 4k, masterpiece, best quality, ultra-detailed
2025-01-17 18:50:16,526 - gen_prompt - INFO - Getting trigger words - checkpoint: dreamshaper_8.safetensors, loras: ['GoodHands-beta2.safetensors'], embeddings: ng_deepnegative_v1_75t.pt, badhandv4.pt, easynegative.safetensors, an14.pt
2025-01-17 18:50:16,526 - gen_prompt - WARNING - No Pos_trigger_select found for dreamshaper_8.safetensors
2025-01-17 18:50:16,526 - gen_prompt - WARNING - No Pos_trigger_select found for GoodHands-beta2.safetensors
2025-01-17 18:50:16,526 - gen_prompt - WARNING - No Pos_trigger_select found for ng_deepnegative_v1_75t.pt
2025-01-17 18:50:16,536 - gen_prompt - WARNING - No Pos_trigger_select found for badhandv4.pt
2025-01-17 18:50:16,536 - gen_prompt - WARNING - No Pos_trigger_select found for easynegative.safetensors
2025-01-17 18:50:16,536 - gen_prompt - WARNING - No Pos_trigger_select found for an14.pt
2025-01-17 18:50:16,536 - gen_prompt - WARNING - No Neg_trigger_select found for dreamshaper_8.safetensors
2025-01-17 18:50:16,539 - gen_prompt - WARNING - No Neg_trigger_select found for GoodHands-beta2.safetensors
2025-01-17 18:50:16,539 - gen_prompt - INFO - Final trigger words: {'positive': '', 'negative': 'NG_DeepNegative_V1_75T, badhandv4, easynegative, an14'}
2025-01-17 18:50:16,539 - gen_prompt - INFO - Selected random style: Design - Packaging
2025-01-17 18:50:16,539 - gen_prompt - INFO - Generated negative prompt: NG_DeepNegative_V1_75T, badhandv4, easynegative, an14, signature, watermark, ugly, off-center, deformed, cropped, frame, worst quality, low quality, lowres, JPEG artifacts, bad quality, low quality, low resolution
2025-01-17 18:50:16,539 - node_manipulation - INFO - 
node_manipulation.get_node_ID(): Searching for node title: Negative
2025-01-17 18:50:16,539 - node_manipulation - INFO - node_manipulation.get_node_ID(): Found node ID: 4
2025-01-17 18:50:16,539 - node_manipulation - INFO - 
node_manipulation.set_resolution(): Setting resolution for node: Empty Latent Image
2025-01-17 18:50:16,539 - node_manipulation - INFO - node_manipulation.set_resolution(): Parameters - width=512, height=768
2025-01-17 18:50:16,539 - node_manipulation - INFO - 
node_manipulation.get_node_ID(): Searching for node title: Empty Latent Image
2025-01-17 18:50:16,539 - node_manipulation - INFO - node_manipulation.get_node_ID(): Found node ID: 10
2025-01-17 18:50:16,539 - node_manipulation - INFO - node_manipulation.set_resolution(): Successfully set resolution 512x768 for node 10
2025-01-17 18:50:16,539 - node_manipulation - INFO - 
node_manipulation.set_resolution(): Setting resolution for node: Up_res
2025-01-17 18:50:16,539 - node_manipulation - INFO - node_manipulation.set_resolution(): Parameters - width=1024, height=1536
2025-01-17 18:50:16,539 - node_manipulation - INFO - 
node_manipulation.get_node_ID(): Searching for node title: Up_res
2025-01-17 18:50:16,539 - node_manipulation - INFO - node_manipulation.get_node_ID(): Found node ID: 17
2025-01-17 18:50:16,539 - node_manipulation - INFO - node_manipulation.set_resolution(): Successfully set resolution 1024x1536 for node 17
2025-01-17 18:50:16,546 - load_models - INFO - Queueing workflow
2025-01-17 18:50:16,556 - load_models - INFO - Response: {"prompt_id": "4611feb2-b880-4a4d-9060-11f23bd4bb39", "number": 27, "node_errors": {}}
2025-01-17 18:50:21,563 - load_models - INFO - ===== Selected models & parameters: {'checkpoint': 'dreamshaper_8.safetensors', 'ckpt_clip_skip': '', 'ckpt_cfg': '', 'ckpt_steps': '', 'ckpt_sampler': '', 'ckpt_scheduler': '', 'ckpt_hires_fix': '', 'num_loras': 1, 'num_embeddings': 4, 'lora1': 'mo.safetensors', 'lora1_weight_from': '', 'lora1_weight_to': '', 'lora1_clip_skip': '', 'lora1_cfg': '3,4,6', 'lora1_steps': '', 'lora1_sampler': '', 'lora1_scheduler': '', 'lora1_hires_fix': '', 'embedding1': 'ng_deepnegative_v1_75t.pt', 'embedding2': 'badhandv4.pt', 'embedding3': 'easynegative.safetensors', 'embedding4': 'an14.pt'} =====
2025-01-17 18:50:21,563 - node_manipulation - INFO - 
node_manipulation.get_node_ID(): Searching for node title: Load Checkpoint
2025-01-17 18:50:21,563 - node_manipulation - INFO - node_manipulation.get_node_ID(): Found node ID: 1
2025-01-17 18:50:21,563 - node_manipulation - INFO - 
node_manipulation.set_lora(): Setting LoRA node: Lora1
2025-01-17 18:50:21,563 - node_manipulation - INFO - node_manipulation.set_lora(): Parameters - lora=mo.safetensors, model_strength=1.0, clip_strength=1
2025-01-17 18:50:21,563 - node_manipulation - INFO - 
node_manipulation.get_node_ID(): Searching for node title: Lora1
2025-01-17 18:50:21,563 - node_manipulation - INFO - node_manipulation.get_node_ID(): Found node ID: 5
2025-01-17 18:50:21,563 - node_manipulation - INFO - node_manipulation.set_lora(): Successfully configured node 5
2025-01-17 18:50:21,563 - node_manipulation - INFO - 
node_manipulation.set_KSampler(): Configuring KSampler node: KSampler
2025-01-17 18:50:21,563 - node_manipulation - INFO - node_manipulation.set_KSampler(): Parameters - seed=489906, steps=20, cfg=7, sampler=dpmpp_2m, scheduler=karras, denoise=1
2025-01-17 18:50:21,563 - node_manipulation - INFO - 
node_manipulation.get_node_ID(): Searching for node title: KSampler
2025-01-17 18:50:21,563 - node_manipulation - INFO - node_manipulation.get_node_ID(): Found node ID: 9
2025-01-17 18:50:21,563 - node_manipulation - INFO - node_manipulation.set_KSampler(): Successfully configured node 9
2025-01-17 18:50:21,563 - node_manipulation - INFO - 
node_manipulation.set_positive_prompt(): Setting positive prompt
2025-01-17 18:50:21,563 - node_manipulation - INFO - node_manipulation.set_positive_prompt(): Parameters - checkpoint=dreamshaper_8.safetensors, loras=['mo.safetensors'], embeddings=ng_deepnegative_v1_75t.pt, badhandv4.pt, easynegative.safetensors, an14.pt, style=
2025-01-17 18:50:21,563 - gen_prompt - INFO - Getting trigger words - checkpoint: dreamshaper_8.safetensors, loras: ['mo.safetensors'], embeddings: ng_deepnegative_v1_75t.pt, badhandv4.pt, easynegative.safetensors, an14.pt
2025-01-17 18:50:21,563 - gen_prompt - WARNING - No Pos_trigger_select found for dreamshaper_8.safetensors
2025-01-17 18:50:21,563 - gen_prompt - WARNING - No Pos_trigger_select found for ng_deepnegative_v1_75t.pt
2025-01-17 18:50:21,574 - gen_prompt - WARNING - No Pos_trigger_select found for badhandv4.pt
2025-01-17 18:50:21,574 - gen_prompt - WARNING - No Pos_trigger_select found for easynegative.safetensors
2025-01-17 18:50:21,574 - gen_prompt - WARNING - No Pos_trigger_select found for an14.pt
2025-01-17 18:50:21,576 - gen_prompt - WARNING - No Neg_trigger_select found for dreamshaper_8.safetensors
2025-01-17 18:50:21,576 - gen_prompt - WARNING - No Neg_trigger_select found for mo.safetensors
2025-01-17 18:50:21,578 - gen_prompt - INFO - Final trigger words: {'positive': 'ink splash', 'negative': 'NG_DeepNegative_V1_75T, badhandv4, easynegative, an14'}
2025-01-17 18:50:21,584 - gen_prompt - INFO - Selected random style: Photography - Minimalist 
2025-01-17 18:50:21,584 - gen_prompt - INFO - Generated positive prompt: 1girl, a demon girl with glowing tatoo on skin, smiling at viewer, combat pose, ink splash, minimalist photography, simplicity in composition, clean lines, uncluttered visuals, negative space, focusing on essential elements, conveying tranquility, understated beauty, elegant aesthetics, subtle storytelling, capturing the essence of minimalism, masterpiece, best quality, ultra-detailed
2025-01-17 18:50:21,584 - node_manipulation - INFO - 
node_manipulation.get_node_ID(): Searching for node title: Positive
2025-01-17 18:50:21,584 - node_manipulation - INFO - node_manipulation.get_node_ID(): Found node ID: 3
2025-01-17 18:50:21,584 - node_manipulation - INFO - node_manipulation.set_positive_prompt(): Successfully set prompt for node 3
2025-01-17 18:50:21,584 - node_manipulation - INFO - node_manipulation.set_positive_prompt(): Prompt: 1girl, a demon girl with glowing tatoo on skin, smiling at viewer, combat pose, ink splash, minimalist photography, simplicity in composition, clean lines, uncluttered visuals, negative space, focusing on essential elements, conveying tranquility, understated beauty, elegant aesthetics, subtle storytelling, capturing the essence of minimalism, masterpiece, best quality, ultra-detailed
2025-01-17 18:50:21,584 - gen_prompt - INFO - Getting trigger words - checkpoint: dreamshaper_8.safetensors, loras: ['mo.safetensors'], embeddings: ng_deepnegative_v1_75t.pt, badhandv4.pt, easynegative.safetensors, an14.pt
2025-01-17 18:50:21,584 - gen_prompt - WARNING - No Pos_trigger_select found for dreamshaper_8.safetensors
2025-01-17 18:50:21,584 - gen_prompt - WARNING - No Pos_trigger_select found for ng_deepnegative_v1_75t.pt
2025-01-17 18:50:21,584 - gen_prompt - WARNING - No Pos_trigger_select found for badhandv4.pt
2025-01-17 18:50:21,584 - gen_prompt - WARNING - No Pos_trigger_select found for easynegative.safetensors
2025-01-17 18:50:21,584 - gen_prompt - WARNING - No Pos_trigger_select found for an14.pt
2025-01-17 18:50:21,584 - gen_prompt - WARNING - No Neg_trigger_select found for dreamshaper_8.safetensors
2025-01-17 18:50:21,584 - gen_prompt - WARNING - No Neg_trigger_select found for mo.safetensors
2025-01-17 18:50:21,594 - gen_prompt - INFO - Final trigger words: {'positive': 'ink splash', 'negative': 'NG_DeepNegative_V1_75T, badhandv4, easynegative, an14'}
2025-01-17 18:50:21,594 - gen_prompt - INFO - Selected random style: Craft - Sculpture - Haniwa
2025-01-17 18:50:21,594 - gen_prompt - INFO - Generated negative prompt: NG_DeepNegative_V1_75T, badhandv4, easynegative, an14, signature, watermark, ugly, off-center, deformed, cropped, worst quality, low quality, lowres, JPEG artifacts, bad quality, low quality, low resolution
2025-01-17 18:50:21,594 - node_manipulation - INFO - 
node_manipulation.get_node_ID(): Searching for node title: Negative
2025-01-17 18:50:21,594 - node_manipulation - INFO - node_manipulation.get_node_ID(): Found node ID: 4
2025-01-17 18:50:21,594 - node_manipulation - INFO - 
node_manipulation.set_resolution(): Setting resolution for node: Empty Latent Image
2025-01-17 18:50:21,594 - node_manipulation - INFO - node_manipulation.set_resolution(): Parameters - width=512, height=768
2025-01-17 18:50:21,594 - node_manipulation - INFO - 
node_manipulation.get_node_ID(): Searching for node title: Empty Latent Image
2025-01-17 18:50:21,594 - node_manipulation - INFO - node_manipulation.get_node_ID(): Found node ID: 10
2025-01-17 18:50:21,594 - node_manipulation - INFO - node_manipulation.set_resolution(): Successfully set resolution 512x768 for node 10
2025-01-17 18:50:21,594 - node_manipulation - INFO - 
node_manipulation.set_resolution(): Setting resolution for node: Up_res
2025-01-17 18:50:21,594 - node_manipulation - INFO - node_manipulation.set_resolution(): Parameters - width=1024, height=1536
2025-01-17 18:50:21,594 - node_manipulation - INFO - 
node_manipulation.get_node_ID(): Searching for node title: Up_res
2025-01-17 18:50:21,594 - node_manipulation - INFO - node_manipulation.get_node_ID(): Found node ID: 17
2025-01-17 18:50:21,594 - node_manipulation - INFO - node_manipulation.set_resolution(): Successfully set resolution 1024x1536 for node 17
2025-01-17 18:50:21,604 - load_models - INFO - Queueing workflow
2025-01-17 18:50:21,616 - load_models - INFO - Response: {"prompt_id": "2fbe924d-c4a6-4a34-8f65-ca760e88aa81", "number": 28, "node_errors": {}}
2025-01-17 18:50:26,618 - load_models - INFO - ===== Selected models & parameters: {'checkpoint': 'dreamshaper_8.safetensors', 'ckpt_clip_skip': '', 'ckpt_cfg': '', 'ckpt_steps': '', 'ckpt_sampler': '', 'ckpt_scheduler': '', 'ckpt_hires_fix': '', 'num_loras': 1, 'num_embeddings': 4, 'lora1': 'nier_anime_style_offset.safetensors', 'lora1_weight_from': '1', 'lora1_weight_to': '1', 'lora1_clip_skip': '', 'lora1_cfg': '', 'lora1_steps': '', 'lora1_sampler': '', 'lora1_scheduler': '', 'lora1_hires_fix': '', 'embedding1': 'ng_deepnegative_v1_75t.pt', 'embedding2': 'badhandv4.pt', 'embedding3': 'easynegative.safetensors', 'embedding4': 'an14.pt'} =====
2025-01-17 18:50:26,618 - node_manipulation - INFO - 
node_manipulation.get_node_ID(): Searching for node title: Load Checkpoint
2025-01-17 18:50:26,618 - node_manipulation - INFO - node_manipulation.get_node_ID(): Found node ID: 1
2025-01-17 18:50:26,621 - node_manipulation - INFO - 
node_manipulation.set_lora(): Setting LoRA node: Lora1
2025-01-17 18:50:26,621 - node_manipulation - INFO - node_manipulation.set_lora(): Parameters - lora=nier_anime_style_offset.safetensors, model_strength=1.0, clip_strength=1
2025-01-17 18:50:26,621 - node_manipulation - INFO - 
node_manipulation.get_node_ID(): Searching for node title: Lora1
2025-01-17 18:50:26,621 - node_manipulation - INFO - node_manipulation.get_node_ID(): Found node ID: 5
2025-01-17 18:50:26,621 - node_manipulation - INFO - node_manipulation.set_lora(): Successfully configured node 5
2025-01-17 18:50:26,621 - node_manipulation - INFO - 
node_manipulation.set_KSampler(): Configuring KSampler node: KSampler
2025-01-17 18:50:26,621 - node_manipulation - INFO - node_manipulation.set_KSampler(): Parameters - seed=594071, steps=20, cfg=7, sampler=dpmpp_2m, scheduler=karras, denoise=1
2025-01-17 18:50:26,621 - node_manipulation - INFO - 
node_manipulation.get_node_ID(): Searching for node title: KSampler
2025-01-17 18:50:26,621 - node_manipulation - INFO - node_manipulation.get_node_ID(): Found node ID: 9
2025-01-17 18:50:26,621 - node_manipulation - INFO - node_manipulation.set_KSampler(): Successfully configured node 9
2025-01-17 18:50:26,621 - node_manipulation - INFO - 
node_manipulation.set_positive_prompt(): Setting positive prompt
2025-01-17 18:50:26,621 - node_manipulation - INFO - node_manipulation.set_positive_prompt(): Parameters - checkpoint=dreamshaper_8.safetensors, loras=['nier_anime_style_offset.safetensors'], embeddings=ng_deepnegative_v1_75t.pt, badhandv4.pt, easynegative.safetensors, an14.pt, style=
2025-01-17 18:50:26,621 - gen_prompt - INFO - Getting trigger words - checkpoint: dreamshaper_8.safetensors, loras: ['nier_anime_style_offset.safetensors'], embeddings: ng_deepnegative_v1_75t.pt, badhandv4.pt, easynegative.safetensors, an14.pt
2025-01-17 18:50:26,621 - gen_prompt - WARNING - No Pos_trigger_select found for dreamshaper_8.safetensors
2025-01-17 18:50:26,621 - gen_prompt - WARNING - No Pos_trigger_select found for ng_deepnegative_v1_75t.pt
2025-01-17 18:50:26,621 - gen_prompt - WARNING - No Pos_trigger_select found for badhandv4.pt
2025-01-17 18:50:26,621 - gen_prompt - WARNING - No Pos_trigger_select found for easynegative.safetensors
2025-01-17 18:50:26,621 - gen_prompt - WARNING - No Pos_trigger_select found for an14.pt
2025-01-17 18:50:26,621 - gen_prompt - WARNING - No Neg_trigger_select found for dreamshaper_8.safetensors
2025-01-17 18:50:26,631 - gen_prompt - WARNING - No Neg_trigger_select found for nier_anime_style_offset.safetensors
2025-01-17 18:50:26,631 - gen_prompt - INFO - Final trigger words: {'positive': 'nier anime style', 'negative': 'NG_DeepNegative_V1_75T, badhandv4, easynegative, an14'}
2025-01-17 18:50:26,636 - gen_prompt - INFO - Selected random style: Painting - Fantasy Cartoon
2025-01-17 18:50:26,636 - gen_prompt - INFO - Generated positive prompt: 1girl, a demon girl with glowing tatoo on skin, smiling at viewer, combat pose, nier anime style, Fantasy cartoon concept art style, cartoon cute digital painting, imaginative, dynamic composition, whimsical expression, adorable, playful character, professional-grade execution, creates immersive world and landscape, brush strokes, masterpiece, best quality, ultra-detailed
2025-01-17 18:50:26,636 - node_manipulation - INFO - 
node_manipulation.get_node_ID(): Searching for node title: Positive
2025-01-17 18:50:26,636 - node_manipulation - INFO - node_manipulation.get_node_ID(): Found node ID: 3
2025-01-17 18:50:26,636 - node_manipulation - INFO - node_manipulation.set_positive_prompt(): Successfully set prompt for node 3
2025-01-17 18:50:26,636 - node_manipulation - INFO - node_manipulation.set_positive_prompt(): Prompt: 1girl, a demon girl with glowing tatoo on skin, smiling at viewer, combat pose, nier anime style, Fantasy cartoon concept art style, cartoon cute digital painting, imaginative, dynamic composition, whimsical expression, adorable, playful character, professional-grade execution, creates immersive world and landscape, brush strokes, masterpiece, best quality, ultra-detailed
2025-01-17 18:50:26,636 - gen_prompt - INFO - Getting trigger words - checkpoint: dreamshaper_8.safetensors, loras: ['nier_anime_style_offset.safetensors'], embeddings: ng_deepnegative_v1_75t.pt, badhandv4.pt, easynegative.safetensors, an14.pt
2025-01-17 18:50:26,641 - gen_prompt - WARNING - No Pos_trigger_select found for dreamshaper_8.safetensors
2025-01-17 18:50:26,641 - gen_prompt - WARNING - No Pos_trigger_select found for ng_deepnegative_v1_75t.pt
2025-01-17 18:50:26,641 - gen_prompt - WARNING - No Pos_trigger_select found for badhandv4.pt
2025-01-17 18:50:26,641 - gen_prompt - WARNING - No Pos_trigger_select found for easynegative.safetensors
2025-01-17 18:50:26,641 - gen_prompt - WARNING - No Pos_trigger_select found for an14.pt
2025-01-17 18:50:26,641 - gen_prompt - WARNING - No Neg_trigger_select found for dreamshaper_8.safetensors
2025-01-17 18:50:26,647 - gen_prompt - WARNING - No Neg_trigger_select found for nier_anime_style_offset.safetensors
2025-01-17 18:50:26,649 - gen_prompt - INFO - Final trigger words: {'positive': 'nier anime style', 'negative': 'NG_DeepNegative_V1_75T, badhandv4, easynegative, an14'}
2025-01-17 18:50:26,651 - gen_prompt - INFO - Selected random style: ART - Dadaism
2025-01-17 18:50:26,651 - gen_prompt - INFO - Generated negative prompt: NG_DeepNegative_V1_75T, badhandv4, easynegative, an14, signature, watermark, ugly, off-center, deformed, cropped, frame, worst quality, low quality, lowres, JPEG artifacts, bad quality, low quality, low resolution
2025-01-17 18:50:26,651 - node_manipulation - INFO - 
node_manipulation.get_node_ID(): Searching for node title: Negative
2025-01-17 18:50:26,651 - node_manipulation - INFO - node_manipulation.get_node_ID(): Found node ID: 4
2025-01-17 18:50:26,651 - node_manipulation - INFO - 
node_manipulation.set_resolution(): Setting resolution for node: Empty Latent Image
2025-01-17 18:50:26,651 - node_manipulation - INFO - node_manipulation.set_resolution(): Parameters - width=512, height=768
2025-01-17 18:50:26,651 - node_manipulation - INFO - 
node_manipulation.get_node_ID(): Searching for node title: Empty Latent Image
2025-01-17 18:50:26,651 - node_manipulation - INFO - node_manipulation.get_node_ID(): Found node ID: 10
2025-01-17 18:50:26,651 - node_manipulation - INFO - node_manipulation.set_resolution(): Successfully set resolution 512x768 for node 10
2025-01-17 18:50:26,651 - node_manipulation - INFO - 
node_manipulation.set_resolution(): Setting resolution for node: Up_res
2025-01-17 18:50:26,651 - node_manipulation - INFO - node_manipulation.set_resolution(): Parameters - width=1024, height=1536
2025-01-17 18:50:26,651 - node_manipulation - INFO - 
node_manipulation.get_node_ID(): Searching for node title: Up_res
2025-01-17 18:50:26,651 - node_manipulation - INFO - node_manipulation.get_node_ID(): Found node ID: 17
2025-01-17 18:50:26,651 - node_manipulation - INFO - node_manipulation.set_resolution(): Successfully set resolution 1024x1536 for node 17
2025-01-17 18:50:26,651 - load_models - INFO - Queueing workflow
2025-01-17 18:50:26,661 - load_models - INFO - Response: {"prompt_id": "e95e0200-a269-411d-bdbe-eaa20f523aef", "number": 29, "node_errors": {}}
2025-01-17 18:50:31,671 - load_models - INFO - ===== Selected models & parameters: {'checkpoint': 'dreamshaper_8.safetensors', 'ckpt_clip_skip': '', 'ckpt_cfg': '', 'ckpt_steps': '', 'ckpt_sampler': '', 'ckpt_scheduler': '', 'ckpt_hires_fix': '', 'num_loras': 1, 'num_embeddings': 4, 'lora1': 'more_details.safetensors', 'lora1_weight_from': '0', 'lora1_weight_to': '1', 'lora1_clip_skip': '', 'lora1_cfg': '', 'lora1_steps': '', 'lora1_sampler': '', 'lora1_scheduler': '', 'lora1_hires_fix': '', 'embedding1': 'ng_deepnegative_v1_75t.pt', 'embedding2': 'badhandv4.pt', 'embedding3': 'easynegative.safetensors', 'embedding4': 'an14.pt'} =====
2025-01-17 18:50:31,671 - node_manipulation - INFO - 
node_manipulation.get_node_ID(): Searching for node title: Load Checkpoint
2025-01-17 18:50:31,671 - node_manipulation - INFO - node_manipulation.get_node_ID(): Found node ID: 1
2025-01-17 18:50:31,671 - node_manipulation - INFO - 
node_manipulation.set_lora(): Setting LoRA node: Lora1
2025-01-17 18:50:31,671 - node_manipulation - INFO - node_manipulation.set_lora(): Parameters - lora=more_details.safetensors, model_strength=0.7, clip_strength=1
2025-01-17 18:50:31,676 - node_manipulation - INFO - 
node_manipulation.get_node_ID(): Searching for node title: Lora1
2025-01-17 18:50:31,676 - node_manipulation - INFO - node_manipulation.get_node_ID(): Found node ID: 5
2025-01-17 18:50:31,676 - node_manipulation - INFO - node_manipulation.set_lora(): Successfully configured node 5
2025-01-17 18:50:31,676 - node_manipulation - INFO - 
node_manipulation.set_KSampler(): Configuring KSampler node: KSampler
2025-01-17 18:50:31,676 - node_manipulation - INFO - node_manipulation.set_KSampler(): Parameters - seed=268750, steps=20, cfg=7, sampler=dpmpp_2m, scheduler=karras, denoise=1
2025-01-17 18:50:31,676 - node_manipulation - INFO - 
node_manipulation.get_node_ID(): Searching for node title: KSampler
2025-01-17 18:50:31,676 - node_manipulation - INFO - node_manipulation.get_node_ID(): Found node ID: 9
2025-01-17 18:50:31,676 - node_manipulation - INFO - node_manipulation.set_KSampler(): Successfully configured node 9
2025-01-17 18:50:31,676 - node_manipulation - INFO - 
node_manipulation.set_positive_prompt(): Setting positive prompt
2025-01-17 18:50:31,676 - node_manipulation - INFO - node_manipulation.set_positive_prompt(): Parameters - checkpoint=dreamshaper_8.safetensors, loras=['more_details.safetensors'], embeddings=ng_deepnegative_v1_75t.pt, badhandv4.pt, easynegative.safetensors, an14.pt, style=
2025-01-17 18:50:31,676 - gen_prompt - INFO - Getting trigger words - checkpoint: dreamshaper_8.safetensors, loras: ['more_details.safetensors'], embeddings: ng_deepnegative_v1_75t.pt, badhandv4.pt, easynegative.safetensors, an14.pt
2025-01-17 18:50:31,676 - gen_prompt - WARNING - No Pos_trigger_select found for dreamshaper_8.safetensors
2025-01-17 18:50:31,681 - gen_prompt - WARNING - No Pos_trigger_select found for more_details.safetensors
2025-01-17 18:50:31,681 - gen_prompt - WARNING - No Pos_trigger_select found for ng_deepnegative_v1_75t.pt
2025-01-17 18:50:31,681 - gen_prompt - WARNING - No Pos_trigger_select found for badhandv4.pt
2025-01-17 18:50:31,681 - gen_prompt - WARNING - No Pos_trigger_select found for easynegative.safetensors
2025-01-17 18:50:31,681 - gen_prompt - WARNING - No Pos_trigger_select found for an14.pt
2025-01-17 18:50:31,681 - gen_prompt - WARNING - No Neg_trigger_select found for dreamshaper_8.safetensors
2025-01-17 18:50:31,681 - gen_prompt - WARNING - No Neg_trigger_select found for more_details.safetensors
2025-01-17 18:50:31,688 - gen_prompt - INFO - Final trigger words: {'positive': '', 'negative': 'NG_DeepNegative_V1_75T, badhandv4, easynegative, an14'}
2025-01-17 18:50:31,688 - gen_prompt - INFO - Selected random style: Fashion - Vintage
2025-01-17 18:50:31,688 - gen_prompt - INFO - Generated positive prompt: 1girl, a angel girl with huge wings, intricate lingerie, burning heart, kneeing, , Vintage fashion style, embraces clothing and accessories from previous eras, celebrates timeless designs and craftsmanship, allows for unique and one-of-a-kind looks, evokes nostalgia and a sense of history, masterpiece, best quality, ultra-detailed
2025-01-17 18:50:31,688 - node_manipulation - INFO - 
node_manipulation.get_node_ID(): Searching for node title: Positive
2025-01-17 18:50:31,688 - node_manipulation - INFO - node_manipulation.get_node_ID(): Found node ID: 3
2025-01-17 18:50:31,688 - node_manipulation - INFO - node_manipulation.set_positive_prompt(): Successfully set prompt for node 3
2025-01-17 18:50:31,688 - node_manipulation - INFO - node_manipulation.set_positive_prompt(): Prompt: 1girl, a angel girl with huge wings, intricate lingerie, burning heart, kneeing, , Vintage fashion style, embraces clothing and accessories from previous eras, celebrates timeless designs and craftsmanship, allows for unique and one-of-a-kind looks, evokes nostalgia and a sense of history, masterpiece, best quality, ultra-detailed
2025-01-17 18:50:31,688 - gen_prompt - INFO - Getting trigger words - checkpoint: dreamshaper_8.safetensors, loras: ['more_details.safetensors'], embeddings: ng_deepnegative_v1_75t.pt, badhandv4.pt, easynegative.safetensors, an14.pt
2025-01-17 18:50:31,688 - gen_prompt - WARNING - No Pos_trigger_select found for dreamshaper_8.safetensors
2025-01-17 18:50:31,696 - gen_prompt - WARNING - No Pos_trigger_select found for more_details.safetensors
2025-01-17 18:50:31,696 - gen_prompt - WARNING - No Pos_trigger_select found for ng_deepnegative_v1_75t.pt
2025-01-17 18:50:31,696 - gen_prompt - WARNING - No Pos_trigger_select found for badhandv4.pt
2025-01-17 18:50:31,696 - gen_prompt - WARNING - No Pos_trigger_select found for easynegative.safetensors
2025-01-17 18:50:31,696 - gen_prompt - WARNING - No Pos_trigger_select found for an14.pt
2025-01-17 18:50:31,696 - gen_prompt - WARNING - No Neg_trigger_select found for dreamshaper_8.safetensors
2025-01-17 18:50:31,696 - gen_prompt - WARNING - No Neg_trigger_select found for more_details.safetensors
2025-01-17 18:50:31,696 - gen_prompt - INFO - Final trigger words: {'positive': '', 'negative': 'NG_DeepNegative_V1_75T, badhandv4, easynegative, an14'}
2025-01-17 18:50:31,707 - gen_prompt - INFO - Selected random style: Experimental - Cute Cyber Ninja 3D
2025-01-17 18:50:31,707 - gen_prompt - INFO - Generated negative prompt: NG_DeepNegative_V1_75T, badhandv4, easynegative, an14, low-quality rendering, photo, photorealistic, realism, ugly, worst quality, low quality, lowres, JPEG artifacts, bad quality, low quality, low resolution
2025-01-17 18:50:31,707 - node_manipulation - INFO - 
node_manipulation.get_node_ID(): Searching for node title: Negative
2025-01-17 18:50:31,707 - node_manipulation - INFO - node_manipulation.get_node_ID(): Found node ID: 4
2025-01-17 18:50:31,707 - node_manipulation - INFO - 
node_manipulation.set_resolution(): Setting resolution for node: Empty Latent Image
2025-01-17 18:50:31,707 - node_manipulation - INFO - node_manipulation.set_resolution(): Parameters - width=512, height=768
2025-01-17 18:50:31,707 - node_manipulation - INFO - 
node_manipulation.get_node_ID(): Searching for node title: Empty Latent Image
2025-01-17 18:50:31,707 - node_manipulation - INFO - node_manipulation.get_node_ID(): Found node ID: 10
2025-01-17 18:50:31,707 - node_manipulation - INFO - node_manipulation.set_resolution(): Successfully set resolution 512x768 for node 10
2025-01-17 18:50:31,707 - node_manipulation - INFO - 
node_manipulation.set_resolution(): Setting resolution for node: Up_res
2025-01-17 18:50:31,707 - node_manipulation - INFO - node_manipulation.set_resolution(): Parameters - width=1024, height=1536
2025-01-17 18:50:31,707 - node_manipulation - INFO - 
node_manipulation.get_node_ID(): Searching for node title: Up_res
2025-01-17 18:50:31,707 - node_manipulation - INFO - node_manipulation.get_node_ID(): Found node ID: 17
2025-01-17 18:50:31,707 - node_manipulation - INFO - node_manipulation.set_resolution(): Successfully set resolution 1024x1536 for node 17
2025-01-17 18:50:31,707 - load_models - INFO - Queueing workflow
2025-01-17 18:50:31,722 - load_models - INFO - Response: {"prompt_id": "5a409329-c4a9-43a5-b4c5-865f5f3b97e9", "number": 30, "node_errors": {}}
