2025-01-18 23:56:32,443 - load_models - INFO - Found checkpoint meinamix_v12Final.safetensors with base SD 1.5
2025-01-18 23:56:32,443 - load_models - INFO - Added fixed LoRA: tifa_v2.3.safetensors
2025-01-18 23:56:32,443 - load_models - INFO - Added fixed LoRA: genshinfull1-000006.safetensors
2025-01-18 23:56:32,443 - load_models - INFO - Added 2 LoRAs from category style
2025-01-18 23:56:32,443 - load_models - INFO - Added all 2 LoRAs from category detail
2025-01-18 23:56:32,443 - load_models - INFO - Added 1 random LoRAs from category quality
2025-01-18 23:56:32,443 - load_models - INFO - Final selection: 7 LoRAs
2025-01-18 23:56:32,445 - load_models - INFO - Selected LoRA: tifa_v2.3.safetensors (Category: character)
2025-01-18 23:56:32,445 - load_models - INFO - Selected LoRA: genshinfull1-000006.safetensors (Category: character)
2025-01-18 23:56:32,445 - load_models - INFO - Selected LoRA: mo.safetensors (Category: style)
2025-01-18 23:56:32,445 - load_models - INFO - Selected LoRA: manga2_by_XUEBI.safetensors (Category: style)
2025-01-18 23:56:32,445 - load_models - INFO - Selected LoRA: more_details.safetensors (Category: detail)
2025-01-18 23:56:32,445 - load_models - INFO - Selected LoRA: add_detail.safetensors (Category: detail)
2025-01-18 23:56:32,445 - load_models - INFO - Selected LoRA: GoodHands-beta2.safetensors (Category: quality)
2025-01-18 23:56:32,445 - __main__ - INFO - Starting workflow generation
2025-01-18 23:56:32,451 - load_models - INFO - Found checkpoint majicmixRealistic_v7.safetensors with base SD 1.5
2025-01-18 23:56:32,451 - load_models - INFO - Added 0 LoRAs from category style
2025-01-18 23:56:32,451 - load_models - INFO - Added 0 LoRAs from category outfit
2025-01-18 23:56:32,451 - load_models - INFO - Added 0 LoRAs from category lighting
2025-01-18 23:56:32,451 - load_models - INFO - Final selection: 0 LoRAs
2025-01-18 23:56:32,451 - __main__ - INFO - ******Loras:******* []
2025-01-18 23:56:32,451 - __main__ - INFO - UNSELECTED available LoRAs with the same base as the checkpoint: AbstractMalePortraits_v2R_60_R-128.safetensors, AbstractPortrait_50_R.safetensors, animeoutlineV4_16.safetensors, backlight_slider_v10.safetensors, bichu-v0612.safetensors, dm_canvas_style3_1530.safetensors, GoodHands-beta2.safetensors, gubinxin.safetensors, manga2_by_XUEBI.safetensors, masturbation_female.safetensors, more_details.safetensors, nier_anime_style_offset.safetensors, pixel_f2.safetensors, add_detail.safetensors, tifa_v2.3.safetensors, WaterColoursScenev1.0.safetensors, XSarchitectural-38InteriorForBedroom.safetensors, Drawing.safetensors, AMechaSSS[color_theme,mecha musume, mechanical parts,robot joints,headgear].safetensors, see-through leotard-000004.safetensors, howlbgsv3.safetensors, mo.safetensors, LAS.safetensors, contrast_slider_v10.safetensors, add_sharpness.safetensors, MoXinV1.safetensors, Niji V2B.safetensors, genshinfull1-000006.safetensors, zyd232_InkStyle_v1_0.safetensors
2025-01-18 23:56:32,451 - __main__ - INFO - Checkpoint and LoRAs have the same base: SD 1.5
2025-01-18 23:56:32,451 - load_models - INFO - ===== Selected models & parameters: {'checkpoint': 'majicmixRealistic_v7.safetensors', 'ckpt_clip_skip': '', 'ckpt_cfg': '', 'ckpt_steps': '20-40', 'ckpt_sampler': 'euler_ancestral', 'ckpt_scheduler': '', 'ckpt_hires_fix': 'Y', 'num_loras': 0, 'num_embeddings': 4, 'embedding1': 'ng_deepnegative_v1_75t.pt', 'embedding2': 'badhandv4.pt', 'embedding3': 'easynegative.safetensors', 'embedding4': 'an14.pt'} =====
2025-01-18 23:56:32,451 - node_manipulation - INFO - 
node_manipulation.get_node_ID(): Searching for node title: Load Checkpoint
2025-01-18 23:56:32,451 - node_manipulation - INFO - node_manipulation.get_node_ID(): Found node ID: 1
2025-01-18 23:56:32,451 - node_manipulation - INFO - 
node_manipulation.get_node_ID(): Searching for node title: CLIP Set Last Layer
2025-01-18 23:56:32,451 - node_manipulation - INFO - node_manipulation.get_node_ID(): Found node ID: 2
2025-01-18 23:56:32,451 - node_manipulation - INFO - 
node_manipulation.get_node_ID(): Searching for node title: CLIP Set Last Layer
2025-01-18 23:56:32,451 - node_manipulation - INFO - node_manipulation.get_node_ID(): Found node ID: 2
2025-01-18 23:56:32,451 - node_manipulation - INFO - 
node_manipulation.get_node_ID(): Searching for node title: Load Checkpoint
2025-01-18 23:56:32,451 - node_manipulation - INFO - node_manipulation.get_node_ID(): Found node ID: 1
2025-01-18 23:56:32,451 - node_manipulation - INFO - 
node_manipulation.get_node_ID(): Searching for node title: Load Checkpoint
2025-01-18 23:56:32,451 - node_manipulation - INFO - node_manipulation.get_node_ID(): Found node ID: 1
2025-01-18 23:56:32,451 - node_manipulation - INFO - 
node_manipulation.set_KSampler(): Configuring KSampler node: KSampler
2025-01-18 23:56:32,451 - node_manipulation - INFO - node_manipulation.set_KSampler(): Parameters - seed=604280, steps=20, cfg=7, sampler=dpmpp_2m, scheduler=karras, denoise=1
2025-01-18 23:56:32,451 - node_manipulation - INFO - 
node_manipulation.get_node_ID(): Searching for node title: KSampler
2025-01-18 23:56:32,451 - node_manipulation - INFO - node_manipulation.get_node_ID(): Found node ID: 9
2025-01-18 23:56:32,451 - node_manipulation - INFO - node_manipulation.set_KSampler(): Successfully configured node 9
2025-01-18 23:56:32,451 - node_manipulation - INFO - 
node_manipulation.set_positive_prompt(): Setting positive prompt
2025-01-18 23:56:32,451 - node_manipulation - INFO - node_manipulation.set_positive_prompt(): Parameters - checkpoint=majicmixRealistic_v7.safetensors, loras=[], embeddings=ng_deepnegative_v1_75t.pt, badhandv4.pt, easynegative.safetensors, an14.pt, object_type=target, style=None
2025-01-18 23:56:32,451 - gen_prompt - INFO - Attempting to get object of type: target
2025-01-18 23:56:32,458 - gen_prompt - INFO - gen_prompt.get_object(): Selected random object: An abstract painting depicts numerous heart-shaped objects in various shades of pink, orange, and white. The background is a soft blend of pale pink and white, creating a dreamy and ethereal atmosphere. elegent composition. The expressive style features bold brushstrokes and a harmonious color palette that evokes feelings of warmth and love.
2025-01-18 23:56:32,458 - gen_prompt - INFO - Getting trigger words - checkpoint: majicmixRealistic_v7.safetensors, loras: [], embeddings: ng_deepnegative_v1_75t.pt, badhandv4.pt, easynegative.safetensors, an14.pt
2025-01-18 23:56:32,458 - gen_prompt - WARNING - No Pos_trigger_select found for majicmixRealistic_v7.safetensors
2025-01-18 23:56:32,459 - gen_prompt - WARNING - No Pos_trigger_select found for ng_deepnegative_v1_75t.pt
2025-01-18 23:56:32,459 - gen_prompt - WARNING - No Pos_trigger_select found for badhandv4.pt
2025-01-18 23:56:32,459 - gen_prompt - WARNING - No Pos_trigger_select found for easynegative.safetensors
2025-01-18 23:56:32,461 - gen_prompt - WARNING - No Pos_trigger_select found for an14.pt
2025-01-18 23:56:32,461 - gen_prompt - WARNING - No Neg_trigger_select found for majicmixRealistic_v7.safetensors
2025-01-18 23:56:32,461 - gen_prompt - INFO - Final trigger words: {'positive': '', 'negative': 'NG_DeepNegative_V1_75T, badhandv4, easynegative, an14'}
2025-01-18 23:56:32,461 - gen_prompt - ERROR - No styles available in art_styles.csv that are marked as included.
