2025-01-22 09:03:32,043 - __main__ - INFO - ===== run.main: Running iteration 1 =====
2025-01-22 09:03:32,043 - __main__ - INFO - run.main: Style name: Design-Website
2025-01-22 09:03:32,044 - load_models - INFO - load_models.assemble_loras: Found checkpoint cetusMix_Codaedition.safetensors with base SD 1.5
2025-01-22 09:03:32,045 - load_models - INFO - load_models.assemble_loras: Added 1 LoRAs from category style
2025-01-22 09:03:32,045 - load_models - INFO - load_models.assemble_loras: Added 0 LoRAs from category character_outfit
2025-01-22 09:03:32,045 - load_models - INFO - load_models.assemble_loras: Added 1 LoRAs from category lighting
2025-01-22 09:03:32,046 - load_models - INFO - load_models.assemble_loras: Added 1 LoRAs from category detail
2025-01-22 09:03:32,046 - load_models - INFO - load_models.assemble_loras: Added 1 LoRAs from category crispness
2025-01-22 09:03:32,047 - load_models - INFO - load_models.assemble_loras: Added 0 LoRAs from category quality
2025-01-22 09:03:32,047 - load_models - INFO - load_models.assemble_loras: Final selection: 4 LoRAs
2025-01-22 09:03:32,047 - load_models - INFO - load_models-assemble_loras: Selected LoRA: LAS.safetensors (Category: style)
2025-01-22 09:03:32,047 - load_models - INFO - load_models-assemble_loras: Selected LoRA: backlight_slider_v10.safetensors (Category: lighting)
2025-01-22 09:03:32,047 - load_models - INFO - load_models-assemble_loras: Selected LoRA: more_details.safetensors (Category: detail)
2025-01-22 09:03:32,048 - load_models - INFO - load_models-assemble_loras: Selected LoRA: contrast_slider_v10.safetensors (Category: crispness)
2025-01-22 09:03:32,048 - __main__ - INFO - run.main: Selected loras: ['LAS.safetensors', 'backlight_slider_v10.safetensors', 'more_details.safetensors', 'contrast_slider_v10.safetensors']
2025-01-22 09:03:32,049 - load_models - INFO - load_models.get_model_params: Selected checkpoint: cetusMix_Codaedition.safetensors
2025-01-22 09:03:32,049 - load_models - INFO - load_models.get_model_params: Selected loras: [{'Type': 'Lora', 'Base': 'SD 1.5', 'Name': 'backlight_slider_v10.safetensors', 'Category': 'lighting', 'Pos_trigger': 'Add lightsource to front,Add lightsource to back', 'Pos_trigger_select': '1', 'Neg_trigger': '', 'Neg_trigger_select': '', 'Weight_from': '-5', 'Weight_to': '5', 'Clip_skip': '', 'CFG': '', 'Steps': '', 'Sampler': '', 'Scheduler': '', 'HiRes_fix': '', 'Special': 'tigger word and weight are linked, how to implement?', 'Tags': '', 'VAE': '', 'Location': '', 'Excluded': '', 'Link': 'https://civitai.com/models/151576/light-control-back-front-backlight-slider'}, {'Type': 'Lora', 'Base': 'SD 1.5', 'Name': 'more_details.safetensors', 'Category': 'detail', 'Pos_trigger': '', 'Pos_trigger_select': '', 'Neg_trigger': '', 'Neg_trigger_select': '', 'Weight_from': '0', 'Weight_to': '1', 'Clip_skip': '', 'CFG': '', 'Steps': '', 'Sampler': '', 'Scheduler': '', 'HiRes_fix': '', 'Special': '', 'Tags': '', 'VAE': '', 'Location': '', 'Excluded': '', 'Link': 'https://civitai.com/models/82098/add-more-details-detail-enhancer-tweaker-lora'}, {'Type': 'Lora', 'Base': 'SD 1.5', 'Name': 'LAS.safetensors', 'Category': 'style', 'Pos_trigger': 'cloud,colorful,starry,stars', 'Pos_trigger_select': 'random', 'Neg_trigger': '', 'Neg_trigger_select': '', 'Weight_from': '0.6', 'Weight_to': '0.8', 'Clip_skip': '', 'CFG': '', 'Steps': '', 'Sampler': '', 'Scheduler': '', 'HiRes_fix': 'Y', 'Special': '', 'Tags': '', 'VAE': '', 'Location': '', 'Excluded': '', 'Link': 'https://civitai.com/models/17824/sun-and-shadow'}, {'Type': 'Lora', 'Base': 'SD 1.5', 'Name': 'contrast_slider_v10.safetensors', 'Category': 'crispness', 'Pos_trigger': '', 'Pos_trigger_select': '', 'Neg_trigger': '', 'Neg_trigger_select': '', 'Weight_from': '-5', 'Weight_to': '5', 'Clip_skip': '', 'CFG': '', 'Steps': '', 'Sampler': '', 'Scheduler': '', 'HiRes_fix': '', 'Special': '', 'Tags': '', 'VAE': '', 'Location': '', 'Excluded': '', 'Link': 'https://civitai.com/models/155496/contrast-control-sd15'}]
2025-01-22 09:03:32,049 - load_models - INFO - load_models.get_model_params: No embeddings specified, selected random embeddings: [{'Type': 'Embedding', 'Base': 'SD 1.5', 'Name': 'ng_deepnegative_v1_75t.pt', 'Category': '', 'Pos_trigger': '', 'Pos_trigger_select': '', 'Neg_trigger': 'NG_DeepNegative_V1_75T', 'Neg_trigger_select': '1', 'Weight_from': '', 'Weight_to': '', 'Clip_skip': '', 'CFG': '', 'Steps': '', 'Sampler': '', 'Scheduler': '', 'HiRes_fix': '', 'Special': '', 'Tags': '', 'VAE': '', 'Location': '', 'Excluded': '', 'Link': 'https://civitai.com/models/4629/deep-negative-v1x'}]
2025-01-22 09:03:32,049 - load_models - INFO - ===== Selected models & parameters: 
 {'checkpoint': 'cetusMix_Codaedition.safetensors', 'ckpt_clip_skip': '', 'ckpt_cfg': '', 'ckpt_steps': '', 'ckpt_sampler': '', 'ckpt_scheduler': '', 'ckpt_hires_fix': '', 'num_loras': 4, 'num_embeddings': 1, 'lora1': 'backlight_slider_v10.safetensors', 'lora1_weight_from': '-5', 'lora1_weight_to': '5', 'lora1_clip_skip': '', 'lora1_cfg': '', 'lora1_steps': '', 'lora1_sampler': '', 'lora1_scheduler': '', 'lora1_hires_fix': '', 'lora2': 'more_details.safetensors', 'lora2_weight_from': '0', 'lora2_weight_to': '1', 'lora2_clip_skip': '', 'lora2_cfg': '', 'lora2_steps': '', 'lora2_sampler': '', 'lora2_scheduler': '', 'lora2_hires_fix': '', 'lora3': 'LAS.safetensors', 'lora3_weight_from': '0.6', 'lora3_weight_to': '0.8', 'lora3_clip_skip': '', 'lora3_cfg': '', 'lora3_steps': '', 'lora3_sampler': '', 'lora3_scheduler': '', 'lora3_hires_fix': 'Y', 'lora4': 'contrast_slider_v10.safetensors', 'lora4_weight_from': '-5', 'lora4_weight_to': '5', 'lora4_clip_skip': '', 'lora4_cfg': '', 'lora4_steps': '', 'lora4_sampler': '', 'lora4_scheduler': '', 'lora4_hires_fix': '', 'embedding1': 'ng_deepnegative_v1_75t.pt'} =====
2025-01-22 09:03:32,051 - node_manipulation - INFO - node_manipulation.get_node_ID: Found node ID: 1
2025-01-22 09:03:32,051 - node_manipulation - INFO - node_manipulation.get_node_ID: Found node ID: 1
2025-01-22 09:03:32,051 - node_manipulation - INFO - node_manipulation.get_node_ID: Found node ID: 2
2025-01-22 09:03:32,051 - node_manipulation - INFO - node_manipulation.get_node_ID: Found node ID: 5
2025-01-22 09:03:32,051 - node_manipulation - INFO - node_manipulation.set_lora: Successfully configured LoRA node: 5 - Lora1
2025-01-22 09:03:32,051 - node_manipulation - INFO - node_manipulation.set_lora: Parameters - lora=backlight_slider_v10.safetensors, model_strength=2.3, clip_strength=1
2025-01-22 09:03:32,051 - node_manipulation - INFO - node_manipulation.get_node_ID: Found node ID: 6
2025-01-22 09:03:32,051 - node_manipulation - INFO - node_manipulation.set_lora: Successfully configured LoRA node: 6 - Lora2
2025-01-22 09:03:32,051 - node_manipulation - INFO - node_manipulation.set_lora: Parameters - lora=more_details.safetensors, model_strength=1.0, clip_strength=1
2025-01-22 09:03:32,052 - node_manipulation - INFO - node_manipulation.get_node_ID: Found node ID: 7
2025-01-22 09:03:32,052 - node_manipulation - INFO - node_manipulation.set_lora: Successfully configured LoRA node: 7 - Lora3
2025-01-22 09:03:32,052 - node_manipulation - INFO - node_manipulation.set_lora: Parameters - lora=LAS.safetensors, model_strength=0.7, clip_strength=1
2025-01-22 09:03:32,052 - node_manipulation - INFO - node_manipulation.get_node_ID: Found node ID: 8
2025-01-22 09:03:32,052 - node_manipulation - INFO - node_manipulation.set_lora: Successfully configured LoRA node: 8 - Lora4
2025-01-22 09:03:32,052 - node_manipulation - INFO - node_manipulation.set_lora: Parameters - lora=contrast_slider_v10.safetensors, model_strength=0.7, clip_strength=1
2025-01-22 09:03:32,052 - node_manipulation - INFO - node_manipulation.get_node_ID: Found node ID: 2
2025-01-22 09:03:32,053 - node_manipulation - INFO - node_manipulation.set_node_value: Successfully set stop_at_clip_layer to -2 for node 2 - CLIP Set Last Layer
2025-01-22 09:03:32,053 - node_manipulation - INFO - node_manipulation.get_node_ID: Found node ID: 9
2025-01-22 09:03:32,053 - node_manipulation - INFO - node_manipulation.set_KSampler: Successfully configured KSampler node: 9 - KSampler
2025-01-22 09:03:32,053 - node_manipulation - INFO - node_manipulation.get_node_ID: Found node ID: 16
2025-01-22 09:03:32,053 - node_manipulation - INFO - node_manipulation.set_KSampler: Successfully configured KSampler node: 16 - KS_up
2025-01-22 09:03:32,053 - gen_prompt - INFO - gen_prompt.get_object: Getting object with identifier: 10
2025-01-22 09:03:32,055 - gen_prompt - INFO - gen_prompt.get_object: Selected object: object_10
2025-01-22 09:03:32,055 - gen_prompt - INFO - Getting trigger words - checkpoint: cetusMix_Codaedition.safetensors, loras: ['backlight_slider_v10.safetensors', 'more_details.safetensors', 'LAS.safetensors', 'contrast_slider_v10.safetensors'], embeddings: ng_deepnegative_v1_75t.pt
2025-01-22 09:03:32,055 - gen_prompt - WARNING - No Pos_trigger_select found for cetusMix_Codaedition.safetensors
2025-01-22 09:03:32,056 - gen_prompt - WARNING - No Pos_trigger_select found for more_details.safetensors
2025-01-22 09:03:32,057 - gen_prompt - WARNING - No Pos_trigger_select found for contrast_slider_v10.safetensors
2025-01-22 09:03:32,057 - gen_prompt - WARNING - No Pos_trigger_select found for ng_deepnegative_v1_75t.pt
2025-01-22 09:03:32,058 - gen_prompt - WARNING - No Neg_trigger_select found for cetusMix_Codaedition.safetensors
2025-01-22 09:03:32,059 - gen_prompt - WARNING - No Neg_trigger_select found for backlight_slider_v10.safetensors
2025-01-22 09:03:32,059 - gen_prompt - WARNING - No Neg_trigger_select found for more_details.safetensors
2025-01-22 09:03:32,060 - gen_prompt - WARNING - No Neg_trigger_select found for LAS.safetensors
2025-01-22 09:03:32,061 - gen_prompt - WARNING - No Neg_trigger_select found for contrast_slider_v10.safetensors
2025-01-22 09:03:32,061 - gen_prompt - INFO - gen_prompt.get_trigger_words: Final trigger words: 
 {'positive': 'Add lightsource to front, starry, cloud, colorful, stars', 'negative': 'NG_DeepNegative_V1_75T'}
2025-01-22 09:03:32,063 - gen_prompt - INFO - gen_prompt.select_random_style: Total styles: 307, Included styles: 307
2025-01-22 09:03:32,063 - gen_prompt - INFO - Found style. Result: {'name': 'Design-Website', 'positive': 'Website design style, web page, user-friendly interface, visually appealing layout, professional-grade execution, responsive design, enhances user experience and engagement', 'negative': 'signature, watermark, ugly, off-center, deformed, cropped, frame, worst quality, low quality, lowres, JPEG artifacts'}
2025-01-22 09:03:32,064 - gen_prompt - INFO - gen_prompt.gen_positive_prompt: Full positive prompt: 
 , Add lightsource to front, starry, cloud, colorful, stars, Website design style, web page, user-friendly interface, visually appealing layout, professional-grade execution, responsive design, enhances user experience and engagement, masterpiece, best quality, ultra-detailed
2025-01-22 09:03:32,064 - node_manipulation - INFO - node_manipulation.get_node_ID: Found node ID: 3
2025-01-22 09:03:32,064 - node_manipulation - INFO - node_manipulation.set_positive_prompt: Successfully set prompt for node 3 - Positive
2025-01-22 09:03:32,064 - node_manipulation - INFO - node_manipulation.set_positive_prompt: Prompt: , Add lightsource to front, starry, cloud, colorful, stars, Website design style, web page, user-friendly interface, visually appealing layout, professional-grade execution, responsive design, enhances user experience and engagement, masterpiece, best quality, ultra-detailed
2025-01-22 09:03:32,064 - gen_prompt - INFO - gen_prompt.get_object: Getting object with identifier: 10
2025-01-22 09:03:32,065 - gen_prompt - INFO - gen_prompt.get_object: Selected object: object_10
2025-01-22 09:03:32,065 - gen_prompt - INFO - Getting trigger words - checkpoint: cetusMix_Codaedition.safetensors, loras: ['backlight_slider_v10.safetensors', 'more_details.safetensors', 'LAS.safetensors', 'contrast_slider_v10.safetensors'], embeddings: ng_deepnegative_v1_75t.pt
2025-01-22 09:03:32,066 - gen_prompt - WARNING - No Pos_trigger_select found for cetusMix_Codaedition.safetensors
2025-01-22 09:03:32,066 - gen_prompt - WARNING - No Pos_trigger_select found for more_details.safetensors
2025-01-22 09:03:32,069 - gen_prompt - WARNING - No Pos_trigger_select found for contrast_slider_v10.safetensors
2025-01-22 09:03:32,070 - gen_prompt - WARNING - No Pos_trigger_select found for ng_deepnegative_v1_75t.pt
2025-01-22 09:03:32,070 - gen_prompt - WARNING - No Neg_trigger_select found for cetusMix_Codaedition.safetensors
2025-01-22 09:03:32,071 - gen_prompt - WARNING - No Neg_trigger_select found for backlight_slider_v10.safetensors
2025-01-22 09:03:32,071 - gen_prompt - WARNING - No Neg_trigger_select found for more_details.safetensors
2025-01-22 09:03:32,072 - gen_prompt - WARNING - No Neg_trigger_select found for LAS.safetensors
2025-01-22 09:03:32,072 - gen_prompt - WARNING - No Neg_trigger_select found for contrast_slider_v10.safetensors
2025-01-22 09:03:32,073 - gen_prompt - INFO - gen_prompt.get_trigger_words: Final trigger words: 
 {'positive': 'Add lightsource to back, stars, colorful, cloud, starry', 'negative': 'NG_DeepNegative_V1_75T'}
2025-01-22 09:03:32,075 - gen_prompt - INFO - gen_prompt.select_random_style: Total styles: 307, Included styles: 307
2025-01-22 09:03:32,076 - gen_prompt - INFO - Found style. Result: {'name': 'Design-Website', 'positive': 'Website design style, web page, user-friendly interface, visually appealing layout, professional-grade execution, responsive design, enhances user experience and engagement', 'negative': 'signature, watermark, ugly, off-center, deformed, cropped, frame, worst quality, low quality, lowres, JPEG artifacts'}
2025-01-22 09:03:32,076 - gen_prompt - INFO - gen_prompt.gen_negative_prompt: Full negative prompt: 
 NG_DeepNegative_V1_75T, signature, watermark, ugly, off-center, deformed, cropped, frame, worst quality, low quality, lowres, JPEG artifacts, watermark, bad quality, low quality, low resolution
2025-01-22 09:03:32,076 - node_manipulation - INFO - node_manipulation.get_node_ID: Found node ID: 4
2025-01-22 09:03:32,076 - node_manipulation - INFO - node_manipulation.set_negative_prompt: Successfully set prompt for node 4 - Negative
2025-01-22 09:03:32,077 - node_manipulation - INFO - node_manipulation.set_negative_prompt: Prompt: NG_DeepNegative_V1_75T, signature, watermark, ugly, off-center, deformed, cropped, frame, worst quality, low quality, lowres, JPEG artifacts, watermark, bad quality, low quality, low resolution
2025-01-22 09:03:32,077 - node_manipulation - INFO - node_manipulation.get_node_ID: Found node ID: 10
2025-01-22 09:03:32,077 - node_manipulation - INFO - node_manipulation.set_resolution: Successfully set resolution 912x512 for node Empty Latent Image - 10
2025-01-22 09:03:32,077 - node_manipulation - INFO - node_manipulation.get_node_ID: Found node ID: 17
2025-01-22 09:03:32,077 - node_manipulation - INFO - node_manipulation.set_resolution: Successfully set resolution 1824x1024 for node Up_res - 17
2025-01-22 09:03:32,078 - node_manipulation - INFO - node_manipulation.get_node_ID: Found node ID: 12
2025-01-22 09:03:32,078 - node_manipulation - INFO - node_manipulation.get_node_ID: Found node ID: 18
2025-01-22 09:03:32,078 - node_manipulation - INFO - node_manipulation.update_node_input(): Successfully updated input for node 12 with key images to 18
2025-01-22 09:03:32,313 - load_models - INFO - load_models.queue_workflow: Response: {"prompt_id": "d395279e-5e00-46dc-914e-48be172e4407", "number": 376, "node_errors": {}}
2025-01-22 09:05:12,316 - load_models - INFO - load_models.assemble_loras: Found checkpoint cetusMix_Codaedition.safetensors with base SD 1.5
2025-01-22 09:05:12,316 - load_models - INFO - load_models.assemble_loras: Added 1 LoRAs from category style
2025-01-22 09:05:12,316 - load_models - INFO - load_models.assemble_loras: Added 0 LoRAs from category character_outfit
2025-01-22 09:05:12,316 - load_models - INFO - load_models.assemble_loras: Added 1 LoRAs from category lighting
2025-01-22 09:05:12,317 - load_models - INFO - load_models.assemble_loras: Added 1 LoRAs from category detail
2025-01-22 09:05:12,317 - load_models - INFO - load_models.assemble_loras: Added 1 LoRAs from category crispness
2025-01-22 09:05:12,317 - load_models - INFO - load_models.assemble_loras: Added 0 LoRAs from category quality
2025-01-22 09:05:12,317 - load_models - INFO - load_models.assemble_loras: Final selection: 4 LoRAs
2025-01-22 09:05:12,317 - load_models - INFO - load_models-assemble_loras: Selected LoRA: howlbgsv3.safetensors (Category: style)
2025-01-22 09:05:12,318 - load_models - INFO - load_models-assemble_loras: Selected LoRA: backlight_slider_v10.safetensors (Category: lighting)
2025-01-22 09:05:12,318 - load_models - INFO - load_models-assemble_loras: Selected LoRA: more_details.safetensors (Category: detail)
2025-01-22 09:05:12,318 - load_models - INFO - load_models-assemble_loras: Selected LoRA: add_sharpness.safetensors (Category: crispness)
2025-01-22 09:05:12,318 - __main__ - INFO - run.main: Selected loras: ['howlbgsv3.safetensors', 'backlight_slider_v10.safetensors', 'more_details.safetensors', 'add_sharpness.safetensors']
2025-01-22 09:05:12,319 - load_models - INFO - load_models.get_model_params: Selected checkpoint: cetusMix_Codaedition.safetensors
2025-01-22 09:05:12,319 - load_models - INFO - load_models.get_model_params: Selected loras: [{'Type': 'Lora', 'Base': 'SD 1.5', 'Name': 'backlight_slider_v10.safetensors', 'Category': 'lighting', 'Pos_trigger': 'Add lightsource to front,Add lightsource to back', 'Pos_trigger_select': '1', 'Neg_trigger': '', 'Neg_trigger_select': '', 'Weight_from': '-5', 'Weight_to': '5', 'Clip_skip': '', 'CFG': '', 'Steps': '', 'Sampler': '', 'Scheduler': '', 'HiRes_fix': '', 'Special': 'tigger word and weight are linked, how to implement?', 'Tags': '', 'VAE': '', 'Location': '', 'Excluded': '', 'Link': 'https://civitai.com/models/151576/light-control-back-front-backlight-slider'}, {'Type': 'Lora', 'Base': 'SD 1.5', 'Name': 'more_details.safetensors', 'Category': 'detail', 'Pos_trigger': '', 'Pos_trigger_select': '', 'Neg_trigger': '', 'Neg_trigger_select': '', 'Weight_from': '0', 'Weight_to': '1', 'Clip_skip': '', 'CFG': '', 'Steps': '', 'Sampler': '', 'Scheduler': '', 'HiRes_fix': '', 'Special': '', 'Tags': '', 'VAE': '', 'Location': '', 'Excluded': '', 'Link': 'https://civitai.com/models/82098/add-more-details-detail-enhancer-tweaker-lora'}, {'Type': 'Lora', 'Base': 'SD 1.5', 'Name': 'howlbgsv3.safetensors', 'Category': 'style', 'Pos_trigger': '<howlbgsv3:1>', 'Pos_trigger_select': '1', 'Neg_trigger': '', 'Neg_trigger_select': '', 'Weight_from': '', 'Weight_to': '', 'Clip_skip': '', 'CFG': '', 'Steps': '', 'Sampler': '', 'Scheduler': '', 'HiRes_fix': '', 'Special': '', 'Tags': '', 'VAE': '', 'Location': '', 'Excluded': '', 'Link': 'https://civitai.com/models/14605/howls-moving-castle-interior-scenery-lora-ghibli-style-v3'}, {'Type': 'Lora', 'Base': 'SD 1.5', 'Name': 'add_sharpness.safetensors', 'Category': 'crispness', 'Pos_trigger': '', 'Pos_trigger_select': '', 'Neg_trigger': '', 'Neg_trigger_select': '', 'Weight_from': '-2', 'Weight_to': '2', 'Clip_skip': '', 'CFG': '', 'Steps': '', 'Sampler': '', 'Scheduler': '', 'HiRes_fix': '', 'Special': '', 'Tags': '', 'VAE': '', 'Location': '', 'Excluded': '', 'Link': 'https://civitai.com/models/69267/sharpness-tweaker-lora-lora'}]
2025-01-22 09:05:12,319 - load_models - INFO - load_models.get_model_params: No embeddings specified, selected random embeddings: []
2025-01-22 09:05:12,321 - load_models - INFO - ===== Selected models & parameters: 
 {'checkpoint': 'cetusMix_Codaedition.safetensors', 'ckpt_clip_skip': '', 'ckpt_cfg': '', 'ckpt_steps': '', 'ckpt_sampler': '', 'ckpt_scheduler': '', 'ckpt_hires_fix': '', 'num_loras': 4, 'num_embeddings': 0, 'lora1': 'backlight_slider_v10.safetensors', 'lora1_weight_from': '-5', 'lora1_weight_to': '5', 'lora1_clip_skip': '', 'lora1_cfg': '', 'lora1_steps': '', 'lora1_sampler': '', 'lora1_scheduler': '', 'lora1_hires_fix': '', 'lora2': 'more_details.safetensors', 'lora2_weight_from': '0', 'lora2_weight_to': '1', 'lora2_clip_skip': '', 'lora2_cfg': '', 'lora2_steps': '', 'lora2_sampler': '', 'lora2_scheduler': '', 'lora2_hires_fix': '', 'lora3': 'howlbgsv3.safetensors', 'lora3_weight_from': '', 'lora3_weight_to': '', 'lora3_clip_skip': '', 'lora3_cfg': '', 'lora3_steps': '', 'lora3_sampler': '', 'lora3_scheduler': '', 'lora3_hires_fix': '', 'lora4': 'add_sharpness.safetensors', 'lora4_weight_from': '-2', 'lora4_weight_to': '2', 'lora4_clip_skip': '', 'lora4_cfg': '', 'lora4_steps': '', 'lora4_sampler': '', 'lora4_scheduler': '', 'lora4_hires_fix': ''} =====
2025-01-22 09:05:12,321 - node_manipulation - INFO - node_manipulation.get_node_ID: Found node ID: 1
2025-01-22 09:05:12,321 - node_manipulation - INFO - node_manipulation.get_node_ID: Found node ID: 1
2025-01-22 09:05:12,321 - node_manipulation - INFO - node_manipulation.get_node_ID: Found node ID: 2
2025-01-22 09:05:12,321 - node_manipulation - INFO - node_manipulation.get_node_ID: Found node ID: 5
2025-01-22 09:05:12,322 - node_manipulation - INFO - node_manipulation.set_lora: Successfully configured LoRA node: 5 - Lora1
2025-01-22 09:05:12,322 - node_manipulation - INFO - node_manipulation.set_lora: Parameters - lora=backlight_slider_v10.safetensors, model_strength=1.9, clip_strength=1
2025-01-22 09:05:12,322 - node_manipulation - INFO - node_manipulation.get_node_ID: Found node ID: 6
2025-01-22 09:05:12,322 - node_manipulation - INFO - node_manipulation.set_lora: Successfully configured LoRA node: 6 - Lora2
2025-01-22 09:05:12,322 - node_manipulation - INFO - node_manipulation.set_lora: Parameters - lora=more_details.safetensors, model_strength=0.1, clip_strength=1
2025-01-22 09:05:12,323 - node_manipulation - INFO - node_manipulation.get_node_ID: Found node ID: 7
2025-01-22 09:05:12,323 - node_manipulation - INFO - node_manipulation.set_lora: Successfully configured LoRA node: 7 - Lora3
2025-01-22 09:05:12,323 - node_manipulation - INFO - node_manipulation.set_lora: Parameters - lora=howlbgsv3.safetensors, model_strength=1.0, clip_strength=1
2025-01-22 09:05:12,323 - node_manipulation - INFO - node_manipulation.get_node_ID: Found node ID: 8
2025-01-22 09:05:12,323 - node_manipulation - INFO - node_manipulation.set_lora: Successfully configured LoRA node: 8 - Lora4
2025-01-22 09:05:12,324 - node_manipulation - INFO - node_manipulation.set_lora: Parameters - lora=add_sharpness.safetensors, model_strength=1.2, clip_strength=1
2025-01-22 09:05:12,324 - node_manipulation - INFO - node_manipulation.get_node_ID: Found node ID: 2
2025-01-22 09:05:12,324 - node_manipulation - INFO - node_manipulation.set_node_value: Successfully set stop_at_clip_layer to -2 for node 2 - CLIP Set Last Layer
2025-01-22 09:05:12,324 - node_manipulation - INFO - node_manipulation.get_node_ID: Found node ID: 9
2025-01-22 09:05:12,324 - node_manipulation - INFO - node_manipulation.set_KSampler: Successfully configured KSampler node: 9 - KSampler
2025-01-22 09:05:12,324 - node_manipulation - INFO - node_manipulation.get_node_ID: Found node ID: 16
2025-01-22 09:05:12,324 - node_manipulation - INFO - node_manipulation.set_KSampler: Successfully configured KSampler node: 16 - KS_up
2025-01-22 09:05:12,325 - gen_prompt - INFO - gen_prompt.get_object: Getting object with identifier: 10
2025-01-22 09:05:12,325 - gen_prompt - INFO - gen_prompt.get_object: Selected object: object_10
2025-01-22 09:05:12,325 - gen_prompt - INFO - Getting trigger words - checkpoint: cetusMix_Codaedition.safetensors, loras: ['backlight_slider_v10.safetensors', 'more_details.safetensors', 'howlbgsv3.safetensors', 'add_sharpness.safetensors'], embeddings: 
2025-01-22 09:05:12,326 - gen_prompt - WARNING - No Pos_trigger_select found for cetusMix_Codaedition.safetensors
2025-01-22 09:05:12,327 - gen_prompt - WARNING - No Pos_trigger_select found for more_details.safetensors
2025-01-22 09:05:12,329 - gen_prompt - WARNING - No Pos_trigger_select found for add_sharpness.safetensors
2025-01-22 09:05:12,329 - gen_prompt - WARNING - No Neg_trigger_select found for cetusMix_Codaedition.safetensors
2025-01-22 09:05:12,330 - gen_prompt - WARNING - No Neg_trigger_select found for backlight_slider_v10.safetensors
2025-01-22 09:05:12,331 - gen_prompt - WARNING - No Neg_trigger_select found for more_details.safetensors
2025-01-22 09:05:12,332 - gen_prompt - WARNING - No Neg_trigger_select found for howlbgsv3.safetensors
2025-01-22 09:05:12,333 - gen_prompt - WARNING - No Neg_trigger_select found for add_sharpness.safetensors
2025-01-22 09:05:12,333 - gen_prompt - INFO - gen_prompt.get_trigger_words: Final trigger words: 
 {'positive': 'Add lightsource to front, <howlbgsv3:1>', 'negative': ''}
2025-01-22 09:05:12,335 - gen_prompt - INFO - gen_prompt.select_random_style: Total styles: 307, Included styles: 307
2025-01-22 09:05:12,336 - gen_prompt - INFO - Found style. Result: {'name': 'Design-Website', 'positive': 'Website design style, web page, user-friendly interface, visually appealing layout, professional-grade execution, responsive design, enhances user experience and engagement', 'negative': 'signature, watermark, ugly, off-center, deformed, cropped, frame, worst quality, low quality, lowres, JPEG artifacts'}
2025-01-22 09:05:12,336 - gen_prompt - INFO - gen_prompt.gen_positive_prompt: Full positive prompt: 
 , Add lightsource to front, <howlbgsv3:1>, Website design style, web page, user-friendly interface, visually appealing layout, professional-grade execution, responsive design, enhances user experience and engagement, masterpiece, best quality, ultra-detailed
2025-01-22 09:05:12,336 - node_manipulation - INFO - node_manipulation.get_node_ID: Found node ID: 3
2025-01-22 09:05:12,337 - node_manipulation - INFO - node_manipulation.set_positive_prompt: Successfully set prompt for node 3 - Positive
2025-01-22 09:05:12,337 - node_manipulation - INFO - node_manipulation.set_positive_prompt: Prompt: , Add lightsource to front, <howlbgsv3:1>, Website design style, web page, user-friendly interface, visually appealing layout, professional-grade execution, responsive design, enhances user experience and engagement, masterpiece, best quality, ultra-detailed
2025-01-22 09:05:12,337 - gen_prompt - INFO - gen_prompt.get_object: Getting object with identifier: 10
2025-01-22 09:05:12,337 - gen_prompt - INFO - gen_prompt.get_object: Selected object: object_10
2025-01-22 09:05:12,338 - gen_prompt - INFO - Getting trigger words - checkpoint: cetusMix_Codaedition.safetensors, loras: ['backlight_slider_v10.safetensors', 'more_details.safetensors', 'howlbgsv3.safetensors', 'add_sharpness.safetensors'], embeddings: 
2025-01-22 09:05:12,338 - gen_prompt - WARNING - No Pos_trigger_select found for cetusMix_Codaedition.safetensors
2025-01-22 09:05:12,339 - gen_prompt - WARNING - No Pos_trigger_select found for more_details.safetensors
2025-01-22 09:05:12,340 - gen_prompt - WARNING - No Pos_trigger_select found for add_sharpness.safetensors
2025-01-22 09:05:12,341 - gen_prompt - WARNING - No Neg_trigger_select found for cetusMix_Codaedition.safetensors
2025-01-22 09:05:12,342 - gen_prompt - WARNING - No Neg_trigger_select found for backlight_slider_v10.safetensors
2025-01-22 09:05:12,342 - gen_prompt - WARNING - No Neg_trigger_select found for more_details.safetensors
2025-01-22 09:05:12,344 - gen_prompt - WARNING - No Neg_trigger_select found for howlbgsv3.safetensors
2025-01-22 09:05:12,344 - gen_prompt - WARNING - No Neg_trigger_select found for add_sharpness.safetensors
2025-01-22 09:05:12,345 - gen_prompt - INFO - gen_prompt.get_trigger_words: Final trigger words: 
 {'positive': 'Add lightsource to front, <howlbgsv3:1>', 'negative': ''}
2025-01-22 09:05:12,347 - gen_prompt - INFO - gen_prompt.select_random_style: Total styles: 307, Included styles: 307
2025-01-22 09:05:12,347 - gen_prompt - INFO - Found style. Result: {'name': 'Design-Website', 'positive': 'Website design style, web page, user-friendly interface, visually appealing layout, professional-grade execution, responsive design, enhances user experience and engagement', 'negative': 'signature, watermark, ugly, off-center, deformed, cropped, frame, worst quality, low quality, lowres, JPEG artifacts'}
2025-01-22 09:05:12,347 - gen_prompt - INFO - gen_prompt.gen_negative_prompt: Full negative prompt: 
 signature, watermark, ugly, off-center, deformed, cropped, frame, worst quality, low quality, lowres, JPEG artifacts, watermark, bad quality, low quality, low resolution
2025-01-22 09:05:12,348 - node_manipulation - INFO - node_manipulation.get_node_ID: Found node ID: 4
2025-01-22 09:05:12,348 - node_manipulation - INFO - node_manipulation.set_negative_prompt: Successfully set prompt for node 4 - Negative
2025-01-22 09:05:12,348 - node_manipulation - INFO - node_manipulation.set_negative_prompt: Prompt: signature, watermark, ugly, off-center, deformed, cropped, frame, worst quality, low quality, lowres, JPEG artifacts, watermark, bad quality, low quality, low resolution
2025-01-22 09:05:12,348 - node_manipulation - INFO - node_manipulation.get_node_ID: Found node ID: 10
2025-01-22 09:05:12,348 - node_manipulation - INFO - node_manipulation.set_resolution: Successfully set resolution 912x512 for node Empty Latent Image - 10
2025-01-22 09:05:12,348 - node_manipulation - INFO - node_manipulation.get_node_ID: Found node ID: 17
2025-01-22 09:05:12,348 - node_manipulation - INFO - node_manipulation.set_resolution: Successfully set resolution 1824x1024 for node Up_res - 17
2025-01-22 09:05:12,349 - node_manipulation - INFO - node_manipulation.get_node_ID: Found node ID: 12
2025-01-22 09:05:12,349 - node_manipulation - INFO - node_manipulation.get_node_ID: Found node ID: 18
2025-01-22 09:05:12,349 - node_manipulation - INFO - node_manipulation.update_node_input(): Successfully updated input for node 12 with key images to 18
2025-01-22 09:05:12,358 - load_models - INFO - load_models.queue_workflow: Response: {"prompt_id": "58c75c75-71dd-404c-aded-178bd5c41353", "number": 377, "node_errors": {}}
2025-01-22 09:06:52,359 - __main__ - INFO - ===== run.main: Running iteration 2 =====
2025-01-22 09:06:52,359 - __main__ - INFO - run.main: Style name: ART-Dieselpunk
2025-01-22 09:06:52,360 - load_models - INFO - load_models.assemble_loras: Found checkpoint abstractPhoto_abcevereMix.safetensors with base SD 1.5
2025-01-22 09:06:52,362 - load_models - INFO - load_models.assemble_loras: Added 1 LoRAs from category style
2025-01-22 09:06:52,362 - load_models - INFO - load_models.assemble_loras: Added 0 LoRAs from category character_outfit
2025-01-22 09:06:52,362 - load_models - INFO - load_models.assemble_loras: Added 0 LoRAs from category lighting
2025-01-22 09:06:52,362 - load_models - INFO - load_models.assemble_loras: Added 0 LoRAs from category detail
2025-01-22 09:06:52,363 - load_models - INFO - load_models.assemble_loras: Added 1 LoRAs from category crispness
2025-01-22 09:06:52,363 - load_models - INFO - load_models.assemble_loras: Added 0 LoRAs from category quality
2025-01-22 09:06:52,363 - load_models - INFO - load_models.assemble_loras: Final selection: 2 LoRAs
2025-01-22 09:06:52,363 - load_models - INFO - load_models-assemble_loras: Selected LoRA: Niji V2B.safetensors (Category: style)
2025-01-22 09:06:52,363 - load_models - INFO - load_models-assemble_loras: Selected LoRA: contrast_slider_v10.safetensors (Category: crispness)
2025-01-22 09:06:52,364 - __main__ - INFO - run.main: Selected loras: ['Niji V2B.safetensors', 'contrast_slider_v10.safetensors']
2025-01-22 09:06:52,364 - load_models - INFO - load_models.get_model_params: Selected checkpoint: abstractPhoto_abcevereMix.safetensors
2025-01-22 09:06:52,364 - load_models - INFO - load_models.get_model_params: Selected loras: [{'Type': 'Lora', 'Base': 'SD 1.5', 'Name': 'contrast_slider_v10.safetensors', 'Category': 'crispness', 'Pos_trigger': '', 'Pos_trigger_select': '', 'Neg_trigger': '', 'Neg_trigger_select': '', 'Weight_from': '-5', 'Weight_to': '5', 'Clip_skip': '', 'CFG': '', 'Steps': '', 'Sampler': '', 'Scheduler': '', 'HiRes_fix': '', 'Special': '', 'Tags': '', 'VAE': '', 'Location': '', 'Excluded': '', 'Link': 'https://civitai.com/models/155496/contrast-control-sd15'}, {'Type': 'Lora', 'Base': 'SD 1.5', 'Name': 'Niji V2B.safetensors', 'Category': 'style', 'Pos_trigger': 'Realistic anime style, , Niji Stan Katayama style', 'Pos_trigger_select': '1', 'Neg_trigger': '', 'Neg_trigger_select': '', 'Weight_from': '', 'Weight_to': '', 'Clip_skip': '', 'CFG': '', 'Steps': '', 'Sampler': '', 'Scheduler': '', 'HiRes_fix': '', 'Special': '', 'Tags': '', 'VAE': '', 'Location': '', 'Excluded': '', 'Link': 'https://civitai.com/models/871757/niji-anime'}]
2025-01-22 09:06:52,365 - load_models - INFO - load_models.get_model_params: No embeddings specified, selected random embeddings: [{'Type': 'Embedding', 'Base': 'SD 1.5', 'Name': 'badhandv4.pt', 'Category': '', 'Pos_trigger': '', 'Pos_trigger_select': '', 'Neg_trigger': 'badhandv4', 'Neg_trigger_select': '1', 'Weight_from': '', 'Weight_to': '', 'Clip_skip': '', 'CFG': '', 'Steps': '', 'Sampler': '', 'Scheduler': '', 'HiRes_fix': '', 'Special': '', 'Tags': '', 'VAE': '', 'Location': '', 'Excluded': '', 'Link': 'https://civitai.com/models/16993/badhandv4?modelVersionId=20068'}, {'Type': 'Embedding', 'Base': 'SD 1.5', 'Name': 'ng_deepnegative_v1_75t.pt', 'Category': '', 'Pos_trigger': '', 'Pos_trigger_select': '', 'Neg_trigger': 'NG_DeepNegative_V1_75T', 'Neg_trigger_select': '1', 'Weight_from': '', 'Weight_to': '', 'Clip_skip': '', 'CFG': '', 'Steps': '', 'Sampler': '', 'Scheduler': '', 'HiRes_fix': '', 'Special': '', 'Tags': '', 'VAE': '', 'Location': '', 'Excluded': '', 'Link': 'https://civitai.com/models/4629/deep-negative-v1x'}, {'Type': 'Embedding', 'Base': 'SD 1.5', 'Name': 'easynegative.safetensors', 'Category': '', 'Pos_trigger': '', 'Pos_trigger_select': '', 'Neg_trigger': 'easynegative', 'Neg_trigger_select': '1', 'Weight_from': '', 'Weight_to': '', 'Clip_skip': '', 'CFG': '', 'Steps': '', 'Sampler': '', 'Scheduler': '', 'HiRes_fix': '', 'Special': '', 'Tags': '', 'VAE': '', 'Location': '', 'Excluded': '', 'Link': 'https://civitai.com/models/7808?modelVersionId=9208'}]
2025-01-22 09:06:52,365 - load_models - INFO - ===== Selected models & parameters: 
 {'checkpoint': 'abstractPhoto_abcevereMix.safetensors', 'ckpt_clip_skip': '', 'ckpt_cfg': '', 'ckpt_steps': '', 'ckpt_sampler': '', 'ckpt_scheduler': '', 'ckpt_hires_fix': '', 'num_loras': 2, 'num_embeddings': 3, 'lora1': 'contrast_slider_v10.safetensors', 'lora1_weight_from': '-5', 'lora1_weight_to': '5', 'lora1_clip_skip': '', 'lora1_cfg': '', 'lora1_steps': '', 'lora1_sampler': '', 'lora1_scheduler': '', 'lora1_hires_fix': '', 'lora2': 'Niji V2B.safetensors', 'lora2_weight_from': '', 'lora2_weight_to': '', 'lora2_clip_skip': '', 'lora2_cfg': '', 'lora2_steps': '', 'lora2_sampler': '', 'lora2_scheduler': '', 'lora2_hires_fix': '', 'embedding1': 'badhandv4.pt', 'embedding2': 'ng_deepnegative_v1_75t.pt', 'embedding3': 'easynegative.safetensors'} =====
2025-01-22 09:06:52,365 - node_manipulation - INFO - node_manipulation.get_node_ID: Found node ID: 1
2025-01-22 09:06:52,366 - node_manipulation - INFO - node_manipulation.get_node_ID: Found node ID: 1
2025-01-22 09:06:52,366 - node_manipulation - INFO - node_manipulation.get_node_ID: Found node ID: 2
2025-01-22 09:06:52,366 - node_manipulation - INFO - node_manipulation.get_node_ID: Found node ID: 5
2025-01-22 09:06:52,366 - node_manipulation - INFO - node_manipulation.set_lora: Successfully configured LoRA node: 5 - Lora1
2025-01-22 09:06:52,366 - node_manipulation - INFO - node_manipulation.set_lora: Parameters - lora=contrast_slider_v10.safetensors, model_strength=-2.0, clip_strength=1
2025-01-22 09:06:52,366 - node_manipulation - INFO - node_manipulation.get_node_ID: Found node ID: 6
2025-01-22 09:06:52,367 - node_manipulation - INFO - node_manipulation.set_lora: Successfully configured LoRA node: 6 - Lora2
2025-01-22 09:06:52,367 - node_manipulation - INFO - node_manipulation.set_lora: Parameters - lora=Niji V2B.safetensors, model_strength=1.0, clip_strength=1
2025-01-22 09:06:52,367 - node_manipulation - INFO - node_manipulation.get_node_ID: Found node ID: 2
2025-01-22 09:06:52,367 - node_manipulation - INFO - node_manipulation.set_node_value: Successfully set stop_at_clip_layer to -2 for node 2 - CLIP Set Last Layer
2025-01-22 09:06:52,367 - node_manipulation - INFO - node_manipulation.get_node_ID: Found node ID: 9
2025-01-22 09:06:52,367 - node_manipulation - INFO - node_manipulation.set_KSampler: Successfully configured KSampler node: 9 - KSampler
2025-01-22 09:06:52,368 - node_manipulation - INFO - node_manipulation.get_node_ID: Found node ID: 16
2025-01-22 09:06:52,368 - node_manipulation - INFO - node_manipulation.set_KSampler: Successfully configured KSampler node: 16 - KS_up
2025-01-22 09:06:52,368 - gen_prompt - INFO - gen_prompt.get_object: Getting object with identifier: 10
2025-01-22 09:06:52,369 - gen_prompt - INFO - gen_prompt.get_object: Selected object: object_10
2025-01-22 09:06:52,369 - gen_prompt - INFO - Getting trigger words - checkpoint: abstractPhoto_abcevereMix.safetensors, loras: ['contrast_slider_v10.safetensors', 'Niji V2B.safetensors'], embeddings: badhandv4.pt, ng_deepnegative_v1_75t.pt, easynegative.safetensors
2025-01-22 09:06:52,370 - gen_prompt - WARNING - No Pos_trigger_select found for abstractPhoto_abcevereMix.safetensors
2025-01-22 09:06:52,371 - gen_prompt - WARNING - No Pos_trigger_select found for contrast_slider_v10.safetensors
2025-01-22 09:06:52,372 - gen_prompt - WARNING - No Pos_trigger_select found for badhandv4.pt
2025-01-22 09:06:52,402 - gen_prompt - WARNING - No Pos_trigger_select found for ng_deepnegative_v1_75t.pt
2025-01-22 09:06:52,403 - gen_prompt - WARNING - No Pos_trigger_select found for easynegative.safetensors
2025-01-22 09:06:52,404 - gen_prompt - WARNING - No Neg_trigger_select found for abstractPhoto_abcevereMix.safetensors
2025-01-22 09:06:52,404 - gen_prompt - WARNING - No Neg_trigger_select found for contrast_slider_v10.safetensors
2025-01-22 09:06:52,405 - gen_prompt - WARNING - No Neg_trigger_select found for Niji V2B.safetensors
2025-01-22 09:06:52,406 - gen_prompt - INFO - gen_prompt.get_trigger_words: Final trigger words: 
 {'positive': ' Niji Stan Katayama style', 'negative': 'badhandv4, NG_DeepNegative_V1_75T, easynegative'}
2025-01-22 09:06:52,408 - gen_prompt - INFO - gen_prompt.select_random_style: Total styles: 307, Included styles: 307
2025-01-22 09:06:52,408 - gen_prompt - INFO - Found style. Result: {'name': 'ART-Dieselpunk', 'positive': 'Dieselpunk art style, retro-futuristic, industrial aesthetics, mechanical marvels, alternative history, gritty and dystopian atmosphere', 'negative': 'signature, watermark, ugly, off-center, deformed, cropped, frame, worst quality, low quality, lowres, JPEG artifacts'}
2025-01-22 09:06:52,408 - gen_prompt - INFO - gen_prompt.gen_positive_prompt: Full positive prompt: 
 ,  Niji Stan Katayama style, Dieselpunk art style, retro-futuristic, industrial aesthetics, mechanical marvels, alternative history, gritty and dystopian atmosphere, masterpiece, best quality, ultra-detailed
2025-01-22 09:06:52,409 - node_manipulation - INFO - node_manipulation.get_node_ID: Found node ID: 3
2025-01-22 09:06:52,409 - node_manipulation - INFO - node_manipulation.set_positive_prompt: Successfully set prompt for node 3 - Positive
2025-01-22 09:06:52,409 - node_manipulation - INFO - node_manipulation.set_positive_prompt: Prompt: ,  Niji Stan Katayama style, Dieselpunk art style, retro-futuristic, industrial aesthetics, mechanical marvels, alternative history, gritty and dystopian atmosphere, masterpiece, best quality, ultra-detailed
2025-01-22 09:06:52,410 - gen_prompt - INFO - gen_prompt.get_object: Getting object with identifier: 10
2025-01-22 09:06:52,410 - gen_prompt - INFO - gen_prompt.get_object: Selected object: object_10
2025-01-22 09:06:52,411 - gen_prompt - INFO - Getting trigger words - checkpoint: abstractPhoto_abcevereMix.safetensors, loras: ['contrast_slider_v10.safetensors', 'Niji V2B.safetensors'], embeddings: badhandv4.pt, ng_deepnegative_v1_75t.pt, easynegative.safetensors
2025-01-22 09:06:52,412 - gen_prompt - WARNING - No Pos_trigger_select found for abstractPhoto_abcevereMix.safetensors
2025-01-22 09:06:52,412 - gen_prompt - WARNING - No Pos_trigger_select found for contrast_slider_v10.safetensors
2025-01-22 09:06:52,413 - gen_prompt - WARNING - No Pos_trigger_select found for badhandv4.pt
2025-01-22 09:06:52,414 - gen_prompt - WARNING - No Pos_trigger_select found for ng_deepnegative_v1_75t.pt
2025-01-22 09:06:52,414 - gen_prompt - WARNING - No Pos_trigger_select found for easynegative.safetensors
2025-01-22 09:06:52,415 - gen_prompt - WARNING - No Neg_trigger_select found for abstractPhoto_abcevereMix.safetensors
2025-01-22 09:06:52,416 - gen_prompt - WARNING - No Neg_trigger_select found for contrast_slider_v10.safetensors
2025-01-22 09:06:52,417 - gen_prompt - WARNING - No Neg_trigger_select found for Niji V2B.safetensors
2025-01-22 09:06:52,418 - gen_prompt - INFO - gen_prompt.get_trigger_words: Final trigger words: 
 {'positive': ' Niji Stan Katayama style', 'negative': 'badhandv4, NG_DeepNegative_V1_75T, easynegative'}
2025-01-22 09:06:52,421 - gen_prompt - INFO - gen_prompt.select_random_style: Total styles: 307, Included styles: 307
2025-01-22 09:06:52,422 - gen_prompt - INFO - Found style. Result: {'name': 'ART-Dieselpunk', 'positive': 'Dieselpunk art style, retro-futuristic, industrial aesthetics, mechanical marvels, alternative history, gritty and dystopian atmosphere', 'negative': 'signature, watermark, ugly, off-center, deformed, cropped, frame, worst quality, low quality, lowres, JPEG artifacts'}
2025-01-22 09:06:52,422 - gen_prompt - INFO - gen_prompt.gen_negative_prompt: Full negative prompt: 
 badhandv4, NG_DeepNegative_V1_75T, easynegative, signature, watermark, ugly, off-center, deformed, cropped, frame, worst quality, low quality, lowres, JPEG artifacts, watermark, bad quality, low quality, low resolution
2025-01-22 09:06:52,422 - node_manipulation - INFO - node_manipulation.get_node_ID: Found node ID: 4
2025-01-22 09:06:52,422 - node_manipulation - INFO - node_manipulation.set_negative_prompt: Successfully set prompt for node 4 - Negative
2025-01-22 09:06:52,423 - node_manipulation - INFO - node_manipulation.set_negative_prompt: Prompt: badhandv4, NG_DeepNegative_V1_75T, easynegative, signature, watermark, ugly, off-center, deformed, cropped, frame, worst quality, low quality, lowres, JPEG artifacts, watermark, bad quality, low quality, low resolution
2025-01-22 09:06:52,423 - node_manipulation - INFO - node_manipulation.get_node_ID: Found node ID: 10
2025-01-22 09:06:52,423 - node_manipulation - INFO - node_manipulation.set_resolution: Successfully set resolution 912x512 for node Empty Latent Image - 10
2025-01-22 09:06:52,423 - node_manipulation - INFO - node_manipulation.get_node_ID: Found node ID: 17
2025-01-22 09:06:52,423 - node_manipulation - INFO - node_manipulation.set_resolution: Successfully set resolution 1824x1024 for node Up_res - 17
2025-01-22 09:06:52,423 - node_manipulation - INFO - node_manipulation.get_node_ID: Found node ID: 12
2025-01-22 09:06:52,423 - node_manipulation - INFO - node_manipulation.get_node_ID: Found node ID: 18
2025-01-22 09:06:52,424 - node_manipulation - INFO - node_manipulation.update_node_input(): Successfully updated input for node 12 with key images to 18
2025-01-22 09:06:52,431 - load_models - INFO - load_models.queue_workflow: Response: {"prompt_id": "c3393364-24d3-4eaf-b6b4-22e2867d8821", "number": 378, "node_errors": {}}
2025-01-22 09:08:32,434 - load_models - INFO - load_models.assemble_loras: Found checkpoint abstractPhoto_abcevereMix.safetensors with base SD 1.5
2025-01-22 09:08:32,434 - load_models - INFO - load_models.assemble_loras: Added 1 LoRAs from category style
2025-01-22 09:08:32,434 - load_models - INFO - load_models.assemble_loras: Added 0 LoRAs from category character_outfit
2025-01-22 09:08:32,435 - load_models - INFO - load_models.assemble_loras: Added 0 LoRAs from category lighting
2025-01-22 09:08:32,435 - load_models - INFO - load_models.assemble_loras: Added 0 LoRAs from category detail
2025-01-22 09:08:32,435 - load_models - INFO - load_models.assemble_loras: Added 1 LoRAs from category crispness
2025-01-22 09:08:32,435 - load_models - INFO - load_models.assemble_loras: Added 0 LoRAs from category quality
2025-01-22 09:08:32,435 - load_models - INFO - load_models.assemble_loras: Final selection: 2 LoRAs
2025-01-22 09:08:32,436 - load_models - INFO - load_models-assemble_loras: Selected LoRA: WaterColoursScenev1.0.safetensors (Category: style)
2025-01-22 09:08:32,436 - load_models - INFO - load_models-assemble_loras: Selected LoRA: add_sharpness.safetensors (Category: crispness)
2025-01-22 09:08:32,436 - __main__ - INFO - run.main: Selected loras: ['WaterColoursScenev1.0.safetensors', 'add_sharpness.safetensors']
2025-01-22 09:08:32,437 - load_models - INFO - load_models.get_model_params: Selected checkpoint: abstractPhoto_abcevereMix.safetensors
2025-01-22 09:08:32,437 - load_models - INFO - load_models.get_model_params: Selected loras: [{'Type': 'Lora', 'Base': 'SD 1.5', 'Name': 'WaterColoursScenev1.0.safetensors', 'Category': 'style', 'Pos_trigger': 'shuicai,scene', 'Pos_trigger_select': 'all', 'Neg_trigger': '', 'Neg_trigger_select': '', 'Weight_from': '0.5', 'Weight_to': '0.75', 'Clip_skip': '', 'CFG': '', 'Steps': '', 'Sampler': '', 'Scheduler': '', 'HiRes_fix': '', 'Special': '', 'Tags': '', 'VAE': '', 'Location': '', 'Excluded': 'y', 'Link': 'https://civitai.green/models/44480/watercolorsscenev1?modelVersionId=49107'}, {'Type': 'Lora', 'Base': 'SD 1.5', 'Name': 'add_sharpness.safetensors', 'Category': 'crispness', 'Pos_trigger': '', 'Pos_trigger_select': '', 'Neg_trigger': '', 'Neg_trigger_select': '', 'Weight_from': '-2', 'Weight_to': '2', 'Clip_skip': '', 'CFG': '', 'Steps': '', 'Sampler': '', 'Scheduler': '', 'HiRes_fix': '', 'Special': '', 'Tags': '', 'VAE': '', 'Location': '', 'Excluded': '', 'Link': 'https://civitai.com/models/69267/sharpness-tweaker-lora-lora'}]
2025-01-22 09:08:32,437 - load_models - INFO - load_models.get_model_params: No embeddings specified, selected random embeddings: [{'Type': 'Embedding', 'Base': 'SD 1.5', 'Name': 'easynegative.safetensors', 'Category': '', 'Pos_trigger': '', 'Pos_trigger_select': '', 'Neg_trigger': 'easynegative', 'Neg_trigger_select': '1', 'Weight_from': '', 'Weight_to': '', 'Clip_skip': '', 'CFG': '', 'Steps': '', 'Sampler': '', 'Scheduler': '', 'HiRes_fix': '', 'Special': '', 'Tags': '', 'VAE': '', 'Location': '', 'Excluded': '', 'Link': 'https://civitai.com/models/7808?modelVersionId=9208'}]
2025-01-22 09:08:32,437 - load_models - INFO - ===== Selected models & parameters: 
 {'checkpoint': 'abstractPhoto_abcevereMix.safetensors', 'ckpt_clip_skip': '', 'ckpt_cfg': '', 'ckpt_steps': '', 'ckpt_sampler': '', 'ckpt_scheduler': '', 'ckpt_hires_fix': '', 'num_loras': 2, 'num_embeddings': 1, 'lora1': 'WaterColoursScenev1.0.safetensors', 'lora1_weight_from': '0.5', 'lora1_weight_to': '0.75', 'lora1_clip_skip': '', 'lora1_cfg': '', 'lora1_steps': '', 'lora1_sampler': '', 'lora1_scheduler': '', 'lora1_hires_fix': '', 'lora2': 'add_sharpness.safetensors', 'lora2_weight_from': '-2', 'lora2_weight_to': '2', 'lora2_clip_skip': '', 'lora2_cfg': '', 'lora2_steps': '', 'lora2_sampler': '', 'lora2_scheduler': '', 'lora2_hires_fix': '', 'embedding1': 'easynegative.safetensors'} =====
2025-01-22 09:08:32,437 - node_manipulation - INFO - node_manipulation.get_node_ID: Found node ID: 1
2025-01-22 09:08:32,438 - node_manipulation - INFO - node_manipulation.get_node_ID: Found node ID: 1
2025-01-22 09:08:32,438 - node_manipulation - INFO - node_manipulation.get_node_ID: Found node ID: 2
2025-01-22 09:08:32,439 - node_manipulation - INFO - node_manipulation.get_node_ID: Found node ID: 5
2025-01-22 09:08:32,439 - node_manipulation - INFO - node_manipulation.set_lora: Successfully configured LoRA node: 5 - Lora1
2025-01-22 09:08:32,439 - node_manipulation - INFO - node_manipulation.set_lora: Parameters - lora=WaterColoursScenev1.0.safetensors, model_strength=0.6, clip_strength=1
2025-01-22 09:08:32,439 - node_manipulation - INFO - node_manipulation.get_node_ID: Found node ID: 6
2025-01-22 09:08:32,439 - node_manipulation - INFO - node_manipulation.set_lora: Successfully configured LoRA node: 6 - Lora2
2025-01-22 09:08:32,439 - node_manipulation - INFO - node_manipulation.set_lora: Parameters - lora=add_sharpness.safetensors, model_strength=-0.4, clip_strength=1
2025-01-22 09:08:32,439 - node_manipulation - INFO - node_manipulation.get_node_ID: Found node ID: 2
2025-01-22 09:08:32,440 - node_manipulation - INFO - node_manipulation.set_node_value: Successfully set stop_at_clip_layer to -2 for node 2 - CLIP Set Last Layer
2025-01-22 09:08:32,440 - node_manipulation - INFO - node_manipulation.get_node_ID: Found node ID: 9
2025-01-22 09:08:32,440 - node_manipulation - INFO - node_manipulation.set_KSampler: Successfully configured KSampler node: 9 - KSampler
2025-01-22 09:08:32,440 - node_manipulation - INFO - node_manipulation.get_node_ID: Found node ID: 16
2025-01-22 09:08:32,473 - node_manipulation - INFO - node_manipulation.set_KSampler: Successfully configured KSampler node: 16 - KS_up
2025-01-22 09:08:32,473 - gen_prompt - INFO - gen_prompt.get_object: Getting object with identifier: 10
2025-01-22 09:08:32,474 - gen_prompt - INFO - gen_prompt.get_object: Selected object: object_10
2025-01-22 09:08:32,474 - gen_prompt - INFO - Getting trigger words - checkpoint: abstractPhoto_abcevereMix.safetensors, loras: ['WaterColoursScenev1.0.safetensors', 'add_sharpness.safetensors'], embeddings: easynegative.safetensors
2025-01-22 09:08:32,475 - gen_prompt - WARNING - No Pos_trigger_select found for abstractPhoto_abcevereMix.safetensors
2025-01-22 09:08:32,476 - gen_prompt - WARNING - No Pos_trigger_select found for add_sharpness.safetensors
2025-01-22 09:08:32,477 - gen_prompt - WARNING - No Pos_trigger_select found for easynegative.safetensors
2025-01-22 09:08:32,478 - gen_prompt - WARNING - No Neg_trigger_select found for abstractPhoto_abcevereMix.safetensors
2025-01-22 09:08:32,478 - gen_prompt - WARNING - No Neg_trigger_select found for WaterColoursScenev1.0.safetensors
2025-01-22 09:08:32,478 - gen_prompt - WARNING - No Neg_trigger_select found for add_sharpness.safetensors
2025-01-22 09:08:32,480 - gen_prompt - INFO - gen_prompt.get_trigger_words: Final trigger words: 
 {'positive': 'shuicai, scene', 'negative': 'easynegative'}
2025-01-22 09:08:32,482 - gen_prompt - INFO - gen_prompt.select_random_style: Total styles: 307, Included styles: 307
2025-01-22 09:08:32,483 - gen_prompt - INFO - Found style. Result: {'name': 'ART-Dieselpunk', 'positive': 'Dieselpunk art style, retro-futuristic, industrial aesthetics, mechanical marvels, alternative history, gritty and dystopian atmosphere', 'negative': 'signature, watermark, ugly, off-center, deformed, cropped, frame, worst quality, low quality, lowres, JPEG artifacts'}
2025-01-22 09:08:32,483 - gen_prompt - INFO - gen_prompt.gen_positive_prompt: Full positive prompt: 
 , shuicai, scene, Dieselpunk art style, retro-futuristic, industrial aesthetics, mechanical marvels, alternative history, gritty and dystopian atmosphere, masterpiece, best quality, ultra-detailed
2025-01-22 09:08:32,483 - node_manipulation - INFO - node_manipulation.get_node_ID: Found node ID: 3
2025-01-22 09:08:32,483 - node_manipulation - INFO - node_manipulation.set_positive_prompt: Successfully set prompt for node 3 - Positive
2025-01-22 09:08:32,484 - node_manipulation - INFO - node_manipulation.set_positive_prompt: Prompt: , shuicai, scene, Dieselpunk art style, retro-futuristic, industrial aesthetics, mechanical marvels, alternative history, gritty and dystopian atmosphere, masterpiece, best quality, ultra-detailed
2025-01-22 09:08:32,484 - gen_prompt - INFO - gen_prompt.get_object: Getting object with identifier: 10
2025-01-22 09:08:32,485 - gen_prompt - INFO - gen_prompt.get_object: Selected object: object_10
2025-01-22 09:08:32,485 - gen_prompt - INFO - Getting trigger words - checkpoint: abstractPhoto_abcevereMix.safetensors, loras: ['WaterColoursScenev1.0.safetensors', 'add_sharpness.safetensors'], embeddings: easynegative.safetensors
2025-01-22 09:08:32,486 - gen_prompt - WARNING - No Pos_trigger_select found for abstractPhoto_abcevereMix.safetensors
2025-01-22 09:08:32,486 - gen_prompt - WARNING - No Pos_trigger_select found for add_sharpness.safetensors
2025-01-22 09:08:32,487 - gen_prompt - WARNING - No Pos_trigger_select found for easynegative.safetensors
2025-01-22 09:08:32,488 - gen_prompt - WARNING - No Neg_trigger_select found for abstractPhoto_abcevereMix.safetensors
2025-01-22 09:08:32,488 - gen_prompt - WARNING - No Neg_trigger_select found for WaterColoursScenev1.0.safetensors
2025-01-22 09:08:32,489 - gen_prompt - WARNING - No Neg_trigger_select found for add_sharpness.safetensors
2025-01-22 09:08:32,489 - gen_prompt - INFO - gen_prompt.get_trigger_words: Final trigger words: 
 {'positive': 'shuicai, scene', 'negative': 'easynegative'}
2025-01-22 09:08:32,492 - gen_prompt - INFO - gen_prompt.select_random_style: Total styles: 307, Included styles: 307
2025-01-22 09:08:32,492 - gen_prompt - INFO - Found style. Result: {'name': 'ART-Dieselpunk', 'positive': 'Dieselpunk art style, retro-futuristic, industrial aesthetics, mechanical marvels, alternative history, gritty and dystopian atmosphere', 'negative': 'signature, watermark, ugly, off-center, deformed, cropped, frame, worst quality, low quality, lowres, JPEG artifacts'}
2025-01-22 09:08:32,492 - gen_prompt - INFO - gen_prompt.gen_negative_prompt: Full negative prompt: 
 easynegative, signature, watermark, ugly, off-center, deformed, cropped, frame, worst quality, low quality, lowres, JPEG artifacts, watermark, bad quality, low quality, low resolution
2025-01-22 09:08:32,492 - node_manipulation - INFO - node_manipulation.get_node_ID: Found node ID: 4
2025-01-22 09:08:32,493 - node_manipulation - INFO - node_manipulation.set_negative_prompt: Successfully set prompt for node 4 - Negative
2025-01-22 09:08:32,493 - node_manipulation - INFO - node_manipulation.set_negative_prompt: Prompt: easynegative, signature, watermark, ugly, off-center, deformed, cropped, frame, worst quality, low quality, lowres, JPEG artifacts, watermark, bad quality, low quality, low resolution
2025-01-22 09:08:32,493 - node_manipulation - INFO - node_manipulation.get_node_ID: Found node ID: 10
2025-01-22 09:08:32,493 - node_manipulation - INFO - node_manipulation.set_resolution: Successfully set resolution 912x512 for node Empty Latent Image - 10
2025-01-22 09:08:32,493 - node_manipulation - INFO - node_manipulation.get_node_ID: Found node ID: 17
2025-01-22 09:08:32,493 - node_manipulation - INFO - node_manipulation.set_resolution: Successfully set resolution 1824x1024 for node Up_res - 17
2025-01-22 09:08:32,493 - node_manipulation - INFO - node_manipulation.get_node_ID: Found node ID: 12
2025-01-22 09:08:32,494 - node_manipulation - INFO - node_manipulation.get_node_ID: Found node ID: 18
2025-01-22 09:08:32,494 - node_manipulation - INFO - node_manipulation.update_node_input(): Successfully updated input for node 12 with key images to 18
2025-01-22 09:08:32,500 - load_models - INFO - load_models.queue_workflow: Response: {"prompt_id": "4b51cb63-ba8a-43a5-8604-4569e4ce3365", "number": 379, "node_errors": {}}
2025-01-22 09:10:12,502 - __main__ - INFO - ===== run.main: Running iteration 3 =====
2025-01-22 09:10:12,502 - __main__ - INFO - run.main: Style name: Craft-3D Layered Plywood Wall Art
2025-01-22 09:10:12,503 - load_models - INFO - load_models.assemble_loras: Found checkpoint perfectWorld_v6Baked.safetensors with base SD 1.5
2025-01-22 09:10:12,504 - load_models - INFO - load_models.assemble_loras: Added 0 LoRAs from category style
2025-01-22 09:10:12,504 - load_models - INFO - load_models.assemble_loras: Added 0 LoRAs from category character_outfit
2025-01-22 09:10:12,504 - load_models - INFO - load_models.assemble_loras: Added 0 LoRAs from category lighting
2025-01-22 09:10:12,504 - load_models - INFO - load_models.assemble_loras: Added 0 LoRAs from category detail
2025-01-22 09:10:12,504 - load_models - INFO - load_models.assemble_loras: Added 0 LoRAs from category crispness
2025-01-22 09:10:12,505 - load_models - INFO - load_models.assemble_loras: Added 0 LoRAs from category quality
2025-01-22 09:10:12,505 - load_models - INFO - load_models.assemble_loras: Final selection: 0 LoRAs
2025-01-22 09:10:12,505 - __main__ - INFO - run.main: Selected loras: []
