2025-01-22 00:24:45,363 - __main__ - INFO - ===== run.main: Running iteration 1 =====
2025-01-22 00:24:45,363 - __main__ - INFO - run.main: Style name: None
2025-01-22 00:24:45,365 - load_models - INFO - load_models.assemble_loras: Found checkpoint realcartoon3d_v17.safetensors with base SD 1.5
2025-01-22 00:24:45,365 - load_models - INFO - load_models.assemble_loras: Added 0 LoRAs from category style
2025-01-22 00:24:45,365 - load_models - INFO - load_models.assemble_loras: Added 0 LoRAs from category character_outfit
2025-01-22 00:24:45,365 - load_models - INFO - load_models.assemble_loras: Added 0 LoRAs from category lighting
2025-01-22 00:24:45,368 - load_models - INFO - load_models.assemble_loras: Added 0 LoRAs from category detail
2025-01-22 00:24:45,368 - load_models - INFO - load_models.assemble_loras: Final selection: 0 LoRAs
2025-01-22 00:24:45,369 - __main__ - INFO - run.main: Selected loras: []
2025-01-22 00:24:45,370 - load_models - INFO - load_models.get_model_params: Selected checkpoint: realcartoon3d_v17.safetensors
2025-01-22 00:24:45,370 - load_models - INFO - load_models.get_model_params: No loras specified, selected random loras: []
2025-01-22 00:24:45,370 - load_models - INFO - load_models.get_model_params: No embeddings specified, selected random embeddings: []
2025-01-22 00:24:45,370 - load_models - INFO - ===== Selected models & parameters: 
 {'checkpoint': 'realcartoon3d_v17.safetensors', 'ckpt_clip_skip': '-2', 'ckpt_cfg': '', 'ckpt_steps': '', 'ckpt_sampler': 'dpmpp_2m', 'ckpt_scheduler': 'Karras', 'ckpt_hires_fix': '', 'num_loras': 0, 'num_embeddings': 0} =====
2025-01-22 00:24:45,370 - node_manipulation - INFO - node_manipulation.get_node_ID: Found node ID: 1
2025-01-22 00:24:45,370 - node_manipulation - INFO - node_manipulation.get_node_ID: Found node ID: 2
2025-01-22 00:24:45,370 - node_manipulation - INFO - node_manipulation.get_node_ID: Found node ID: 2
2025-01-22 00:24:45,370 - node_manipulation - INFO - node_manipulation.get_node_ID: Found node ID: 1
2025-01-22 00:24:45,370 - node_manipulation - INFO - node_manipulation.get_node_ID: Found node ID: 1
2025-01-22 00:24:45,371 - node_manipulation - INFO - node_manipulation.get_node_ID: Found node ID: 2
2025-01-22 00:24:45,371 - node_manipulation - INFO - node_manipulation.set_node_value: Successfully set stop_at_clip_layer to -2 for node 2 - CLIP Set Last Layer
2025-01-22 00:24:45,371 - node_manipulation - INFO - node_manipulation.get_node_ID: Found node ID: 9
2025-01-22 00:24:45,371 - node_manipulation - INFO - node_manipulation.set_KSampler: Successfully configured KSampler node: 9 - KSampler
2025-01-22 00:24:45,371 - node_manipulation - INFO - node_manipulation.get_node_ID: Found node ID: 16
2025-01-22 00:24:45,371 - node_manipulation - INFO - node_manipulation.set_KSampler: Successfully configured KSampler node: 16 - KS_up
2025-01-22 00:24:45,372 - gen_prompt - INFO - gen_prompt.get_object: Getting object with identifier: 10
2025-01-22 00:24:45,372 - gen_prompt - INFO - gen_prompt.get_object: Selected object: object_10
2025-01-22 00:24:45,372 - gen_prompt - INFO - Getting trigger words - checkpoint: realcartoon3d_v17.safetensors, loras: [], embeddings: 
2025-01-22 00:24:45,373 - gen_prompt - WARNING - No Pos_trigger_select found for realcartoon3d_v17.safetensors
2025-01-22 00:24:45,374 - gen_prompt - WARNING - No Neg_trigger_select found for realcartoon3d_v17.safetensors
2025-01-22 00:24:45,374 - gen_prompt - INFO - gen_prompt.get_trigger_words: Final trigger words: 
 {'positive': '', 'negative': ''}
2025-01-22 00:24:45,375 - gen_prompt - INFO - gen_prompt.select_random_style: Total styles: 307, Included styles: 0
2025-01-22 00:24:45,375 - gen_prompt - INFO - No styles available in art_styles.csv that are marked as included.
2025-01-22 00:24:45,376 - gen_prompt - INFO - gen_prompt.gen_positive_prompt: Full positive prompt: 
 (masterpiece,best quality,highres:1.3),(official art,beautiful and aesthetic:1.2),(full shot:1.2),(1girl,solo,masterpiece,8k,HDR,),character concept art of a beautiful woman leaning over,((wearing Navy blue Sheer Teddy with Lace Trim,straps falling off her shoulder)),seductive,luscious lips,comic book art,rough colored sketch,(hourglass body,square shaped face,green eyes,full lips,high cheekbones),(copper red fishtail braid hair:1.2),small breasts,toned thighs,thigh gap,looking at the viewer),(luxurious modern bedroom,bokeh),, , , masterpiece, best quality, ultra-detailed
2025-01-22 00:24:45,376 - node_manipulation - INFO - node_manipulation.get_node_ID: Found node ID: 3
2025-01-22 00:24:45,376 - node_manipulation - INFO - node_manipulation.set_positive_prompt: Successfully set prompt for node 3 - Positive
2025-01-22 00:24:45,376 - node_manipulation - INFO - node_manipulation.set_positive_prompt: Prompt: (masterpiece,best quality,highres:1.3),(official art,beautiful and aesthetic:1.2),(full shot:1.2),(1girl,solo,masterpiece,8k,HDR,),character concept art of a beautiful woman leaning over,((wearing Navy blue Sheer Teddy with Lace Trim,straps falling off her shoulder)),seductive,luscious lips,comic book art,rough colored sketch,(hourglass body,square shaped face,green eyes,full lips,high cheekbones),(copper red fishtail braid hair:1.2),small breasts,toned thighs,thigh gap,looking at the viewer),(luxurious modern bedroom,bokeh),, , , masterpiece, best quality, ultra-detailed
2025-01-22 00:24:45,377 - gen_prompt - INFO - gen_prompt.get_object: Getting object with identifier: 10
2025-01-22 00:24:45,377 - gen_prompt - INFO - gen_prompt.get_object: Selected object: object_10
2025-01-22 00:24:45,377 - gen_prompt - INFO - Getting trigger words - checkpoint: realcartoon3d_v17.safetensors, loras: [], embeddings: 
2025-01-22 00:24:45,378 - gen_prompt - WARNING - No Pos_trigger_select found for realcartoon3d_v17.safetensors
2025-01-22 00:24:45,379 - gen_prompt - WARNING - No Neg_trigger_select found for realcartoon3d_v17.safetensors
2025-01-22 00:24:45,379 - gen_prompt - INFO - gen_prompt.get_trigger_words: Final trigger words: 
 {'positive': '', 'negative': ''}
2025-01-22 00:24:45,380 - gen_prompt - INFO - gen_prompt.select_random_style: Total styles: 307, Included styles: 0
2025-01-22 00:24:45,381 - gen_prompt - INFO - No styles available in art_styles.csv that are marked as included.
2025-01-22 00:24:45,381 - gen_prompt - INFO - gen_prompt.gen_negative_prompt: Full negative prompt: 
 watermark, bad quality, low quality, low resolution, easynegative,(badhandv4),(bad quality:1.3),(worst quality:1.3),watermark,(blurry),5-funny-looking-fingers,
2025-01-22 00:24:45,381 - node_manipulation - INFO - node_manipulation.get_node_ID: Found node ID: 4
2025-01-22 00:24:45,381 - node_manipulation - INFO - node_manipulation.set_negative_prompt: Successfully set prompt for node 4 - Negative
2025-01-22 00:24:45,382 - node_manipulation - INFO - node_manipulation.set_negative_prompt: Prompt: watermark, bad quality, low quality, low resolution, easynegative,(badhandv4),(bad quality:1.3),(worst quality:1.3),watermark,(blurry),5-funny-looking-fingers,
2025-01-22 00:24:45,382 - node_manipulation - INFO - node_manipulation.get_node_ID: Found node ID: 10
2025-01-22 00:24:45,382 - node_manipulation - INFO - node_manipulation.set_resolution: Successfully set resolution 512x960 for node Empty Latent Image - 10
2025-01-22 00:24:45,382 - node_manipulation - INFO - node_manipulation.get_node_ID: Found node ID: 17
2025-01-22 00:24:45,382 - node_manipulation - INFO - node_manipulation.set_resolution: Successfully set resolution 1024x1920 for node Up_res - 17
2025-01-22 00:24:45,382 - node_manipulation - INFO - node_manipulation.get_node_ID: Found node ID: 12
2025-01-22 00:24:45,383 - node_manipulation - INFO - node_manipulation.get_node_ID: Found node ID: 18
2025-01-22 00:24:45,383 - node_manipulation - INFO - node_manipulation.update_node_input(): Successfully updated input for node 12 with key images to 18
2025-01-22 00:24:45,383 - node_manipulation - INFO - node_manipulation.get_node_ID: Found node ID: 20
2025-01-22 00:24:45,383 - node_manipulation - INFO - node_manipulation.set_vae_input: Successfully set vae_name to kl-f8-anime2.safetensors for node 20
2025-01-22 00:24:45,383 - node_manipulation - INFO - node_manipulation.set_vae_input: Updated 'vae' input for node 11 to [20, 0]
2025-01-22 00:24:45,383 - node_manipulation - INFO - node_manipulation.set_vae_input: Updated 'vae' input for node 15 to [20, 0]
2025-01-22 00:24:45,383 - node_manipulation - INFO - node_manipulation.set_vae_input: Updated 'vae' input for node 18 to [20, 0]
2025-01-22 00:24:45,596 - load_models - INFO - load_models.queue_workflow: Response: {"prompt_id": "b39b9dae-ab61-485b-b887-ca7238c0dab4", "number": 84, "node_errors": {}}
2025-01-22 00:25:15,599 - load_models - INFO - load_models.assemble_loras: Found checkpoint realcartoon3d_v17.safetensors with base SD 1.5
2025-01-22 00:25:15,600 - load_models - INFO - load_models.assemble_loras: Added 0 LoRAs from category style
2025-01-22 00:25:15,600 - load_models - INFO - load_models.assemble_loras: Added 0 LoRAs from category character_outfit
2025-01-22 00:25:15,600 - load_models - INFO - load_models.assemble_loras: Added 0 LoRAs from category lighting
2025-01-22 00:25:15,600 - load_models - INFO - load_models.assemble_loras: Added 0 LoRAs from category detail
2025-01-22 00:25:15,600 - load_models - INFO - load_models.assemble_loras: Final selection: 0 LoRAs
2025-01-22 00:25:15,600 - __main__ - INFO - run.main: Selected loras: []
2025-01-22 00:25:15,601 - load_models - INFO - load_models.get_model_params: Selected checkpoint: realcartoon3d_v17.safetensors
2025-01-22 00:25:15,601 - load_models - INFO - load_models.get_model_params: No loras specified, selected random loras: []
2025-01-22 00:25:15,601 - load_models - INFO - load_models.get_model_params: No embeddings specified, selected random embeddings: []
2025-01-22 00:25:15,601 - load_models - INFO - ===== Selected models & parameters: 
 {'checkpoint': 'realcartoon3d_v17.safetensors', 'ckpt_clip_skip': '-2', 'ckpt_cfg': '', 'ckpt_steps': '', 'ckpt_sampler': 'dpmpp_2m', 'ckpt_scheduler': 'Karras', 'ckpt_hires_fix': '', 'num_loras': 0, 'num_embeddings': 0} =====
2025-01-22 00:25:15,602 - node_manipulation - INFO - node_manipulation.get_node_ID: Found node ID: 1
2025-01-22 00:25:15,602 - node_manipulation - INFO - node_manipulation.get_node_ID: Found node ID: 2
2025-01-22 00:25:15,602 - node_manipulation - INFO - node_manipulation.set_node_value: Successfully set stop_at_clip_layer to -2 for node 2 - CLIP Set Last Layer
2025-01-22 00:25:15,602 - node_manipulation - INFO - node_manipulation.get_node_ID: Found node ID: 9
2025-01-22 00:25:15,602 - node_manipulation - INFO - node_manipulation.set_KSampler: Successfully configured KSampler node: 9 - KSampler
2025-01-22 00:25:15,602 - node_manipulation - INFO - node_manipulation.get_node_ID: Found node ID: 16
2025-01-22 00:25:15,602 - node_manipulation - INFO - node_manipulation.set_KSampler: Successfully configured KSampler node: 16 - KS_up
2025-01-22 00:25:15,603 - gen_prompt - INFO - gen_prompt.get_object: Getting object with identifier: 10
2025-01-22 00:25:15,603 - gen_prompt - INFO - gen_prompt.get_object: Selected object: object_10
2025-01-22 00:25:15,603 - gen_prompt - INFO - Getting trigger words - checkpoint: realcartoon3d_v17.safetensors, loras: [], embeddings: 
2025-01-22 00:25:15,604 - gen_prompt - WARNING - No Pos_trigger_select found for realcartoon3d_v17.safetensors
2025-01-22 00:25:15,604 - gen_prompt - WARNING - No Neg_trigger_select found for realcartoon3d_v17.safetensors
2025-01-22 00:25:15,604 - gen_prompt - INFO - gen_prompt.get_trigger_words: Final trigger words: 
 {'positive': '', 'negative': ''}
2025-01-22 00:25:15,606 - gen_prompt - INFO - gen_prompt.select_random_style: Total styles: 307, Included styles: 0
2025-01-22 00:25:15,606 - gen_prompt - INFO - No styles available in art_styles.csv that are marked as included.
2025-01-22 00:25:15,606 - gen_prompt - INFO - gen_prompt.gen_positive_prompt: Full positive prompt: 
 (masterpiece,best quality,highres:1.3),(official art,beautiful and aesthetic:1.2),(full shot:1.2),(1girl,solo,masterpiece,8k,HDR,),character concept art of a beautiful woman leaning over,((wearing Navy blue Sheer Teddy with Lace Trim,straps falling off her shoulder)),seductive,luscious lips,comic book art,rough colored sketch,(hourglass body,square shaped face,green eyes,full lips,high cheekbones),(copper red fishtail braid hair:1.2),small breasts,toned thighs,thigh gap,looking at the viewer),(luxurious modern bedroom,bokeh),, , , masterpiece, best quality, ultra-detailed
2025-01-22 00:25:15,607 - node_manipulation - INFO - node_manipulation.get_node_ID: Found node ID: 3
2025-01-22 00:25:15,607 - node_manipulation - INFO - node_manipulation.set_positive_prompt: Successfully set prompt for node 3 - Positive
2025-01-22 00:25:15,607 - node_manipulation - INFO - node_manipulation.set_positive_prompt: Prompt: (masterpiece,best quality,highres:1.3),(official art,beautiful and aesthetic:1.2),(full shot:1.2),(1girl,solo,masterpiece,8k,HDR,),character concept art of a beautiful woman leaning over,((wearing Navy blue Sheer Teddy with Lace Trim,straps falling off her shoulder)),seductive,luscious lips,comic book art,rough colored sketch,(hourglass body,square shaped face,green eyes,full lips,high cheekbones),(copper red fishtail braid hair:1.2),small breasts,toned thighs,thigh gap,looking at the viewer),(luxurious modern bedroom,bokeh),, , , masterpiece, best quality, ultra-detailed
2025-01-22 00:25:15,607 - gen_prompt - INFO - gen_prompt.get_object: Getting object with identifier: 10
2025-01-22 00:25:15,607 - gen_prompt - INFO - gen_prompt.get_object: Selected object: object_10
2025-01-22 00:25:15,608 - gen_prompt - INFO - Getting trigger words - checkpoint: realcartoon3d_v17.safetensors, loras: [], embeddings: 
2025-01-22 00:25:15,608 - gen_prompt - WARNING - No Pos_trigger_select found for realcartoon3d_v17.safetensors
2025-01-22 00:25:15,610 - gen_prompt - WARNING - No Neg_trigger_select found for realcartoon3d_v17.safetensors
2025-01-22 00:25:15,610 - gen_prompt - INFO - gen_prompt.get_trigger_words: Final trigger words: 
 {'positive': '', 'negative': ''}
2025-01-22 00:25:15,612 - gen_prompt - INFO - gen_prompt.select_random_style: Total styles: 307, Included styles: 0
2025-01-22 00:25:15,612 - gen_prompt - INFO - No styles available in art_styles.csv that are marked as included.
2025-01-22 00:25:15,612 - gen_prompt - INFO - gen_prompt.gen_negative_prompt: Full negative prompt: 
 watermark, bad quality, low quality, low resolution, easynegative,(badhandv4),(bad quality:1.3),(worst quality:1.3),watermark,(blurry),5-funny-looking-fingers,
2025-01-22 00:25:15,613 - node_manipulation - INFO - node_manipulation.get_node_ID: Found node ID: 4
2025-01-22 00:25:15,613 - node_manipulation - INFO - node_manipulation.set_negative_prompt: Successfully set prompt for node 4 - Negative
2025-01-22 00:25:15,613 - node_manipulation - INFO - node_manipulation.set_negative_prompt: Prompt: watermark, bad quality, low quality, low resolution, easynegative,(badhandv4),(bad quality:1.3),(worst quality:1.3),watermark,(blurry),5-funny-looking-fingers,
2025-01-22 00:25:15,614 - node_manipulation - INFO - node_manipulation.get_node_ID: Found node ID: 10
2025-01-22 00:25:15,614 - node_manipulation - INFO - node_manipulation.set_resolution: Successfully set resolution 512x960 for node Empty Latent Image - 10
2025-01-22 00:25:15,614 - node_manipulation - INFO - node_manipulation.get_node_ID: Found node ID: 17
2025-01-22 00:25:15,614 - node_manipulation - INFO - node_manipulation.set_resolution: Successfully set resolution 1024x1920 for node Up_res - 17
2025-01-22 00:25:15,614 - node_manipulation - INFO - node_manipulation.get_node_ID: Found node ID: 12
2025-01-22 00:25:15,615 - node_manipulation - INFO - node_manipulation.get_node_ID: Found node ID: 18
2025-01-22 00:25:15,615 - node_manipulation - INFO - node_manipulation.update_node_input(): Successfully updated input for node 12 with key images to 18
2025-01-22 00:25:15,615 - node_manipulation - INFO - node_manipulation.get_node_ID: Found node ID: 20
2025-01-22 00:25:15,615 - node_manipulation - INFO - node_manipulation.set_vae_input: Successfully set vae_name to kl-f8-anime2.safetensors for node 20
2025-01-22 00:25:15,615 - node_manipulation - INFO - node_manipulation.set_vae_input: Updated 'vae' input for node 11 to [20, 0]
2025-01-22 00:25:15,615 - node_manipulation - INFO - node_manipulation.set_vae_input: Updated 'vae' input for node 15 to [20, 0]
2025-01-22 00:25:15,615 - node_manipulation - INFO - node_manipulation.set_vae_input: Updated 'vae' input for node 18 to [20, 0]
2025-01-22 00:25:15,619 - load_models - INFO - load_models.queue_workflow: Response: {"prompt_id": "1771c2d9-a5cd-4187-b0cd-21d8c15da9d9", "number": 85, "node_errors": {}}
2025-01-22 00:25:45,620 - __main__ - INFO - ===== run.main: Running iteration 2 =====
2025-01-22 00:25:45,620 - __main__ - INFO - run.main: Style name: None
2025-01-22 00:25:45,623 - load_models - INFO - load_models.assemble_loras: Found checkpoint realcartoon3d_v17.safetensors with base SD 1.5
2025-01-22 00:25:45,623 - load_models - INFO - load_models.assemble_loras: Added 0 LoRAs from category style
2025-01-22 00:25:45,623 - load_models - INFO - load_models.assemble_loras: Added 0 LoRAs from category character_outfit
2025-01-22 00:25:45,624 - load_models - INFO - load_models.assemble_loras: Added 0 LoRAs from category lighting
2025-01-22 00:25:45,624 - load_models - INFO - load_models.assemble_loras: Added 0 LoRAs from category detail
2025-01-22 00:25:45,624 - load_models - INFO - load_models.assemble_loras: Final selection: 0 LoRAs
2025-01-22 00:25:45,624 - __main__ - INFO - run.main: Selected loras: []
2025-01-22 00:25:45,626 - load_models - INFO - load_models.get_model_params: Selected checkpoint: realcartoon3d_v17.safetensors
2025-01-22 00:25:45,626 - load_models - INFO - load_models.get_model_params: No loras specified, selected random loras: []
2025-01-22 00:25:45,626 - load_models - INFO - load_models.get_model_params: No embeddings specified, selected random embeddings: [{'Type': 'Embedding', 'Base': 'SD 1.5', 'Name': 'easynegative.safetensors', 'Category': '', 'Pos_trigger': '', 'Pos_trigger_select': '', 'Neg_trigger': 'easynegative', 'Neg_trigger_select': '1', 'Weight_from': '', 'Weight_to': '', 'Clip_skip': '', 'CFG': '', 'Steps': '', 'Sampler': '', 'Scheduler': '', 'HiRes_fix': '', 'Special': '', 'Tags': '', 'VAE': '', 'Location': '', 'Excluded': '', 'Link': 'https://civitai.com/models/7808?modelVersionId=9208'}, {'Type': 'Embedding', 'Base': 'SD 1.5', 'Name': 'badhandv4.pt', 'Category': '', 'Pos_trigger': '', 'Pos_trigger_select': '', 'Neg_trigger': 'badhandv4', 'Neg_trigger_select': '1', 'Weight_from': '', 'Weight_to': '', 'Clip_skip': '', 'CFG': '', 'Steps': '', 'Sampler': '', 'Scheduler': '', 'HiRes_fix': '', 'Special': '', 'Tags': '', 'VAE': '', 'Location': '', 'Excluded': '', 'Link': 'https://civitai.com/models/16993/badhandv4?modelVersionId=20068'}]
2025-01-22 00:25:45,626 - load_models - INFO - ===== Selected models & parameters: 
 {'checkpoint': 'realcartoon3d_v17.safetensors', 'ckpt_clip_skip': '-2', 'ckpt_cfg': '', 'ckpt_steps': '', 'ckpt_sampler': 'dpmpp_2m', 'ckpt_scheduler': 'Karras', 'ckpt_hires_fix': '', 'num_loras': 0, 'num_embeddings': 2, 'embedding1': 'easynegative.safetensors', 'embedding2': 'badhandv4.pt'} =====
2025-01-22 00:25:45,627 - node_manipulation - INFO - node_manipulation.get_node_ID: Found node ID: 1
2025-01-22 00:25:45,627 - node_manipulation - INFO - node_manipulation.get_node_ID: Found node ID: 2
2025-01-22 00:25:45,627 - node_manipulation - INFO - node_manipulation.set_node_value: Successfully set stop_at_clip_layer to -2 for node 2 - CLIP Set Last Layer
2025-01-22 00:25:45,627 - node_manipulation - INFO - node_manipulation.get_node_ID: Found node ID: 9
2025-01-22 00:25:45,627 - node_manipulation - INFO - node_manipulation.set_KSampler: Successfully configured KSampler node: 9 - KSampler
2025-01-22 00:25:45,627 - node_manipulation - INFO - node_manipulation.get_node_ID: Found node ID: 16
2025-01-22 00:25:45,627 - node_manipulation - INFO - node_manipulation.set_KSampler: Successfully configured KSampler node: 16 - KS_up
2025-01-22 00:25:45,627 - gen_prompt - INFO - gen_prompt.get_object: Getting object with identifier: 10
2025-01-22 00:25:45,628 - gen_prompt - INFO - gen_prompt.get_object: Selected object: object_10
2025-01-22 00:25:45,628 - gen_prompt - INFO - Getting trigger words - checkpoint: realcartoon3d_v17.safetensors, loras: [], embeddings: easynegative.safetensors, badhandv4.pt
2025-01-22 00:25:45,629 - gen_prompt - WARNING - No Pos_trigger_select found for realcartoon3d_v17.safetensors
2025-01-22 00:25:45,630 - gen_prompt - WARNING - No Pos_trigger_select found for easynegative.safetensors
2025-01-22 00:25:45,630 - gen_prompt - WARNING - No Pos_trigger_select found for badhandv4.pt
2025-01-22 00:25:45,631 - gen_prompt - WARNING - No Neg_trigger_select found for realcartoon3d_v17.safetensors
2025-01-22 00:25:45,632 - gen_prompt - INFO - gen_prompt.get_trigger_words: Final trigger words: 
 {'positive': '', 'negative': 'easynegative, badhandv4'}
2025-01-22 00:25:45,634 - gen_prompt - INFO - gen_prompt.select_random_style: Total styles: 307, Included styles: 0
2025-01-22 00:25:45,634 - gen_prompt - INFO - No styles available in art_styles.csv that are marked as included.
2025-01-22 00:25:45,634 - gen_prompt - INFO - gen_prompt.gen_positive_prompt: Full positive prompt: 
 (masterpiece,best quality,highres:1.3),(official art,beautiful and aesthetic:1.2),(full shot:1.2),(1girl,solo,masterpiece,8k,HDR,),character concept art of a beautiful woman leaning over,((wearing Navy blue Sheer Teddy with Lace Trim,straps falling off her shoulder)),seductive,luscious lips,comic book art,rough colored sketch,(hourglass body,square shaped face,green eyes,full lips,high cheekbones),(copper red fishtail braid hair:1.2),small breasts,toned thighs,thigh gap,looking at the viewer),(luxurious modern bedroom,bokeh),, , , masterpiece, best quality, ultra-detailed
2025-01-22 00:25:45,634 - node_manipulation - INFO - node_manipulation.get_node_ID: Found node ID: 3
2025-01-22 00:25:45,634 - node_manipulation - INFO - node_manipulation.set_positive_prompt: Successfully set prompt for node 3 - Positive
2025-01-22 00:25:45,634 - node_manipulation - INFO - node_manipulation.set_positive_prompt: Prompt: (masterpiece,best quality,highres:1.3),(official art,beautiful and aesthetic:1.2),(full shot:1.2),(1girl,solo,masterpiece,8k,HDR,),character concept art of a beautiful woman leaning over,((wearing Navy blue Sheer Teddy with Lace Trim,straps falling off her shoulder)),seductive,luscious lips,comic book art,rough colored sketch,(hourglass body,square shaped face,green eyes,full lips,high cheekbones),(copper red fishtail braid hair:1.2),small breasts,toned thighs,thigh gap,looking at the viewer),(luxurious modern bedroom,bokeh),, , , masterpiece, best quality, ultra-detailed
2025-01-22 00:25:45,635 - gen_prompt - INFO - gen_prompt.get_object: Getting object with identifier: 10
2025-01-22 00:25:45,635 - gen_prompt - INFO - gen_prompt.get_object: Selected object: object_10
2025-01-22 00:25:45,635 - gen_prompt - INFO - Getting trigger words - checkpoint: realcartoon3d_v17.safetensors, loras: [], embeddings: easynegative.safetensors, badhandv4.pt
2025-01-22 00:25:45,636 - gen_prompt - WARNING - No Pos_trigger_select found for realcartoon3d_v17.safetensors
2025-01-22 00:25:45,636 - gen_prompt - WARNING - No Pos_trigger_select found for easynegative.safetensors
2025-01-22 00:25:45,637 - gen_prompt - WARNING - No Pos_trigger_select found for badhandv4.pt
2025-01-22 00:25:45,638 - gen_prompt - WARNING - No Neg_trigger_select found for realcartoon3d_v17.safetensors
2025-01-22 00:25:45,639 - gen_prompt - INFO - gen_prompt.get_trigger_words: Final trigger words: 
 {'positive': '', 'negative': 'easynegative, badhandv4'}
2025-01-22 00:25:45,643 - gen_prompt - INFO - gen_prompt.select_random_style: Total styles: 307, Included styles: 0
2025-01-22 00:25:45,643 - gen_prompt - INFO - No styles available in art_styles.csv that are marked as included.
2025-01-22 00:25:45,643 - gen_prompt - INFO - gen_prompt.gen_negative_prompt: Full negative prompt: 
 easynegative, badhandv4, watermark, bad quality, low quality, low resolution, easynegative,(badhandv4),(bad quality:1.3),(worst quality:1.3),watermark,(blurry),5-funny-looking-fingers,
2025-01-22 00:25:45,644 - node_manipulation - INFO - node_manipulation.get_node_ID: Found node ID: 4
2025-01-22 00:25:45,644 - node_manipulation - INFO - node_manipulation.set_negative_prompt: Successfully set prompt for node 4 - Negative
2025-01-22 00:25:45,644 - node_manipulation - INFO - node_manipulation.set_negative_prompt: Prompt: easynegative, badhandv4, watermark, bad quality, low quality, low resolution, easynegative,(badhandv4),(bad quality:1.3),(worst quality:1.3),watermark,(blurry),5-funny-looking-fingers,
2025-01-22 00:25:45,644 - node_manipulation - INFO - node_manipulation.get_node_ID: Found node ID: 10
2025-01-22 00:25:45,644 - node_manipulation - INFO - node_manipulation.set_resolution: Successfully set resolution 512x960 for node Empty Latent Image - 10
2025-01-22 00:25:45,644 - node_manipulation - INFO - node_manipulation.get_node_ID: Found node ID: 17
2025-01-22 00:25:45,644 - node_manipulation - INFO - node_manipulation.set_resolution: Successfully set resolution 1024x1920 for node Up_res - 17
2025-01-22 00:25:45,645 - node_manipulation - INFO - node_manipulation.get_node_ID: Found node ID: 12
2025-01-22 00:25:45,645 - node_manipulation - INFO - node_manipulation.get_node_ID: Found node ID: 18
2025-01-22 00:25:45,645 - node_manipulation - INFO - node_manipulation.update_node_input(): Successfully updated input for node 12 with key images to 18
2025-01-22 00:25:45,645 - node_manipulation - INFO - node_manipulation.get_node_ID: Found node ID: 20
2025-01-22 00:25:45,645 - node_manipulation - INFO - node_manipulation.set_vae_input: Successfully set vae_name to kl-f8-anime2.safetensors for node 20
2025-01-22 00:25:45,645 - node_manipulation - INFO - node_manipulation.set_vae_input: Updated 'vae' input for node 11 to [20, 0]
2025-01-22 00:25:45,645 - node_manipulation - INFO - node_manipulation.set_vae_input: Updated 'vae' input for node 15 to [20, 0]
2025-01-22 00:25:45,646 - node_manipulation - INFO - node_manipulation.set_vae_input: Updated 'vae' input for node 18 to [20, 0]
2025-01-22 00:25:45,650 - load_models - INFO - load_models.queue_workflow: Response: {"prompt_id": "1bd8fff8-f578-4fe6-9fff-69a2487f74f0", "number": 86, "node_errors": {}}
2025-01-22 00:26:15,652 - load_models - INFO - load_models.assemble_loras: Found checkpoint realcartoon3d_v17.safetensors with base SD 1.5
2025-01-22 00:26:15,652 - load_models - INFO - load_models.assemble_loras: Added 0 LoRAs from category style
2025-01-22 00:26:15,652 - load_models - INFO - load_models.assemble_loras: Added 0 LoRAs from category character_outfit
2025-01-22 00:26:15,652 - load_models - INFO - load_models.assemble_loras: Added 0 LoRAs from category lighting
2025-01-22 00:26:15,652 - load_models - INFO - load_models.assemble_loras: Added 0 LoRAs from category detail
2025-01-22 00:26:15,653 - load_models - INFO - load_models.assemble_loras: Final selection: 0 LoRAs
2025-01-22 00:26:15,653 - __main__ - INFO - run.main: Selected loras: []
2025-01-22 00:26:15,653 - load_models - INFO - load_models.get_model_params: Selected checkpoint: realcartoon3d_v17.safetensors
2025-01-22 00:26:15,655 - load_models - INFO - load_models.get_model_params: No loras specified, selected random loras: []
2025-01-22 00:26:15,655 - load_models - INFO - load_models.get_model_params: No embeddings specified, selected random embeddings: [{'Type': 'Embedding', 'Base': 'SD 1.5', 'Name': 'an14.pt', 'Category': '', 'Pos_trigger': '', 'Pos_trigger_select': '', 'Neg_trigger': 'an14', 'Neg_trigger_select': '1', 'Weight_from': '', 'Weight_to': '', 'Clip_skip': '', 'CFG': '', 'Steps': '', 'Sampler': '', 'Scheduler': '', 'HiRes_fix': '', 'Special': '', 'Tags': '', 'VAE': '', 'Location': '', 'Excluded': '', 'Link': 'https://civitai.com/models/58726/asyncs-negative?modelVersionId=345593'}, {'Type': 'Embedding', 'Base': 'SD 1.5', 'Name': 'badhandv4.pt', 'Category': '', 'Pos_trigger': '', 'Pos_trigger_select': '', 'Neg_trigger': 'badhandv4', 'Neg_trigger_select': '1', 'Weight_from': '', 'Weight_to': '', 'Clip_skip': '', 'CFG': '', 'Steps': '', 'Sampler': '', 'Scheduler': '', 'HiRes_fix': '', 'Special': '', 'Tags': '', 'VAE': '', 'Location': '', 'Excluded': '', 'Link': 'https://civitai.com/models/16993/badhandv4?modelVersionId=20068'}]
2025-01-22 00:26:15,655 - load_models - INFO - ===== Selected models & parameters: 
 {'checkpoint': 'realcartoon3d_v17.safetensors', 'ckpt_clip_skip': '-2', 'ckpt_cfg': '', 'ckpt_steps': '', 'ckpt_sampler': 'dpmpp_2m', 'ckpt_scheduler': 'Karras', 'ckpt_hires_fix': '', 'num_loras': 0, 'num_embeddings': 2, 'embedding1': 'an14.pt', 'embedding2': 'badhandv4.pt'} =====
2025-01-22 00:26:15,655 - node_manipulation - INFO - node_manipulation.get_node_ID: Found node ID: 1
2025-01-22 00:26:15,655 - node_manipulation - INFO - node_manipulation.get_node_ID: Found node ID: 2
2025-01-22 00:26:15,656 - node_manipulation - INFO - node_manipulation.set_node_value: Successfully set stop_at_clip_layer to -2 for node 2 - CLIP Set Last Layer
2025-01-22 00:26:15,656 - node_manipulation - INFO - node_manipulation.get_node_ID: Found node ID: 9
2025-01-22 00:26:15,656 - node_manipulation - INFO - node_manipulation.set_KSampler: Successfully configured KSampler node: 9 - KSampler
2025-01-22 00:26:15,656 - node_manipulation - INFO - node_manipulation.get_node_ID: Found node ID: 16
2025-01-22 00:26:15,656 - node_manipulation - INFO - node_manipulation.set_KSampler: Successfully configured KSampler node: 16 - KS_up
2025-01-22 00:26:15,656 - gen_prompt - INFO - gen_prompt.get_object: Getting object with identifier: 10
2025-01-22 00:26:15,658 - gen_prompt - INFO - gen_prompt.get_object: Selected object: object_10
2025-01-22 00:26:15,658 - gen_prompt - INFO - Getting trigger words - checkpoint: realcartoon3d_v17.safetensors, loras: [], embeddings: an14.pt, badhandv4.pt
2025-01-22 00:26:15,659 - gen_prompt - WARNING - No Pos_trigger_select found for realcartoon3d_v17.safetensors
2025-01-22 00:26:15,659 - gen_prompt - WARNING - No Pos_trigger_select found for an14.pt
2025-01-22 00:26:15,660 - gen_prompt - WARNING - No Pos_trigger_select found for badhandv4.pt
2025-01-22 00:26:15,660 - gen_prompt - WARNING - No Neg_trigger_select found for realcartoon3d_v17.safetensors
2025-01-22 00:26:15,661 - gen_prompt - INFO - gen_prompt.get_trigger_words: Final trigger words: 
 {'positive': '', 'negative': 'an14, badhandv4'}
2025-01-22 00:26:15,663 - gen_prompt - INFO - gen_prompt.select_random_style: Total styles: 307, Included styles: 0
2025-01-22 00:26:15,663 - gen_prompt - INFO - No styles available in art_styles.csv that are marked as included.
2025-01-22 00:26:15,664 - gen_prompt - INFO - gen_prompt.gen_positive_prompt: Full positive prompt: 
 (masterpiece,best quality,highres:1.3),(official art,beautiful and aesthetic:1.2),(full shot:1.2),(1girl,solo,masterpiece,8k,HDR,),character concept art of a beautiful woman leaning over,((wearing Navy blue Sheer Teddy with Lace Trim,straps falling off her shoulder)),seductive,luscious lips,comic book art,rough colored sketch,(hourglass body,square shaped face,green eyes,full lips,high cheekbones),(copper red fishtail braid hair:1.2),small breasts,toned thighs,thigh gap,looking at the viewer),(luxurious modern bedroom,bokeh),, , , masterpiece, best quality, ultra-detailed
2025-01-22 00:26:15,664 - node_manipulation - INFO - node_manipulation.get_node_ID: Found node ID: 3
2025-01-22 00:26:15,664 - node_manipulation - INFO - node_manipulation.set_positive_prompt: Successfully set prompt for node 3 - Positive
2025-01-22 00:26:15,664 - node_manipulation - INFO - node_manipulation.set_positive_prompt: Prompt: (masterpiece,best quality,highres:1.3),(official art,beautiful and aesthetic:1.2),(full shot:1.2),(1girl,solo,masterpiece,8k,HDR,),character concept art of a beautiful woman leaning over,((wearing Navy blue Sheer Teddy with Lace Trim,straps falling off her shoulder)),seductive,luscious lips,comic book art,rough colored sketch,(hourglass body,square shaped face,green eyes,full lips,high cheekbones),(copper red fishtail braid hair:1.2),small breasts,toned thighs,thigh gap,looking at the viewer),(luxurious modern bedroom,bokeh),, , , masterpiece, best quality, ultra-detailed
2025-01-22 00:26:15,664 - gen_prompt - INFO - gen_prompt.get_object: Getting object with identifier: 10
2025-01-22 00:26:15,665 - gen_prompt - INFO - gen_prompt.get_object: Selected object: object_10
2025-01-22 00:26:15,665 - gen_prompt - INFO - Getting trigger words - checkpoint: realcartoon3d_v17.safetensors, loras: [], embeddings: an14.pt, badhandv4.pt
2025-01-22 00:26:15,666 - gen_prompt - WARNING - No Pos_trigger_select found for realcartoon3d_v17.safetensors
2025-01-22 00:26:15,666 - gen_prompt - WARNING - No Pos_trigger_select found for an14.pt
2025-01-22 00:26:15,667 - gen_prompt - WARNING - No Pos_trigger_select found for badhandv4.pt
2025-01-22 00:26:15,667 - gen_prompt - WARNING - No Neg_trigger_select found for realcartoon3d_v17.safetensors
2025-01-22 00:26:15,669 - gen_prompt - INFO - gen_prompt.get_trigger_words: Final trigger words: 
 {'positive': '', 'negative': 'an14, badhandv4'}
2025-01-22 00:26:15,671 - gen_prompt - INFO - gen_prompt.select_random_style: Total styles: 307, Included styles: 0
2025-01-22 00:26:15,671 - gen_prompt - INFO - No styles available in art_styles.csv that are marked as included.
2025-01-22 00:26:15,671 - gen_prompt - INFO - gen_prompt.gen_negative_prompt: Full negative prompt: 
 an14, badhandv4, watermark, bad quality, low quality, low resolution, easynegative,(badhandv4),(bad quality:1.3),(worst quality:1.3),watermark,(blurry),5-funny-looking-fingers,
2025-01-22 00:26:15,672 - node_manipulation - INFO - node_manipulation.get_node_ID: Found node ID: 4
2025-01-22 00:26:15,672 - node_manipulation - INFO - node_manipulation.set_negative_prompt: Successfully set prompt for node 4 - Negative
2025-01-22 00:26:15,672 - node_manipulation - INFO - node_manipulation.set_negative_prompt: Prompt: an14, badhandv4, watermark, bad quality, low quality, low resolution, easynegative,(badhandv4),(bad quality:1.3),(worst quality:1.3),watermark,(blurry),5-funny-looking-fingers,
2025-01-22 00:26:15,672 - node_manipulation - INFO - node_manipulation.get_node_ID: Found node ID: 10
2025-01-22 00:26:15,672 - node_manipulation - INFO - node_manipulation.set_resolution: Successfully set resolution 512x960 for node Empty Latent Image - 10
2025-01-22 00:26:15,672 - node_manipulation - INFO - node_manipulation.get_node_ID: Found node ID: 17
2025-01-22 00:26:15,672 - node_manipulation - INFO - node_manipulation.set_resolution: Successfully set resolution 1024x1920 for node Up_res - 17
2025-01-22 00:26:15,673 - node_manipulation - INFO - node_manipulation.get_node_ID: Found node ID: 12
2025-01-22 00:26:15,673 - node_manipulation - INFO - node_manipulation.get_node_ID: Found node ID: 18
2025-01-22 00:26:15,673 - node_manipulation - INFO - node_manipulation.update_node_input(): Successfully updated input for node 12 with key images to 18
2025-01-22 00:26:15,673 - node_manipulation - INFO - node_manipulation.get_node_ID: Found node ID: 20
2025-01-22 00:26:15,673 - node_manipulation - INFO - node_manipulation.set_vae_input: Successfully set vae_name to kl-f8-anime2.safetensors for node 20
2025-01-22 00:26:15,673 - node_manipulation - INFO - node_manipulation.set_vae_input: Updated 'vae' input for node 11 to [20, 0]
2025-01-22 00:26:15,674 - node_manipulation - INFO - node_manipulation.set_vae_input: Updated 'vae' input for node 15 to [20, 0]
2025-01-22 00:26:15,674 - node_manipulation - INFO - node_manipulation.set_vae_input: Updated 'vae' input for node 18 to [20, 0]
2025-01-22 00:26:15,679 - load_models - INFO - load_models.queue_workflow: Response: {"prompt_id": "728c0b76-866e-4f9b-8886-a36628b0920b", "number": 87, "node_errors": {}}
